#
# A fatal error has been detected by the Java Runtime Environment:
#
#  SIGILL (0x4) at pc=0xb6d80e10, pid=20305, tid=3065236288
#
# JRE version: Java(TM) SE Runtime Environment (7.0_40-b43) (build 1.7.0_40-b43)
# Java VM: Java HotSpot(TM) Client VM (24.0-b56 mixed mode linux-x86 )
# Problematic frame:
# V  [libjvm.so+0x200e10]  Events::log_exception(Thread*, char const*, ...)+0x20
#
# Failed to write core dump. Core dumps have been disabled. To enable core dumping, try "ulimit -c unlimited" before starting Java again
#
# If you would like to submit a bug report, please visit:
#   http://bugreport.sun.com/bugreport/crash.jsp
#

---------------  T H R E A D  ---------------

Current thread (0xb690c000):  JavaThread "main" [_thread_in_vm, id=20306, stack(0xb6aec000,0xb6b3d000)]

siginfo:si_signo=SIGILL: si_errno=0, si_code=2 (ILL_ILLOPN), si_addr=0xb6d80e10

Registers:
EAX=0x00000000, EBX=0xb7114868, ECX=0xb6907698, EDX=0x00000000
ESP=0xb6b39a40, EBP=0xb6b39a68, ESI=0xb6907698, EDI=0xb6907830
EIP=0xb6d80e10, EFLAGS=0x00010282, CR2=0xb76d7100

Top of Stack: (sp=0xb6b39a40)
0xb6b39a40:   b690c000 00000000 5308bb90 3fef4b94
0xb6b39a50:   a0766f58 b6907698 b70d8474 b7114868
0xb6b39a60:   00000000 b089b600 b6b39d68 b6eaa80b
0xb6b39a70:   b690c000 b70c5507 a0c7a440 b70d8474
0xb6b39a80:   000004dc b6b39cac b690c978 b690c978
0xb6b39a90:   b6b39b20 b6b39ab8 b690c000 b690c96c
0xb6b39aa0:   b6b39b20 00000001 b690c970 b6f31a5e
0xb6b39ab0:   b7114868 07000000 b6b39dc8 b490339a 

Instructions: (pc=0xb6d80e10)
0xb6d80df0:   55 89 e5 57 56 53 83 ec 1c e8 00 00 00 00 5b 81
0xb6d80e00:   c3 6a 3a 39 00 8b 83 10 f2 ff ff 80 38 00 75 08
0xb6d80e10:   8d 65 f4 5b 5e 5f 5d c3 8b 83 d4 fa ff ff 8d 7d
0xb6d80e20:   10 8b 30 8b 83 3c ea ff ff 8b 00 85 c0 75 e1 e8 

Register to memory mapping:

EAX=0x00000000 is an unknown value
EBX=0xb7114868: <offset 0x594868> in /usr/local/java/jdk1.7.0_40/jre/lib/i386/client/libjvm.so at 0xb6b80000
ECX=0xb6907698 is an unknown value
EDX=0x00000000 is an unknown value
ESP=0xb6b39a40 is pointing into the stack for thread: 0xb690c000
EBP=0xb6b39a68 is pointing into the stack for thread: 0xb690c000
ESI=0xb6907698 is an unknown value
EDI=0xb6907830 is an unknown value


Stack: [0xb6aec000,0xb6b3d000],  sp=0xb6b39a40,  free space=310k
Native frames: (J=compiled Java code, j=interpreted, Vv=VM code, C=native code)
V  [libjvm.so+0x200e10]  Events::log_exception(Thread*, char const*, ...)+0x20
V  [libjvm.so+0x32a80b]  JVM_DoPrivileged+0x4eb
C  [libjava.so+0x9a4a]  Java_java_security_AccessController_doPrivileged__Ljava_security_PrivilegedExceptionAction_2Ljava_security_AccessControlContext_2+0x3a
j  java.security.AccessController.doPrivileged(Ljava/security/PrivilegedExceptionAction;Ljava/security/AccessControlContext;)Ljava/lang/Object;+0
j  java.net.URLClassLoader.findClass(Ljava/lang/String;)Ljava/lang/Class;+13
j  java.lang.ClassLoader.loadClass(Ljava/lang/String;Z)Ljava/lang/Class;+70
j  java.lang.ClassLoader.loadClass(Ljava/lang/String;Z)Ljava/lang/Class;+38
j  sun.misc.Launcher$AppClassLoader.loadClass(Ljava/lang/String;Z)Ljava/lang/Class;+36
j  java.lang.ClassLoader.loadClass(Ljava/lang/String;)Ljava/lang/Class;+3
v  ~StubRoutines::call_stub
V  [libjvm.so+0x2a7875]  JavaCalls::call_helper(JavaValue*, methodHandle*, JavaCallArguments*, Thread*)+0x315
V  [libjvm.so+0x3fa1e9]  os::os_exception_wrapper(void (*)(JavaValue*, methodHandle*, JavaCallArguments*, Thread*), JavaValue*, methodHandle*, JavaCallArguments*, Thread*)+0x19
V  [libjvm.so+0x2a64ef]  JavaCalls::call(JavaValue*, methodHandle, JavaCallArguments*, Thread*)+0x2f
V  [libjvm.so+0x2a672a]  JavaCalls::call_virtual(JavaValue*, KlassHandle, Symbol*, Symbol*, JavaCallArguments*, Thread*)+0x10a
V  [libjvm.so+0x2a67f5]  JavaCalls::call_virtual(JavaValue*, Handle, KlassHandle, Symbol*, Symbol*, Handle, Thread*)+0x55
V  [libjvm.so+0x49e559]  SystemDictionary::load_instance_class(Symbol*, Handle, Thread*)+0x489
V  [libjvm.so+0x49cc52]  SystemDictionary::resolve_instance_class_or_null(Symbol*, Handle, Handle, Thread*)+0x742
V  [libjvm.so+0x49d0b9]  SystemDictionary::resolve_or_null(Symbol*, Handle, Handle, Thread*)+0x49
V  [libjvm.so+0x49e5d0]  SystemDictionary::resolve_or_fail(Symbol*, Handle, Handle, bool, Thread*)+0x30
V  [libjvm.so+0x31e40c]  find_class_from_class_loader(JNIEnv_*, Symbol*, unsigned char, Handle, Handle, unsigned char, Thread*)+0x3c
V  [libjvm.so+0x31e6ab]  JVM_FindClassFromClass+0x22b
C  [libverify.so+0x2503]  load_class_global+0x43
C  [libverify.so+0x25b9]  object_fullinfo_to_classclass+0x49
C  [libverify.so+0x34dc]  merge_fullinfo_types+0xcc
C  [libverify.so+0x3ada]  isAssignableTo+0x1a
C  [libverify.so+0x5085]  pop_stack+0xbc5
C  [libverify.so+0x57c5]  run_dataflow+0x1d5
C  [libverify.so+0x76f3]  verify_method+0x933
C  [libverify.so+0x8d8a]  VerifyClassForMajorVersion+0x62a
C  [libjava.so+0x10689]  VerifyClassCodesForMajorVersion+0x39
V  [libjvm.so+0x4e9f0e]  Verifier::inference_verify(instanceKlassHandle, char*, unsigned int, Thread*)+0x14e
V  [libjvm.so+0x4f69c3]  Verifier::verify(instanceKlassHandle, Verifier::Mode, bool, Thread*)+0x513
V  [libjvm.so+0x274a49]  instanceKlass::verify_code(instanceKlassHandle, bool, Thread*)+0x39
V  [libjvm.so+0x27e6c4]  instanceKlass::link_class_impl(instanceKlassHandle, bool, Thread*)+0x4e4
V  [libjvm.so+0x27ea3f]  instanceKlass::initialize_impl(instanceKlassHandle, Thread*)+0x5f
V  [libjvm.so+0x27ef9b]  instanceKlass::initialize(Thread*)+0x5b
V  [libjvm.so+0x39162a]  LinkResolver::resolve_static_call(CallInfo&, KlassHandle&, Symbol*, Symbol*, KlassHandle, bool, bool, Thread*)+0xfa
V  [libjvm.so+0x391774]  LinkResolver::resolve_invokestatic(CallInfo&, constantPoolHandle, int, Thread*)+0xc4
V  [libjvm.so+0x2a1e0a]  InterpreterRuntime::resolve_invoke(JavaThread*, Bytecodes::Code)+0x17a
j  org.testng.internal.BaseTestMethod.<init>(Lorg/testng/internal/ConstructorOrMethod;Lorg/testng/internal/annotations/IAnnotationFinder;)V+64
j  org.testng.internal.BaseTestMethod.<init>(Ljava/lang/reflect/Method;Lorg/testng/internal/annotations/IAnnotationFinder;)V+10
j  org.testng.internal.TestNGMethod.<init>(Ljava/lang/reflect/Method;Lorg/testng/internal/annotations/IAnnotationFinder;ZLorg/testng/xml/XmlTest;)V+3
j  org.testng.internal.TestNGMethod.<init>(Ljava/lang/reflect/Method;Lorg/testng/internal/annotations/IAnnotationFinder;Lorg/testng/xml/XmlTest;)V+5
j  org.testng.internal.annotations.AnnotationHelper.findMethodsWithAnnotation(Ljava/lang/Class;Ljava/lang/Class;Lorg/testng/internal/annotations/IAnnotationFinder;Lorg/testng/xml/XmlTest;)[Lorg/testng/ITestNGMethod;+289
j  org.testng.internal.TestNGMethodFinder.getTestMethods(Ljava/lang/Class;Lorg/testng/xml/XmlTest;)[Lorg/testng/ITestNGMethod;+9
j  org.testng.TestClass.initMethods()V+12
j  org.testng.TestClass.init(Lorg/testng/IClass;Lorg/testng/ITestMethodFinder;Lorg/testng/internal/annotations/IAnnotationFinder;Lorg/testng/internal/RunInfo;Lorg/testng/xml/XmlTest;Lorg/testng/xml/XmlClass;)V+68
j  org.testng.TestClass.<init>(Lorg/testng/IClass;Lorg/testng/ITestMethodFinder;Lorg/testng/internal/annotations/IAnnotationFinder;Lorg/testng/internal/RunInfo;Lorg/testng/xml/XmlTest;Lorg/testng/xml/XmlClass;)V+34
j  org.testng.TestRunner.initMethods()V+160
j  org.testng.TestRunner.init()V+27
j  org.testng.TestRunner.init(Lorg/testng/internal/IConfiguration;Lorg/testng/ISuite;Lorg/testng/xml/XmlTest;Ljava/lang/String;Lorg/testng/internal/annotations/IAnnotationFinder;ZLjava/util/List;)V+254
j  org.testng.TestRunner.<init>(Lorg/testng/internal/IConfiguration;Lorg/testng/ISuite;Lorg/testng/xml/XmlTest;ZLjava/util/List;)V+277
j  org.testng.remote.RemoteTestNG$1.newTestRunner(Lorg/testng/ISuite;Lorg/testng/xml/XmlTest;Ljava/util/List;)Lorg/testng/TestRunner;+15
j  org.testng.remote.RemoteTestNG$DelegatingTestRunnerFactory.newTestRunner(Lorg/testng/ISuite;Lorg/testng/xml/XmlTest;Ljava/util/List;)Lorg/testng/TestRunner;+7
j  org.testng.SuiteRunner$ProxyTestRunnerFactory.newTestRunner(Lorg/testng/ISuite;Lorg/testng/xml/XmlTest;Ljava/util/List;)Lorg/testng/TestRunner;+7
j  org.testng.SuiteRunner.init(Lorg/testng/internal/IConfiguration;Lorg/testng/xml/XmlSuite;Ljava/lang/String;Lorg/testng/ITestRunnerFactory;ZLorg/testng/IMethodInterceptor;Ljava/util/List;Ljava/util/List;)V+190
j  org.testng.SuiteRunner.<init>(Lorg/testng/internal/IConfiguration;Lorg/testng/xml/XmlSuite;Ljava/lang/String;Lorg/testng/ITestRunnerFactory;ZLorg/testng/IMethodInterceptor;Ljava/util/List;Ljava/util/List;)V+115
j  org.testng.TestNG.createSuiteRunner(Lorg/testng/xml/XmlSuite;)Lorg/testng/SuiteRunner;+33
j  org.testng.TestNG.createSuiteRunners(Ljava/util/Map;Lorg/testng/xml/XmlSuite;)V+223
j  org.testng.TestNG.runSuitesLocally()Ljava/util/List;+48
j  org.testng.TestNG.run()V+77
j  org.testng.remote.RemoteTestNG.run()V+209
j  org.testng.remote.RemoteTestNG.initAndRun([Ljava/lang/String;Lorg/testng/CommandLineArgs;Lorg/testng/remote/RemoteArgs;)V+184
j  org.testng.remote.RemoteTestNG.main([Ljava/lang/String;)V+99
j  org.testng.RemoteTestNGStarter.main([Ljava/lang/String;)V+441
v  ~StubRoutines::call_stub
V  [libjvm.so+0x2a7875]  JavaCalls::call_helper(JavaValue*, methodHandle*, JavaCallArguments*, Thread*)+0x315
V  [libjvm.so+0x3fa1e9]  os::os_exception_wrapper(void (*)(JavaValue*, methodHandle*, JavaCallArguments*, Thread*), JavaValue*, methodHandle*, JavaCallArguments*, Thread*)+0x19
V  [libjvm.so+0x2a64ef]  JavaCalls::call(JavaValue*, methodHandle, JavaCallArguments*, Thread*)+0x2f
V  [libjvm.so+0x43f97e]  Reflection::invoke(instanceKlassHandle, methodHandle, Handle, bool, objArrayHandle, BasicType, objArrayHandle, bool, Thread*)+0x3fe
V  [libjvm.so+0x44043a]  Reflection::invoke_method(oopDesc*, Handle, objArrayHandle, Thread*)+0x15a
V  [libjvm.so+0x328c19]  JVM_InvokeMethod+0x209
C  [libjava.so+0x15232]  Java_sun_reflect_NativeMethodAccessorImpl_invoke0+0x32
j  sun.reflect.NativeMethodAccessorImpl.invoke0(Ljava/lang/reflect/Method;Ljava/lang/Object;[Ljava/lang/Object;)Ljava/lang/Object;+0
j  sun.reflect.NativeMethodAccessorImpl.invoke(Ljava/lang/Object;[Ljava/lang/Object;)Ljava/lang/Object;+87
j  sun.reflect.DelegatingMethodAccessorImpl.invoke(Ljava/lang/Object;[Ljava/lang/Object;)Ljava/lang/Object;+6
j  java.lang.reflect.Method.invoke(Ljava/lang/Object;[Ljava/lang/Object;)Ljava/lang/Object;+57
j  com.intellij.rt.execution.application.AppMain.main([Ljava/lang/String;)V+140
v  ~StubRoutines::call_stub
V  [libjvm.so+0x2a7875]  JavaCalls::call_helper(JavaValue*, methodHandle*, JavaCallArguments*, Thread*)+0x315
V  [libjvm.so+0x3fa1e9]  os::os_exception_wrapper(void (*)(JavaValue*, methodHandle*, JavaCallArguments*, Thread*), JavaValue*, methodHandle*, JavaCallArguments*, Thread*)+0x19
V  [libjvm.so+0x2a64ef]  JavaCalls::call(JavaValue*, methodHandle, JavaCallArguments*, Thread*)+0x2f
V  [libjvm.so+0x2e28b2]  jni_invoke_static(JNIEnv_*, JavaValue*, _jobject*, JNICallType, _jmethodID*, JNI_ArgumentPusher*, Thread*)+0x242
V  [libjvm.so+0x2f8ada]  jni_CallStaticVoidMethod+0xca
C  [libjli.so+0x2e8d]  JavaMain+0x8bd
C  [libpthread.so.0+0x6d78]  start_thread+0xd8

Java frames: (J=compiled Java code, j=interpreted, Vv=VM code)
j  java.security.AccessController.doPrivileged(Ljava/security/PrivilegedExceptionAction;Ljava/security/AccessControlContext;)Ljava/lang/Object;+0
j  java.net.URLClassLoader.findClass(Ljava/lang/String;)Ljava/lang/Class;+13
j  java.lang.ClassLoader.loadClass(Ljava/lang/String;Z)Ljava/lang/Class;+70
j  java.lang.ClassLoader.loadClass(Ljava/lang/String;Z)Ljava/lang/Class;+38
j  sun.misc.Launcher$AppClassLoader.loadClass(Ljava/lang/String;Z)Ljava/lang/Class;+36
j  java.lang.ClassLoader.loadClass(Ljava/lang/String;)Ljava/lang/Class;+3
v  ~StubRoutines::call_stub
j  org.testng.internal.BaseTestMethod.<init>(Lorg/testng/internal/ConstructorOrMethod;Lorg/testng/internal/annotations/IAnnotationFinder;)V+64
j  org.testng.internal.BaseTestMethod.<init>(Ljava/lang/reflect/Method;Lorg/testng/internal/annotations/IAnnotationFinder;)V+10
j  org.testng.internal.TestNGMethod.<init>(Ljava/lang/reflect/Method;Lorg/testng/internal/annotations/IAnnotationFinder;ZLorg/testng/xml/XmlTest;)V+3
j  org.testng.internal.TestNGMethod.<init>(Ljava/lang/reflect/Method;Lorg/testng/internal/annotations/IAnnotationFinder;Lorg/testng/xml/XmlTest;)V+5
j  org.testng.internal.annotations.AnnotationHelper.findMethodsWithAnnotation(Ljava/lang/Class;Ljava/lang/Class;Lorg/testng/internal/annotations/IAnnotationFinder;Lorg/testng/xml/XmlTest;)[Lorg/testng/ITestNGMethod;+289
j  org.testng.internal.TestNGMethodFinder.getTestMethods(Ljava/lang/Class;Lorg/testng/xml/XmlTest;)[Lorg/testng/ITestNGMethod;+9
j  org.testng.TestClass.initMethods()V+12
j  org.testng.TestClass.init(Lorg/testng/IClass;Lorg/testng/ITestMethodFinder;Lorg/testng/internal/annotations/IAnnotationFinder;Lorg/testng/internal/RunInfo;Lorg/testng/xml/XmlTest;Lorg/testng/xml/XmlClass;)V+68
j  org.testng.TestClass.<init>(Lorg/testng/IClass;Lorg/testng/ITestMethodFinder;Lorg/testng/internal/annotations/IAnnotationFinder;Lorg/testng/internal/RunInfo;Lorg/testng/xml/XmlTest;Lorg/testng/xml/XmlClass;)V+34
j  org.testng.TestRunner.initMethods()V+160
j  org.testng.TestRunner.init()V+27
j  org.testng.TestRunner.init(Lorg/testng/internal/IConfiguration;Lorg/testng/ISuite;Lorg/testng/xml/XmlTest;Ljava/lang/String;Lorg/testng/internal/annotations/IAnnotationFinder;ZLjava/util/List;)V+254
j  org.testng.TestRunner.<init>(Lorg/testng/internal/IConfiguration;Lorg/testng/ISuite;Lorg/testng/xml/XmlTest;ZLjava/util/List;)V+277
j  org.testng.remote.RemoteTestNG$1.newTestRunner(Lorg/testng/ISuite;Lorg/testng/xml/XmlTest;Ljava/util/List;)Lorg/testng/TestRunner;+15
j  org.testng.remote.RemoteTestNG$DelegatingTestRunnerFactory.newTestRunner(Lorg/testng/ISuite;Lorg/testng/xml/XmlTest;Ljava/util/List;)Lorg/testng/TestRunner;+7
j  org.testng.SuiteRunner$ProxyTestRunnerFactory.newTestRunner(Lorg/testng/ISuite;Lorg/testng/xml/XmlTest;Ljava/util/List;)Lorg/testng/TestRunner;+7
j  org.testng.SuiteRunner.init(Lorg/testng/internal/IConfiguration;Lorg/testng/xml/XmlSuite;Ljava/lang/String;Lorg/testng/ITestRunnerFactory;ZLorg/testng/IMethodInterceptor;Ljava/util/List;Ljava/util/List;)V+190
j  org.testng.SuiteRunner.<init>(Lorg/testng/internal/IConfiguration;Lorg/testng/xml/XmlSuite;Ljava/lang/String;Lorg/testng/ITestRunnerFactory;ZLorg/testng/IMethodInterceptor;Ljava/util/List;Ljava/util/List;)V+115
j  org.testng.TestNG.createSuiteRunner(Lorg/testng/xml/XmlSuite;)Lorg/testng/SuiteRunner;+33
j  org.testng.TestNG.createSuiteRunners(Ljava/util/Map;Lorg/testng/xml/XmlSuite;)V+223
j  org.testng.TestNG.runSuitesLocally()Ljava/util/List;+48
j  org.testng.TestNG.run()V+77
j  org.testng.remote.RemoteTestNG.run()V+209
j  org.testng.remote.RemoteTestNG.initAndRun([Ljava/lang/String;Lorg/testng/CommandLineArgs;Lorg/testng/remote/RemoteArgs;)V+184
j  org.testng.remote.RemoteTestNG.main([Ljava/lang/String;)V+99
j  org.testng.RemoteTestNGStarter.main([Ljava/lang/String;)V+441
v  ~StubRoutines::call_stub
j  sun.reflect.NativeMethodAccessorImpl.invoke0(Ljava/lang/reflect/Method;Ljava/lang/Object;[Ljava/lang/Object;)Ljava/lang/Object;+0
j  sun.reflect.NativeMethodAccessorImpl.invoke(Ljava/lang/Object;[Ljava/lang/Object;)Ljava/lang/Object;+87
j  sun.reflect.DelegatingMethodAccessorImpl.invoke(Ljava/lang/Object;[Ljava/lang/Object;)Ljava/lang/Object;+6
j  java.lang.reflect.Method.invoke(Ljava/lang/Object;[Ljava/lang/Object;)Ljava/lang/Object;+57
j  com.intellij.rt.execution.application.AppMain.main([Ljava/lang/String;)V+140
v  ~StubRoutines::call_stub

---------------  P R O C E S S  ---------------

Java Threads: ( => current thread )
  0x9fa9f800 JavaThread "ReaderThread" [_thread_in_native, id=20316, stack(0x9f95e000,0x9f9af000)]
  0x9fa60800 JavaThread "Monitor Ctrl-Break" daemon [_thread_in_native, id=20314, stack(0x9f9af000,0x9fa00000)]
  0xb6974000 JavaThread "Service Thread" daemon [_thread_blocked, id=20312, stack(0x9feaf000,0x9ff00000)]
  0xb6972000 JavaThread "C1 CompilerThread0" daemon [_thread_blocked, id=20311, stack(0xa022e000,0xa02af000)]
  0xb6970800 JavaThread "Signal Dispatcher" daemon [_thread_blocked, id=20310, stack(0xa02af000,0xa0300000)]
  0xb6960400 JavaThread "Finalizer" daemon [_thread_blocked, id=20309, stack(0xa0438000,0xa0489000)]
  0xb695dc00 JavaThread "Reference Handler" daemon [_thread_blocked, id=20308, stack(0xa0489000,0xa04da000)]
=>0xb690c000 JavaThread "main" [_thread_in_vm, id=20306, stack(0xb6aec000,0xb6b3d000)]

Other Threads:
  0xb695c000 VMThread [stack: 0xa04da000,0xa055b000] [id=20307]
  0xb6976400 WatcherThread [stack: 0x9fe2e000,0x9feaf000] [id=20313]

VM state:not at safepoint (normal execution)

VM Mutex/Monitor currently owned by a thread: None

Heap
 def new generation   total 4928K, used 4642K [0xa0880000, 0xa0dd0000, 0xa5dd0000)
  eden space 4416K,  93% used [0xa0880000, 0xa0c888c0, 0xa0cd0000)
  from space 512K, 100% used [0xa0cd0000, 0xa0d50000, 0xa0d50000)
  to   space 512K,   0% used [0xa0d50000, 0xa0d50000, 0xa0dd0000)
 tenured generation   total 10944K, used 1078K [0xa5dd0000, 0xa6880000, 0xb0880000)
   the space 10944K,   9% used [0xa5dd0000, 0xa5eddab0, 0xa5eddc00, 0xa6880000)
 compacting perm gen  total 12288K, used 3773K [0xb0880000, 0xb1480000, 0xb4880000)
   the space 12288K,  30% used [0xb0880000, 0xb0c2f490, 0xb0c2f600, 0xb1480000)
No shared spaces configured.

Card table byte_map: [0xa07df000,0xa0880000] byte_map_base: 0xa02dac00

Polling page: 0xb773d000

Code Cache  [0xb4900000, 0xb49d0000, 0xb6900000)
 total_blobs=283 nmethods=145 adapters=75 free_code_cache=31955Kb largest_free_block=32721920

Compilation events (10 events):
Event: 0,962 Thread 0xb6972000  141             java.lang.Character::toUpperCase (6 bytes)
Event: 0,963 Thread 0xb6972000 nmethod 141 0xb49c9d88 code [0xb49c9e90, 0xb49c9f38]
Event: 0,963 Thread 0xb6972000  142             java.lang.Character::toUpperCase (9 bytes)
Event: 0,963 Thread 0xb6972000 nmethod 142 0xb49c9fc8 code [0xb49ca0d0, 0xb49ca178]
Event: 0,963 Thread 0xb6972000  143             java.lang.CharacterDataLatin1::toUpperCase (53 bytes)
Event: 0,963 Thread 0xb6972000 nmethod 143 0xb49ca208 code [0xb49ca300, 0xb49ca3f0]
Event: 0,966 Thread 0xb6972000  144             java.util.HashMap$Entry::getValue (5 bytes)
Event: 0,967 Thread 0xb6972000 nmethod 144 0xb49ca508 code [0xb49ca600, 0xb49ca680]
Event: 0,977 Thread 0xb6972000  145             java.util.concurrent.ConcurrentHashMap$Segment::rehash (262 bytes)
Event: 0,978 Thread 0xb6972000 nmethod 145 0xb49ca6c8 code [0xb49ca810, 0xb49cad40]

GC Heap History (4 events):
Event: 0,631 GC heap before
{Heap before GC invocations=0 (full 0):
 def new generation   total 4928K, used 4416K [0xa0880000, 0xa0dd0000, 0xa5dd0000)
  eden space 4416K, 100% used [0xa0880000, 0xa0cd0000, 0xa0cd0000)
  from space 512K,   0% used [0xa0cd0000, 0xa0cd0000, 0xa0d50000)
  to   space 512K,   0% used [0xa0d50000, 0xa0d50000, 0xa0dd0000)
 tenured generation   total 10944K, used 0K [0xa5dd0000, 0xa6880000, 0xb0880000)
   the space 10944K,   0% used [0xa5dd0000, 0xa5dd0000, 0xa5dd0200, 0xa6880000)
 compacting perm gen  total 12288K, used 2187K [0xb0880000, 0xb1480000, 0xb4880000)
   the space 12288K,  17% used [0xb0880000, 0xb0aa2c70, 0xb0aa2e00, 0xb1480000)
No shared spaces configured.
Event: 0,640 GC heap after
Heap after GC invocations=1 (full 0):
 def new generation   total 4928K, used 512K [0xa0880000, 0xa0dd0000, 0xa5dd0000)
  eden space 4416K,   0% used [0xa0880000, 0xa0880000, 0xa0cd0000)
  from space 512K, 100% used [0xa0d50000, 0xa0dd0000, 0xa0dd0000)
  to   space 512K,   0% used [0xa0cd0000, 0xa0cd0000, 0xa0d50000)
 tenured generation   total 10944K, used 427K [0xa5dd0000, 0xa6880000, 0xb0880000)
   the space 10944K,   3% used [0xa5dd0000, 0xa5e3adb8, 0xa5e3ae00, 0xa6880000)
 compacting perm gen  total 12288K, used 2187K [0xb0880000, 0xb1480000, 0xb4880000)
   the space 12288K,  17% used [0xb0880000, 0xb0aa2c70, 0xb0aa2e00, 0xb1480000)
No shared spaces configured.
}
Event: 0,826 GC heap before
{Heap before GC invocations=1 (full 0):
 def new generation   total 4928K, used 4928K [0xa0880000, 0xa0dd0000, 0xa5dd0000)
  eden space 4416K, 100% used [0xa0880000, 0xa0cd0000, 0xa0cd0000)
  from space 512K, 100% used [0xa0d50000, 0xa0dd0000, 0xa0dd0000)
  to   space 512K,   0% used [0xa0cd0000, 0xa0cd0000, 0xa0d50000)
 tenured generation   total 10944K, used 427K [0xa5dd0000, 0xa6880000, 0xb0880000)
   the space 10944K,   3% used [0xa5dd0000, 0xa5e3adb8, 0xa5e3ae00, 0xa6880000)
 compacting perm gen  total 12288K, used 3444K [0xb0880000, 0xb1480000, 0xb4880000)
   the space 12288K,  28% used [0xb0880000, 0xb0bdd088, 0xb0bdd200, 0xb1480000)
No shared spaces configured.
Event: 0,837 GC heap after
Heap after GC invocations=2 (full 0):
 def new generation   total 4928K, used 512K [0xa0880000, 0xa0dd0000, 0xa5dd0000)
  eden space 4416K,   0% used [0xa0880000, 0xa0880000, 0xa0cd0000)
  from space 512K, 100% used [0xa0cd0000, 0xa0d50000, 0xa0d50000)
  to   space 512K,   0% used [0xa0d50000, 0xa0d50000, 0xa0dd0000)
 tenured generation   total 10944K, used 1078K [0xa5dd0000, 0xa6880000, 0xb0880000)
   the space 10944K,   9% used [0xa5dd0000, 0xa5eddab0, 0xa5eddc00, 0xa6880000)
 compacting perm gen  total 12288K, used 3444K [0xb0880000, 0xb1480000, 0xb4880000)
   the space 12288K,  28% used [0xb0880000, 0xb0bdd088, 0xb0bdd200, 0xb1480000)
No shared spaces configured.
}

Deoptimization events (0 events):
No events

Internal exceptions (10 events):
Event: 0,962 Thread 0xb690c000 Threw 0xa0c08cb8 at /HUDSON/workspace/jdk7u40-2-build-linux-i586-product/jdk7u40/hotspot/src/share/vm/prims/jvm.cpp:1244
Event: 0,964 Thread 0xb690c000 Threw 0xa0c10cc0 at /HUDSON/workspace/jdk7u40-2-build-linux-i586-product/jdk7u40/hotspot/src/share/vm/prims/jvm.cpp:1244
Event: 0,968 Thread 0xb690c000 Threw 0xa0c1f768 at /HUDSON/workspace/jdk7u40-2-build-linux-i586-product/jdk7u40/hotspot/src/share/vm/prims/jvm.cpp:1244
Event: 0,969 Thread 0xb690c000 Threw 0xa0c2cec8 at /HUDSON/workspace/jdk7u40-2-build-linux-i586-product/jdk7u40/hotspot/src/share/vm/prims/jvm.cpp:1244
Event: 0,972 Thread 0xb690c000 Threw 0xa0c40b08 at /HUDSON/workspace/jdk7u40-2-build-linux-i586-product/jdk7u40/hotspot/src/share/vm/prims/jvm.cpp:1244
Event: 0,973 Thread 0xb690c000 Threw 0xa0c4af28 at /HUDSON/workspace/jdk7u40-2-build-linux-i586-product/jdk7u40/hotspot/src/share/vm/prims/jvm.cpp:1244
Event: 0,973 Thread 0xb690c000 Threw 0xa0c55720 at /HUDSON/workspace/jdk7u40-2-build-linux-i586-product/jdk7u40/hotspot/src/share/vm/prims/jvm.cpp:1244
Event: 0,974 Thread 0xb690c000 Threw 0xa0c61158 at /HUDSON/workspace/jdk7u40-2-build-linux-i586-product/jdk7u40/hotspot/src/share/vm/prims/jvm.cpp:1244
Event: 0,976 Thread 0xb690c000 Threw 0xa0c6f270 at /HUDSON/workspace/jdk7u40-2-build-linux-i586-product/jdk7u40/hotspot/src/share/vm/prims/jvm.cpp:1244
Event: 0,978 Thread 0xb690c000 Threw 0xa0c7a440 at /HUDSON/workspace/jdk7u40-2-build-linux-i586-product/jdk7u40/hotspot/src/share/vm/prims/jvm.cpp:1244

Events (10 events):
Event: 0,975 loading class 0x9fae3408
Event: 0,975 loading class 0x9fae3408 done
Event: 0,975 loading class 0x9faf98c8
Event: 0,975 loading class 0xa039dfd8
Event: 0,976 loading class 0xa039dfd8 done
Event: 0,976 loading class 0x9faf98c8 done
Event: 0,976 loading class 0x9faf9660
Event: 0,976 loading class 0x9faf9660 done
Event: 0,978 loading class 0x9fae3700
Event: 0,978 loading class 0x9fae3700 done


Dynamic libraries:
08048000-08049000 r-xp 00000000 08:04 1717000    /usr/local/java/jdk1.7.0_40/bin/java
08049000-0804a000 rw-p 00000000 08:04 1717000    /usr/local/java/jdk1.7.0_40/bin/java
09480000-094a1000 rw-p 00000000 00:00 0          [heap]
9f718000-9f800000 rw-p 00000000 00:00 0 
9f800000-9f885000 rw-p 00000000 00:00 0 
9f885000-9f900000 ---p 00000000 00:00 0 
9f95e000-9f961000 ---p 00000000 00:00 0 
9f961000-9f9af000 rw-p 00000000 00:00 0          [stack:20316]
9f9af000-9f9b2000 ---p 00000000 00:00 0 
9f9b2000-9fa00000 rw-p 00000000 00:00 0          [stack:20314]
9fa00000-9fb00000 rw-p 00000000 00:00 0 
9fb31000-9fb35000 rw-p 00000000 00:00 0 
9fb35000-9fb39000 r--s 0008a000 08:04 1717584    /usr/local/java/jdk1.7.0_40/jre/lib/jsse.jar
9fb39000-9fb4d000 r-xp 00000000 08:04 1717553    /usr/local/java/jdk1.7.0_40/jre/lib/i386/libnet.so
9fb4d000-9fb4e000 rw-p 00014000 08:04 1717553    /usr/local/java/jdk1.7.0_40/jre/lib/i386/libnet.so
9fb4e000-9fb4f000 r-xp 00000000 08:04 1976888    /home/guilherme/idea-IU-129.713/bin/libbreakgen.so
9fb4f000-9fb50000 rw-p 00000000 08:04 1976888    /home/guilherme/idea-IU-129.713/bin/libbreakgen.so
9fb50000-9fb52000 r--s 00013000 08:04 1976990    /home/guilherme/idea-IU-129.713/lib/idea_rt.jar
9fb52000-9fb68000 r--s 00258000 08:04 5379945    /home/guilherme/idea-IU-129.713/plugins/testng/lib/testng.jar
9fb68000-9fb78000 r--s 0007c000 08:04 5780753    /home/guilherme/.m2/repository/joda-time/joda-time/2.1/joda-time-2.1.jar
9fb78000-9fb7a000 r--s 00007000 08:04 5780766    /home/guilherme/.m2/repository/com/fasterxml/jackson/core/jackson-annotations/2.1.1/jackson-annotations-2.1.1.jar
9fb7a000-9fb8b000 r--s 000d1000 08:04 13940      /home/guilherme/.m2/repository/com/fasterxml/jackson/core/jackson-databind/2.1.1/jackson-databind-2.1.1.jar
9fb8b000-9fb8f000 r--s 0002f000 08:04 5907907    /home/guilherme/.m2/repository/com/fasterxml/jackson/core/jackson-core/2.1.1/jackson-core-2.1.1.jar
9fb8f000-9fb91000 r--s 00007000 08:04 5780761    /home/guilherme/.m2/repository/com/fasterxml/jackson/datatype/jackson-datatype-joda/2.1.1/jackson-datatype-joda-2.1.1.jar
9fb91000-9fb97000 r--s 00033000 08:04 4982889    /home/guilherme/.m2/repository/org/yaml/snakeyaml/1.6/snakeyaml-1.6.jar
9fb97000-9fb99000 r--s 00006000 08:04 4982891    /home/guilherme/.m2/repository/com/beust/jcommander/1.12/jcommander-1.12.jar
9fb99000-9fb9e000 r--s 00040000 08:04 4982892    /home/guilherme/.m2/repository/org/beanshell/bsh/2.0b4/bsh-2.0b4.jar
9fb9e000-9fba8000 r--s 00087000 08:04 4465263    /home/guilherme/.m2/repository/org/testng/testng/6.1.1/testng-6.1.1.jar
9fba8000-9fbab000 r--s 0001a000 08:04 5643337    /home/guilherme/.m2/repository/com/jcraft/jsch/0.1.23/jsch-0.1.23.jar
9fbab000-9fbad000 r--s 00007000 08:04 5643375    /home/guilherme/.m2/repository/org/apache/maven/wagon/wagon-ssh/1.0-alpha-5/wagon-ssh-1.0-alpha-5.jar
9fbad000-9fbae000 r--s 00001000 08:04 5645070    /home/guilherme/.m2/repository/org/apache/maven/maven-monitor/2.0/maven-monitor-2.0.jar
9fbae000-9fbb0000 r--s 00002000 08:04 5380014    /home/guilherme/.m2/repository/org/codehaus/plexus/plexus-interactivity-api/1.0-alpha-4/plexus-interactivity-api-1.0-alpha-4.jar
9fbb0000-9fbb2000 r--s 00007000 08:04 5645055    /home/guilherme/.m2/repository/org/apache/maven/maven-plugin-descriptor/2.0/maven-plugin-descriptor-2.0.jar
9fbb2000-9fbb4000 r--s 00006000 08:04 5380013    /home/guilherme/.m2/repository/commons-cli/commons-cli/1.0/commons-cli-1.0.jar
9fbb4000-9fbb6000 r--s 00005000 08:04 5645038    /home/guilherme/.m2/repository/org/apache/maven/maven-plugin-registry/2.0/maven-plugin-registry-2.0.jar
9fbb6000-9fbb7000 r--s 00002000 08:04 5645035    /home/guilherme/.m2/repository/org/apache/maven/maven-error-diagnostics/2.0/maven-error-diagnostics-2.0.jar
9fbb7000-9fbb9000 r--s 00000000 08:04 5643353    /home/guilherme/.m2/repository/doxia/doxia-sink-api/1.0-alpha-4/doxia-sink-api-1.0-alpha-4.jar
9fbb9000-9fbba000 r--s 00001000 08:04 5643339    /home/guilherme/.m2/repository/org/apache/maven/reporting/maven-reporting-api/2.0/maven-reporting-api-2.0.jar
9fbba000-9fbbb000 r--s 00001000 08:04 5643369    /home/guilherme/.m2/repository/org/apache/maven/wagon/wagon-http-lightweight/1.0-alpha-5/wagon-http-lightweight-1.0-alpha-5.jar
9fbbb000-9fbbd000 r--s 00003000 08:04 5645032    /home/guilherme/.m2/repository/org/apache/maven/maven-plugin-parameter-documenter/2.0/maven-plugin-parameter-documenter-2.0.jar
9fbbd000-9fbbe000 r--s 00001000 08:04 5643349    /home/guilherme/.m2/repository/org/apache/maven/wagon/wagon-file/1.0-alpha-5/wagon-file-1.0-alpha-5.jar
9fbbe000-9fbc2000 r--s 0001e000 08:04 5643386    /home/guilherme/.m2/repository/org/apache/maven/maven-core/2.0/maven-core-2.0.jar
9fbc2000-9fbc3000 r--s 00007000 08:04 5643376    /home/guilherme/.m2/repository/org/apache/maven/shared/maven-plugin-testing-harness/1.1/maven-plugin-testing-harness-1.1.jar
9fbc3000-9fbc5000 r--s 00005000 08:04 5769033    /home/guilherme/.m2/repository/org/apache/maven/shared/maven-common-artifact-filters/1.0/maven-common-artifact-filters-1.0.jar
9fbc5000-9fbc6000 r--s 00005000 08:04 5643351    /home/guilherme/.m2/repository/org/apache/maven/shared/maven-repository-builder/1.0-alpha-2/maven-repository-builder-1.0-alpha-2.jar
9fbc6000-9fbc8000 r--s 00008000 08:04 4603583    /home/guilherme/.m2/repository/classworlds/classworlds/1.1-alpha-2/classworlds-1.1-alpha-2.jar
9fbc8000-9fbc9000 r--s 00002000 08:04 4602128    /home/guilherme/.m2/repository/org/apache/maven/maven-archiver/2.2/maven-archiver-2.2.jar
9fbc9000-9fbcb000 r--s 00006000 08:04 5515098    /home/guilherme/.m2/repository/org/apache/maven/maven-profile/2.0.4/maven-profile-2.0.4.jar
9fbcb000-9fbcd000 r--s 00012000 08:04 5381163    /home/guilherme/.m2/repository/org/apache/maven/maven-model/2.0.4/maven-model-2.0.4.jar
9fbcd000-9fbcf000 r--s 00009000 08:04 5252442    /home/guilherme/.m2/repository/org/apache/maven/maven-settings/2.0.4/maven-settings-2.0.4.jar
9fbcf000-9fbd2000 r--s 00018000 08:04 5252407    /home/guilherme/.m2/repository/org/apache/maven/maven-project/2.0.4/maven-project-2.0.4.jar
9fbd2000-9fbd4000 r--s 00004000 08:04 4729740    /home/guilherme/.m2/repository/org/codehaus/plexus/plexus-active-collections/1.0-beta-2/plexus-active-collections-1.0-beta-2.jar
9fbd4000-9fbd6000 r--s 00009000 08:04 5381154    /home/guilherme/.m2/repository/org/apache/maven/wagon/wagon-provider-api/1.0-alpha-6/wagon-provider-api-1.0-alpha-6.jar
9fbd6000-9fbd7000 r--s 00004000 08:04 4729737    /home/guilherme/.m2/repository/org/apache/maven/maven-repository-metadata/2.0.2/maven-repository-metadata-2.0.2.jar
9fbd7000-9fbda000 r--s 0000a000 08:04 5381157    /home/guilherme/.m2/repository/org/apache/maven/maven-artifact-manager/2.0.2/maven-artifact-manager-2.0.2.jar
9fbda000-9fbdd000 r--s 00011000 08:04 5643355    /home/guilherme/.m2/repository/org/apache/maven/maven-artifact/2.0.4/maven-artifact-2.0.4.jar
9fbdd000-9fbdf000 r--s 00008000 08:04 5250126    /home/guilherme/.m2/repository/org/apache/maven/shared/maven-shared-io/1.1/maven-shared-io-1.1.jar
9fbdf000-9fbe1000 r--s 00001000 08:04 4339221    /home/guilherme/.m2/repository/org/apache/maven/maven-plugin-api/2.0.4/maven-plugin-api-2.0.4.jar
9fbe1000-9fbe3000 r--s 00006000 08:04 4993795    /home/guilherme/.m2/repository/org/apache/maven/shared/file-management/1.1/file-management-1.1.jar
9fbe3000-9fbe5000 r--s 00006000 08:04 5381160    /home/guilherme/.m2/repository/org/codehaus/plexus/plexus-io/1.0-alpha-2/plexus-io-1.0-alpha-2.jar
9fbe5000-9fbe8000 r--s 0001b000 08:04 4982890    /home/guilherme/.m2/repository/junit/junit/3.8.1/junit-3.8.1.jar
9fbe8000-9fbef000 r--s 00029000 08:04 4603586    /home/guilherme/.m2/repository/org/codehaus/plexus/plexus-container-default/1.0-alpha-9-stable-1/plexus-container-default-1.0-alpha-9-stable-1.jar
9fbef000-9fbf3000 r--s 00030000 08:04 5769029    /home/guilherme/.m2/repository/org/codehaus/plexus/plexus-utils/1.5.1/plexus-utils-1.5.1.jar
9fbf3000-9fbf7000 r--s 00027000 08:04 4472124    /home/guilherme/.m2/repository/org/codehaus/plexus/plexus-archiver/1.0-alpha-10/plexus-archiver-1.0-alpha-10.jar
9fbf7000-9fbfc000 r--s 00018000 08:04 4339220    /home/guilherme/.m2/repository/aspectj/aspectjrt/1.5.3/aspectjrt-1.5.3.jar
9fbfc000-9fc00000 r--s 0002b000 08:04 4338688    /home/guilherme/.m2/repository/org/apache/maven/plugins/maven-assembly-plugin/2.2-beta-2/maven-assembly-plugin-2.2-beta-2.jar
9fc00000-9fd00000 rw-p 00000000 00:00 0 
9fd00000-9fd02000 r--s 0000a000 08:04 5642959    /home/guilherme/.m2/repository/javax/ws/rs/jsr311-api/1.1.1/jsr311-api-1.1.1.jar
9fd02000-9fd04000 r--s 0000a000 08:04 4723826    /home/guilherme/.m2/repository/commons-codec/commons-codec/1.3/commons-codec-1.3.jar
9fd04000-9fd06000 r--s 0000d000 08:04 5778757    /home/guilherme/.m2/repository/commons-logging/commons-logging/1.1.1/commons-logging-1.1.1.jar
9fd06000-9fd0b000 r--s 00025000 08:04 4208682    /home/guilherme/.m2/repository/org/apache/httpcomponents/httpcore/4.0-beta1/httpcore-4.0-beta1.jar
9fd0b000-9fd12000 r--s 00036000 08:04 4208679    /home/guilherme/.m2/repository/org/apache/httpcomponents/httpclient/4.0-alpha4/httpclient-4.0-alpha4.jar
9fd12000-9fd15000 r--s 0000b000 08:04 4196718    /home/guilherme/.m2/repository/javax/persistence/persistence-api/1.0.2/persistence-api-1.0.2.jar
9fd15000-9fd17000 r--s 0000c000 08:04 4196713    /home/guilherme/.m2/repository/de/undercouch/bson4jackson/1.3.0/bson4jackson-1.3.0.jar
9fd17000-9fd1c000 r--s 00043000 08:04 4196674    /home/guilherme/.m2/repository/org/mongodb/mongo-java-driver/2.7.2/mongo-java-driver-2.7.2.jar
9fd1c000-9fd1f000 r--s 00014000 08:04 4196701    /home/guilherme/.m2/repository/net/vz/mongodb/jackson/mongo-jackson-mapper/1.4.1/mongo-jackson-mapper-1.4.1.jar
9fd1f000-9fd20000 r--s 00006000 08:04 4196782    /home/guilherme/.m2/repository/org/codehaus/jackson/jackson-xc/1.9.2/jackson-xc-1.9.2.jar
9fd20000-9fd21000 r--s 00004000 08:04 4196773    /home/guilherme/.m2/repository/org/codehaus/jackson/jackson-jaxrs/1.9.2/jackson-jaxrs-1.9.2.jar
9fd21000-9fd2f000 r--s 000ad000 08:04 4196762    /home/guilherme/.m2/repository/org/codehaus/jackson/jackson-mapper-asl/1.9.2/jackson-mapper-asl-1.9.2.jar
9fd2f000-9fd33000 r--s 00034000 08:04 4196724    /home/guilherme/.m2/repository/org/codehaus/jackson/jackson-core-asl/1.9.2/jackson-core-asl-1.9.2.jar
9fd33000-9fd35000 r--s 00004000 08:04 4196725    /home/guilherme/.m2/repository/javax/xml/stream/stax-api/1.0-2/stax-api-1.0-2.jar
9fd35000-9fd38000 r--s 00017000 08:04 4196709    /home/guilherme/.m2/repository/javax/xml/bind/jaxb-api/2.2.2/jaxb-api-2.2.2.jar
9fd38000-9fd4b000 r--s 000c7000 08:04 4196686    /home/guilherme/.m2/repository/com/sun/xml/bind/jaxb-impl/2.2.3-1/jaxb-impl-2.2.3-1.jar
9fd4b000-9fd4d000 r--s 0000f000 08:04 4196720    /home/guilherme/.m2/repository/org/codehaus/jettison/jettison/1.1/jettison-1.1.jar
9fd4d000-9fd51000 r--s 00020000 08:04 4196675    /home/guilherme/.m2/repository/org/glassfish/jersey/media/jersey-media-json/2.0-m02/jersey-media-json-2.0-m02.jar
9fd51000-9fd5a000 r--s 00042000 08:04 4196752    /home/guilherme/.m2/repository/org/glassfish/jersey/core/jersey-server/2.0-m02/jersey-server-2.0-m02.jar
9fd5a000-9fd5c000 r--s 00003000 08:04 4196733    /home/guilherme/.m2/repository/org/jvnet/tiger-types/1.4/tiger-types-1.4.jar
9fd5c000-9fd61000 r--s 00047000 08:04 4196757    /home/guilherme/.m2/repository/org/glassfish/hk2/external/asm-all-repackaged/1.6.32/asm-all-repackaged-1.6.32.jar
9fd61000-9fd62000 r--s 00001000 08:04 4196691    /home/guilherme/.m2/repository/org/glassfish/hk2/external/javax.inject/1.6.32/javax.inject-1.6.32.jar
9fd62000-9fd69000 r--s 0004a000 08:04 4196753    /home/guilherme/.m2/repository/org/glassfish/hk2/auto-depends/1.6.32/auto-depends-1.6.32.jar
9fd69000-9fd6b000 r--s 00006000 08:04 4196679    /home/guilherme/.m2/repository/org/glassfish/hk2/hk2-api/1.6.32/hk2-api-1.6.32.jar
9fd6b000-9fd6e000 r--s 00006000 08:04 4196737    /home/guilherme/.m2/repository/com/google/code/findbugs/jsr305/1.3.9/jsr305-1.3.9.jar
9fd6e000-9fd8e000 r--s 00173000 08:04 4196682    /home/guilherme/.m2/repository/com/google/guava/guava/11.0.1/guava-11.0.1.jar
9fd8e000-9fd94000 r--s 00059000 08:04 4196731    /home/guilherme/.m2/repository/javax/mail/mail/1.4/mail-1.4.jar
9fd94000-9fd9f000 r--s 0006c000 08:04 4196687    /home/guilherme/.m2/repository/org/glassfish/jersey/core/jersey-common/2.0-m02/jersey-common-2.0-m02.jar
9fd9f000-9fe2e000 r--s 00dda000 08:04 1717647    /usr/local/java/jdk1.7.0_40/jre/lib/jfxrt.jar
9fe2e000-9fe2f000 ---p 00000000 00:00 0 
9fe2f000-9feaf000 rw-p 00000000 00:00 0          [stack:20313]
9feaf000-9feb2000 ---p 00000000 00:00 0 
9feb2000-9ff00000 rw-p 00000000 00:00 0          [stack:20312]
9ff00000-a0100000 r--p 00000000 08:04 1449933    /usr/lib/locale/locale-archive
a0100000-a0121000 rw-p 00000000 00:00 0 
a0121000-a0200000 ---p 00000000 00:00 0 
a0200000-a0201000 r--s 00004000 08:04 4196756    /home/guilherme/.m2/repository/org/glassfish/hk2/osgi-resource-locator/1.0.1/osgi-resource-locator-1.0.1.jar
a0201000-a0203000 r--s 0000e000 08:04 4196702    /home/guilherme/.m2/repository/javax/activation/activation/1.1/activation-1.1.jar
a0203000-a0206000 r--s 00012000 08:04 4196681    /home/guilherme/.m2/repository/javax/ws/rs/javax.ws.rs-api/2.0-m03/javax.ws.rs-api-2.0-m03.jar
a0206000-a0208000 r--s 00002000 08:04 4196697    /home/guilherme/.m2/repository/org/glassfish/jersey/containers/jersey-container-grizzly2-http/2.0-m02/jersey-container-grizzly2-http-2.0-m02.jar
a0208000-a020a000 r--s 00009000 08:04 4196698    /home/guilherme/.m2/repository/org/glassfish/external/management-api/3.0.0-b012/management-api-3.0.0-b012.jar
a020a000-a0218000 r--s 000a6000 08:04 4196758    /home/guilherme/.m2/repository/org/glassfish/grizzly/grizzly-framework/2.2.4/grizzly-framework-2.2.4.jar
a0218000-a021d000 r--s 0003b000 08:04 4196742    /home/guilherme/.m2/repository/org/glassfish/grizzly/grizzly-http/2.2.4/grizzly-http-2.2.4.jar
a021d000-a0221000 r--s 00030000 08:04 4196693    /home/guilherme/.m2/repository/org/glassfish/grizzly/grizzly-http-server/2.2.4/grizzly-http-server-2.2.4.jar
a0221000-a0225000 r--s 0008a000 08:04 1717584    /usr/local/java/jdk1.7.0_40/jre/lib/jsse.jar
a0225000-a022e000 r--s 000d3000 08:04 1717586    /usr/local/java/jdk1.7.0_40/jre/lib/javaws.jar
a022e000-a0231000 ---p 00000000 00:00 0 
a0231000-a02af000 rw-p 00000000 00:00 0          [stack:20311]
a02af000-a02b2000 ---p 00000000 00:00 0 
a02b2000-a0300000 rw-p 00000000 00:00 0          [stack:20310]
a0300000-a03cf000 rw-p 00000000 00:00 0 
a03cf000-a0400000 ---p 00000000 00:00 0 
a0400000-a0401000 r--s 00001000 08:04 4196767    /home/guilherme/.m2/repository/org/glassfish/grizzly/grizzly-rcm/2.2.4/grizzly-rcm-2.2.4.jar
a0401000-a0403000 r--s 00004000 08:04 4196729    /home/guilherme/.m2/repository/org/glassfish/gmbal/gmbal-api-only/3.0.0-b023/gmbal-api-only-3.0.0-b023.jar
a0403000-a040d000 r--s 00371000 08:04 1717754    /usr/local/java/jdk1.7.0_40/jre/lib/charsets.jar
a040d000-a0420000 r--s 001a5000 08:04 1717649    /usr/local/java/jdk1.7.0_40/jre/lib/plugin.jar
a0420000-a0438000 r--s 00406000 08:04 1717648    /usr/local/java/jdk1.7.0_40/jre/lib/deploy.jar
a0438000-a043b000 ---p 00000000 00:00 0 
a043b000-a0489000 rw-p 00000000 00:00 0          [stack:20309]
a0489000-a048c000 ---p 00000000 00:00 0 
a048c000-a04da000 rw-p 00000000 00:00 0          [stack:20308]
a04da000-a04db000 ---p 00000000 00:00 0 
a04db000-a05a6000 rw-p 00000000 00:00 0          [stack:20307]
a05a6000-a0763000 r--s 039d3000 08:04 1717013    /usr/local/java/jdk1.7.0_40/jre/lib/rt.jar
a0763000-a07c5000 rw-p 00000000 00:00 0 
a07c5000-a07df000 rw-p 00000000 00:00 0 
a07df000-a07e2000 rw-p 00000000 00:00 0 
a07e2000-a0809000 rw-p 00000000 00:00 0 
a0809000-a080f000 rw-p 00000000 00:00 0 
a080f000-a085f000 rw-p 00000000 00:00 0 
a085f000-a0865000 rw-p 00000000 00:00 0 
a0865000-a087f000 rw-p 00000000 00:00 0 
a087f000-a0dd0000 rw-p 00000000 00:00 0 
a0dd0000-a5dd0000 rw-p 00000000 00:00 0 
a5dd0000-a6880000 rw-p 00000000 00:00 0 
a6880000-b0880000 rw-p 00000000 00:00 0 
b0880000-b1480000 rw-p 00000000 00:00 0 
b1480000-b4880000 rw-p 00000000 00:00 0 
b4880000-b4884000 rw-p 00000000 00:00 0 
b4884000-b4900000 rw-p 00000000 00:00 0 
b4900000-b49d0000 rwxp 00000000 00:00 0 
b49d0000-b69fc000 rw-p 00000000 00:00 0 
b69fc000-b6a00000 ---p 00000000 00:00 0 
b6a00000-b6a06000 r--s 0007d000 08:04 1717785    /usr/local/java/jdk1.7.0_40/jre/lib/jfr.jar
b6a06000-b6a0c000 rw-p 00000000 00:00 0 
b6a0c000-b6a5c000 rw-p 00000000 00:00 0 
b6a5c000-b6a73000 r-xp 00000000 08:04 1717575    /usr/local/java/jdk1.7.0_40/jre/lib/i386/libzip.so
b6a73000-b6a74000 rw-p 00017000 08:04 1717575    /usr/local/java/jdk1.7.0_40/jre/lib/i386/libzip.so
b6a74000-b6a7f000 r-xp 00000000 08:04 2492817    /lib/i386-linux-gnu/libnss_files-2.17.so
b6a7f000-b6a80000 r--p 0000a000 08:04 2492817    /lib/i386-linux-gnu/libnss_files-2.17.so
b6a80000-b6a81000 rw-p 0000b000 08:04 2492817    /lib/i386-linux-gnu/libnss_files-2.17.so
b6a81000-b6a8b000 r-xp 00000000 08:04 2492828    /lib/i386-linux-gnu/libnss_nis-2.17.so
b6a8b000-b6a8c000 r--p 00009000 08:04 2492828    /lib/i386-linux-gnu/libnss_nis-2.17.so
b6a8c000-b6a8d000 rw-p 0000a000 08:04 2492828    /lib/i386-linux-gnu/libnss_nis-2.17.so
b6a8d000-b6aa2000 r-xp 00000000 08:04 2492814    /lib/i386-linux-gnu/libnsl-2.17.so
b6aa2000-b6aa3000 r--p 00014000 08:04 2492814    /lib/i386-linux-gnu/libnsl-2.17.so
b6aa3000-b6aa4000 rw-p 00015000 08:04 2492814    /lib/i386-linux-gnu/libnsl-2.17.so
b6aa4000-b6aa6000 rw-p 00000000 00:00 0 
b6aa6000-b6aa8000 r--s 00019000 08:04 1717801    /usr/local/java/jdk1.7.0_40/jre/lib/jce.jar
b6aa8000-b6ab1000 r--s 00250000 08:04 1717499    /usr/local/java/jdk1.7.0_40/jre/lib/resources.jar
b6ab1000-b6ab7000 r--s 000a9000 08:04 5379941    /home/guilherme/idea-IU-129.713/plugins/testng/lib/testng-plugin.jar
b6ab7000-b6abf000 rw-s 00000000 08:04 5780864    /tmp/hsperfdata_guilherme/20305
b6abf000-b6ae2000 r-xp 00000000 08:04 1717538    /usr/local/java/jdk1.7.0_40/jre/lib/i386/libjava.so
b6ae2000-b6ae3000 rw-p 00022000 08:04 1717538    /usr/local/java/jdk1.7.0_40/jre/lib/i386/libjava.so
b6ae3000-b6aea000 r-xp 00000000 08:04 2492827    /lib/i386-linux-gnu/librt-2.17.so
b6aea000-b6aeb000 r--p 00006000 08:04 2492827    /lib/i386-linux-gnu/librt-2.17.so
b6aeb000-b6aec000 rw-p 00007000 08:04 2492827    /lib/i386-linux-gnu/librt-2.17.so
b6aec000-b6aef000 ---p 00000000 00:00 0 
b6aef000-b6b3d000 rw-p 00000000 00:00 0          [stack:20306]
b6b3d000-b6b7e000 r-xp 00000000 08:04 2492824    /lib/i386-linux-gnu/libm-2.17.so
b6b7e000-b6b7f000 r--p 00040000 08:04 2492824    /lib/i386-linux-gnu/libm-2.17.so
b6b7f000-b6b80000 rw-p 00041000 08:04 2492824    /lib/i386-linux-gnu/libm-2.17.so
b6b80000-b7106000 r-xp 00000000 08:04 1717533    /usr/local/java/jdk1.7.0_40/jre/lib/i386/client/libjvm.so
b7106000-b7127000 rw-p 00586000 08:04 1717533    /usr/local/java/jdk1.7.0_40/jre/lib/i386/client/libjvm.so
b7127000-b7548000 rw-p 00000000 00:00 0 
b7548000-b76f6000 r-xp 00000000 08:04 2492825    /lib/i386-linux-gnu/libc-2.17.so
b76f6000-b76f8000 r--p 001ae000 08:04 2492825    /lib/i386-linux-gnu/libc-2.17.so
b76f8000-b76f9000 rw-p 001b0000 08:04 2492825    /lib/i386-linux-gnu/libc-2.17.so
b76f9000-b76fc000 rw-p 00000000 00:00 0 
b76fc000-b76ff000 r-xp 00000000 08:04 2492830    /lib/i386-linux-gnu/libdl-2.17.so
b76ff000-b7700000 r--p 00002000 08:04 2492830    /lib/i386-linux-gnu/libdl-2.17.so
b7700000-b7701000 rw-p 00003000 08:04 2492830    /lib/i386-linux-gnu/libdl-2.17.so
b7701000-b7714000 r-xp 00000000 08:04 1717542    /usr/local/java/jdk1.7.0_40/jre/lib/i386/jli/libjli.so
b7714000-b7715000 rw-p 00012000 08:04 1717542    /usr/local/java/jdk1.7.0_40/jre/lib/i386/jli/libjli.so
b7715000-b7716000 rw-p 00000000 00:00 0 
b7716000-b772d000 r-xp 00000000 08:04 2492823    /lib/i386-linux-gnu/libpthread-2.17.so
b772d000-b772e000 r--p 00016000 08:04 2492823    /lib/i386-linux-gnu/libpthread-2.17.so
b772e000-b772f000 rw-p 00017000 08:04 2492823    /lib/i386-linux-gnu/libpthread-2.17.so
b772f000-b7731000 rw-p 00000000 00:00 0 
b7731000-b7732000 r--s 00000000 08:04 1717585    /usr/local/java/jdk1.7.0_40/jre/lib/management-agent.jar
b7732000-b7733000 r--p 005e0000 08:04 1449933    /usr/lib/locale/locale-archive
b7733000-b773a000 r-xp 00000000 08:04 2492818    /lib/i386-linux-gnu/libnss_compat-2.17.so
b773a000-b773b000 r--p 00006000 08:04 2492818    /lib/i386-linux-gnu/libnss_compat-2.17.so
b773b000-b773c000 rw-p 00007000 08:04 2492818    /lib/i386-linux-gnu/libnss_compat-2.17.so
b773c000-b773d000 rw-p 00000000 00:00 0 
b773d000-b773e000 r--p 00000000 00:00 0 
b773e000-b7749000 r-xp 00000000 08:04 1717520    /usr/local/java/jdk1.7.0_40/jre/lib/i386/libverify.so
b7749000-b774a000 rw-p 0000b000 08:04 1717520    /usr/local/java/jdk1.7.0_40/jre/lib/i386/libverify.so
b774a000-b774c000 rw-p 00000000 00:00 0 
b774c000-b774d000 r-xp 00000000 00:00 0          [vdso]
b774d000-b776d000 r-xp 00000000 08:04 2492826    /lib/i386-linux-gnu/ld-2.17.so
b776d000-b776e000 r--p 0001f000 08:04 2492826    /lib/i386-linux-gnu/ld-2.17.so
b776e000-b776f000 rw-p 00020000 08:04 2492826    /lib/i386-linux-gnu/ld-2.17.so
bfa92000-bfab6000 rw-p 00000000 00:00 0          [stack]

VM Arguments:
jvm_args: -ea -Didea.launcher.port=7534 -Didea.launcher.bin.path=/home/guilherme/idea-IU-129.713/bin -Dfile.encoding=UTF-8 
java_command: com.intellij.rt.execution.application.AppMain org.testng.RemoteTestNGStarter -port 33420 -usedefaultlisteners false -socket33840 -temp /tmp/idea_testng3724557493905854218.tmp
Launcher Type: SUN_STANDARD

Environment Variables:
JAVA_HOME=/usr/local/java/jdk1.7.0_40
JRE_HOME=/usr/local/java/jre1.7.0_40
CLASSPATH=./../lib/bootstrap.jar:./../lib/extensions.jar:./../lib/util.jar:./../lib/jdom.jar:./../lib/log4j.jar:./../lib/trove4j.jar:./../lib/jna.jar:/usr/local/java/jdk1.7.0_40/lib/tools.jar
PATH=/opt/SenchaSDKTools-2.0.0-beta3:/home/guilherme/bin/Sencha/Cmd/4.0.0.203:/usr/local/heroku/bin:/opt/SenchaSDKTools-2.0.0-beta3:/home/guilherme/bin/Sencha/Cmd/4.0.0.203:/home/guilherme/bin:/usr/lib/lightdm/lightdm:/usr/local/sbin:/usr/local/bin:/usr/sbin:/usr/bin:/sbin:/bin:/usr/games:/usr/local/games:/home/guilherme/bin:/usr/local/java/jdk1.7.0_40/bin:/home/guilherme/bin:/usr/local/java/jre1.7.0_40/bin
LD_LIBRARY_PATH=.:
SHELL=/bin/bash
DISPLAY=:0

Signal Handlers:
SIGSEGV: [libjvm.so+0x503d90], sa_mask[0]=0x7ffbfeff, sa_flags=0x10000004
SIGBUS: [libjvm.so+0x503d90], sa_mask[0]=0x7ffbfeff, sa_flags=0x10000004
SIGFPE: [libjvm.so+0x3fbe80], sa_mask[0]=0x7ffbfeff, sa_flags=0x10000004
SIGPIPE: [libjvm.so+0x3fbe80], sa_mask[0]=0x7ffbfeff, sa_flags=0x10000004
SIGXFSZ: [libjvm.so+0x3fbe80], sa_mask[0]=0x7ffbfeff, sa_flags=0x10000004
SIGILL: [libjvm.so+0x3fbe80], sa_mask[0]=0x7ffbfeff, sa_flags=0x10000004
SIGUSR1: SIG_DFL, sa_mask[0]=0x00000000, sa_flags=0x00000000
SIGUSR2: [libjvm.so+0x3fd370], sa_mask[0]=0x00000004, sa_flags=0x10000004
SIGHUP: [libjvm.so+0x3fe4c0], sa_mask[0]=0x7ffbfeff, sa_flags=0x10000004
SIGINT: [libjvm.so+0x3fe4c0], sa_mask[0]=0x7ffbfeff, sa_flags=0x10000004
SIGTERM: [libjvm.so+0x3fe4c0], sa_mask[0]=0x7ffbfeff, sa_flags=0x10000004
SIGQUIT: [libjvm.so+0x3fe4c0], sa_mask[0]=0x7ffbfeff, sa_flags=0x10000004


---------------  S Y S T E M  ---------------

OS:wheezy/sid

uname:Linux 3.8.0-32-generic #47-Ubuntu SMP Tue Oct 1 21:36:40 UTC 2013 i686
libc:glibc 2.17 NPTL 2.17 
rlimit: STACK 8192k, CORE 0k, NPROC 24106, NOFILE 4096, AS infinity
load average:0,72 0,78 1,04

/proc/meminfo:
MemTotal:        3102112 kB
MemFree:          995664 kB
Buffers:           32464 kB
Cached:           362208 kB
SwapCached:        68512 kB
Active:          1631800 kB
Inactive:         374692 kB
Active(anon):    1490940 kB
Inactive(anon):   157956 kB
Active(file):     140860 kB
Inactive(file):   216736 kB
Unevictable:          64 kB
Mlocked:              64 kB
HighTotal:       2231176 kB
HighFree:         299380 kB
LowTotal:         870936 kB
LowFree:          696284 kB
SwapTotal:       1999868 kB
SwapFree:        1720888 kB
Dirty:             10240 kB
Writeback:             0 kB
AnonPages:       1561072 kB
Mapped:           237568 kB
Shmem:             37076 kB
Slab:              38248 kB
SReclaimable:      15796 kB
SUnreclaim:        22452 kB
KernelStack:        5280 kB
PageTables:        20056 kB
NFS_Unstable:          0 kB
Bounce:                0 kB
WritebackTmp:          0 kB
CommitLimit:     3550924 kB
Committed_AS:    5662548 kB
VmallocTotal:     122880 kB
VmallocUsed:       46444 kB
VmallocChunk:      70132 kB
HardwareCorrupted:     0 kB
AnonHugePages:         0 kB
HugePages_Total:       0
HugePages_Free:        0
HugePages_Rsvd:        0
HugePages_Surp:        0
Hugepagesize:       2048 kB
DirectMap4k:       59384 kB
DirectMap2M:      854016 kB


CPU:total 2 (2 cores per cpu, 1 threads per core) family 15 model 6 stepping 5, cmov, cx8, fxsr, mmx, sse, sse2, sse3, tsc

/proc/cpuinfo:
processor	: 0
vendor_id	: GenuineIntel
cpu family	: 15
model		: 6
model name	: Intel(R) Pentium(R) D CPU 3.20GHz
stepping	: 5
microcode	: 0xb
cpu MHz		: 3200.000
cache size	: 2048 KB
physical id	: 0
siblings	: 2
core id		: 0
cpu cores	: 2
apicid		: 0
initial apicid	: 0
fdiv_bug	: no
hlt_bug		: no
f00f_bug	: no
coma_bug	: no
fpu		: yes
fpu_exception	: yes
cpuid level	: 6
wp		: yes
flags		: fpu vme de pse tsc msr pae mce cx8 apic sep mtrr pge mca cmov pat pse36 clflush dts acpi mmx fxsr sse sse2 ss ht tm pbe nx lm constant_tsc pebs bts pni dtes64 monitor ds_cpl est cid cx16 xtpr pdcm lahf_lm
bogomips	: 6399.38
clflush size	: 64
cache_alignment	: 128
address sizes	: 36 bits physical, 48 bits virtual
power management:

processor	: 1
vendor_id	: GenuineIntel
cpu family	: 15
model		: 6
model name	: Intel(R) Pentium(R) D CPU 3.20GHz
stepping	: 5
microcode	: 0xb
cpu MHz		: 3200.000
cache size	: 2048 KB
physical id	: 0
siblings	: 2
core id		: 1
cpu cores	: 2
apicid		: 1
initial apicid	: 1
fdiv_bug	: no
hlt_bug		: no
f00f_bug	: no
coma_bug	: no
fpu		: yes
fpu_exception	: yes
cpuid level	: 6
wp		: yes
flags		: fpu vme de pse tsc msr pae mce cx8 apic sep mtrr pge mca cmov pat pse36 clflush dts acpi mmx fxsr sse sse2 ss ht tm pbe nx lm constant_tsc pebs bts pni dtes64 monitor ds_cpl est cid cx16 xtpr pdcm lahf_lm
bogomips	: 6399.38
clflush size	: 64
cache_alignment	: 128
address sizes	: 36 bits physical, 48 bits virtual
power management:



Memory: 4k page, physical 3102112k(995664k free), swap 1999868k(1720888k free)

vm_info: Java HotSpot(TM) Client VM (24.0-b56) for linux-x86 JRE (1.7.0_40-b43), built on Aug 26 2013 22:05:59 by "java_re" with gcc 4.3.0 20080428 (Red Hat 4.3.0-8)

time: Fri Nov  1 04:54:08 2013
elapsed time: 1 seconds

