#
# A fatal error has been detected by the Java Runtime Environment:
#
#  SIGILL (0x4) at pc=0xb6dc0e10, pid=18819, tid=3065498432
#
# JRE version: Java(TM) SE Runtime Environment (7.0_40-b43) (build 1.7.0_40-b43)
# Java VM: Java HotSpot(TM) Client VM (24.0-b56 mixed mode linux-x86 )
# Problematic frame:
# V  [libjvm.so+0x200e10]  Events::log_exception(Thread*, char const*, ...)+0x20
#
# Failed to write core dump. Core dumps have been disabled. To enable core dumping, try "ulimit -c unlimited" before starting Java again
#
# If you would like to submit a bug report, please visit:
#   http://bugreport.sun.com/bugreport/crash.jsp
#

---------------  T H R E A D  ---------------

Current thread (0xb6a0d400):  JavaThread "main" [_thread_in_vm, id=18820, stack(0xb6b2c000,0xb6b7d000)]

siginfo:si_signo=SIGILL: si_errno=0, si_code=2 (ILL_ILLOPN), si_addr=0xb6dc0e10

Registers:
EAX=0x00000000, EBX=0xb7154868, ECX=0xb6a08bb8, EDX=0x00000000
ESP=0xb6b7ac50, EBP=0xb6b7ac78, ESI=0xb6a08bb8, EDI=0xb6a094c0
EIP=0xb6dc0e10, EFLAGS=0x00010286, CR2=0xb76d7100

Top of Stack: (sp=0xb6b7ac50)
0xb6b7ac50:   b6a0d400 b486c620 c2d27807 40049565
0xb6b7ac60:   a0560f58 b6a08bb8 b7118474 b7154868
0xb6b7ac70:   00000000 b06ebdb8 b6b7af78 b6eea80b
0xb6b7ac80:   b6a0d400 b7105507 a08f30e8 b7118474
0xb6b7ac90:   000004dc b6b7aebc b6a0de20 b6a0de20
0xb6b7aca0:   52733b6b b6b7acc8 b6a0d400 b6a0de14
0xb6b7acb0:   00000000 00000000 b6a0de18 b75feec5
0xb6b7acc0:   00274200 b6a0fd90 b6b7afd0 b486c4f4 

Instructions: (pc=0xb6dc0e10)
0xb6dc0df0:   55 89 e5 57 56 53 83 ec 1c e8 00 00 00 00 5b 81
0xb6dc0e00:   c3 6a 3a 39 00 8b 83 10 f2 ff ff 80 38 00 75 08
0xb6dc0e10:   8d 65 f4 5b 5e 5f 5d c3 8b 83 d4 fa ff ff 8d 7d
0xb6dc0e20:   10 8b 30 8b 83 3c ea ff ff 8b 00 85 c0 75 e1 e8 

Register to memory mapping:

EAX=0x00000000 is an unknown value
EBX=0xb7154868: <offset 0x594868> in /usr/local/java/jdk1.7.0_40/jre/lib/i386/client/libjvm.so at 0xb6bc0000
ECX=0xb6a08bb8 is an unknown value
EDX=0x00000000 is an unknown value
ESP=0xb6b7ac50 is pointing into the stack for thread: 0xb6a0d400
EBP=0xb6b7ac78 is pointing into the stack for thread: 0xb6a0d400
ESI=0xb6a08bb8 is an unknown value
EDI=0xb6a094c0 is an unknown value


Stack: [0xb6b2c000,0xb6b7d000],  sp=0xb6b7ac50,  free space=315k
Native frames: (J=compiled Java code, j=interpreted, Vv=VM code, C=native code)
V  [libjvm.so+0x200e10]  Events::log_exception(Thread*, char const*, ...)+0x20
V  [libjvm.so+0x32a80b]  JVM_DoPrivileged+0x4eb
C  [libjava.so+0x9a4a]  Java_java_security_AccessController_doPrivileged__Ljava_security_PrivilegedExceptionAction_2Ljava_security_AccessControlContext_2+0x3a
J  java.security.AccessController.doPrivileged(Ljava/security/PrivilegedExceptionAction;Ljava/security/AccessControlContext;)Ljava/lang/Object;
J  java.net.URLClassLoader.findClass(Ljava/lang/String;)Ljava/lang/Class;
j  java.lang.ClassLoader.loadClass(Ljava/lang/String;)Ljava/lang/Class;+3
v  ~StubRoutines::call_stub
V  [libjvm.so+0x2a7875]  JavaCalls::call_helper(JavaValue*, methodHandle*, JavaCallArguments*, Thread*)+0x315
V  [libjvm.so+0x3fa1e9]  os::os_exception_wrapper(void (*)(JavaValue*, methodHandle*, JavaCallArguments*, Thread*), JavaValue*, methodHandle*, JavaCallArguments*, Thread*)+0x19
V  [libjvm.so+0x2a64ef]  JavaCalls::call(JavaValue*, methodHandle, JavaCallArguments*, Thread*)+0x2f
V  [libjvm.so+0x2a672a]  JavaCalls::call_virtual(JavaValue*, KlassHandle, Symbol*, Symbol*, JavaCallArguments*, Thread*)+0x10a
V  [libjvm.so+0x2a67f5]  JavaCalls::call_virtual(JavaValue*, Handle, KlassHandle, Symbol*, Symbol*, Handle, Thread*)+0x55
V  [libjvm.so+0x49e559]  SystemDictionary::load_instance_class(Symbol*, Handle, Thread*)+0x489
V  [libjvm.so+0x49cc52]  SystemDictionary::resolve_instance_class_or_null(Symbol*, Handle, Handle, Thread*)+0x742
V  [libjvm.so+0x49d0b9]  SystemDictionary::resolve_or_null(Symbol*, Handle, Handle, Thread*)+0x49
V  [libjvm.so+0x49e5d0]  SystemDictionary::resolve_or_fail(Symbol*, Handle, Handle, bool, Thread*)+0x30
V  [libjvm.so+0x1d5cfb]  constantPoolOopDesc::klass_at_impl(constantPoolHandle, int, Thread*)+0x1cb
V  [libjvm.so+0x29fdb7]  InterpreterRuntime::_new(JavaThread*, constantPoolOopDesc*, int)+0x67
j  org.glassfish.grizzly.attributes.DefaultAttributeBuilder.createAttribute(Ljava/lang/String;Lorg/glassfish/grizzly/attributes/NullaryFunction;)Lorg/glassfish/grizzly/attributes/Attribute;+18
j  org.glassfish.grizzly.nio.AbstractNIOAsyncQueueWriter.<init>(Lorg/glassfish/grizzly/nio/NIOTransport;)V+76
j  org.glassfish.grizzly.nio.transport.TCPNIOAsyncQueueWriter.<init>(Lorg/glassfish/grizzly/nio/NIOTransport;)V+2
j  org.glassfish.grizzly.nio.transport.TCPNIOTransport.<init>(Ljava/lang/String;)V+102
j  org.glassfish.grizzly.nio.transport.TCPNIOTransport.<init>()V+3
v  ~StubRoutines::call_stub
V  [libjvm.so+0x2a7875]  JavaCalls::call_helper(JavaValue*, methodHandle*, JavaCallArguments*, Thread*)+0x315
V  [libjvm.so+0x3fa1e9]  os::os_exception_wrapper(void (*)(JavaValue*, methodHandle*, JavaCallArguments*, Thread*), JavaValue*, methodHandle*, JavaCallArguments*, Thread*)+0x19
V  [libjvm.so+0x2a64ef]  JavaCalls::call(JavaValue*, methodHandle, JavaCallArguments*, Thread*)+0x2f
V  [libjvm.so+0x43f97e]  Reflection::invoke(instanceKlassHandle, methodHandle, Handle, bool, objArrayHandle, BasicType, objArrayHandle, bool, Thread*)+0x3fe
V  [libjvm.so+0x44084e]  Reflection::invoke_constructor(oopDesc*, objArrayHandle, Thread*)+0x2de
V  [libjvm.so+0x31e9db]  JVM_NewInstanceFromConstructor+0xdb
C  [libjava.so+0x151eb]  Java_sun_reflect_NativeConstructorAccessorImpl_newInstance0+0x2b
j  sun.reflect.NativeConstructorAccessorImpl.newInstance0(Ljava/lang/reflect/Constructor;[Ljava/lang/Object;)Ljava/lang/Object;+0
j  sun.reflect.NativeConstructorAccessorImpl.newInstance([Ljava/lang/Object;)Ljava/lang/Object;+72
j  sun.reflect.DelegatingConstructorAccessorImpl.newInstance([Ljava/lang/Object;)Ljava/lang/Object;+5
j  java.lang.reflect.Constructor.newInstance([Ljava/lang/Object;)Ljava/lang/Object;+79
j  java.lang.Class.newInstance()Ljava/lang/Object;+132
j  org.glassfish.grizzly.NIOTransportBuilder.<init>(Ljava/lang/Class;Lorg/glassfish/grizzly/IOStrategy;)V+6
j  org.glassfish.grizzly.nio.transport.TCPNIOTransportBuilder.<init>(Ljava/lang/Class;Lorg/glassfish/grizzly/IOStrategy;)V+3
j  org.glassfish.grizzly.nio.transport.TCPNIOTransportBuilder.newInstance()Lorg/glassfish/grizzly/nio/transport/TCPNIOTransportBuilder;+10
j  org.glassfish.grizzly.http.server.NetworkListener.<init>(Ljava/lang/String;Ljava/lang/String;I)V+29
j  org.glassfish.jersey.grizzly2.GrizzlyHttpServerFactory._createHttpServer(Ljava/net/URI;Lorg/glassfish/grizzly/http/server/HttpHandler;)Lorg/glassfish/grizzly/http/server/HttpServer;+52
j  org.glassfish.jersey.grizzly2.GrizzlyHttpServerFactory.createHttpServer(Ljava/net/URI;Lorg/glassfish/jersey/server/Application;)Lorg/glassfish/grizzly/http/server/HttpServer;+11
j  br.org.base.server.Server.main([Ljava/lang/String;)V+116
v  ~StubRoutines::call_stub
V  [libjvm.so+0x2a7875]  JavaCalls::call_helper(JavaValue*, methodHandle*, JavaCallArguments*, Thread*)+0x315
V  [libjvm.so+0x3fa1e9]  os::os_exception_wrapper(void (*)(JavaValue*, methodHandle*, JavaCallArguments*, Thread*), JavaValue*, methodHandle*, JavaCallArguments*, Thread*)+0x19
V  [libjvm.so+0x2a64ef]  JavaCalls::call(JavaValue*, methodHandle, JavaCallArguments*, Thread*)+0x2f
V  [libjvm.so+0x2e28b2]  jni_invoke_static(JNIEnv_*, JavaValue*, _jobject*, JNICallType, _jmethodID*, JNI_ArgumentPusher*, Thread*)+0x242
V  [libjvm.so+0x2f8ada]  jni_CallStaticVoidMethod+0xca
C  [libjli.so+0x2e8d]  JavaMain+0x8bd
C  [libpthread.so.0+0x6d78]  start_thread+0xd8

Java frames: (J=compiled Java code, j=interpreted, Vv=VM code)
J  java.security.AccessController.doPrivileged(Ljava/security/PrivilegedExceptionAction;Ljava/security/AccessControlContext;)Ljava/lang/Object;
J  java.net.URLClassLoader.findClass(Ljava/lang/String;)Ljava/lang/Class;
J  java.lang.ClassLoader.loadClass(Ljava/lang/String;Z)Ljava/lang/Class;
J  java.lang.ClassLoader.loadClass(Ljava/lang/String;Z)Ljava/lang/Class;
j  sun.misc.Launcher$AppClassLoader.loadClass(Ljava/lang/String;Z)Ljava/lang/Class;+36
j  java.lang.ClassLoader.loadClass(Ljava/lang/String;)Ljava/lang/Class;+3
v  ~StubRoutines::call_stub
j  org.glassfish.grizzly.attributes.DefaultAttributeBuilder.createAttribute(Ljava/lang/String;Lorg/glassfish/grizzly/attributes/NullaryFunction;)Lorg/glassfish/grizzly/attributes/Attribute;+18
j  org.glassfish.grizzly.nio.AbstractNIOAsyncQueueWriter.<init>(Lorg/glassfish/grizzly/nio/NIOTransport;)V+76
j  org.glassfish.grizzly.nio.transport.TCPNIOAsyncQueueWriter.<init>(Lorg/glassfish/grizzly/nio/NIOTransport;)V+2
j  org.glassfish.grizzly.nio.transport.TCPNIOTransport.<init>(Ljava/lang/String;)V+102
j  org.glassfish.grizzly.nio.transport.TCPNIOTransport.<init>()V+3
v  ~StubRoutines::call_stub
j  sun.reflect.NativeConstructorAccessorImpl.newInstance0(Ljava/lang/reflect/Constructor;[Ljava/lang/Object;)Ljava/lang/Object;+0
j  sun.reflect.NativeConstructorAccessorImpl.newInstance([Ljava/lang/Object;)Ljava/lang/Object;+72
j  sun.reflect.DelegatingConstructorAccessorImpl.newInstance([Ljava/lang/Object;)Ljava/lang/Object;+5
j  java.lang.reflect.Constructor.newInstance([Ljava/lang/Object;)Ljava/lang/Object;+79
j  java.lang.Class.newInstance()Ljava/lang/Object;+132
j  org.glassfish.grizzly.NIOTransportBuilder.<init>(Ljava/lang/Class;Lorg/glassfish/grizzly/IOStrategy;)V+6
j  org.glassfish.grizzly.nio.transport.TCPNIOTransportBuilder.<init>(Ljava/lang/Class;Lorg/glassfish/grizzly/IOStrategy;)V+3
j  org.glassfish.grizzly.nio.transport.TCPNIOTransportBuilder.newInstance()Lorg/glassfish/grizzly/nio/transport/TCPNIOTransportBuilder;+10
j  org.glassfish.grizzly.http.server.NetworkListener.<init>(Ljava/lang/String;Ljava/lang/String;I)V+29
j  org.glassfish.jersey.grizzly2.GrizzlyHttpServerFactory._createHttpServer(Ljava/net/URI;Lorg/glassfish/grizzly/http/server/HttpHandler;)Lorg/glassfish/grizzly/http/server/HttpServer;+52
j  org.glassfish.jersey.grizzly2.GrizzlyHttpServerFactory.createHttpServer(Ljava/net/URI;Lorg/glassfish/jersey/server/Application;)Lorg/glassfish/grizzly/http/server/HttpServer;+11
j  br.org.base.server.Server.main([Ljava/lang/String;)V+116
v  ~StubRoutines::call_stub

---------------  P R O C E S S  ---------------

Java Threads: ( => current thread )
  0xb6a86800 JavaThread "Service Thread" daemon [_thread_blocked, id=18831, stack(0x9fddd000,0x9fe2e000)]
  0xb6a84800 JavaThread "C1 CompilerThread0" daemon [_thread_blocked, id=18830, stack(0x9fe2e000,0x9feaf000)]
  0xa0100800 JavaThread "JDWP Command Reader" daemon [_thread_in_native, id=18828, stack(0x9feaf000,0x9ff00000)]
  0xb6a7dc00 JavaThread "JDWP Event Helper Thread" daemon [_thread_blocked, id=18827, stack(0xa000d000,0xa005e000)]
  0xb6a7b000 JavaThread "JDWP Transport Listener: dt_socket" daemon [_thread_blocked, id=18826, stack(0xa005e000,0xa00af000)]
  0xb6a70c00 JavaThread "Signal Dispatcher" daemon [_thread_blocked, id=18824, stack(0xa00af000,0xa0100000)]
  0xb6a61800 JavaThread "Finalizer" daemon [_thread_blocked, id=18823, stack(0xa0232000,0xa0283000)]
  0xb6a5f000 JavaThread "Reference Handler" daemon [_thread_blocked, id=18822, stack(0xa0283000,0xa02d4000)]
=>0xb6a0d400 JavaThread "main" [_thread_in_vm, id=18820, stack(0xb6b2c000,0xb6b7d000)]

Other Threads:
  0xb6a5d400 VMThread [stack: 0xa02d4000,0xa0355000] [id=18821]
  0xb6a88c00 WatcherThread [stack: 0x9fd5c000,0x9fddd000] [id=18832]

VM state:not at safepoint (normal execution)

VM Mutex/Monitor currently owned by a thread: None

Heap
 def new generation   total 4928K, used 2713K [0xa06d0000, 0xa0c20000, 0xa5c20000)
  eden space 4416K,  49% used [0xa06d0000, 0xa08f6588, 0xa0b20000)
  from space 512K,  99% used [0xa0ba0000, 0xa0c1fff8, 0xa0c20000)
  to   space 512K,   0% used [0xa0b20000, 0xa0b20000, 0xa0ba0000)
 tenured generation   total 10944K, used 3589K [0xa5c20000, 0xa66d0000, 0xb06d0000)
   the space 10944K,  32% used [0xa5c20000, 0xa5fa1698, 0xa5fa1800, 0xa66d0000)
 compacting perm gen  total 12288K, used 7400K [0xb06d0000, 0xb12d0000, 0xb46d0000)
   the space 12288K,  60% used [0xb06d0000, 0xb0e0a210, 0xb0e0a400, 0xb12d0000)
No shared spaces configured.

Card table byte_map: [0xa062f000,0xa06d0000] byte_map_base: 0xa012b980

Polling page: 0xb777d000

Code Cache  [0xb475a000, 0xb4882000, 0xb675a000)
 total_blobs=547 nmethods=411 adapters=81 free_code_cache=31600Kb largest_free_block=32358592

Compilation events (10 events):
Event: 2,411 Thread 0xb6a84800  408             org.glassfish.jersey.message.internal.HttpHeaderReaderImpl::process (234 bytes)
Event: 2,413 Thread 0xb6a84800 nmethod 408 0xb487b788 code [0xb487b970, 0xb487bf94]
Event: 2,413 Thread 0xb6a84800  409             java.util.AbstractCollection::addAll (42 bytes)
Event: 2,414 Thread 0xb6a84800 nmethod 409 0xb487c508 code [0xb487c640, 0xb487c780]
Event: 2,414 Thread 0xb6a84800  410             java.util.Collections::unmodifiableSet (9 bytes)
Event: 2,414 Thread 0xb6a84800 nmethod 410 0xb487c888 code [0xb487c9a0, 0xb487cadc]
Event: 2,414 Thread 0xb6a84800  411   !         com.sun.hk2.component.SingletonInhabitant::get (92 bytes)
Event: 2,415 Thread 0xb6a84800 nmethod 411 0xb487cc08 code [0xb487cd50, 0xb487cfec]
Event: 2,518 Thread 0xb6a84800  413   !         java.lang.ClassLoader::getPackage (118 bytes)
Event: 2,519 Thread 0xb6a84800 nmethod 413 0xb487d388 code [0xb487d530, 0xb487da6c]

GC Heap History (10 events):
Event: 2,009 GC heap before
{Heap before GC invocations=8 (full 0):
 def new generation   total 4928K, used 4927K [0xa06d0000, 0xa0c20000, 0xa5c20000)
  eden space 4416K, 100% used [0xa06d0000, 0xa0b20000, 0xa0b20000)
  from space 512K,  99% used [0xa0b20000, 0xa0b9ffd0, 0xa0ba0000)
  to   space 512K,   0% used [0xa0ba0000, 0xa0ba0000, 0xa0c20000)
 tenured generation   total 10944K, used 3102K [0xa5c20000, 0xa66d0000, 0xb06d0000)
   the space 10944K,  28% used [0xa5c20000, 0xa5f278f0, 0xa5f27a00, 0xa66d0000)
 compacting perm gen  total 12288K, used 5819K [0xb06d0000, 0xb12d0000, 0xb46d0000)
   the space 12288K,  47% used [0xb06d0000, 0xb0c7eca0, 0xb0c7ee00, 0xb12d0000)
No shared spaces configured.
Event: 2,014 GC heap after
Heap after GC invocations=9 (full 0):
 def new generation   total 4928K, used 510K [0xa06d0000, 0xa0c20000, 0xa5c20000)
  eden space 4416K,   0% used [0xa06d0000, 0xa06d0000, 0xa0b20000)
  from space 512K,  99% used [0xa0ba0000, 0xa0c1f890, 0xa0c20000)
  to   space 512K,   0% used [0xa0b20000, 0xa0b20000, 0xa0ba0000)
 tenured generation   total 10944K, used 3149K [0xa5c20000, 0xa66d0000, 0xb06d0000)
   the space 10944K,  28% used [0xa5c20000, 0xa5f334d8, 0xa5f33600, 0xa66d0000)
 compacting perm gen  total 12288K, used 5819K [0xb06d0000, 0xb12d0000, 0xb46d0000)
   the space 12288K,  47% used [0xb06d0000, 0xb0c7eca0, 0xb0c7ee00, 0xb12d0000)
No shared spaces configured.
}
Event: 2,102 GC heap before
{Heap before GC invocations=9 (full 0):
 def new generation   total 4928K, used 4926K [0xa06d0000, 0xa0c20000, 0xa5c20000)
  eden space 4416K, 100% used [0xa06d0000, 0xa0b20000, 0xa0b20000)
  from space 512K,  99% used [0xa0ba0000, 0xa0c1f890, 0xa0c20000)
  to   space 512K,   0% used [0xa0b20000, 0xa0b20000, 0xa0ba0000)
 tenured generation   total 10944K, used 3149K [0xa5c20000, 0xa66d0000, 0xb06d0000)
   the space 10944K,  28% used [0xa5c20000, 0xa5f334d8, 0xa5f33600, 0xa66d0000)
 compacting perm gen  total 12288K, used 6016K [0xb06d0000, 0xb12d0000, 0xb46d0000)
   the space 12288K,  48% used [0xb06d0000, 0xb0cb0260, 0xb0cb0400, 0xb12d0000)
No shared spaces configured.
Event: 2,106 GC heap after
Heap after GC invocations=10 (full 0):
 def new generation   total 4928K, used 347K [0xa06d0000, 0xa0c20000, 0xa5c20000)
  eden space 4416K,   0% used [0xa06d0000, 0xa06d0000, 0xa0b20000)
  from space 512K,  67% used [0xa0b20000, 0xa0b76f00, 0xa0ba0000)
  to   space 512K,   0% used [0xa0ba0000, 0xa0ba0000, 0xa0c20000)
 tenured generation   total 10944K, used 3261K [0xa5c20000, 0xa66d0000, 0xb06d0000)
   the space 10944K,  29% used [0xa5c20000, 0xa5f4f7b0, 0xa5f4f800, 0xa66d0000)
 compacting perm gen  total 12288K, used 6016K [0xb06d0000, 0xb12d0000, 0xb46d0000)
   the space 12288K,  48% used [0xb06d0000, 0xb0cb0260, 0xb0cb0400, 0xb12d0000)
No shared spaces configured.
}
Event: 2,211 GC heap before
{Heap before GC invocations=10 (full 0):
 def new generation   total 4928K, used 4763K [0xa06d0000, 0xa0c20000, 0xa5c20000)
  eden space 4416K, 100% used [0xa06d0000, 0xa0b20000, 0xa0b20000)
  from space 512K,  67% used [0xa0b20000, 0xa0b76f00, 0xa0ba0000)
  to   space 512K,   0% used [0xa0ba0000, 0xa0ba0000, 0xa0c20000)
 tenured generation   total 10944K, used 3261K [0xa5c20000, 0xa66d0000, 0xb06d0000)
   the space 10944K,  29% used [0xa5c20000, 0xa5f4f7b0, 0xa5f4f800, 0xa66d0000)
 compacting perm gen  total 12288K, used 6332K [0xb06d0000, 0xb12d0000, 0xb46d0000)
   the space 12288K,  51% used [0xb06d0000, 0xb0cff3f0, 0xb0cff400, 0xb12d0000)
No shared spaces configured.
Event: 2,214 GC heap after
Heap after GC invocations=11 (full 0):
 def new generation   total 4928K, used 377K [0xa06d0000, 0xa0c20000, 0xa5c20000)
  eden space 4416K,   0% used [0xa06d0000, 0xa06d0000, 0xa0b20000)
  from space 512K,  73% used [0xa0ba0000, 0xa0bfe7a0, 0xa0c20000)
  to   space 512K,   0% used [0xa0b20000, 0xa0b20000, 0xa0ba0000)
 tenured generation   total 10944K, used 3289K [0xa5c20000, 0xa66d0000, 0xb06d0000)
   the space 10944K,  30% used [0xa5c20000, 0xa5f565c0, 0xa5f56600, 0xa66d0000)
 compacting perm gen  total 12288K, used 6332K [0xb06d0000, 0xb12d0000, 0xb46d0000)
   the space 12288K,  51% used [0xb06d0000, 0xb0cff3f0, 0xb0cff400, 0xb12d0000)
No shared spaces configured.
}
Event: 2,326 GC heap before
{Heap before GC invocations=11 (full 0):
 def new generation   total 4928K, used 4793K [0xa06d0000, 0xa0c20000, 0xa5c20000)
  eden space 4416K, 100% used [0xa06d0000, 0xa0b20000, 0xa0b20000)
  from space 512K,  73% used [0xa0ba0000, 0xa0bfe7a0, 0xa0c20000)
  to   space 512K,   0% used [0xa0b20000, 0xa0b20000, 0xa0ba0000)
 tenured generation   total 10944K, used 3289K [0xa5c20000, 0xa66d0000, 0xb06d0000)
   the space 10944K,  30% used [0xa5c20000, 0xa5f565c0, 0xa5f56600, 0xa66d0000)
 compacting perm gen  total 12288K, used 6611K [0xb06d0000, 0xb12d0000, 0xb46d0000)
   the space 12288K,  53% used [0xb06d0000, 0xb0d44c28, 0xb0d44e00, 0xb12d0000)
No shared spaces configured.
Event: 2,329 GC heap after
Heap after GC invocations=12 (full 0):
 def new generation   total 4928K, used 365K [0xa06d0000, 0xa0c20000, 0xa5c20000)
  eden space 4416K,   0% used [0xa06d0000, 0xa06d0000, 0xa0b20000)
  from space 512K,  71% used [0xa0b20000, 0xa0b7b7b8, 0xa0ba0000)
  to   space 512K,   0% used [0xa0ba0000, 0xa0ba0000, 0xa0c20000)
 tenured generation   total 10944K, used 3344K [0xa5c20000, 0xa66d0000, 0xb06d0000)
   the space 10944K,  30% used [0xa5c20000, 0xa5f640d8, 0xa5f64200, 0xa66d0000)
 compacting perm gen  total 12288K, used 6611K [0xb06d0000, 0xb12d0000, 0xb46d0000)
   the space 12288K,  53% used [0xb06d0000, 0xb0d44c28, 0xb0d44e00, 0xb12d0000)
No shared spaces configured.
}
Event: 2,474 GC heap before
{Heap before GC invocations=12 (full 0):
 def new generation   total 4928K, used 4781K [0xa06d0000, 0xa0c20000, 0xa5c20000)
  eden space 4416K, 100% used [0xa06d0000, 0xa0b20000, 0xa0b20000)
  from space 512K,  71% used [0xa0b20000, 0xa0b7b7b8, 0xa0ba0000)
  to   space 512K,   0% used [0xa0ba0000, 0xa0ba0000, 0xa0c20000)
 tenured generation   total 10944K, used 3344K [0xa5c20000, 0xa66d0000, 0xb06d0000)
   the space 10944K,  30% used [0xa5c20000, 0xa5f640d8, 0xa5f64200, 0xa66d0000)
 compacting perm gen  total 12288K, used 7063K [0xb06d0000, 0xb12d0000, 0xb46d0000)
   the space 12288K,  57% used [0xb06d0000, 0xb0db5f38, 0xb0db6000, 0xb12d0000)
No shared spaces configured.
Event: 2,479 GC heap after
Heap after GC invocations=13 (full 0):
 def new generation   total 4928K, used 511K [0xa06d0000, 0xa0c20000, 0xa5c20000)
  eden space 4416K,   0% used [0xa06d0000, 0xa06d0000, 0xa0b20000)
  from space 512K,  99% used [0xa0ba0000, 0xa0c1fff8, 0xa0c20000)
  to   space 512K,   0% used [0xa0b20000, 0xa0b20000, 0xa0ba0000)
 tenured generation   total 10944K, used 3589K [0xa5c20000, 0xa66d0000, 0xb06d0000)
   the space 10944K,  32% used [0xa5c20000, 0xa5fa1698, 0xa5fa1800, 0xa66d0000)
 compacting perm gen  total 12288K, used 7063K [0xb06d0000, 0xb12d0000, 0xb46d0000)
   the space 12288K,  57% used [0xb06d0000, 0xb0db5f38, 0xb0db6000, 0xb12d0000)
No shared spaces configured.
}

Deoptimization events (0 events):
No events

Internal exceptions (10 events):
Event: 2,565 Thread 0xb6a0d400 Threw 0xa08be5a8 at /HUDSON/workspace/jdk7u40-2-build-linux-i586-product/jdk7u40/hotspot/src/share/vm/prims/jvm.cpp:1244
Event: 2,566 Thread 0xb6a0d400 Threw 0xa08c2d70 at /HUDSON/workspace/jdk7u40-2-build-linux-i586-product/jdk7u40/hotspot/src/share/vm/prims/jvm.cpp:1244
Event: 2,566 Thread 0xb6a0d400 Threw 0xa08c9100 at /HUDSON/workspace/jdk7u40-2-build-linux-i586-product/jdk7u40/hotspot/src/share/vm/prims/jvm.cpp:1244
Event: 2,567 Thread 0xb6a0d400 Threw 0xa08cccc0 at /HUDSON/workspace/jdk7u40-2-build-linux-i586-product/jdk7u40/hotspot/src/share/vm/prims/jvm.cpp:1244
Event: 2,567 Thread 0xb6a0d400 Threw 0xa08d1cf8 at /HUDSON/workspace/jdk7u40-2-build-linux-i586-product/jdk7u40/hotspot/src/share/vm/prims/jvm.cpp:1244
Event: 2,568 Thread 0xb6a0d400 Threw 0xa08d6b30 at /HUDSON/workspace/jdk7u40-2-build-linux-i586-product/jdk7u40/hotspot/src/share/vm/prims/jvm.cpp:1244
Event: 2,569 Thread 0xb6a0d400 Threw 0xa08dec30 at /HUDSON/workspace/jdk7u40-2-build-linux-i586-product/jdk7u40/hotspot/src/share/vm/prims/jvm.cpp:1244
Event: 2,570 Thread 0xb6a0d400 Threw 0xa08e5cb8 at /HUDSON/workspace/jdk7u40-2-build-linux-i586-product/jdk7u40/hotspot/src/share/vm/prims/jvm.cpp:1244
Event: 2,572 Thread 0xb6a0d400 Threw 0xa08ee040 at /HUDSON/workspace/jdk7u40-2-build-linux-i586-product/jdk7u40/hotspot/src/share/vm/prims/jvm.cpp:1244
Event: 2,573 Thread 0xb6a0d400 Threw 0xa08f30e8 at /HUDSON/workspace/jdk7u40-2-build-linux-i586-product/jdk7u40/hotspot/src/share/vm/prims/jvm.cpp:1244

Events (10 events):
Event: 2,572 Thread 0xb6a0d400 DEOPT PACKING pc=0xb48462ec sp=0xb6b7b060
Event: 2,572 Thread 0xb6a0d400 DEOPT UNPACKING pc=0xb4788137 sp=0xb6b7af90 mode 1
Event: 2,572 Thread 0xb6a0d400 DEOPT PACKING pc=0xb4846250 sp=0xb6b7b150
Event: 2,572 Thread 0xb6a0d400 DEOPT UNPACKING pc=0xb4788137 sp=0xb6b7b08c mode 1
Event: 2,573 loading class 0x9f8f53c0
Event: 2,573 loading class 0x9f8f53c0 done
Event: 2,573 Thread 0xb6a0d400 DEOPT PACKING pc=0xb486d0b4 sp=0xb6b7ab00
Event: 2,573 Thread 0xb6a0d400 DEOPT UNPACKING pc=0xb4788137 sp=0xb6b7a9c0 mode 1
Event: 2,573 Thread 0xb6a0d400 DEOPT PACKING pc=0xb486cd68 sp=0xb6b7ab60
Event: 2,573 Thread 0xb6a0d400 DEOPT UNPACKING pc=0xb4788137 sp=0xb6b7a9f0 mode 1


Dynamic libraries:
08048000-08049000 r-xp 00000000 08:04 1717000    /usr/local/java/jdk1.7.0_40/bin/java
08049000-0804a000 rw-p 00000000 08:04 1717000    /usr/local/java/jdk1.7.0_40/bin/java
097d1000-097f2000 rw-p 00000000 00:00 0          [heap]
9f418000-9f500000 rw-p 00000000 00:00 0 
9f500000-9f529000 rw-p 00000000 00:00 0 
9f529000-9f600000 ---p 00000000 00:00 0 
9f600000-9f69e000 rw-p 00000000 00:00 0 
9f69e000-9f700000 ---p 00000000 00:00 0 
9f700000-9f900000 rw-p 00000000 00:00 0 
9f900000-9fa00000 rw-p 00000000 00:00 0 
9fa6a000-9fa6d000 rw-p 00000000 00:00 0 
9fa6d000-9fa81000 r-xp 00000000 08:04 1717553    /usr/local/java/jdk1.7.0_40/jre/lib/i386/libnet.so
9fa81000-9fa82000 rw-p 00014000 08:04 1717553    /usr/local/java/jdk1.7.0_40/jre/lib/i386/libnet.so
9fa82000-9fa90000 r-xp 00000000 08:04 1717562    /usr/local/java/jdk1.7.0_40/jre/lib/i386/libnio.so
9fa90000-9fa91000 rw-p 0000e000 08:04 1717562    /usr/local/java/jdk1.7.0_40/jre/lib/i386/libnio.so
9fa91000-9fa93000 r--s 00013000 08:04 1976990    /home/guilherme/idea-IU-129.713/lib/idea_rt.jar
9fa93000-9faa3000 r--s 0007c000 08:04 5780753    /home/guilherme/.m2/repository/joda-time/joda-time/2.1/joda-time-2.1.jar
9faa3000-9faa5000 r--s 00007000 08:04 5780766    /home/guilherme/.m2/repository/com/fasterxml/jackson/core/jackson-annotations/2.1.1/jackson-annotations-2.1.1.jar
9faa5000-9fab6000 r--s 000d1000 08:04 13940      /home/guilherme/.m2/repository/com/fasterxml/jackson/core/jackson-databind/2.1.1/jackson-databind-2.1.1.jar
9fab6000-9faba000 r--s 0002f000 08:04 5907907    /home/guilherme/.m2/repository/com/fasterxml/jackson/core/jackson-core/2.1.1/jackson-core-2.1.1.jar
9faba000-9fabc000 r--s 00007000 08:04 5780761    /home/guilherme/.m2/repository/com/fasterxml/jackson/datatype/jackson-datatype-joda/2.1.1/jackson-datatype-joda-2.1.1.jar
9fabc000-9fabf000 r--s 0001a000 08:04 5643337    /home/guilherme/.m2/repository/com/jcraft/jsch/0.1.23/jsch-0.1.23.jar
9fabf000-9fac1000 r--s 00007000 08:04 5643375    /home/guilherme/.m2/repository/org/apache/maven/wagon/wagon-ssh/1.0-alpha-5/wagon-ssh-1.0-alpha-5.jar
9fac1000-9fac2000 r--s 00001000 08:04 5645070    /home/guilherme/.m2/repository/org/apache/maven/maven-monitor/2.0/maven-monitor-2.0.jar
9fac2000-9fac4000 r--s 00002000 08:04 5380014    /home/guilherme/.m2/repository/org/codehaus/plexus/plexus-interactivity-api/1.0-alpha-4/plexus-interactivity-api-1.0-alpha-4.jar
9fac4000-9fac6000 r--s 00007000 08:04 5645055    /home/guilherme/.m2/repository/org/apache/maven/maven-plugin-descriptor/2.0/maven-plugin-descriptor-2.0.jar
9fac6000-9fac8000 r--s 00006000 08:04 5380013    /home/guilherme/.m2/repository/commons-cli/commons-cli/1.0/commons-cli-1.0.jar
9fac8000-9faca000 r--s 00005000 08:04 5645038    /home/guilherme/.m2/repository/org/apache/maven/maven-plugin-registry/2.0/maven-plugin-registry-2.0.jar
9faca000-9facb000 r--s 00002000 08:04 5645035    /home/guilherme/.m2/repository/org/apache/maven/maven-error-diagnostics/2.0/maven-error-diagnostics-2.0.jar
9facb000-9facd000 r--s 00000000 08:04 5643353    /home/guilherme/.m2/repository/doxia/doxia-sink-api/1.0-alpha-4/doxia-sink-api-1.0-alpha-4.jar
9facd000-9face000 r--s 00001000 08:04 5643339    /home/guilherme/.m2/repository/org/apache/maven/reporting/maven-reporting-api/2.0/maven-reporting-api-2.0.jar
9face000-9facf000 r--s 00001000 08:04 5643369    /home/guilherme/.m2/repository/org/apache/maven/wagon/wagon-http-lightweight/1.0-alpha-5/wagon-http-lightweight-1.0-alpha-5.jar
9facf000-9fad1000 r--s 00003000 08:04 5645032    /home/guilherme/.m2/repository/org/apache/maven/maven-plugin-parameter-documenter/2.0/maven-plugin-parameter-documenter-2.0.jar
9fad1000-9fad2000 r--s 00001000 08:04 5643349    /home/guilherme/.m2/repository/org/apache/maven/wagon/wagon-file/1.0-alpha-5/wagon-file-1.0-alpha-5.jar
9fad2000-9fad6000 r--s 0001e000 08:04 5643386    /home/guilherme/.m2/repository/org/apache/maven/maven-core/2.0/maven-core-2.0.jar
9fad6000-9fad7000 r--s 00007000 08:04 5643376    /home/guilherme/.m2/repository/org/apache/maven/shared/maven-plugin-testing-harness/1.1/maven-plugin-testing-harness-1.1.jar
9fad7000-9fad9000 r--s 00005000 08:04 5769033    /home/guilherme/.m2/repository/org/apache/maven/shared/maven-common-artifact-filters/1.0/maven-common-artifact-filters-1.0.jar
9fad9000-9fada000 r--s 00005000 08:04 5643351    /home/guilherme/.m2/repository/org/apache/maven/shared/maven-repository-builder/1.0-alpha-2/maven-repository-builder-1.0-alpha-2.jar
9fada000-9fadc000 r--s 00008000 08:04 4603583    /home/guilherme/.m2/repository/classworlds/classworlds/1.1-alpha-2/classworlds-1.1-alpha-2.jar
9fadc000-9fadd000 r--s 00002000 08:04 4602128    /home/guilherme/.m2/repository/org/apache/maven/maven-archiver/2.2/maven-archiver-2.2.jar
9fadd000-9fadf000 r--s 00006000 08:04 5515098    /home/guilherme/.m2/repository/org/apache/maven/maven-profile/2.0.4/maven-profile-2.0.4.jar
9fadf000-9fae1000 r--s 00012000 08:04 5381163    /home/guilherme/.m2/repository/org/apache/maven/maven-model/2.0.4/maven-model-2.0.4.jar
9fae1000-9fae3000 r--s 00009000 08:04 5252442    /home/guilherme/.m2/repository/org/apache/maven/maven-settings/2.0.4/maven-settings-2.0.4.jar
9fae3000-9fae6000 r--s 00018000 08:04 5252407    /home/guilherme/.m2/repository/org/apache/maven/maven-project/2.0.4/maven-project-2.0.4.jar
9fae6000-9fae8000 r--s 00004000 08:04 4729740    /home/guilherme/.m2/repository/org/codehaus/plexus/plexus-active-collections/1.0-beta-2/plexus-active-collections-1.0-beta-2.jar
9fae8000-9faea000 r--s 00009000 08:04 5381154    /home/guilherme/.m2/repository/org/apache/maven/wagon/wagon-provider-api/1.0-alpha-6/wagon-provider-api-1.0-alpha-6.jar
9faea000-9faeb000 r--s 00004000 08:04 4729737    /home/guilherme/.m2/repository/org/apache/maven/maven-repository-metadata/2.0.2/maven-repository-metadata-2.0.2.jar
9faeb000-9faee000 r--s 0000a000 08:04 5381157    /home/guilherme/.m2/repository/org/apache/maven/maven-artifact-manager/2.0.2/maven-artifact-manager-2.0.2.jar
9faee000-9faf1000 r--s 00011000 08:04 5643355    /home/guilherme/.m2/repository/org/apache/maven/maven-artifact/2.0.4/maven-artifact-2.0.4.jar
9faf1000-9faf3000 r--s 00008000 08:04 5250126    /home/guilherme/.m2/repository/org/apache/maven/shared/maven-shared-io/1.1/maven-shared-io-1.1.jar
9faf3000-9faf5000 r--s 00001000 08:04 4339221    /home/guilherme/.m2/repository/org/apache/maven/maven-plugin-api/2.0.4/maven-plugin-api-2.0.4.jar
9faf5000-9faf7000 r--s 00006000 08:04 4993795    /home/guilherme/.m2/repository/org/apache/maven/shared/file-management/1.1/file-management-1.1.jar
9faf7000-9faf9000 r--s 00006000 08:04 5381160    /home/guilherme/.m2/repository/org/codehaus/plexus/plexus-io/1.0-alpha-2/plexus-io-1.0-alpha-2.jar
9faf9000-9fb00000 r--s 00029000 08:04 4603586    /home/guilherme/.m2/repository/org/codehaus/plexus/plexus-container-default/1.0-alpha-9-stable-1/plexus-container-default-1.0-alpha-9-stable-1.jar
9fb00000-9fc00000 rw-p 00000000 00:00 0 
9fc00000-9fc03000 r--s 0001b000 08:04 4982890    /home/guilherme/.m2/repository/junit/junit/3.8.1/junit-3.8.1.jar
9fc03000-9fc07000 r--s 00030000 08:04 5769029    /home/guilherme/.m2/repository/org/codehaus/plexus/plexus-utils/1.5.1/plexus-utils-1.5.1.jar
9fc07000-9fc0b000 r--s 00027000 08:04 4472124    /home/guilherme/.m2/repository/org/codehaus/plexus/plexus-archiver/1.0-alpha-10/plexus-archiver-1.0-alpha-10.jar
9fc0b000-9fc10000 r--s 00018000 08:04 4339220    /home/guilherme/.m2/repository/aspectj/aspectjrt/1.5.3/aspectjrt-1.5.3.jar
9fc10000-9fc14000 r--s 0002b000 08:04 4338688    /home/guilherme/.m2/repository/org/apache/maven/plugins/maven-assembly-plugin/2.2-beta-2/maven-assembly-plugin-2.2-beta-2.jar
9fc14000-9fc16000 r--s 0000a000 08:04 5642959    /home/guilherme/.m2/repository/javax/ws/rs/jsr311-api/1.1.1/jsr311-api-1.1.1.jar
9fc16000-9fc18000 r--s 0000a000 08:04 4723826    /home/guilherme/.m2/repository/commons-codec/commons-codec/1.3/commons-codec-1.3.jar
9fc18000-9fc1a000 r--s 0000d000 08:04 5778757    /home/guilherme/.m2/repository/commons-logging/commons-logging/1.1.1/commons-logging-1.1.1.jar
9fc1a000-9fc1f000 r--s 00025000 08:04 4208682    /home/guilherme/.m2/repository/org/apache/httpcomponents/httpcore/4.0-beta1/httpcore-4.0-beta1.jar
9fc1f000-9fc26000 r--s 00036000 08:04 4208679    /home/guilherme/.m2/repository/org/apache/httpcomponents/httpclient/4.0-alpha4/httpclient-4.0-alpha4.jar
9fc26000-9fc29000 r--s 0000b000 08:04 4196718    /home/guilherme/.m2/repository/javax/persistence/persistence-api/1.0.2/persistence-api-1.0.2.jar
9fc29000-9fc2b000 r--s 0000c000 08:04 4196713    /home/guilherme/.m2/repository/de/undercouch/bson4jackson/1.3.0/bson4jackson-1.3.0.jar
9fc2b000-9fc30000 r--s 00043000 08:04 4196674    /home/guilherme/.m2/repository/org/mongodb/mongo-java-driver/2.7.2/mongo-java-driver-2.7.2.jar
9fc30000-9fc33000 r--s 00014000 08:04 4196701    /home/guilherme/.m2/repository/net/vz/mongodb/jackson/mongo-jackson-mapper/1.4.1/mongo-jackson-mapper-1.4.1.jar
9fc33000-9fc34000 r--s 00006000 08:04 4196782    /home/guilherme/.m2/repository/org/codehaus/jackson/jackson-xc/1.9.2/jackson-xc-1.9.2.jar
9fc34000-9fc35000 r--s 00004000 08:04 4196773    /home/guilherme/.m2/repository/org/codehaus/jackson/jackson-jaxrs/1.9.2/jackson-jaxrs-1.9.2.jar
9fc35000-9fc43000 r--s 000ad000 08:04 4196762    /home/guilherme/.m2/repository/org/codehaus/jackson/jackson-mapper-asl/1.9.2/jackson-mapper-asl-1.9.2.jar
9fc43000-9fc47000 r--s 00034000 08:04 4196724    /home/guilherme/.m2/repository/org/codehaus/jackson/jackson-core-asl/1.9.2/jackson-core-asl-1.9.2.jar
9fc47000-9fc49000 r--s 00004000 08:04 4196725    /home/guilherme/.m2/repository/javax/xml/stream/stax-api/1.0-2/stax-api-1.0-2.jar
9fc49000-9fc4c000 r--s 00017000 08:04 4196709    /home/guilherme/.m2/repository/javax/xml/bind/jaxb-api/2.2.2/jaxb-api-2.2.2.jar
9fc4c000-9fc5f000 r--s 000c7000 08:04 4196686    /home/guilherme/.m2/repository/com/sun/xml/bind/jaxb-impl/2.2.3-1/jaxb-impl-2.2.3-1.jar
9fc5f000-9fc61000 r--s 0000f000 08:04 4196720    /home/guilherme/.m2/repository/org/codehaus/jettison/jettison/1.1/jettison-1.1.jar
9fc61000-9fc65000 r--s 00020000 08:04 4196675    /home/guilherme/.m2/repository/org/glassfish/jersey/media/jersey-media-json/2.0-m02/jersey-media-json-2.0-m02.jar
9fc65000-9fc6e000 r--s 00042000 08:04 4196752    /home/guilherme/.m2/repository/org/glassfish/jersey/core/jersey-server/2.0-m02/jersey-server-2.0-m02.jar
9fc6e000-9fc70000 r--s 00003000 08:04 4196733    /home/guilherme/.m2/repository/org/jvnet/tiger-types/1.4/tiger-types-1.4.jar
9fc70000-9fc75000 r--s 00047000 08:04 4196757    /home/guilherme/.m2/repository/org/glassfish/hk2/external/asm-all-repackaged/1.6.32/asm-all-repackaged-1.6.32.jar
9fc75000-9fc76000 r--s 00001000 08:04 4196691    /home/guilherme/.m2/repository/org/glassfish/hk2/external/javax.inject/1.6.32/javax.inject-1.6.32.jar
9fc76000-9fc7d000 r--s 0004a000 08:04 4196753    /home/guilherme/.m2/repository/org/glassfish/hk2/auto-depends/1.6.32/auto-depends-1.6.32.jar
9fc7d000-9fc7f000 r--s 00006000 08:04 4196679    /home/guilherme/.m2/repository/org/glassfish/hk2/hk2-api/1.6.32/hk2-api-1.6.32.jar
9fc7f000-9fc82000 r--s 00006000 08:04 4196737    /home/guilherme/.m2/repository/com/google/code/findbugs/jsr305/1.3.9/jsr305-1.3.9.jar
9fc82000-9fca2000 r--s 00173000 08:04 4196682    /home/guilherme/.m2/repository/com/google/guava/guava/11.0.1/guava-11.0.1.jar
9fca2000-9fca4000 r--s 0000e000 08:04 4196702    /home/guilherme/.m2/repository/javax/activation/activation/1.1/activation-1.1.jar
9fca4000-9fcaa000 r--s 00059000 08:04 4196731    /home/guilherme/.m2/repository/javax/mail/mail/1.4/mail-1.4.jar
9fcaa000-9fcad000 r--s 00012000 08:04 4196681    /home/guilherme/.m2/repository/javax/ws/rs/javax.ws.rs-api/2.0-m03/javax.ws.rs-api-2.0-m03.jar
9fcad000-9fcb8000 r--s 0006c000 08:04 4196687    /home/guilherme/.m2/repository/org/glassfish/jersey/core/jersey-common/2.0-m02/jersey-common-2.0-m02.jar
9fcb8000-9fcba000 r--s 00002000 08:04 4196697    /home/guilherme/.m2/repository/org/glassfish/jersey/containers/jersey-container-grizzly2-http/2.0-m02/jersey-container-grizzly2-http-2.0-m02.jar
9fcba000-9fcc8000 r--s 000a6000 08:04 4196758    /home/guilherme/.m2/repository/org/glassfish/grizzly/grizzly-framework/2.2.4/grizzly-framework-2.2.4.jar
9fcc8000-9fccd000 r--s 0003b000 08:04 4196742    /home/guilherme/.m2/repository/org/glassfish/grizzly/grizzly-http/2.2.4/grizzly-http-2.2.4.jar
9fccd000-9fd5c000 r--s 00dda000 08:04 1717647    /usr/local/java/jdk1.7.0_40/jre/lib/jfxrt.jar
9fd5c000-9fd5d000 ---p 00000000 00:00 0 
9fd5d000-9fddd000 rw-p 00000000 00:00 0          [stack:18832]
9fddd000-9fde0000 ---p 00000000 00:00 0 
9fde0000-9fe2e000 rw-p 00000000 00:00 0          [stack:18831]
9fe2e000-9fe31000 ---p 00000000 00:00 0 
9fe31000-9feaf000 rw-p 00000000 00:00 0          [stack:18830]
9feaf000-9feb2000 ---p 00000000 00:00 0 
9feb2000-9ff00000 rw-p 00000000 00:00 0          [stack:18828]
9ff00000-9fffe000 rw-p 00000000 00:00 0 
9fffe000-a0000000 ---p 00000000 00:00 0 
a0000000-a0004000 r--s 00030000 08:04 4196693    /home/guilherme/.m2/repository/org/glassfish/grizzly/grizzly-http-server/2.2.4/grizzly-http-server-2.2.4.jar
a0004000-a000d000 r--s 000d3000 08:04 1717586    /usr/local/java/jdk1.7.0_40/jre/lib/javaws.jar
a000d000-a0010000 ---p 00000000 00:00 0 
a0010000-a005e000 rw-p 00000000 00:00 0          [stack:18827]
a005e000-a0061000 ---p 00000000 00:00 0 
a0061000-a00af000 rw-p 00000000 00:00 0          [stack:18826]
a00af000-a00b2000 ---p 00000000 00:00 0 
a00b2000-a0100000 rw-p 00000000 00:00 0          [stack:18824]
a0100000-a0121000 rw-p 00000000 00:00 0 
a0121000-a0200000 ---p 00000000 00:00 0 
a0200000-a0201000 r--s 00004000 08:04 4196756    /home/guilherme/.m2/repository/org/glassfish/hk2/osgi-resource-locator/1.0.1/osgi-resource-locator-1.0.1.jar
a0201000-a0203000 r--s 00009000 08:04 4196698    /home/guilherme/.m2/repository/org/glassfish/external/management-api/3.0.0-b012/management-api-3.0.0-b012.jar
a0203000-a0207000 r--s 0008a000 08:04 1717584    /usr/local/java/jdk1.7.0_40/jre/lib/jsse.jar
a0207000-a021a000 r--s 001a5000 08:04 1717649    /usr/local/java/jdk1.7.0_40/jre/lib/plugin.jar
a021a000-a0232000 r--s 00406000 08:04 1717648    /usr/local/java/jdk1.7.0_40/jre/lib/deploy.jar
a0232000-a0235000 ---p 00000000 00:00 0 
a0235000-a0283000 rw-p 00000000 00:00 0          [stack:18823]
a0283000-a0286000 ---p 00000000 00:00 0 
a0286000-a02d4000 rw-p 00000000 00:00 0          [stack:18822]
a02d4000-a02d5000 ---p 00000000 00:00 0 
a02d5000-a03a0000 rw-p 00000000 00:00 0          [stack:18821]
a03a0000-a055d000 r--s 039d3000 08:04 1717013    /usr/local/java/jdk1.7.0_40/jre/lib/rt.jar
a055d000-a05bf000 rw-p 00000000 00:00 0 
a05bf000-a05d9000 rw-p 00000000 00:00 0 
a05d9000-a05df000 rw-p 00000000 00:00 0 
a05df000-a062f000 rw-p 00000000 00:00 0 
a062f000-a0632000 rw-p 00000000 00:00 0 
a0632000-a0659000 rw-p 00000000 00:00 0 
a0659000-a065f000 rw-p 00000000 00:00 0 
a065f000-a06af000 rw-p 00000000 00:00 0 
a06af000-a06b5000 rw-p 00000000 00:00 0 
a06b5000-a06cf000 rw-p 00000000 00:00 0 
a06cf000-a0c20000 rw-p 00000000 00:00 0 
a0c20000-a5c20000 rw-p 00000000 00:00 0 
a5c20000-a66d0000 rw-p 00000000 00:00 0 
a66d0000-b06d0000 rw-p 00000000 00:00 0 
b06d0000-b12d0000 rw-p 00000000 00:00 0 
b12d0000-b46d0000 rw-p 00000000 00:00 0 
b46d0000-b46da000 r--s 00371000 08:04 1717754    /usr/local/java/jdk1.7.0_40/jre/lib/charsets.jar
b46da000-b46df000 rw-p 00000000 00:00 0 
b46df000-b475a000 rw-p 00000000 00:00 0 
b475a000-b4882000 rwxp 00000000 00:00 0 
b4882000-b675a000 rw-p 00000000 00:00 0 
b675a000-b6771000 r-xp 00000000 08:04 1717575    /usr/local/java/jdk1.7.0_40/jre/lib/i386/libzip.so
b6771000-b6772000 rw-p 00017000 08:04 1717575    /usr/local/java/jdk1.7.0_40/jre/lib/i386/libzip.so
b6772000-b677d000 r-xp 00000000 08:04 2492817    /lib/i386-linux-gnu/libnss_files-2.17.so
b677d000-b677e000 r--p 0000a000 08:04 2492817    /lib/i386-linux-gnu/libnss_files-2.17.so
b677e000-b677f000 rw-p 0000b000 08:04 2492817    /lib/i386-linux-gnu/libnss_files-2.17.so
b677f000-b6789000 r-xp 00000000 08:04 2492828    /lib/i386-linux-gnu/libnss_nis-2.17.so
b6789000-b678a000 r--p 00009000 08:04 2492828    /lib/i386-linux-gnu/libnss_nis-2.17.so
b678a000-b678b000 rw-p 0000a000 08:04 2492828    /lib/i386-linux-gnu/libnss_nis-2.17.so
b678b000-b67a0000 r-xp 00000000 08:04 2492814    /lib/i386-linux-gnu/libnsl-2.17.so
b67a0000-b67a1000 r--p 00014000 08:04 2492814    /lib/i386-linux-gnu/libnsl-2.17.so
b67a1000-b67a2000 rw-p 00015000 08:04 2492814    /lib/i386-linux-gnu/libnsl-2.17.so
b67a2000-b67a4000 rw-p 00000000 00:00 0 
b67a4000-b69a4000 r--p 00000000 08:04 1449933    /usr/lib/locale/locale-archive
b69a4000-b69db000 r-xp 00000000 08:04 1717550    /usr/local/java/jdk1.7.0_40/jre/lib/i386/libjdwp.so
b69db000-b69dc000 rw-p 00037000 08:04 1717550    /usr/local/java/jdk1.7.0_40/jre/lib/i386/libjdwp.so
b69dc000-b69ff000 r-xp 00000000 08:04 1717538    /usr/local/java/jdk1.7.0_40/jre/lib/i386/libjava.so
b69ff000-b6a00000 rw-p 00022000 08:04 1717538    /usr/local/java/jdk1.7.0_40/jre/lib/i386/libjava.so
b6a00000-b6aff000 rw-p 00000000 00:00 0 
b6aff000-b6b00000 ---p 00000000 00:00 0 
b6b00000-b6b01000 r--s 00001000 08:04 4196767    /home/guilherme/.m2/repository/org/glassfish/grizzly/grizzly-rcm/2.2.4/grizzly-rcm-2.2.4.jar
b6b01000-b6b08000 r-xp 00000000 08:04 2492818    /lib/i386-linux-gnu/libnss_compat-2.17.so
b6b08000-b6b09000 r--p 00006000 08:04 2492818    /lib/i386-linux-gnu/libnss_compat-2.17.so
b6b09000-b6b0a000 rw-p 00007000 08:04 2492818    /lib/i386-linux-gnu/libnss_compat-2.17.so
b6b0a000-b6b0c000 r--s 00004000 08:04 4196729    /home/guilherme/.m2/repository/org/glassfish/gmbal/gmbal-api-only/3.0.0-b023/gmbal-api-only-3.0.0-b023.jar
b6b0c000-b6b12000 r--s 0007d000 08:04 1717785    /usr/local/java/jdk1.7.0_40/jre/lib/jfr.jar
b6b12000-b6b1b000 r--s 00250000 08:04 1717499    /usr/local/java/jdk1.7.0_40/jre/lib/resources.jar
b6b1b000-b6b23000 rw-s 00000000 08:04 5780769    /tmp/hsperfdata_guilherme/18819
b6b23000-b6b2a000 r-xp 00000000 08:04 2492827    /lib/i386-linux-gnu/librt-2.17.so
b6b2a000-b6b2b000 r--p 00006000 08:04 2492827    /lib/i386-linux-gnu/librt-2.17.so
b6b2b000-b6b2c000 rw-p 00007000 08:04 2492827    /lib/i386-linux-gnu/librt-2.17.so
b6b2c000-b6b2f000 ---p 00000000 00:00 0 
b6b2f000-b6b7d000 rw-p 00000000 00:00 0          [stack:18820]
b6b7d000-b6bbe000 r-xp 00000000 08:04 2492824    /lib/i386-linux-gnu/libm-2.17.so
b6bbe000-b6bbf000 r--p 00040000 08:04 2492824    /lib/i386-linux-gnu/libm-2.17.so
b6bbf000-b6bc0000 rw-p 00041000 08:04 2492824    /lib/i386-linux-gnu/libm-2.17.so
b6bc0000-b7146000 r-xp 00000000 08:04 1717533    /usr/local/java/jdk1.7.0_40/jre/lib/i386/client/libjvm.so
b7146000-b7167000 rw-p 00586000 08:04 1717533    /usr/local/java/jdk1.7.0_40/jre/lib/i386/client/libjvm.so
b7167000-b7588000 rw-p 00000000 00:00 0 
b7588000-b7736000 r-xp 00000000 08:04 2492825    /lib/i386-linux-gnu/libc-2.17.so
b7736000-b7738000 r--p 001ae000 08:04 2492825    /lib/i386-linux-gnu/libc-2.17.so
b7738000-b7739000 rw-p 001b0000 08:04 2492825    /lib/i386-linux-gnu/libc-2.17.so
b7739000-b773c000 rw-p 00000000 00:00 0 
b773c000-b773f000 r-xp 00000000 08:04 2492830    /lib/i386-linux-gnu/libdl-2.17.so
b773f000-b7740000 r--p 00002000 08:04 2492830    /lib/i386-linux-gnu/libdl-2.17.so
b7740000-b7741000 rw-p 00003000 08:04 2492830    /lib/i386-linux-gnu/libdl-2.17.so
b7741000-b7754000 r-xp 00000000 08:04 1717542    /usr/local/java/jdk1.7.0_40/jre/lib/i386/jli/libjli.so
b7754000-b7755000 rw-p 00012000 08:04 1717542    /usr/local/java/jdk1.7.0_40/jre/lib/i386/jli/libjli.so
b7755000-b7756000 rw-p 00000000 00:00 0 
b7756000-b776d000 r-xp 00000000 08:04 2492823    /lib/i386-linux-gnu/libpthread-2.17.so
b776d000-b776e000 r--p 00016000 08:04 2492823    /lib/i386-linux-gnu/libpthread-2.17.so
b776e000-b776f000 rw-p 00017000 08:04 2492823    /lib/i386-linux-gnu/libpthread-2.17.so
b776f000-b7771000 rw-p 00000000 00:00 0 
b7771000-b7772000 r--s 00000000 08:04 1717585    /usr/local/java/jdk1.7.0_40/jre/lib/management-agent.jar
b7772000-b7774000 r--s 00019000 08:04 1717801    /usr/local/java/jdk1.7.0_40/jre/lib/jce.jar
b7774000-b7777000 r-xp 00000000 08:04 1717557    /usr/local/java/jdk1.7.0_40/jre/lib/i386/libdt_socket.so
b7777000-b7778000 rw-p 00003000 08:04 1717557    /usr/local/java/jdk1.7.0_40/jre/lib/i386/libdt_socket.so
b7778000-b7779000 r--p 005e0000 08:04 1449933    /usr/lib/locale/locale-archive
b7779000-b777b000 r-xp 00000000 08:04 1717569    /usr/local/java/jdk1.7.0_40/jre/lib/i386/libnpt.so
b777b000-b777c000 rw-p 00002000 08:04 1717569    /usr/local/java/jdk1.7.0_40/jre/lib/i386/libnpt.so
b777c000-b777d000 rw-p 00000000 00:00 0 
b777d000-b777e000 r--p 00000000 00:00 0 
b777e000-b7789000 r-xp 00000000 08:04 1717520    /usr/local/java/jdk1.7.0_40/jre/lib/i386/libverify.so
b7789000-b778a000 rw-p 0000b000 08:04 1717520    /usr/local/java/jdk1.7.0_40/jre/lib/i386/libverify.so
b778a000-b778c000 rw-p 00000000 00:00 0 
b778c000-b778d000 r-xp 00000000 00:00 0          [vdso]
b778d000-b77ad000 r-xp 00000000 08:04 2492826    /lib/i386-linux-gnu/ld-2.17.so
b77ad000-b77ae000 r--p 0001f000 08:04 2492826    /lib/i386-linux-gnu/ld-2.17.so
b77ae000-b77af000 rw-p 00020000 08:04 2492826    /lib/i386-linux-gnu/ld-2.17.so
bfece000-bfef2000 rw-p 00000000 00:00 0          [stack]

VM Arguments:
jvm_args: -agentlib:jdwp=transport=dt_socket,address=127.0.0.1:40222,suspend=y,server=n -Dfile.encoding=UTF-8 
java_command: br.org.base.server.Server
Launcher Type: SUN_STANDARD

Environment Variables:
JAVA_HOME=/usr/local/java/jdk1.7.0_40
JRE_HOME=/usr/local/java/jre1.7.0_40
CLASSPATH=./../lib/bootstrap.jar:./../lib/extensions.jar:./../lib/util.jar:./../lib/jdom.jar:./../lib/log4j.jar:./../lib/trove4j.jar:./../lib/jna.jar:/usr/local/java/jdk1.7.0_40/lib/tools.jar
PATH=/opt/SenchaSDKTools-2.0.0-beta3:/home/guilherme/bin/Sencha/Cmd/4.0.0.203:/usr/local/heroku/bin:/opt/SenchaSDKTools-2.0.0-beta3:/home/guilherme/bin/Sencha/Cmd/4.0.0.203:/home/guilherme/bin:/usr/lib/lightdm/lightdm:/usr/local/sbin:/usr/local/bin:/usr/sbin:/usr/bin:/sbin:/bin:/usr/games:/usr/local/games:/home/guilherme/bin:/usr/local/java/jdk1.7.0_40/bin:/home/guilherme/bin:/usr/local/java/jre1.7.0_40/bin
LD_LIBRARY_PATH=.:
SHELL=/bin/bash
DISPLAY=:0

Signal Handlers:
SIGSEGV: [libjvm.so+0x503d90], sa_mask[0]=0x7ffbfeff, sa_flags=0x10000004
SIGBUS: [libjvm.so+0x503d90], sa_mask[0]=0x7ffbfeff, sa_flags=0x10000004
SIGFPE: [libjvm.so+0x3fbe80], sa_mask[0]=0x7ffbfeff, sa_flags=0x10000004
SIGPIPE: [libjvm.so+0x3fbe80], sa_mask[0]=0x7ffbfeff, sa_flags=0x10000004
SIGXFSZ: [libjvm.so+0x3fbe80], sa_mask[0]=0x7ffbfeff, sa_flags=0x10000004
SIGILL: [libjvm.so+0x3fbe80], sa_mask[0]=0x7ffbfeff, sa_flags=0x10000004
SIGUSR1: SIG_DFL, sa_mask[0]=0x00000000, sa_flags=0x00000000
SIGUSR2: [libjvm.so+0x3fd370], sa_mask[0]=0x00000004, sa_flags=0x10000004
SIGHUP: [libjvm.so+0x3fe4c0], sa_mask[0]=0x7ffbfeff, sa_flags=0x10000004
SIGINT: [libjvm.so+0x3fe4c0], sa_mask[0]=0x7ffbfeff, sa_flags=0x10000004
SIGTERM: [libjvm.so+0x3fe4c0], sa_mask[0]=0x7ffbfeff, sa_flags=0x10000004
SIGQUIT: [libjvm.so+0x3fe4c0], sa_mask[0]=0x7ffbfeff, sa_flags=0x10000004


---------------  S Y S T E M  ---------------

OS:wheezy/sid

uname:Linux 3.8.0-32-generic #47-Ubuntu SMP Tue Oct 1 21:36:40 UTC 2013 i686
libc:glibc 2.17 NPTL 2.17 
rlimit: STACK 8192k, CORE 0k, NPROC 24106, NOFILE 4096, AS infinity
load average:1,37 1,35 1,33

/proc/meminfo:
MemTotal:        3102112 kB
MemFree:          836932 kB
Buffers:           43496 kB
Cached:           413988 kB
SwapCached:        58680 kB
Active:          1770268 kB
Inactive:         394012 kB
Active(anon):    1592876 kB
Inactive(anon):   140016 kB
Active(file):     177392 kB
Inactive(file):   253996 kB
Unevictable:          64 kB
Mlocked:              64 kB
HighTotal:       2231176 kB
HighFree:         171660 kB
LowTotal:         870936 kB
LowFree:          665272 kB
SwapTotal:       1999868 kB
SwapFree:        1698824 kB
Dirty:              2724 kB
Writeback:             0 kB
AnonPages:       1661648 kB
Mapped:           224064 kB
Shmem:             26096 kB
Slab:              41096 kB
SReclaimable:      18356 kB
SUnreclaim:        22740 kB
KernelStack:        5472 kB
PageTables:        23856 kB
NFS_Unstable:          0 kB
Bounce:                0 kB
WritebackTmp:          0 kB
CommitLimit:     3550924 kB
Committed_AS:    6239812 kB
VmallocTotal:     122880 kB
VmallocUsed:       46444 kB
VmallocChunk:      70132 kB
HardwareCorrupted:     0 kB
AnonHugePages:         0 kB
HugePages_Total:       0
HugePages_Free:        0
HugePages_Rsvd:        0
HugePages_Surp:        0
Hugepagesize:       2048 kB
DirectMap4k:       51192 kB
DirectMap2M:      862208 kB


CPU:total 2 (2 cores per cpu, 1 threads per core) family 15 model 6 stepping 5, cmov, cx8, fxsr, mmx, sse, sse2, sse3, tsc

/proc/cpuinfo:
processor	: 0
vendor_id	: GenuineIntel
cpu family	: 15
model		: 6
model name	: Intel(R) Pentium(R) D CPU 3.20GHz
stepping	: 5
microcode	: 0xb
cpu MHz		: 3200.000
cache size	: 2048 KB
physical id	: 0
siblings	: 2
core id		: 0
cpu cores	: 2
apicid		: 0
initial apicid	: 0
fdiv_bug	: no
hlt_bug		: no
f00f_bug	: no
coma_bug	: no
fpu		: yes
fpu_exception	: yes
cpuid level	: 6
wp		: yes
flags		: fpu vme de pse tsc msr pae mce cx8 apic sep mtrr pge mca cmov pat pse36 clflush dts acpi mmx fxsr sse sse2 ss ht tm pbe nx lm constant_tsc pebs bts pni dtes64 monitor ds_cpl est cid cx16 xtpr pdcm lahf_lm
bogomips	: 6399.38
clflush size	: 64
cache_alignment	: 128
address sizes	: 36 bits physical, 48 bits virtual
power management:

processor	: 1
vendor_id	: GenuineIntel
cpu family	: 15
model		: 6
model name	: Intel(R) Pentium(R) D CPU 3.20GHz
stepping	: 5
microcode	: 0xb
cpu MHz		: 3200.000
cache size	: 2048 KB
physical id	: 0
siblings	: 2
core id		: 1
cpu cores	: 2
apicid		: 1
initial apicid	: 1
fdiv_bug	: no
hlt_bug		: no
f00f_bug	: no
coma_bug	: no
fpu		: yes
fpu_exception	: yes
cpuid level	: 6
wp		: yes
flags		: fpu vme de pse tsc msr pae mce cx8 apic sep mtrr pge mca cmov pat pse36 clflush dts acpi mmx fxsr sse sse2 ss ht tm pbe nx lm constant_tsc pebs bts pni dtes64 monitor ds_cpl est cid cx16 xtpr pdcm lahf_lm
bogomips	: 6399.38
clflush size	: 64
cache_alignment	: 128
address sizes	: 36 bits physical, 48 bits virtual
power management:



Memory: 4k page, physical 3102112k(836932k free), swap 1999868k(1698824k free)

vm_info: Java HotSpot(TM) Client VM (24.0-b56) for linux-x86 JRE (1.7.0_40-b43), built on Aug 26 2013 22:05:59 by "java_re" with gcc 4.3.0 20080428 (Red Hat 4.3.0-8)

time: Fri Nov  1 03:26:03 2013
elapsed time: 2 seconds

