#
# A fatal error has been detected by the Java Runtime Environment:
#
#  SIGILL (0x4) at pc=0xb6dfae10, pid=13311, tid=3065736000
#
# JRE version: Java(TM) SE Runtime Environment (7.0_40-b43) (build 1.7.0_40-b43)
# Java VM: Java HotSpot(TM) Client VM (24.0-b56 mixed mode linux-x86 )
# Problematic frame:
# V  [libjvm.so+0x200e10]  Events::log_exception(Thread*, char const*, ...)+0x20
#
# Failed to write core dump. Core dumps have been disabled. To enable core dumping, try "ulimit -c unlimited" before starting Java again
#
# If you would like to submit a bug report, please visit:
#   http://bugreport.sun.com/bugreport/crash.jsp
#

---------------  T H R E A D  ---------------

Current thread (0xb6a07400):  JavaThread "main" [_thread_in_vm, id=13313, stack(0xb6b66000,0xb6bb7000)]

siginfo:si_signo=SIGILL: si_errno=0, si_code=2 (ILL_ILLOPN), si_addr=0xb6dfae10

Registers:
EAX=0x00000000, EBX=0xb718e868, ECX=0xb6a02960, EDX=0x00000000
ESP=0xb6bb4430, EBP=0xb6bb4458, ESI=0xb6a02960, EDI=0xb6a02e28
EIP=0xb6dfae10, EFLAGS=0x00010286, CR2=0x00000000

Top of Stack: (sp=0xb6bb4430)
0xb6bb4430:   b6a07400 b4ac54e8 548a9bcf 400a3b18
0xb6bb4440:   a07d0f58 b6a02960 b7152474 b718e868
0xb6bb4450:   00000000 b095b600 b6bb4758 b6f2480b
0xb6bb4460:   b6a07400 b713f507 a0f2d718 b7152474
0xb6bb4470:   000004dc b6bb469c b6a07b94 b6a07b94
0xb6bb4480:   003207c4 b6bb44a8 b6a07400 b6a07b88
0xb6bb4490:   52729ee1 0007d080 b6a07b8c b718e868
0xb6bb44a0:   00000000 00000000 b6bb47b0 b4ac53e0 

Instructions: (pc=0xb6dfae10)
0xb6dfadf0:   55 89 e5 57 56 53 83 ec 1c e8 00 00 00 00 5b 81
0xb6dfae00:   c3 6a 3a 39 00 8b 83 10 f2 ff ff 80 38 00 75 08
0xb6dfae10:   8d 65 f4 5b 5e 5f 5d c3 8b 83 d4 fa ff ff 8d 7d
0xb6dfae20:   10 8b 30 8b 83 3c ea ff ff 8b 00 85 c0 75 e1 e8 

Register to memory mapping:

EAX=0x00000000 is an unknown value
EBX=0xb718e868: <offset 0x594868> in /usr/local/java/jdk1.7.0_40/jre/lib/i386/client/libjvm.so at 0xb6bfa000
ECX=0xb6a02960 is an unknown value
EDX=0x00000000 is an unknown value
ESP=0xb6bb4430 is pointing into the stack for thread: 0xb6a07400
EBP=0xb6bb4458 is pointing into the stack for thread: 0xb6a07400
ESI=0xb6a02960 is an unknown value
EDI=0xb6a02e28 is an unknown value


Stack: [0xb6b66000,0xb6bb7000],  sp=0xb6bb4430,  free space=313k
Native frames: (J=compiled Java code, j=interpreted, Vv=VM code, C=native code)
V  [libjvm.so+0x200e10]  Events::log_exception(Thread*, char const*, ...)+0x20
V  [libjvm.so+0x32a80b]  JVM_DoPrivileged+0x4eb
C  [libjava.so+0x9a4a]  Java_java_security_AccessController_doPrivileged__Ljava_security_PrivilegedExceptionAction_2Ljava_security_AccessControlContext_2+0x3a
J  java.security.AccessController.doPrivileged(Ljava/security/PrivilegedExceptionAction;Ljava/security/AccessControlContext;)Ljava/lang/Object;
J  java.net.URLClassLoader.findClass(Ljava/lang/String;)Ljava/lang/Class;
j  org.apache.maven.project.DefaultMavenProjectBuilder.injectActiveProfiles(Lorg/apache/maven/profiles/ProfileManager;Lorg/apache/maven/model/Model;)Ljava/util/List;+5
j  org.apache.maven.project.DefaultMavenProjectBuilder.buildInternal(Ljava/lang/String;Lorg/apache/maven/model/Model;Lorg/apache/maven/project/ProjectBuilderConfiguration;Ljava/util/List;Ljava/io/File;Z)Lorg/apache/maven/project/MavenProject;+90
j  org.apache.maven.project.DefaultMavenProjectBuilder.buildFromRepository(Lorg/apache/maven/artifact/Artifact;Ljava/util/List;Lorg/apache/maven/artifact/repository/ArtifactRepository;Z)Lorg/apache/maven/project/MavenProject;+103
j  org.apache.maven.project.artifact.MavenMetadataSource.retrieveRelocatedProject(Lorg/apache/maven/artifact/Artifact;Lorg/apache/maven/artifact/repository/ArtifactRepository;Ljava/util/List;)Lorg/apache/maven/project/artifact/MavenMetadataSource$ProjectRelocation;+70
j  org.apache.maven.project.artifact.MavenMetadataSource.retrieveRelocatedArtifact(Lorg/apache/maven/artifact/Artifact;Lorg/apache/maven/artifact/repository/ArtifactRepository;Ljava/util/List;)Lorg/apache/maven/artifact/Artifact;+13
J  org.apache.maven.artifact.resolver.DefaultArtifactCollector.recurse(Lorg/apache/maven/artifact/Artifact;Lorg/apache/maven/artifact/resolver/ResolutionNode;Ljava/util/Map;Lorg/apache/maven/artifact/versioning/ManagedVersionMap;Lorg/apache/maven/artifact/repository/ArtifactRepository;Ljava/util/List;Lorg/apache/maven/artifact/metadata/ArtifactMetadataSource;Lorg/apache/maven/artifact/resolver/filter/ArtifactFilter;Ljava/util/List;)V
j  org.apache.maven.artifact.resolver.DefaultArtifactCollector.recurse(Lorg/apache/maven/artifact/Artifact;Lorg/apache/maven/artifact/resolver/ResolutionNode;Ljava/util/Map;Lorg/apache/maven/artifact/versioning/ManagedVersionMap;Lorg/apache/maven/artifact/repository/ArtifactRepository;Ljava/util/List;Lorg/apache/maven/artifact/metadata/ArtifactMetadataSource;Lorg/apache/maven/artifact/resolver/filter/ArtifactFilter;Ljava/util/List;)V+1275
j  org.apache.maven.artifact.resolver.DefaultArtifactCollector.recurse(Lorg/apache/maven/artifact/Artifact;Lorg/apache/maven/artifact/resolver/ResolutionNode;Ljava/util/Map;Lorg/apache/maven/artifact/versioning/ManagedVersionMap;Lorg/apache/maven/artifact/repository/ArtifactRepository;Ljava/util/List;Lorg/apache/maven/artifact/metadata/ArtifactMetadataSource;Lorg/apache/maven/artifact/resolver/filter/ArtifactFilter;Ljava/util/List;)V+1275
j  org.apache.maven.artifact.resolver.DefaultArtifactCollector.collect(Ljava/util/Set;Lorg/apache/maven/artifact/Artifact;Ljava/util/Map;Lorg/apache/maven/artifact/repository/ArtifactRepository;Ljava/util/List;Lorg/apache/maven/artifact/metadata/ArtifactMetadataSource;Lorg/apache/maven/artifact/resolver/filter/ArtifactFilter;Ljava/util/List;)Lorg/apache/maven/artifact/resolver/ArtifactResolutionResult;+57
j  org.apache.maven.artifact.resolver.DefaultArtifactResolver.resolveTransitively(Ljava/util/Set;Lorg/apache/maven/artifact/Artifact;Ljava/util/Map;Lorg/apache/maven/artifact/repository/ArtifactRepository;Ljava/util/List;Lorg/apache/maven/artifact/metadata/ArtifactMetadataSource;Lorg/apache/maven/artifact/resolver/filter/ArtifactFilter;Ljava/util/List;)Lorg/apache/maven/artifact/resolver/ArtifactResolutionResult;+17
j  org.apache.maven.artifact.resolver.DefaultArtifactResolver.resolveTransitively(Ljava/util/Set;Lorg/apache/maven/artifact/Artifact;Ljava/util/Map;Lorg/apache/maven/artifact/repository/ArtifactRepository;Ljava/util/List;Lorg/apache/maven/artifact/metadata/ArtifactMetadataSource;Lorg/apache/maven/artifact/resolver/filter/ArtifactFilter;)Lorg/apache/maven/artifact/resolver/ArtifactResolutionResult;+73
j  org.apache.maven.plugin.DefaultPluginManager.resolveTransitiveDependencies(Lorg/apache/maven/execution/MavenSession;Lorg/apache/maven/artifact/resolver/ArtifactResolver;Ljava/lang/String;Lorg/apache/maven/artifact/factory/ArtifactFactory;Lorg/apache/maven/project/MavenProject;Z)V+97
j  org.apache.maven.plugin.DefaultPluginManager.executeMojo(Lorg/apache/maven/project/MavenProject;Lorg/apache/maven/plugin/MojoExecution;Lorg/apache/maven/execution/MavenSession;)V+195
j  org.apache.maven.lifecycle.DefaultLifecycleExecutor.executeGoals(Ljava/util/List;Ljava/util/Stack;Lorg/apache/maven/execution/MavenSession;Lorg/apache/maven/project/MavenProject;)V+513
j  org.apache.maven.lifecycle.DefaultLifecycleExecutor.executeGoalWithLifecycle(Ljava/lang/String;Ljava/util/Stack;Lorg/apache/maven/execution/MavenSession;Ljava/util/Map;Lorg/apache/maven/project/MavenProject;Lorg/apache/maven/lifecycle/Lifecycle;)V+28
j  org.apache.maven.lifecycle.DefaultLifecycleExecutor.executeGoal(Ljava/lang/String;Lorg/apache/maven/execution/MavenSession;Lorg/apache/maven/project/MavenProject;)V+50
j  org.apache.maven.lifecycle.DefaultLifecycleExecutor.executeGoalAndHandleFailures(Ljava/lang/String;Lorg/apache/maven/execution/MavenSession;Lorg/apache/maven/project/MavenProject;Lorg/apache/maven/monitor/event/EventDispatcher;Ljava/lang/String;Lorg/apache/maven/execution/ReactorManager;JLjava/lang/String;)V+4
j  org.apache.maven.lifecycle.DefaultLifecycleExecutor.executeTaskSegments(Ljava/util/List;Lorg/apache/maven/execution/ReactorManager;Lorg/apache/maven/execution/MavenSession;Lorg/apache/maven/project/MavenProject;Lorg/apache/maven/monitor/event/EventDispatcher;)V+584
j  org.apache.maven.lifecycle.DefaultLifecycleExecutor.execute(Lorg/apache/maven/execution/MavenSession;Lorg/apache/maven/execution/ReactorManager;Lorg/apache/maven/monitor/event/EventDispatcher;)V+241
j  org.apache.maven.DefaultMaven.doExecute(Lorg/apache/maven/execution/MavenExecutionRequest;Lorg/apache/maven/monitor/event/EventDispatcher;)Lorg/apache/maven/execution/ReactorManager;+365
j  org.apache.maven.DefaultMaven.execute(Lorg/apache/maven/execution/MavenExecutionRequest;)V+26
j  org.apache.maven.cli.MavenCli.main([Ljava/lang/String;Lorg/codehaus/classworlds/ClassWorld;)I+1022
j  org.apache.maven.cli.compat.CompatibleMain.main([Ljava/lang/String;Lorg/codehaus/classworlds/ClassWorld;)I+81
v  ~StubRoutines::call_stub
V  [libjvm.so+0x2a7875]  JavaCalls::call_helper(JavaValue*, methodHandle*, JavaCallArguments*, Thread*)+0x315
V  [libjvm.so+0x3fa1e9]  os::os_exception_wrapper(void (*)(JavaValue*, methodHandle*, JavaCallArguments*, Thread*), JavaValue*, methodHandle*, JavaCallArguments*, Thread*)+0x19
V  [libjvm.so+0x2a64ef]  JavaCalls::call(JavaValue*, methodHandle, JavaCallArguments*, Thread*)+0x2f
V  [libjvm.so+0x43f97e]  Reflection::invoke(instanceKlassHandle, methodHandle, Handle, bool, objArrayHandle, BasicType, objArrayHandle, bool, Thread*)+0x3fe
V  [libjvm.so+0x44043a]  Reflection::invoke_method(oopDesc*, Handle, objArrayHandle, Thread*)+0x15a
V  [libjvm.so+0x328c19]  JVM_InvokeMethod+0x209
C  [libjava.so+0x15232]  Java_sun_reflect_NativeMethodAccessorImpl_invoke0+0x32
j  sun.reflect.NativeMethodAccessorImpl.invoke0(Ljava/lang/reflect/Method;Ljava/lang/Object;[Ljava/lang/Object;)Ljava/lang/Object;+0
j  sun.reflect.NativeMethodAccessorImpl.invoke(Ljava/lang/Object;[Ljava/lang/Object;)Ljava/lang/Object;+87
j  sun.reflect.DelegatingMethodAccessorImpl.invoke(Ljava/lang/Object;[Ljava/lang/Object;)Ljava/lang/Object;+6
j  java.lang.reflect.Method.invoke(Ljava/lang/Object;[Ljava/lang/Object;)Ljava/lang/Object;+57
j  org.codehaus.classworlds.Launcher.launchEnhanced([Ljava/lang/String;)V+50
j  org.codehaus.classworlds.Launcher.launch([Ljava/lang/String;)V+2
j  org.codehaus.classworlds.Launcher.mainWithExitCode([Ljava/lang/String;)I+99
j  org.codehaus.classworlds.Launcher.main([Ljava/lang/String;)V+1
v  ~StubRoutines::call_stub
V  [libjvm.so+0x2a7875]  JavaCalls::call_helper(JavaValue*, methodHandle*, JavaCallArguments*, Thread*)+0x315
V  [libjvm.so+0x3fa1e9]  os::os_exception_wrapper(void (*)(JavaValue*, methodHandle*, JavaCallArguments*, Thread*), JavaValue*, methodHandle*, JavaCallArguments*, Thread*)+0x19
V  [libjvm.so+0x2a64ef]  JavaCalls::call(JavaValue*, methodHandle, JavaCallArguments*, Thread*)+0x2f
V  [libjvm.so+0x2e28b2]  jni_invoke_static(JNIEnv_*, JavaValue*, _jobject*, JNICallType, _jmethodID*, JNI_ArgumentPusher*, Thread*)+0x242
V  [libjvm.so+0x2f8ada]  jni_CallStaticVoidMethod+0xca
C  [libjli.so+0x2e8d]  JavaMain+0x8bd
C  [libpthread.so.0+0x6d78]  start_thread+0xd8

Java frames: (J=compiled Java code, j=interpreted, Vv=VM code)
J  java.security.AccessController.doPrivileged(Ljava/security/PrivilegedExceptionAction;Ljava/security/AccessControlContext;)Ljava/lang/Object;
J  java.net.URLClassLoader.findClass(Ljava/lang/String;)Ljava/lang/Class;
J  java.lang.ClassLoader.loadClass(Ljava/lang/String;Z)Ljava/lang/Class;
J  java.lang.ClassLoader.loadClass(Ljava/lang/String;Z)Ljava/lang/Class;
J  sun.misc.Launcher$AppClassLoader.loadClass(Ljava/lang/String;Z)Ljava/lang/Class;
J  java.lang.ClassLoader.loadClass(Ljava/lang/String;)Ljava/lang/Class;
J  org.codehaus.classworlds.DefaultClassRealm.loadClass(Ljava/lang/String;)Ljava/lang/Class;
J  org.codehaus.plexus.component.factory.java.JavaComponentFactory.newInstance(Lorg/codehaus/plexus/component/repository/ComponentDescriptor;Lorg/codehaus/classworlds/ClassRealm;Lorg/codehaus/plexus/PlexusContainer;)Ljava/lang/Object;
J  org.codehaus.plexus.DefaultPlexusContainer.createComponentInstance(Lorg/codehaus/plexus/component/repository/ComponentDescriptor;)Ljava/lang/Object;
J  org.codehaus.plexus.component.manager.ClassicSingletonComponentManager.getComponent()Ljava/lang/Object;
J  org.codehaus.plexus.DefaultPlexusContainer.lookup(Ljava/lang/String;)Ljava/lang/Object;
J  org.codehaus.plexus.DefaultPlexusContainer.lookupList(Ljava/lang/String;)Ljava/util/List;
J  org.apache.maven.profiles.DefaultProfileManager.isActive(Lorg/apache/maven/model/Profile;)Z
j  org.apache.maven.profiles.DefaultProfileManager.getActiveProfiles()Ljava/util/List;+101
j  org.apache.maven.project.DefaultMavenProjectBuilder.injectActiveProfiles(Lorg/apache/maven/profiles/ProfileManager;Lorg/apache/maven/model/Model;)Ljava/util/List;+5
j  org.apache.maven.project.DefaultMavenProjectBuilder.buildInternal(Ljava/lang/String;Lorg/apache/maven/model/Model;Lorg/apache/maven/project/ProjectBuilderConfiguration;Ljava/util/List;Ljava/io/File;Z)Lorg/apache/maven/project/MavenProject;+90
j  org.apache.maven.project.DefaultMavenProjectBuilder.buildFromRepository(Lorg/apache/maven/artifact/Artifact;Ljava/util/List;Lorg/apache/maven/artifact/repository/ArtifactRepository;Z)Lorg/apache/maven/project/MavenProject;+103
j  org.apache.maven.project.artifact.MavenMetadataSource.retrieveRelocatedProject(Lorg/apache/maven/artifact/Artifact;Lorg/apache/maven/artifact/repository/ArtifactRepository;Ljava/util/List;)Lorg/apache/maven/project/artifact/MavenMetadataSource$ProjectRelocation;+70
j  org.apache.maven.project.artifact.MavenMetadataSource.retrieveRelocatedArtifact(Lorg/apache/maven/artifact/Artifact;Lorg/apache/maven/artifact/repository/ArtifactRepository;Ljava/util/List;)Lorg/apache/maven/artifact/Artifact;+13
J  org.apache.maven.artifact.resolver.DefaultArtifactCollector.recurse(Lorg/apache/maven/artifact/Artifact;Lorg/apache/maven/artifact/resolver/ResolutionNode;Ljava/util/Map;Lorg/apache/maven/artifact/versioning/ManagedVersionMap;Lorg/apache/maven/artifact/repository/ArtifactRepository;Ljava/util/List;Lorg/apache/maven/artifact/metadata/ArtifactMetadataSource;Lorg/apache/maven/artifact/resolver/filter/ArtifactFilter;Ljava/util/List;)V
J  org.apache.maven.artifact.resolver.DefaultArtifactCollector.recurse(Lorg/apache/maven/artifact/Artifact;Lorg/apache/maven/artifact/resolver/ResolutionNode;Ljava/util/Map;Lorg/apache/maven/artifact/versioning/ManagedVersionMap;Lorg/apache/maven/artifact/repository/ArtifactRepository;Ljava/util/List;Lorg/apache/maven/artifact/metadata/ArtifactMetadataSource;Lorg/apache/maven/artifact/resolver/filter/ArtifactFilter;Ljava/util/List;)V
J  org.apache.maven.artifact.resolver.DefaultArtifactCollector.recurse(Lorg/apache/maven/artifact/Artifact;Lorg/apache/maven/artifact/resolver/ResolutionNode;Ljava/util/Map;Lorg/apache/maven/artifact/versioning/ManagedVersionMap;Lorg/apache/maven/artifact/repository/ArtifactRepository;Ljava/util/List;Lorg/apache/maven/artifact/metadata/ArtifactMetadataSource;Lorg/apache/maven/artifact/resolver/filter/ArtifactFilter;Ljava/util/List;)V
j  org.apache.maven.artifact.resolver.DefaultArtifactCollector.recurse(Lorg/apache/maven/artifact/Artifact;Lorg/apache/maven/artifact/resolver/ResolutionNode;Ljava/util/Map;Lorg/apache/maven/artifact/versioning/ManagedVersionMap;Lorg/apache/maven/artifact/repository/ArtifactRepository;Ljava/util/List;Lorg/apache/maven/artifact/metadata/ArtifactMetadataSource;Lorg/apache/maven/artifact/resolver/filter/ArtifactFilter;Ljava/util/List;)V+1275
j  org.apache.maven.artifact.resolver.DefaultArtifactCollector.recurse(Lorg/apache/maven/artifact/Artifact;Lorg/apache/maven/artifact/resolver/ResolutionNode;Ljava/util/Map;Lorg/apache/maven/artifact/versioning/ManagedVersionMap;Lorg/apache/maven/artifact/repository/ArtifactRepository;Ljava/util/List;Lorg/apache/maven/artifact/metadata/ArtifactMetadataSource;Lorg/apache/maven/artifact/resolver/filter/ArtifactFilter;Ljava/util/List;)V+1275
j  org.apache.maven.artifact.resolver.DefaultArtifactCollector.recurse(Lorg/apache/maven/artifact/Artifact;Lorg/apache/maven/artifact/resolver/ResolutionNode;Ljava/util/Map;Lorg/apache/maven/artifact/versioning/ManagedVersionMap;Lorg/apache/maven/artifact/repository/ArtifactRepository;Ljava/util/List;Lorg/apache/maven/artifact/metadata/ArtifactMetadataSource;Lorg/apache/maven/artifact/resolver/filter/ArtifactFilter;Ljava/util/List;)V+1275
j  org.apache.maven.artifact.resolver.DefaultArtifactCollector.collect(Ljava/util/Set;Lorg/apache/maven/artifact/Artifact;Ljava/util/Map;Lorg/apache/maven/artifact/repository/ArtifactRepository;Ljava/util/List;Lorg/apache/maven/artifact/metadata/ArtifactMetadataSource;Lorg/apache/maven/artifact/resolver/filter/ArtifactFilter;Ljava/util/List;)Lorg/apache/maven/artifact/resolver/ArtifactResolutionResult;+57
j  org.apache.maven.artifact.resolver.DefaultArtifactResolver.resolveTransitively(Ljava/util/Set;Lorg/apache/maven/artifact/Artifact;Ljava/util/Map;Lorg/apache/maven/artifact/repository/ArtifactRepository;Ljava/util/List;Lorg/apache/maven/artifact/metadata/ArtifactMetadataSource;Lorg/apache/maven/artifact/resolver/filter/ArtifactFilter;Ljava/util/List;)Lorg/apache/maven/artifact/resolver/ArtifactResolutionResult;+17
j  org.apache.maven.artifact.resolver.DefaultArtifactResolver.resolveTransitively(Ljava/util/Set;Lorg/apache/maven/artifact/Artifact;Ljava/util/Map;Lorg/apache/maven/artifact/repository/ArtifactRepository;Ljava/util/List;Lorg/apache/maven/artifact/metadata/ArtifactMetadataSource;Lorg/apache/maven/artifact/resolver/filter/ArtifactFilter;)Lorg/apache/maven/artifact/resolver/ArtifactResolutionResult;+73
j  org.apache.maven.plugin.DefaultPluginManager.resolveTransitiveDependencies(Lorg/apache/maven/execution/MavenSession;Lorg/apache/maven/artifact/resolver/ArtifactResolver;Ljava/lang/String;Lorg/apache/maven/artifact/factory/ArtifactFactory;Lorg/apache/maven/project/MavenProject;Z)V+97
j  org.apache.maven.plugin.DefaultPluginManager.executeMojo(Lorg/apache/maven/project/MavenProject;Lorg/apache/maven/plugin/MojoExecution;Lorg/apache/maven/execution/MavenSession;)V+195
j  org.apache.maven.lifecycle.DefaultLifecycleExecutor.executeGoals(Ljava/util/List;Ljava/util/Stack;Lorg/apache/maven/execution/MavenSession;Lorg/apache/maven/project/MavenProject;)V+513
j  org.apache.maven.lifecycle.DefaultLifecycleExecutor.executeGoalWithLifecycle(Ljava/lang/String;Ljava/util/Stack;Lorg/apache/maven/execution/MavenSession;Ljava/util/Map;Lorg/apache/maven/project/MavenProject;Lorg/apache/maven/lifecycle/Lifecycle;)V+28
j  org.apache.maven.lifecycle.DefaultLifecycleExecutor.executeGoal(Ljava/lang/String;Lorg/apache/maven/execution/MavenSession;Lorg/apache/maven/project/MavenProject;)V+50
j  org.apache.maven.lifecycle.DefaultLifecycleExecutor.executeGoalAndHandleFailures(Ljava/lang/String;Lorg/apache/maven/execution/MavenSession;Lorg/apache/maven/project/MavenProject;Lorg/apache/maven/monitor/event/EventDispatcher;Ljava/lang/String;Lorg/apache/maven/execution/ReactorManager;JLjava/lang/String;)V+4
j  org.apache.maven.lifecycle.DefaultLifecycleExecutor.executeTaskSegments(Ljava/util/List;Lorg/apache/maven/execution/ReactorManager;Lorg/apache/maven/execution/MavenSession;Lorg/apache/maven/project/MavenProject;Lorg/apache/maven/monitor/event/EventDispatcher;)V+584
j  org.apache.maven.lifecycle.DefaultLifecycleExecutor.execute(Lorg/apache/maven/execution/MavenSession;Lorg/apache/maven/execution/ReactorManager;Lorg/apache/maven/monitor/event/EventDispatcher;)V+241
j  org.apache.maven.DefaultMaven.doExecute(Lorg/apache/maven/execution/MavenExecutionRequest;Lorg/apache/maven/monitor/event/EventDispatcher;)Lorg/apache/maven/execution/ReactorManager;+365
j  org.apache.maven.DefaultMaven.execute(Lorg/apache/maven/execution/MavenExecutionRequest;)V+26
j  org.apache.maven.cli.MavenCli.main([Ljava/lang/String;Lorg/codehaus/classworlds/ClassWorld;)I+1022
j  org.apache.maven.cli.compat.CompatibleMain.main([Ljava/lang/String;Lorg/codehaus/classworlds/ClassWorld;)I+81
v  ~StubRoutines::call_stub
j  sun.reflect.NativeMethodAccessorImpl.invoke0(Ljava/lang/reflect/Method;Ljava/lang/Object;[Ljava/lang/Object;)Ljava/lang/Object;+0
j  sun.reflect.NativeMethodAccessorImpl.invoke(Ljava/lang/Object;[Ljava/lang/Object;)Ljava/lang/Object;+87
j  sun.reflect.DelegatingMethodAccessorImpl.invoke(Ljava/lang/Object;[Ljava/lang/Object;)Ljava/lang/Object;+6
j  java.lang.reflect.Method.invoke(Ljava/lang/Object;[Ljava/lang/Object;)Ljava/lang/Object;+57
j  org.codehaus.classworlds.Launcher.launchEnhanced([Ljava/lang/String;)V+50
j  org.codehaus.classworlds.Launcher.launch([Ljava/lang/String;)V+2
j  org.codehaus.classworlds.Launcher.mainWithExitCode([Ljava/lang/String;)I+99
j  org.codehaus.classworlds.Launcher.main([Ljava/lang/String;)V+1
v  ~StubRoutines::call_stub

---------------  P R O C E S S  ---------------

Java Threads: ( => current thread )
  0x9fca7000 JavaThread "pool-1-thread-3" [_thread_blocked, id=13326, stack(0x9fa5e000,0x9faaf000)]
  0x9fdf9800 JavaThread "pool-1-thread-2" [_thread_blocked, id=13325, stack(0x9faaf000,0x9fb00000)]
  0x9fdd9800 JavaThread "pool-1-thread-1" [_thread_blocked, id=13324, stack(0x9fe45000,0x9fe96000)]
  0x9fd75800 JavaThread "process reaper" daemon [_thread_blocked, id=13322, stack(0x9fe96000,0x9fead000)]
  0xb6a6f400 JavaThread "Service Thread" daemon [_thread_blocked, id=13319, stack(0x9ff2e000,0x9ff7f000)]
  0xb6a6d400 JavaThread "C1 CompilerThread0" daemon [_thread_blocked, id=13318, stack(0x9ff7f000,0xa0000000)]
  0xb6a6b800 JavaThread "Signal Dispatcher" daemon [_thread_blocked, id=13317, stack(0xa030d000,0xa035e000)]
  0xb6a5b400 JavaThread "Finalizer" daemon [_thread_blocked, id=13316, stack(0xa035e000,0xa03af000)]
  0xb6a58c00 JavaThread "Reference Handler" daemon [_thread_blocked, id=13315, stack(0xa03af000,0xa0400000)]
=>0xb6a07400 JavaThread "main" [_thread_in_vm, id=13313, stack(0xb6b66000,0xb6bb7000)]

Other Threads:
  0xb6a57400 VMThread [stack: 0xa0544000,0xa05c5000] [id=13314]
  0xb6a71800 WatcherThread [stack: 0x9fead000,0x9ff2e000] [id=13320]

VM state:not at safepoint (normal execution)

VM Mutex/Monitor currently owned by a thread: None

Heap
 def new generation   total 7744K, used 6838K [0xa0940000, 0xa11a0000, 0xa5e90000)
  eden space 6912K,  88% used [0xa0940000, 0xa0f3a460, 0xa1000000)
  from space 832K,  86% used [0xa1000000, 0xa10b33d0, 0xa10d0000)
  to   space 832K,   0% used [0xa10d0000, 0xa10d0000, 0xa11a0000)
 tenured generation   total 17028K, used 14956K [0xa5e90000, 0xa6f31000, 0xb0940000)
   the space 17028K,  87% used [0xa5e90000, 0xa6d2b1f0, 0xa6d2b200, 0xa6f31000)
 compacting perm gen  total 12288K, used 4894K [0xb0940000, 0xb1540000, 0xb4940000)
   the space 12288K,  39% used [0xb0940000, 0xb0e078a8, 0xb0e07a00, 0xb1540000)
No shared spaces configured.

Card table byte_map: [0xa089f000,0xa0940000] byte_map_base: 0xa039a600

Polling page: 0xb77b7000

Code Cache  [0xb49cf000, 0xb4bd7000, 0xb69cf000)
 total_blobs=1092 nmethods=945 adapters=83 free_code_cache=30700Kb largest_free_block=31437056

Compilation events (10 events):
Event: 3,263 Thread 0xb6a6d400 nmethod 940 0xb4bd2588 code [0xb4bd2680, 0xb4bd2710]
Event: 3,263 Thread 0xb6a6d400  941             java.util.HashMap$Values::iterator (8 bytes)
Event: 3,263 Thread 0xb6a6d400 nmethod 941 0xb4bd2748 code [0xb4bd2850, 0xb4bd28ec]
Event: 3,268 Thread 0xb6a6d400  942             java.util.HashMap$Values::size (8 bytes)
Event: 3,268 Thread 0xb6a6d400 nmethod 942 0xb4bd2948 code [0xb4bd2a40, 0xb4bd2ad0]
Event: 3,268 Thread 0xb6a6d400  943             org.apache.maven.model.RepositoryPolicy::isEnabled (5 bytes)
Event: 3,268 Thread 0xb6a6d400 nmethod 943 0xb4bd2b48 code [0xb4bd2c40, 0xb4bd2cc0]
Event: 3,269 Thread 0xb6a6d400  944             org.apache.maven.model.RepositoryPolicy::getChecksumPolicy (5 bytes)
Event: 3,269 Thread 0xb6a6d400 nmethod 944 0xb4bd2d08 code [0xb4bd2e00, 0xb4bd2e80]
Event: 3,277 Thread 0xb6a6d400  945             java.util.TreeMap::fixAfterInsertion (267 bytes)

GC Heap History (10 events):
Event: 2,923 GC heap before
{Heap before GC invocations=29 (full 1):
 def new generation   total 7744K, used 7545K [0xa0940000, 0xa11a0000, 0xa5e90000)
  eden space 6912K, 100% used [0xa0940000, 0xa1000000, 0xa1000000)
  from space 832K,  76% used [0xa10d0000, 0xa116e570, 0xa11a0000)
  to   space 832K,   0% used [0xa1000000, 0xa1000000, 0xa10d0000)
 tenured generation   total 17028K, used 12138K [0xa5e90000, 0xa6f31000, 0xb0940000)
   the space 17028K,  71% used [0xa5e90000, 0xa6a6a858, 0xa6a6aa00, 0xa6f31000)
 compacting perm gen  total 12288K, used 4893K [0xb0940000, 0xb1540000, 0xb4940000)
   the space 12288K,  39% used [0xb0940000, 0xb0e07738, 0xb0e07800, 0xb1540000)
No shared spaces configured.
Event: 2,931 GC heap after
Heap after GC invocations=30 (full 1):
 def new generation   total 7744K, used 702K [0xa0940000, 0xa11a0000, 0xa5e90000)
  eden space 6912K,   0% used [0xa0940000, 0xa0940000, 0xa1000000)
  from space 832K,  84% used [0xa1000000, 0xa10af918, 0xa10d0000)
  to   space 832K,   0% used [0xa10d0000, 0xa10d0000, 0xa11a0000)
 tenured generation   total 17028K, used 12660K [0xa5e90000, 0xa6f31000, 0xb0940000)
   the space 17028K,  74% used [0xa5e90000, 0xa6aed060, 0xa6aed200, 0xa6f31000)
 compacting perm gen  total 12288K, used 4893K [0xb0940000, 0xb1540000, 0xb4940000)
   the space 12288K,  39% used [0xb0940000, 0xb0e07738, 0xb0e07800, 0xb1540000)
No shared spaces configured.
}
Event: 3,000 GC heap before
{Heap before GC invocations=30 (full 1):
 def new generation   total 7744K, used 7614K [0xa0940000, 0xa11a0000, 0xa5e90000)
  eden space 6912K, 100% used [0xa0940000, 0xa1000000, 0xa1000000)
  from space 832K,  84% used [0xa1000000, 0xa10af918, 0xa10d0000)
  to   space 832K,   0% used [0xa10d0000, 0xa10d0000, 0xa11a0000)
 tenured generation   total 17028K, used 12660K [0xa5e90000, 0xa6f31000, 0xb0940000)
   the space 17028K,  74% used [0xa5e90000, 0xa6aed060, 0xa6aed200, 0xa6f31000)
 compacting perm gen  total 12288K, used 4893K [0xb0940000, 0xb1540000, 0xb4940000)
   the space 12288K,  39% used [0xb0940000, 0xb0e07738, 0xb0e07800, 0xb1540000)
No shared spaces configured.
Event: 3,007 GC heap after
Heap after GC invocations=31 (full 1):
 def new generation   total 7744K, used 715K [0xa0940000, 0xa11a0000, 0xa5e90000)
  eden space 6912K,   0% used [0xa0940000, 0xa0940000, 0xa1000000)
  from space 832K,  85% used [0xa10d0000, 0xa1182dd0, 0xa11a0000)
  to   space 832K,   0% used [0xa1000000, 0xa1000000, 0xa10d0000)
 tenured generation   total 17028K, used 13233K [0xa5e90000, 0xa6f31000, 0xb0940000)
   the space 17028K,  77% used [0xa5e90000, 0xa6b7c4d0, 0xa6b7c600, 0xa6f31000)
 compacting perm gen  total 12288K, used 4893K [0xb0940000, 0xb1540000, 0xb4940000)
   the space 12288K,  39% used [0xb0940000, 0xb0e07738, 0xb0e07800, 0xb1540000)
No shared spaces configured.
}
Event: 3,066 GC heap before
{Heap before GC invocations=31 (full 1):
 def new generation   total 7744K, used 7627K [0xa0940000, 0xa11a0000, 0xa5e90000)
  eden space 6912K, 100% used [0xa0940000, 0xa1000000, 0xa1000000)
  from space 832K,  85% used [0xa10d0000, 0xa1182dd0, 0xa11a0000)
  to   space 832K,   0% used [0xa1000000, 0xa1000000, 0xa10d0000)
 tenured generation   total 17028K, used 13233K [0xa5e90000, 0xa6f31000, 0xb0940000)
   the space 17028K,  77% used [0xa5e90000, 0xa6b7c4d0, 0xa6b7c600, 0xa6f31000)
 compacting perm gen  total 12288K, used 4893K [0xb0940000, 0xb1540000, 0xb4940000)
   the space 12288K,  39% used [0xb0940000, 0xb0e07768, 0xb0e07800, 0xb1540000)
No shared spaces configured.
Event: 3,074 GC heap after
Heap after GC invocations=32 (full 1):
 def new generation   total 7744K, used 669K [0xa0940000, 0xa11a0000, 0xa5e90000)
  eden space 6912K,   0% used [0xa0940000, 0xa0940000, 0xa1000000)
  from space 832K,  80% used [0xa1000000, 0xa10a7458, 0xa10d0000)
  to   space 832K,   0% used [0xa10d0000, 0xa10d0000, 0xa11a0000)
 tenured generation   total 17028K, used 13858K [0xa5e90000, 0xa6f31000, 0xb0940000)
   the space 17028K,  81% used [0xa5e90000, 0xa6c18920, 0xa6c18a00, 0xa6f31000)
 compacting perm gen  total 12288K, used 4893K [0xb0940000, 0xb1540000, 0xb4940000)
   the space 12288K,  39% used [0xb0940000, 0xb0e07768, 0xb0e07800, 0xb1540000)
No shared spaces configured.
}
Event: 3,146 GC heap before
{Heap before GC invocations=32 (full 1):
 def new generation   total 7744K, used 7581K [0xa0940000, 0xa11a0000, 0xa5e90000)
  eden space 6912K, 100% used [0xa0940000, 0xa1000000, 0xa1000000)
  from space 832K,  80% used [0xa1000000, 0xa10a7458, 0xa10d0000)
  to   space 832K,   0% used [0xa10d0000, 0xa10d0000, 0xa11a0000)
 tenured generation   total 17028K, used 13858K [0xa5e90000, 0xa6f31000, 0xb0940000)
   the space 17028K,  81% used [0xa5e90000, 0xa6c18920, 0xa6c18a00, 0xa6f31000)
 compacting perm gen  total 12288K, used 4893K [0xb0940000, 0xb1540000, 0xb4940000)
   the space 12288K,  39% used [0xb0940000, 0xb0e077e8, 0xb0e07800, 0xb1540000)
No shared spaces configured.
Event: 3,154 GC heap after
Heap after GC invocations=33 (full 1):
 def new generation   total 7744K, used 783K [0xa0940000, 0xa11a0000, 0xa5e90000)
  eden space 6912K,   0% used [0xa0940000, 0xa0940000, 0xa1000000)
  from space 832K,  94% used [0xa10d0000, 0xa1193e58, 0xa11a0000)
  to   space 832K,   0% used [0xa1000000, 0xa1000000, 0xa10d0000)
 tenured generation   total 17028K, used 14392K [0xa5e90000, 0xa6f31000, 0xb0940000)
   the space 17028K,  84% used [0xa5e90000, 0xa6c9e240, 0xa6c9e400, 0xa6f31000)
 compacting perm gen  total 12288K, used 4893K [0xb0940000, 0xb1540000, 0xb4940000)
   the space 12288K,  39% used [0xb0940000, 0xb0e077e8, 0xb0e07800, 0xb1540000)
No shared spaces configured.
}
Event: 3,215 GC heap before
{Heap before GC invocations=33 (full 1):
 def new generation   total 7744K, used 7695K [0xa0940000, 0xa11a0000, 0xa5e90000)
  eden space 6912K, 100% used [0xa0940000, 0xa1000000, 0xa1000000)
  from space 832K,  94% used [0xa10d0000, 0xa1193e58, 0xa11a0000)
  to   space 832K,   0% used [0xa1000000, 0xa1000000, 0xa10d0000)
 tenured generation   total 17028K, used 14392K [0xa5e90000, 0xa6f31000, 0xb0940000)
   the space 17028K,  84% used [0xa5e90000, 0xa6c9e240, 0xa6c9e400, 0xa6f31000)
 compacting perm gen  total 12288K, used 4893K [0xb0940000, 0xb1540000, 0xb4940000)
   the space 12288K,  39% used [0xb0940000, 0xb0e077f8, 0xb0e07800, 0xb1540000)
No shared spaces configured.
Event: 3,223 GC heap after
Heap after GC invocations=34 (full 1):
 def new generation   total 7744K, used 716K [0xa0940000, 0xa11a0000, 0xa5e90000)
  eden space 6912K,   0% used [0xa0940000, 0xa0940000, 0xa1000000)
  from space 832K,  86% used [0xa1000000, 0xa10b33d0, 0xa10d0000)
  to   space 832K,   0% used [0xa10d0000, 0xa10d0000, 0xa11a0000)
 tenured generation   total 17028K, used 14956K [0xa5e90000, 0xa6f31000, 0xb0940000)
   the space 17028K,  87% used [0xa5e90000, 0xa6d2b1f0, 0xa6d2b200, 0xa6f31000)
 compacting perm gen  total 12288K, used 4893K [0xb0940000, 0xb1540000, 0xb4940000)
   the space 12288K,  39% used [0xb0940000, 0xb0e077f8, 0xb0e07800, 0xb1540000)
No shared spaces configured.
}

Deoptimization events (0 events):
No events

Internal exceptions (10 events):
Event: 3,274 Thread 0xb6a07400 Threw 0xa0e93188 at /HUDSON/workspace/jdk7u40-2-build-linux-i586-product/jdk7u40/hotspot/src/share/vm/prims/jvm.cpp:1244
Event: 3,274 Thread 0xb6a07400 Threw 0xa0e93e98 at /HUDSON/workspace/jdk7u40-2-build-linux-i586-product/jdk7u40/hotspot/src/share/vm/prims/jvm.cpp:1244
Event: 3,274 Thread 0xb6a07400 Threw 0xa0e945b8 at /HUDSON/workspace/jdk7u40-2-build-linux-i586-product/jdk7u40/hotspot/src/share/vm/prims/jvm.cpp:1244
Event: 3,274 Thread 0xb6a07400 Threw 0xa0e95858 at /HUDSON/workspace/jdk7u40-2-build-linux-i586-product/jdk7u40/hotspot/src/share/vm/prims/jvm.cpp:1244
Event: 3,275 Thread 0xb6a07400 Threw 0xa0e95f98 at /HUDSON/workspace/jdk7u40-2-build-linux-i586-product/jdk7u40/hotspot/src/share/vm/prims/jvm.cpp:1244
Event: 3,275 Thread 0xb6a07400 Threw 0xa0e96cd0 at /HUDSON/workspace/jdk7u40-2-build-linux-i586-product/jdk7u40/hotspot/src/share/vm/prims/jvm.cpp:1244
Event: 3,275 Thread 0xb6a07400 Threw 0xa0e97448 at /HUDSON/workspace/jdk7u40-2-build-linux-i586-product/jdk7u40/hotspot/src/share/vm/prims/jvm.cpp:1244
Event: 3,275 Thread 0xb6a07400 Threw 0xa0e98150 at /HUDSON/workspace/jdk7u40-2-build-linux-i586-product/jdk7u40/hotspot/src/share/vm/prims/jvm.cpp:1244
Event: 3,275 Thread 0xb6a07400 Threw 0xa0e98890 at /HUDSON/workspace/jdk7u40-2-build-linux-i586-product/jdk7u40/hotspot/src/share/vm/prims/jvm.cpp:1244
Event: 3,279 Thread 0xb6a07400 Threw 0xa0f2d718 at /HUDSON/workspace/jdk7u40-2-build-linux-i586-product/jdk7u40/hotspot/src/share/vm/prims/jvm.cpp:1244

Events (10 events):
Event: 3,274 loading class 0x9fdcd4a8
Event: 3,274 loading class 0x9fdcd4a8 done
Event: 3,274 loading class 0x9fde2578
Event: 3,274 loading class 0x9fde2578 done
Event: 3,275 loading class 0x9fde2840
Event: 3,275 loading class 0x9fde2840 done
Event: 3,275 loading class 0x9fdcd120
Event: 3,275 loading class 0x9fdcd120 done
Event: 3,279 loading class 0x9fdb46c0
Event: 3,279 loading class 0x9fdb46c0 done


Dynamic libraries:
08048000-08049000 r-xp 00000000 08:04 1717000    /usr/local/java/jdk1.7.0_40/bin/java
08049000-0804a000 rw-p 00000000 08:04 1717000    /usr/local/java/jdk1.7.0_40/bin/java
08a5b000-08a7c000 rw-p 00000000 00:00 0          [heap]
9f976000-9fa5e000 rw-p 00000000 00:00 0 
9fa5e000-9fa61000 ---p 00000000 00:00 0 
9fa61000-9faaf000 rw-p 00000000 00:00 0          [stack:13326]
9faaf000-9fab2000 ---p 00000000 00:00 0 
9fab2000-9fb00000 rw-p 00000000 00:00 0          [stack:13325]
9fb00000-9fba0000 rw-p 00000000 00:00 0 
9fba0000-9fc00000 ---p 00000000 00:00 0 
9fc00000-9fcc7000 rw-p 00000000 00:00 0 
9fcc7000-9fd00000 ---p 00000000 00:00 0 
9fd00000-9fe00000 rw-p 00000000 00:00 0 
9fe45000-9fe48000 ---p 00000000 00:00 0 
9fe48000-9fe96000 rw-p 00000000 00:00 0          [stack:13324]
9fe96000-9fe99000 ---p 00000000 00:00 0 
9fe99000-9fead000 rw-p 00000000 00:00 0          [stack:13322]
9fead000-9feae000 ---p 00000000 00:00 0 
9feae000-9ff2e000 rw-p 00000000 00:00 0          [stack:13320]
9ff2e000-9ff31000 ---p 00000000 00:00 0 
9ff31000-9ff7f000 rw-p 00000000 00:00 0          [stack:13319]
9ff7f000-9ff82000 ---p 00000000 00:00 0 
9ff82000-a0000000 rw-p 00000000 00:00 0          [stack:13318]
a0000000-a0200000 r--p 00000000 08:04 1449933    /usr/lib/locale/locale-archive
a0200000-a0221000 rw-p 00000000 00:00 0 
a0221000-a0300000 ---p 00000000 00:00 0 
a0305000-a0308000 rw-p 00000000 00:00 0 
a0308000-a030d000 r--s 00039000 08:04 4854508    /home/guilherme/.m2/repository/org/codehaus/plexus/plexus-utils/1.5.6/plexus-utils-1.5.6.jar
a030d000-a0310000 ---p 00000000 00:00 0 
a0310000-a035e000 rw-p 00000000 00:00 0          [stack:13317]
a035e000-a0361000 ---p 00000000 00:00 0 
a0361000-a03af000 rw-p 00000000 00:00 0          [stack:13316]
a03af000-a03b2000 ---p 00000000 00:00 0 
a03b2000-a0400000 rw-p 00000000 00:00 0          [stack:13315]
a0400000-a04ff000 rw-p 00000000 00:00 0 
a04ff000-a0500000 ---p 00000000 00:00 0 
a0500000-a0514000 r-xp 00000000 08:04 1717553    /usr/local/java/jdk1.7.0_40/jre/lib/i386/libnet.so
a0514000-a0515000 rw-p 00014000 08:04 1717553    /usr/local/java/jdk1.7.0_40/jre/lib/i386/libnet.so
a0515000-a0544000 r--s 00236000 08:04 1587137    /usr/share/maven2/lib/maven-debian-uber.jar
a0544000-a0545000 ---p 00000000 00:00 0 
a0545000-a0610000 rw-p 00000000 00:00 0          [stack:13314]
a0610000-a07cd000 r--s 039d3000 08:04 1717013    /usr/local/java/jdk1.7.0_40/jre/lib/rt.jar
a07cd000-a082f000 rw-p 00000000 00:00 0 
a082f000-a0849000 rw-p 00000000 00:00 0 
a0849000-a0852000 rw-p 00000000 00:00 0 
a0852000-a089f000 rw-p 00000000 00:00 0 
a089f000-a08a4000 rw-p 00000000 00:00 0 
a08a4000-a08c9000 rw-p 00000000 00:00 0 
a08c9000-a08d2000 rw-p 00000000 00:00 0 
a08d2000-a091f000 rw-p 00000000 00:00 0 
a091f000-a0925000 rw-p 00000000 00:00 0 
a0925000-a093f000 rw-p 00000000 00:00 0 
a093f000-a11a0000 rw-p 00000000 00:00 0 
a11a0000-a5e90000 rw-p 00000000 00:00 0 
a5e90000-a6f31000 rw-p 00000000 00:00 0 
a6f31000-b0940000 rw-p 00000000 00:00 0 
b0940000-b1540000 rw-p 00000000 00:00 0 
b1540000-b4940000 rw-p 00000000 00:00 0 
b4940000-b4942000 r--s 0000b000 08:04 5376409    /home/guilherme/.m2/repository/org/codehaus/plexus/plexus-interpolation/1.6/plexus-interpolation-1.6.jar
b4942000-b4944000 r--s 00007000 08:04 4854509    /home/guilherme/.m2/repository/org/apache/maven/shared/maven-filtering/1.0-beta-2/maven-filtering-1.0-beta-2.jar
b4944000-b4948000 r--s 0002f000 08:04 4338695    /home/guilherme/.m2/repository/org/apache/maven/plugins/maven-assembly-plugin/2.2-beta-4/maven-assembly-plugin-2.2-beta-4.jar
b4948000-b494b000 r--s 0001e000 08:04 4196895    /home/guilherme/.m2/repository/org/apache/maven/plugins/maven-dependency-plugin/2.4/maven-dependency-plugin-2.4.jar
b494b000-b494d000 r--s 00007000 08:04 4335231    /home/guilherme/.m2/repository/org/apache/maven/plugins/maven-jar-plugin/2.4/maven-jar-plugin-2.4.jar
b494d000-b494f000 r--s 00006000 08:04 4203254    /home/guilherme/.m2/repository/org/apache/maven/plugins/maven-surefire-plugin/2.10/maven-surefire-plugin-2.10.jar
b494f000-b4958000 rw-p 00000000 00:00 0 
b4958000-b49cf000 rw-p 00000000 00:00 0 
b49cf000-b4bd7000 rwxp 00000000 00:00 0 
b4bd7000-b69cf000 rw-p 00000000 00:00 0 
b69cf000-b69e6000 r-xp 00000000 08:04 1717575    /usr/local/java/jdk1.7.0_40/jre/lib/i386/libzip.so
b69e6000-b69e7000 rw-p 00017000 08:04 1717575    /usr/local/java/jdk1.7.0_40/jre/lib/i386/libzip.so
b69e7000-b69f2000 r-xp 00000000 08:04 2492817    /lib/i386-linux-gnu/libnss_files-2.17.so
b69f2000-b69f3000 r--p 0000a000 08:04 2492817    /lib/i386-linux-gnu/libnss_files-2.17.so
b69f3000-b69f4000 rw-p 0000b000 08:04 2492817    /lib/i386-linux-gnu/libnss_files-2.17.so
b69f4000-b69fe000 r-xp 00000000 08:04 2492828    /lib/i386-linux-gnu/libnss_nis-2.17.so
b69fe000-b69ff000 r--p 00009000 08:04 2492828    /lib/i386-linux-gnu/libnss_nis-2.17.so
b69ff000-b6a00000 rw-p 0000a000 08:04 2492828    /lib/i386-linux-gnu/libnss_nis-2.17.so
b6a00000-b6afa000 rw-p 00000000 00:00 0 
b6afa000-b6b00000 ---p 00000000 00:00 0 
b6b00000-b6b01000 r--s 00004000 08:04 4203245    /home/guilherme/.m2/repository/org/apache/maven/plugins/maven-compiler-plugin/2.0.2/maven-compiler-plugin-2.0.2.jar
b6b01000-b6b03000 r--s 00004000 08:04 4202766    /home/guilherme/.m2/repository/org/apache/maven/plugins/maven-resources-plugin/2.3/maven-resources-plugin-2.3.jar
b6b03000-b6b07000 r--s 0008a000 08:04 1717584    /usr/local/java/jdk1.7.0_40/jre/lib/jsse.jar
b6b07000-b6b1c000 r-xp 00000000 08:04 2492814    /lib/i386-linux-gnu/libnsl-2.17.so
b6b1c000-b6b1d000 r--p 00014000 08:04 2492814    /lib/i386-linux-gnu/libnsl-2.17.so
b6b1d000-b6b1e000 rw-p 00015000 08:04 2492814    /lib/i386-linux-gnu/libnsl-2.17.so
b6b1e000-b6b20000 rw-p 00000000 00:00 0 
b6b20000-b6b2e000 r-xp 00000000 08:04 1717562    /usr/local/java/jdk1.7.0_40/jre/lib/i386/libnio.so
b6b2e000-b6b2f000 rw-p 0000e000 08:04 1717562    /usr/local/java/jdk1.7.0_40/jre/lib/i386/libnio.so
b6b2f000-b6b31000 r--s 00008000 08:04 1850180    /usr/share/java/classworlds-1.1.jar
b6b31000-b6b39000 rw-s 00000000 08:04 5780774    /tmp/hsperfdata_guilherme/13311
b6b39000-b6b5c000 r-xp 00000000 08:04 1717538    /usr/local/java/jdk1.7.0_40/jre/lib/i386/libjava.so
b6b5c000-b6b5d000 rw-p 00022000 08:04 1717538    /usr/local/java/jdk1.7.0_40/jre/lib/i386/libjava.so
b6b5d000-b6b64000 r-xp 00000000 08:04 2492827    /lib/i386-linux-gnu/librt-2.17.so
b6b64000-b6b65000 r--p 00006000 08:04 2492827    /lib/i386-linux-gnu/librt-2.17.so
b6b65000-b6b66000 rw-p 00007000 08:04 2492827    /lib/i386-linux-gnu/librt-2.17.so
b6b66000-b6b69000 ---p 00000000 00:00 0 
b6b69000-b6bb7000 rw-p 00000000 00:00 0          [stack:13313]
b6bb7000-b6bf8000 r-xp 00000000 08:04 2492824    /lib/i386-linux-gnu/libm-2.17.so
b6bf8000-b6bf9000 r--p 00040000 08:04 2492824    /lib/i386-linux-gnu/libm-2.17.so
b6bf9000-b6bfa000 rw-p 00041000 08:04 2492824    /lib/i386-linux-gnu/libm-2.17.so
b6bfa000-b7180000 r-xp 00000000 08:04 1717533    /usr/local/java/jdk1.7.0_40/jre/lib/i386/client/libjvm.so
b7180000-b71a1000 rw-p 00586000 08:04 1717533    /usr/local/java/jdk1.7.0_40/jre/lib/i386/client/libjvm.so
b71a1000-b75c2000 rw-p 00000000 00:00 0 
b75c2000-b7770000 r-xp 00000000 08:04 2492825    /lib/i386-linux-gnu/libc-2.17.so
b7770000-b7772000 r--p 001ae000 08:04 2492825    /lib/i386-linux-gnu/libc-2.17.so
b7772000-b7773000 rw-p 001b0000 08:04 2492825    /lib/i386-linux-gnu/libc-2.17.so
b7773000-b7776000 rw-p 00000000 00:00 0 
b7776000-b7779000 r-xp 00000000 08:04 2492830    /lib/i386-linux-gnu/libdl-2.17.so
b7779000-b777a000 r--p 00002000 08:04 2492830    /lib/i386-linux-gnu/libdl-2.17.so
b777a000-b777b000 rw-p 00003000 08:04 2492830    /lib/i386-linux-gnu/libdl-2.17.so
b777b000-b777c000 rw-p 00000000 00:00 0 
b777c000-b778f000 r-xp 00000000 08:04 1717542    /usr/local/java/jdk1.7.0_40/jre/lib/i386/jli/libjli.so
b778f000-b7790000 rw-p 00012000 08:04 1717542    /usr/local/java/jdk1.7.0_40/jre/lib/i386/jli/libjli.so
b7790000-b77a7000 r-xp 00000000 08:04 2492823    /lib/i386-linux-gnu/libpthread-2.17.so
b77a7000-b77a8000 r--p 00016000 08:04 2492823    /lib/i386-linux-gnu/libpthread-2.17.so
b77a8000-b77a9000 rw-p 00017000 08:04 2492823    /lib/i386-linux-gnu/libpthread-2.17.so
b77a9000-b77ab000 rw-p 00000000 00:00 0 
b77ab000-b77ac000 r--p 00000000 00:00 0 
b77ac000-b77ad000 r--p 005e0000 08:04 1449933    /usr/lib/locale/locale-archive
b77ad000-b77b4000 r-xp 00000000 08:04 2492818    /lib/i386-linux-gnu/libnss_compat-2.17.so
b77b4000-b77b5000 r--p 00006000 08:04 2492818    /lib/i386-linux-gnu/libnss_compat-2.17.so
b77b5000-b77b6000 rw-p 00007000 08:04 2492818    /lib/i386-linux-gnu/libnss_compat-2.17.so
b77b6000-b77b7000 rw-p 00000000 00:00 0 
b77b7000-b77b8000 r--p 00000000 00:00 0 
b77b8000-b77c3000 r-xp 00000000 08:04 1717520    /usr/local/java/jdk1.7.0_40/jre/lib/i386/libverify.so
b77c3000-b77c4000 rw-p 0000b000 08:04 1717520    /usr/local/java/jdk1.7.0_40/jre/lib/i386/libverify.so
b77c4000-b77c6000 rw-p 00000000 00:00 0 
b77c6000-b77c7000 r-xp 00000000 00:00 0          [vdso]
b77c7000-b77e7000 r-xp 00000000 08:04 2492826    /lib/i386-linux-gnu/ld-2.17.so
b77e7000-b77e8000 r--p 0001f000 08:04 2492826    /lib/i386-linux-gnu/ld-2.17.so
b77e8000-b77e9000 rw-p 00020000 08:04 2492826    /lib/i386-linux-gnu/ld-2.17.so
bfc83000-bfca4000 rw-p 00000000 00:00 0          [stack]

VM Arguments:
jvm_args: -Dclassworlds.conf=/usr/share/maven2/bin/m2.conf -Dmaven.home=/usr/share/maven2 
java_command: org.codehaus.classworlds.Launcher "package"
Launcher Type: SUN_STANDARD

Environment Variables:
JAVA_HOME=/usr/local/java/jdk1.7.0_40
JRE_HOME=/usr/local/java/jre1.7.0_40
PATH=/opt/SenchaSDKTools-2.0.0-beta3:/home/guilherme/bin/Sencha/Cmd/4.0.0.203:/usr/local/heroku/bin:/opt/SenchaSDKTools-2.0.0-beta3:/home/guilherme/bin/Sencha/Cmd/4.0.0.203:/home/guilherme/bin:/usr/lib/lightdm/lightdm:/usr/local/sbin:/usr/local/bin:/usr/sbin:/usr/bin:/sbin:/bin:/usr/games:/usr/local/games:/home/guilherme/bin:/usr/local/java/jdk1.7.0_40/bin:/home/guilherme/bin:/usr/local/java/jre1.7.0_40/bin
SHELL=/bin/bash
DISPLAY=:0

Signal Handlers:
SIGSEGV: [libjvm.so+0x503d90], sa_mask[0]=0x7ffbfeff, sa_flags=0x10000004
SIGBUS: [libjvm.so+0x503d90], sa_mask[0]=0x7ffbfeff, sa_flags=0x10000004
SIGFPE: [libjvm.so+0x3fbe80], sa_mask[0]=0x7ffbfeff, sa_flags=0x10000004
SIGPIPE: [libjvm.so+0x3fbe80], sa_mask[0]=0x7ffbfeff, sa_flags=0x10000004
SIGXFSZ: [libjvm.so+0x3fbe80], sa_mask[0]=0x7ffbfeff, sa_flags=0x10000004
SIGILL: [libjvm.so+0x3fbe80], sa_mask[0]=0x7ffbfeff, sa_flags=0x10000004
SIGUSR1: SIG_DFL, sa_mask[0]=0x00000000, sa_flags=0x00000000
SIGUSR2: [libjvm.so+0x3fd370], sa_mask[0]=0x00000000, sa_flags=0x10000004
SIGHUP: [libjvm.so+0x3fe4c0], sa_mask[0]=0x7ffbfeff, sa_flags=0x10000004
SIGINT: [libjvm.so+0x3fe4c0], sa_mask[0]=0x7ffbfeff, sa_flags=0x10000004
SIGTERM: [libjvm.so+0x3fe4c0], sa_mask[0]=0x7ffbfeff, sa_flags=0x10000004
SIGQUIT: [libjvm.so+0x3fe4c0], sa_mask[0]=0x7ffbfeff, sa_flags=0x10000004


---------------  S Y S T E M  ---------------

OS:wheezy/sid

uname:Linux 3.8.0-32-generic #47-Ubuntu SMP Tue Oct 1 21:36:40 UTC 2013 i686
libc:glibc 2.17 NPTL 2.17 
rlimit: STACK 8192k, CORE 0k, NPROC 24106, NOFILE 4096, AS infinity
load average:0,48 0,44 0,44

/proc/meminfo:
MemTotal:        3102112 kB
MemFree:          278896 kB
Buffers:           77336 kB
Cached:           466316 kB
SwapCached:         1936 kB
Active:          2093908 kB
Inactive:         617380 kB
Active(anon):    1822968 kB
Inactive(anon):   368124 kB
Active(file):     270940 kB
Inactive(file):   249256 kB
Unevictable:          64 kB
Mlocked:              64 kB
HighTotal:       2231176 kB
HighFree:          74196 kB
LowTotal:         870936 kB
LowFree:          204700 kB
SwapTotal:       1999868 kB
SwapFree:        1994576 kB
Dirty:              6120 kB
Writeback:             0 kB
AnonPages:       2166024 kB
Mapped:           263708 kB
Shmem:             23456 kB
Slab:              55168 kB
SReclaimable:      33836 kB
SUnreclaim:        21332 kB
KernelStack:        5360 kB
PageTables:        21136 kB
NFS_Unstable:          0 kB
Bounce:                0 kB
WritebackTmp:          0 kB
CommitLimit:     3550924 kB
Committed_AS:    5985916 kB
VmallocTotal:     122880 kB
VmallocUsed:       46444 kB
VmallocChunk:      70132 kB
HardwareCorrupted:     0 kB
AnonHugePages:         0 kB
HugePages_Total:       0
HugePages_Free:        0
HugePages_Rsvd:        0
HugePages_Surp:        0
Hugepagesize:       2048 kB
DirectMap4k:       32760 kB
DirectMap2M:      880640 kB


CPU:total 2 (2 cores per cpu, 1 threads per core) family 15 model 6 stepping 5, cmov, cx8, fxsr, mmx, sse, sse2, sse3, tsc

/proc/cpuinfo:
processor	: 0
vendor_id	: GenuineIntel
cpu family	: 15
model		: 6
model name	: Intel(R) Pentium(R) D CPU 3.20GHz
stepping	: 5
microcode	: 0xb
cpu MHz		: 3200.000
cache size	: 2048 KB
physical id	: 0
siblings	: 2
core id		: 0
cpu cores	: 2
apicid		: 0
initial apicid	: 0
fdiv_bug	: no
hlt_bug		: no
f00f_bug	: no
coma_bug	: no
fpu		: yes
fpu_exception	: yes
cpuid level	: 6
wp		: yes
flags		: fpu vme de pse tsc msr pae mce cx8 apic sep mtrr pge mca cmov pat pse36 clflush dts acpi mmx fxsr sse sse2 ss ht tm pbe nx lm constant_tsc pebs bts pni dtes64 monitor ds_cpl est cid cx16 xtpr pdcm lahf_lm
bogomips	: 6399.38
clflush size	: 64
cache_alignment	: 128
address sizes	: 36 bits physical, 48 bits virtual
power management:

processor	: 1
vendor_id	: GenuineIntel
cpu family	: 15
model		: 6
model name	: Intel(R) Pentium(R) D CPU 3.20GHz
stepping	: 5
microcode	: 0xb
cpu MHz		: 2400.000
cache size	: 2048 KB
physical id	: 0
siblings	: 2
core id		: 1
cpu cores	: 2
apicid		: 1
initial apicid	: 1
fdiv_bug	: no
hlt_bug		: no
f00f_bug	: no
coma_bug	: no
fpu		: yes
fpu_exception	: yes
cpuid level	: 6
wp		: yes
flags		: fpu vme de pse tsc msr pae mce cx8 apic sep mtrr pge mca cmov pat pse36 clflush dts acpi mmx fxsr sse sse2 ss ht tm pbe nx lm constant_tsc pebs bts pni dtes64 monitor ds_cpl est cid cx16 xtpr pdcm lahf_lm
bogomips	: 6399.38
clflush size	: 64
cache_alignment	: 128
address sizes	: 36 bits physical, 48 bits virtual
power management:



Memory: 4k page, physical 3102112k(278896k free), swap 1999868k(1994576k free)

vm_info: Java HotSpot(TM) Client VM (24.0-b56) for linux-x86 JRE (1.7.0_40-b43), built on Aug 26 2013 22:05:59 by "java_re" with gcc 4.3.0 20080428 (Red Hat 4.3.0-8)

time: Thu Oct 31 16:18:09 2013
elapsed time: 3 seconds

