#
# A fatal error has been detected by the Java Runtime Environment:
#
#  SIGILL (0x4) at pc=0xb6d31e10, pid=13360, tid=3064912704
#
# JRE version: Java(TM) SE Runtime Environment (7.0_40-b43) (build 1.7.0_40-b43)
# Java VM: Java HotSpot(TM) Client VM (24.0-b56 mixed mode linux-x86 )
# Problematic frame:
# V  [libjvm.so+0x200e10]  Events::log_exception(Thread*, char const*, ...)+0x20
#
# Failed to write core dump. Core dumps have been disabled. To enable core dumping, try "ulimit -c unlimited" before starting Java again
#
# If you would like to submit a bug report, please visit:
#   http://bugreport.sun.com/bugreport/crash.jsp
#

---------------  T H R E A D  ---------------

Current thread (0xb6909000):  JavaThread "main" [_thread_in_vm, id=13361, stack(0xb6a9d000,0xb6aee000)]

siginfo:si_signo=SIGILL: si_errno=0, si_code=2 (ILL_ILLOPN), si_addr=0xb6d31e10

Registers:
EAX=0x00000000, EBX=0xb70c5868, ECX=0xb6904498, EDX=0x00000000
ESP=0xb6aec410, EBP=0xb6aec438, ESI=0xb6904498, EDI=0xb6904630
EIP=0xb6d31e10, EFLAGS=0x00010282, CR2=0x00000000

Top of Stack: (sp=0xb6aec410)
0xb6aec410:   b6909000 00000000 3aa369fd 3ff2081d
0xb6aec420:   a0710f58 b6904498 b7089474 b70c5868
0xb6aec430:   00000000 b0a0cd68 b6aec738 b6e5b80b
0xb6aec440:   b6909000 b7076507 a0a86e50 b7089474
0xb6aec450:   000004dc b6aec67c b69096b4 b69096b4
0xb6aec460:   b6aec5fc b6aec488 b6909000 00000000
0xb6aec470:   b6fc9bb0 b6909000 b69096ac b6dd74ef
0xb6aec480:   b6dd8560 b6aec5fc b6aec798 b490339a 

Instructions: (pc=0xb6d31e10)
0xb6d31df0:   55 89 e5 57 56 53 83 ec 1c e8 00 00 00 00 5b 81
0xb6d31e00:   c3 6a 3a 39 00 8b 83 10 f2 ff ff 80 38 00 75 08
0xb6d31e10:   8d 65 f4 5b 5e 5f 5d c3 8b 83 d4 fa ff ff 8d 7d
0xb6d31e20:   10 8b 30 8b 83 3c ea ff ff 8b 00 85 c0 75 e1 e8 

Register to memory mapping:

EAX=0x00000000 is an unknown value
EBX=0xb70c5868: <offset 0x594868> in /usr/local/java/jre1.7.0_40/lib/i386/client/libjvm.so at 0xb6b31000
ECX=0xb6904498 is an unknown value
EDX=0x00000000 is an unknown value
ESP=0xb6aec410 is pointing into the stack for thread: 0xb6909000
EBP=0xb6aec438 is pointing into the stack for thread: 0xb6909000
ESI=0xb6904498 is an unknown value
EDI=0xb6904630 is an unknown value


Stack: [0xb6a9d000,0xb6aee000],  sp=0xb6aec410,  free space=317k
Native frames: (J=compiled Java code, j=interpreted, Vv=VM code, C=native code)
V  [libjvm.so+0x200e10]  Events::log_exception(Thread*, char const*, ...)+0x20
V  [libjvm.so+0x32a80b]  JVM_DoPrivileged+0x4eb
C  [libjava.so+0x9a8b]  Java_java_security_AccessController_doPrivileged__Ljava_security_PrivilegedExceptionAction_2+0x3b
j  java.security.AccessController.doPrivileged(Ljava/security/PrivilegedExceptionAction;)Ljava/lang/Object;+0
j  sun.misc.URLClassPath$JarLoader.ensureOpen()V+15
j  sun.misc.URLClassPath$JarLoader.<init>(Ljava/net/URL;Ljava/net/URLStreamHandler;Ljava/util/HashMap;)V+137
j  sun.misc.URLClassPath$3.run()Lsun/misc/URLClassPath$Loader;+82
j  sun.misc.URLClassPath$3.run()Ljava/lang/Object;+1
v  ~StubRoutines::call_stub
V  [libjvm.so+0x2a7875]  JavaCalls::call_helper(JavaValue*, methodHandle*, JavaCallArguments*, Thread*)+0x315
V  [libjvm.so+0x3fa1e9]  os::os_exception_wrapper(void (*)(JavaValue*, methodHandle*, JavaCallArguments*, Thread*), JavaValue*, methodHandle*, JavaCallArguments*, Thread*)+0x19
V  [libjvm.so+0x2a64ef]  JavaCalls::call(JavaValue*, methodHandle, JavaCallArguments*, Thread*)+0x2f
V  [libjvm.so+0x32a569]  JVM_DoPrivileged+0x249
C  [libjava.so+0x9a8b]  Java_java_security_AccessController_doPrivileged__Ljava_security_PrivilegedExceptionAction_2+0x3b
j  java.security.AccessController.doPrivileged(Ljava/security/PrivilegedExceptionAction;)Ljava/lang/Object;+0
j  sun.misc.URLClassPath.getLoader(Ljava/net/URL;)Lsun/misc/URLClassPath$Loader;+9
j  sun.misc.URLClassPath.getLoader(I)Lsun/misc/URLClassPath$Loader;+87
j  sun.misc.URLClassPath.getResource(Ljava/lang/String;Z)Lsun/misc/Resource;+42
j  sun.misc.URLClassPath.getResource(Ljava/lang/String;)Lsun/misc/Resource;+3
j  java.lang.ClassLoader.getBootstrapResource(Ljava/lang/String;)Ljava/net/URL;+6
j  java.lang.ClassLoader.getResource(Ljava/lang/String;)Ljava/net/URL;+20
j  java.lang.ClassLoader.getResource(Ljava/lang/String;)Ljava/net/URL;+12
j  java.net.URLClassLoader.getResourceAsStream(Ljava/lang/String;)Ljava/io/InputStream;+2
j  javax.ws.rs.ext.FactoryFinder.find(Ljava/lang/String;Ljava/lang/String;)Ljava/lang/Object;+39
j  javax.ws.rs.ext.RuntimeDelegate.findDelegate()Ljavax/ws/rs/ext/RuntimeDelegate;+4
j  javax.ws.rs.ext.RuntimeDelegate.getInstance()Ljavax/ws/rs/ext/RuntimeDelegate;+22
j  javax.ws.rs.core.UriBuilder.newInstance()Ljavax/ws/rs/core/UriBuilder;+0
j  javax.ws.rs.core.UriBuilder.fromUri(Ljava/net/URI;)Ljavax/ws/rs/core/UriBuilder;+0
j  javax.ws.rs.core.UriBuilder.fromUri(Ljava/lang/String;)Ljavax/ws/rs/core/UriBuilder;+23
j  br.org.base.server.Server.main([Ljava/lang/String;)V+28
v  ~StubRoutines::call_stub
V  [libjvm.so+0x2a7875]  JavaCalls::call_helper(JavaValue*, methodHandle*, JavaCallArguments*, Thread*)+0x315
V  [libjvm.so+0x3fa1e9]  os::os_exception_wrapper(void (*)(JavaValue*, methodHandle*, JavaCallArguments*, Thread*), JavaValue*, methodHandle*, JavaCallArguments*, Thread*)+0x19
V  [libjvm.so+0x2a64ef]  JavaCalls::call(JavaValue*, methodHandle, JavaCallArguments*, Thread*)+0x2f
V  [libjvm.so+0x2e28b2]  jni_invoke_static(JNIEnv_*, JavaValue*, _jobject*, JNICallType, _jmethodID*, JNI_ArgumentPusher*, Thread*)+0x242
V  [libjvm.so+0x2f8ada]  jni_CallStaticVoidMethod+0xca
C  [libjli.so+0x2e8d]  JavaMain+0x8bd
C  [libpthread.so.0+0x6d78]  start_thread+0xd8

Java frames: (J=compiled Java code, j=interpreted, Vv=VM code)
j  java.security.AccessController.doPrivileged(Ljava/security/PrivilegedExceptionAction;)Ljava/lang/Object;+0
j  sun.misc.URLClassPath$JarLoader.ensureOpen()V+15
j  sun.misc.URLClassPath$JarLoader.<init>(Ljava/net/URL;Ljava/net/URLStreamHandler;Ljava/util/HashMap;)V+137
j  sun.misc.URLClassPath$3.run()Lsun/misc/URLClassPath$Loader;+82
j  sun.misc.URLClassPath$3.run()Ljava/lang/Object;+1
v  ~StubRoutines::call_stub
j  java.security.AccessController.doPrivileged(Ljava/security/PrivilegedExceptionAction;)Ljava/lang/Object;+0
j  sun.misc.URLClassPath.getLoader(Ljava/net/URL;)Lsun/misc/URLClassPath$Loader;+9
j  sun.misc.URLClassPath.getLoader(I)Lsun/misc/URLClassPath$Loader;+87
j  sun.misc.URLClassPath.getResource(Ljava/lang/String;Z)Lsun/misc/Resource;+42
j  sun.misc.URLClassPath.getResource(Ljava/lang/String;)Lsun/misc/Resource;+3
j  java.lang.ClassLoader.getBootstrapResource(Ljava/lang/String;)Ljava/net/URL;+6
j  java.lang.ClassLoader.getResource(Ljava/lang/String;)Ljava/net/URL;+20
j  java.lang.ClassLoader.getResource(Ljava/lang/String;)Ljava/net/URL;+12
j  java.net.URLClassLoader.getResourceAsStream(Ljava/lang/String;)Ljava/io/InputStream;+2
j  javax.ws.rs.ext.FactoryFinder.find(Ljava/lang/String;Ljava/lang/String;)Ljava/lang/Object;+39
j  javax.ws.rs.ext.RuntimeDelegate.findDelegate()Ljavax/ws/rs/ext/RuntimeDelegate;+4
j  javax.ws.rs.ext.RuntimeDelegate.getInstance()Ljavax/ws/rs/ext/RuntimeDelegate;+22
j  javax.ws.rs.core.UriBuilder.newInstance()Ljavax/ws/rs/core/UriBuilder;+0
j  javax.ws.rs.core.UriBuilder.fromUri(Ljava/net/URI;)Ljavax/ws/rs/core/UriBuilder;+0
j  javax.ws.rs.core.UriBuilder.fromUri(Ljava/lang/String;)Ljavax/ws/rs/core/UriBuilder;+23
j  br.org.base.server.Server.main([Ljava/lang/String;)V+28
v  ~StubRoutines::call_stub

---------------  P R O C E S S  ---------------

Java Threads: ( => current thread )
  0xb696fc00 JavaThread "Service Thread" daemon [_thread_blocked, id=13367, stack(0xa020d000,0xa025e000)]
  0xb696e000 JavaThread "C1 CompilerThread0" daemon [_thread_blocked, id=13366, stack(0x9fe7f000,0x9ff00000)]
  0xb696c400 JavaThread "Signal Dispatcher" daemon [_thread_blocked, id=13365, stack(0xa025e000,0xa02af000)]
  0xb695c000 JavaThread "Finalizer" daemon [_thread_blocked, id=13364, stack(0xa02af000,0xa0300000)]
  0xb695a800 JavaThread "Reference Handler" daemon [_thread_blocked, id=13363, stack(0xa0433000,0xa0484000)]
=>0xb6909000 JavaThread "main" [_thread_in_vm, id=13361, stack(0xb6a9d000,0xb6aee000)]

Other Threads:
  0xb6959000 VMThread [stack: 0xa0484000,0xa0505000] [id=13362]
  0xb6972400 WatcherThread [stack: 0x9fdfe000,0x9fe7f000] [id=13368]

VM state:synchronizing (normal execution)

VM Mutex/Monitor currently owned by a thread:  ([mutex/lock_event])
[0xb6906778] Threads_lock - owner thread: 0xb6959000

Heap
 def new generation   total 4928K, used 2141K [0xa0880000, 0xa0dd0000, 0xa5dd0000)
  eden space 4416K,  48% used [0xa0880000, 0xa0a97748, 0xa0cd0000)
  from space 512K,   0% used [0xa0cd0000, 0xa0cd0000, 0xa0d50000)
  to   space 512K,   0% used [0xa0d50000, 0xa0d50000, 0xa0dd0000)
 tenured generation   total 10944K, used 0K [0xa5dd0000, 0xa6880000, 0xb0880000)
   the space 10944K,   0% used [0xa5dd0000, 0xa5dd0000, 0xa5dd0200, 0xa6880000)
 compacting perm gen  total 12288K, used 1868K [0xb0880000, 0xb1480000, 0xb4880000)
   the space 12288K,  15% used [0xb0880000, 0xb0a531b8, 0xb0a53200, 0xb1480000)
No shared spaces configured.

Card table byte_map: [0xa07df000,0xa0880000] byte_map_base: 0xa02dac00

Polling page: 0xb76ee000

Code Cache  [0xb4900000, 0xb49a8000, 0xb6900000)
 total_blobs=165 nmethods=34 adapters=69 free_code_cache=32106Kb largest_free_block=32877184

Compilation events (10 events):
Event: 0,997 Thread 0xb696e000 nmethod 27 0xb499b848 code [0xb499b950, 0xb499ba90]
Event: 0,997 Thread 0xb696e000   28   !         java.util.jar.Attributes::read (410 bytes)
Event: 1,001 Thread 0xb696e000 nmethod 28 0xb499bc48 code [0xb499bfe0, 0xb499ce94]
Event: 1,001 Thread 0xb696e000   29             java.lang.ref.Reference::get (5 bytes)
Event: 1,001 Thread 0xb696e000 nmethod 29 0xb499df48 code [0xb499e040, 0xb499e0c0]
Event: 1,001 Thread 0xb696e000   30             java.lang.String::replace (127 bytes)
Event: 1,002 Thread 0xb696e000 nmethod 30 0xb499e108 code [0xb499e230, 0xb499e4a0]
Event: 1,099 Thread 0xb696e000   31             java.util.Properties$LineReader::readLine (452 bytes)
Event: 1,102 Thread 0xb696e000 nmethod 31 0xb499e988 code [0xb499eb20, 0xb499f32c]
Event: 1,125 Thread 0xb696e000   32   !         java.io.BufferedReader::readLine (304 bytes)

GC Heap History (0 events):
No events

Deoptimization events (0 events):
No events

Internal exceptions (10 events):
Event: 0,990 Thread 0xb6909000 Threw 0xa09c65a0 at /HUDSON/workspace/jdk7u40-2-build-linux-i586-product/jdk7u40/hotspot/src/share/vm/prims/jvm.cpp:1244
Event: 0,994 Thread 0xb6909000 Threw 0xa09dab40 at /HUDSON/workspace/jdk7u40-2-build-linux-i586-product/jdk7u40/hotspot/src/share/vm/prims/jvm.cpp:1244
Event: 0,996 Thread 0xb6909000 Threw 0xa09e7aa0 at /HUDSON/workspace/jdk7u40-2-build-linux-i586-product/jdk7u40/hotspot/src/share/vm/prims/jvm.cpp:1244
Event: 0,999 Thread 0xb6909000 Threw 0xa0a262a0 at /HUDSON/workspace/jdk7u40-2-build-linux-i586-product/jdk7u40/hotspot/src/share/vm/prims/jvm.cpp:1244
Event: 1,002 Thread 0xb6909000 Threw 0xa0a2e900 at /HUDSON/workspace/jdk7u40-2-build-linux-i586-product/jdk7u40/hotspot/src/share/vm/prims/jvm.cpp:1244
Event: 1,030 Thread 0xb6909000 Threw 0xa0a39690 at /HUDSON/workspace/jdk7u40-2-build-linux-i586-product/jdk7u40/hotspot/src/share/vm/prims/jvm.cpp:1244
Event: 1,036 Thread 0xb6909000 Threw 0xa0a54808 at /HUDSON/workspace/jdk7u40-2-build-linux-i586-product/jdk7u40/hotspot/src/share/vm/prims/jvm.cpp:1244
Event: 1,037 Thread 0xb6909000 Threw 0xa0a5c260 at /HUDSON/workspace/jdk7u40-2-build-linux-i586-product/jdk7u40/hotspot/src/share/vm/prims/jvm.cpp:1244
Event: 1,122 Thread 0xb6909000 Threw 0xa0a71870 at /HUDSON/workspace/jdk7u40-2-build-linux-i586-product/jdk7u40/hotspot/src/share/vm/prims/jvm.cpp:1244
Event: 1,127 Thread 0xb6909000 Threw 0xa0a86e50 at /HUDSON/workspace/jdk7u40-2-build-linux-i586-product/jdk7u40/hotspot/src/share/vm/prims/jvm.cpp:1244

Events (10 events):
Event: 1,121 loading class 0xa0765e18
Event: 1,121 loading class 0xa0765e18 done
Event: 1,121 loading class 0xa0764548
Event: 1,121 loading class 0xa0764548 done
Event: 1,122 loading class 0x9fcd0b50
Event: 1,122 loading class 0x9fcd0b50 done
Event: 1,123 loading class 0xa0745d10
Event: 1,123 loading class 0xa0745d10 done
Event: 1,123 loading class 0xb69463e0
Event: 1,124 loading class 0xb69463e0 done


Dynamic libraries:
08048000-08049000 r-xp 00000000 08:04 1715931    /usr/local/java/jre1.7.0_40/bin/java
08049000-0804a000 rw-p 00000000 08:04 1715931    /usr/local/java/jre1.7.0_40/bin/java
085a8000-085c9000 rw-p 00000000 00:00 0          [heap]
9fb18000-9fc00000 rw-p 00000000 00:00 0 
9fc00000-9fce5000 rw-p 00000000 00:00 0 
9fce5000-9fd00000 ---p 00000000 00:00 0 
9fd11000-9fd76000 rw-p 00000000 00:00 0 
9fd76000-9fd87000 r--s 000d1000 08:04 4606218    /home/guilherme/projects/aplicacaowebdistribuida-tcc/target/dependency/jackson-databind-2.1.1.jar
9fd87000-9fd8b000 r--s 00020000 08:04 4606274    /home/guilherme/projects/aplicacaowebdistribuida-tcc/target/dependency/jersey-media-json-2.0-m02.jar
9fd8b000-9fd8e000 r--s 00018000 08:04 4606290    /home/guilherme/projects/aplicacaowebdistribuida-tcc/target/dependency/maven-project-2.0.4.jar
9fd8e000-9fd8f000 r--s 00006000 08:04 4606278    /home/guilherme/projects/aplicacaowebdistribuida-tcc/target/dependency/jackson-xc-1.9.2.jar
9fd8f000-9fd90000 r--s 00001000 08:04 4606226    /home/guilherme/projects/aplicacaowebdistribuida-tcc/target/dependency/wagon-file-1.0-alpha-5.jar
9fd90000-9fd92000 r--s 00001000 08:04 4606242    /home/guilherme/projects/aplicacaowebdistribuida-tcc/target/dependency/maven-plugin-api-2.0.4.jar
9fd92000-9fd96000 r--s 0001e000 08:04 4606270    /home/guilherme/projects/aplicacaowebdistribuida-tcc/target/dependency/maven-core-2.0.jar
9fd96000-9fd98000 r--s 00003000 08:04 4606244    /home/guilherme/projects/aplicacaowebdistribuida-tcc/target/dependency/maven-plugin-parameter-documenter-2.0.jar
9fd98000-9fd9a000 r--s 00002000 08:04 4606263    /home/guilherme/projects/aplicacaowebdistribuida-tcc/target/dependency/jersey-container-grizzly2-http-2.0-m02.jar
9fd9a000-9fd9c000 r--s 00005000 08:04 4606264    /home/guilherme/projects/aplicacaowebdistribuida-tcc/target/dependency/maven-plugin-registry-2.0.jar
9fd9c000-9fd9e000 r--s 00009000 08:04 4606281    /home/guilherme/projects/aplicacaowebdistribuida-tcc/target/dependency/wagon-provider-api-1.0-alpha-6.jar
9fd9e000-9fda4000 r--s 00033000 08:04 4606214    /home/guilherme/projects/aplicacaowebdistribuida-tcc/target/dependency/snakeyaml-1.6.jar
9fda4000-9fda6000 r--s 00004000 08:04 4606230    /home/guilherme/projects/aplicacaowebdistribuida-tcc/target/dependency/gmbal-api-only-3.0.0-b023.jar
9fda6000-9fda8000 r--s 00006000 08:04 4606284    /home/guilherme/projects/aplicacaowebdistribuida-tcc/target/dependency/plexus-io-1.0-alpha-2.jar
9fda8000-9fdaa000 r--s 00012000 08:04 4606297    /home/guilherme/projects/aplicacaowebdistribuida-tcc/target/dependency/maven-model-2.0.4.jar
9fdaa000-9fdac000 r--s 00000000 08:04 4606285    /home/guilherme/projects/aplicacaowebdistribuida-tcc/target/dependency/doxia-sink-api-1.0-alpha-4.jar
9fdac000-9fdae000 r--s 00006000 08:04 4606215    /home/guilherme/projects/aplicacaowebdistribuida-tcc/target/dependency/jcommander-1.12.jar
9fdae000-9fdb0000 r--s 0000e000 08:04 4606246    /home/guilherme/projects/aplicacaowebdistribuida-tcc/target/dependency/activation-1.1.jar
9fdb0000-9fdbe000 r--s 000ad000 08:04 4606256    /home/guilherme/projects/aplicacaowebdistribuida-tcc/target/dependency/jackson-mapper-asl-1.9.2.jar
9fdbe000-9fdc0000 r--s 00007000 08:04 4606205    /home/guilherme/projects/aplicacaowebdistribuida-tcc/target/dependency/jackson-datatype-joda-2.1.1.jar
9fdc0000-9fdc2000 r--s 0000a000 08:04 4606294    /home/guilherme/projects/aplicacaowebdistribuida-tcc/target/dependency/commons-codec-1.3.jar
9fdc2000-9fdc9000 r--s 00029000 08:04 4606272    /home/guilherme/projects/aplicacaowebdistribuida-tcc/target/dependency/plexus-container-default-1.0-alpha-9-stable-1.jar
9fdc9000-9fdcc000 r--s 00011000 08:04 4606235    /home/guilherme/projects/aplicacaowebdistribuida-tcc/target/dependency/maven-artifact-2.0.4.jar
9fdcc000-9fdce000 r--s 00006000 08:04 4606296    /home/guilherme/projects/aplicacaowebdistribuida-tcc/target/dependency/maven-profile-2.0.4.jar
9fdce000-9fdd8000 r--s 00087000 08:04 4606209    /home/guilherme/projects/aplicacaowebdistribuida-tcc/target/dependency/testng-6.1.1.jar
9fdd8000-9fdda000 r--s 00008000 08:04 4606276    /home/guilherme/projects/aplicacaowebdistribuida-tcc/target/dependency/classworlds-1.1-alpha-2.jar
9fdda000-9fddb000 r--s 00005000 08:04 4606259    /home/guilherme/projects/aplicacaowebdistribuida-tcc/target/dependency/maven-repository-builder-1.0-alpha-2.jar
9fddb000-9fddd000 r--s 00006000 08:04 4606236    /home/guilherme/projects/aplicacaowebdistribuida-tcc/target/dependency/hk2-api-1.6.32.jar
9fddd000-9fddf000 r--s 0000a000 08:04 4606251    /home/guilherme/projects/aplicacaowebdistribuida-tcc/target/dependency/jsr311-api-1.1.1.jar
9fddf000-9fde1000 r--s 00002000 08:04 4606277    /home/guilherme/projects/aplicacaowebdistribuida-tcc/target/dependency/plexus-interactivity-api-1.0-alpha-4.jar
9fde1000-9fde5000 r--s 0002f000 08:04 4605183    /home/guilherme/projects/aplicacaowebdistribuida-tcc/target/dependency/jackson-core-2.1.1.jar
9fde5000-9fde8000 r--s 00017000 08:04 4606265    /home/guilherme/projects/aplicacaowebdistribuida-tcc/target/dependency/jaxb-api-2.2.2.jar
9fde8000-9fdea000 r--s 00007000 08:04 4606275    /home/guilherme/projects/aplicacaowebdistribuida-tcc/target/dependency/wagon-ssh-1.0-alpha-5.jar
9fdea000-9fded000 r--s 0000b000 08:04 4606268    /home/guilherme/projects/aplicacaowebdistribuida-tcc/target/dependency/persistence-api-1.0.2.jar
9fded000-9fdf0000 r--s 0000a000 08:04 4606257    /home/guilherme/projects/aplicacaowebdistribuida-tcc/target/dependency/maven-artifact-manager-2.0.2.jar
9fdf0000-9fdfe000 r--s 000a6000 08:04 4606262    /home/guilherme/projects/aplicacaowebdistribuida-tcc/target/dependency/grizzly-framework-2.2.4.jar
9fdfe000-9fdff000 ---p 00000000 00:00 0 
9fdff000-9fe7f000 rw-p 00000000 00:00 0          [stack:13368]
9fe7f000-9fe82000 ---p 00000000 00:00 0 
9fe82000-9ff00000 rw-p 00000000 00:00 0          [stack:13366]
9ff00000-a0100000 r--p 00000000 08:04 1449933    /usr/lib/locale/locale-archive
a0100000-a0121000 rw-p 00000000 00:00 0 
a0121000-a0200000 ---p 00000000 00:00 0 
a0200000-a0202000 r--s 00007000 08:04 4606206    /home/guilherme/projects/aplicacaowebdistribuida-tcc/target/dependency/jackson-annotations-2.1.1.jar
a0202000-a020d000 r--s 0006c000 08:04 4606237    /home/guilherme/projects/aplicacaowebdistribuida-tcc/target/dependency/jersey-common-2.0-m02.jar
a020d000-a0210000 ---p 00000000 00:00 0 
a0210000-a025e000 rw-p 00000000 00:00 0          [stack:13367]
a025e000-a0261000 ---p 00000000 00:00 0 
a0261000-a02af000 rw-p 00000000 00:00 0          [stack:13365]
a02af000-a02b2000 ---p 00000000 00:00 0 
a02b2000-a0300000 rw-p 00000000 00:00 0          [stack:13364]
a0300000-a0380000 rw-p 00000000 00:00 0 
a0380000-a0400000 ---p 00000000 00:00 0 
a0400000-a0405000 r--s 00043000 08:04 4606250    /home/guilherme/projects/aplicacaowebdistribuida-tcc/target/dependency/mongo-java-driver-2.7.2.jar
a0405000-a0406000 r--s 00002000 08:04 4606286    /home/guilherme/projects/aplicacaowebdistribuida-tcc/target/dependency/maven-archiver-2.2.jar
a0406000-a0409000 r--s 00012000 08:04 4606279    /home/guilherme/projects/aplicacaowebdistribuida-tcc/target/dependency/javax.ws.rs-api-2.0-m03.jar
a0409000-a040b000 r--s 00009000 08:04 4606282    /home/guilherme/projects/aplicacaowebdistribuida-tcc/target/dependency/management-api-3.0.0-b012.jar
a040b000-a040f000 r--s 00030000 08:04 4606240    /home/guilherme/projects/aplicacaowebdistribuida-tcc/target/dependency/plexus-utils-1.5.1.jar
a040f000-a0422000 r--s 000c7000 08:04 4606292    /home/guilherme/projects/aplicacaowebdistribuida-tcc/target/dependency/jaxb-impl-2.2.3-1.jar
a0422000-a0424000 r--s 0000d000 08:04 4606234    /home/guilherme/projects/aplicacaowebdistribuida-tcc/target/dependency/commons-logging-1.1.1.jar
a0424000-a0425000 r--s 00001000 08:04 4606287    /home/guilherme/projects/aplicacaowebdistribuida-tcc/target/dependency/maven-monitor-2.0.jar
a0425000-a0426000 r--s 00004000 08:04 4606238    /home/guilherme/projects/aplicacaowebdistribuida-tcc/target/dependency/osgi-resource-locator-1.0.1.jar
a0426000-a0428000 r--s 00006000 08:04 4606224    /home/guilherme/projects/aplicacaowebdistribuida-tcc/target/dependency/commons-cli-1.0.jar
a0428000-a042a000 r--s 0000f000 08:04 4606269    /home/guilherme/projects/aplicacaowebdistribuida-tcc/target/dependency/jettison-1.1.jar
a042a000-a042b000 r--s 00007000 08:04 4606247    /home/guilherme/projects/aplicacaowebdistribuida-tcc/target/dependency/maven-plugin-testing-harness-1.1.jar
a042b000-a042d000 r--s 00007000 08:04 4606245    /home/guilherme/projects/aplicacaowebdistribuida-tcc/target/dependency/maven-plugin-descriptor-2.0.jar
a042d000-a042f000 r--s 0000c000 08:04 4606293    /home/guilherme/projects/aplicacaowebdistribuida-tcc/target/dependency/bson4jackson-1.3.0.jar
a042f000-a0431000 r--s 00003000 08:04 4606239    /home/guilherme/projects/aplicacaowebdistribuida-tcc/target/dependency/tiger-types-1.4.jar
a0431000-a0433000 r--s 00009000 08:04 4606298    /home/guilherme/projects/aplicacaowebdistribuida-tcc/target/dependency/maven-settings-2.0.4.jar
a0433000-a0436000 ---p 00000000 00:00 0 
a0436000-a0484000 rw-p 00000000 00:00 0          [stack:13363]
a0484000-a0485000 ---p 00000000 00:00 0 
a0485000-a0550000 rw-p 00000000 00:00 0          [stack:13362]
a0550000-a070d000 r--s 031b5000 08:04 1715126    /usr/local/java/jre1.7.0_40/lib/rt.jar
a070d000-a076f000 rw-p 00000000 00:00 0 
a076f000-a0789000 rw-p 00000000 00:00 0 
a0789000-a078f000 rw-p 00000000 00:00 0 
a078f000-a07df000 rw-p 00000000 00:00 0 
a07df000-a07e2000 rw-p 00000000 00:00 0 
a07e2000-a0809000 rw-p 00000000 00:00 0 
a0809000-a080f000 rw-p 00000000 00:00 0 
a080f000-a085f000 rw-p 00000000 00:00 0 
a085f000-a0865000 rw-p 00000000 00:00 0 
a0865000-a087f000 rw-p 00000000 00:00 0 
a087f000-a0dd0000 rw-p 00000000 00:00 0 
a0dd0000-a5dd0000 rw-p 00000000 00:00 0 
a5dd0000-a6880000 rw-p 00000000 00:00 0 
a6880000-b0880000 rw-p 00000000 00:00 0 
b0880000-b1480000 rw-p 00000000 00:00 0 
b1480000-b4880000 rw-p 00000000 00:00 0 
b4880000-b4883000 rw-p 00000000 00:00 0 
b4883000-b4900000 rw-p 00000000 00:00 0 
b4900000-b49a8000 rwxp 00000000 00:00 0 
b49a8000-b6a00000 rw-p 00000000 00:00 0 
b6a00000-b6a01000 r--s 00001000 08:04 4606254    /home/guilherme/projects/aplicacaowebdistribuida-tcc/target/dependency/grizzly-rcm-2.2.4.jar
b6a01000-b6a04000 r--s 0001b000 08:04 4606231    /home/guilherme/projects/aplicacaowebdistribuida-tcc/target/dependency/junit-3.8.1.jar
b6a04000-b6a0d000 r--s 00042000 08:04 4606266    /home/guilherme/projects/aplicacaowebdistribuida-tcc/target/dependency/jersey-server-2.0-m02.jar
b6a0d000-b6a24000 r-xp 00000000 08:04 1715686    /usr/local/java/jre1.7.0_40/lib/i386/libzip.so
b6a24000-b6a25000 rw-p 00017000 08:04 1715686    /usr/local/java/jre1.7.0_40/lib/i386/libzip.so
b6a25000-b6a30000 r-xp 00000000 08:04 2492817    /lib/i386-linux-gnu/libnss_files-2.17.so
b6a30000-b6a31000 r--p 0000a000 08:04 2492817    /lib/i386-linux-gnu/libnss_files-2.17.so
b6a31000-b6a32000 rw-p 0000b000 08:04 2492817    /lib/i386-linux-gnu/libnss_files-2.17.so
b6a32000-b6a3c000 r-xp 00000000 08:04 2492828    /lib/i386-linux-gnu/libnss_nis-2.17.so
b6a3c000-b6a3d000 r--p 00009000 08:04 2492828    /lib/i386-linux-gnu/libnss_nis-2.17.so
b6a3d000-b6a3e000 rw-p 0000a000 08:04 2492828    /lib/i386-linux-gnu/libnss_nis-2.17.so
b6a3e000-b6a53000 r-xp 00000000 08:04 2492814    /lib/i386-linux-gnu/libnsl-2.17.so
b6a53000-b6a54000 r--p 00014000 08:04 2492814    /lib/i386-linux-gnu/libnsl-2.17.so
b6a54000-b6a55000 rw-p 00015000 08:04 2492814    /lib/i386-linux-gnu/libnsl-2.17.so
b6a55000-b6a57000 rw-p 00000000 00:00 0 
b6a57000-b6a5a000 r--s 00006000 08:04 4606260    /home/guilherme/projects/aplicacaowebdistribuida-tcc/target/dependency/jsr305-1.3.9.jar
b6a5a000-b6a5f000 r--s 00018000 08:04 4606283    /home/guilherme/projects/aplicacaowebdistribuida-tcc/target/dependency/aspectjrt-1.5.3.jar
b6a5f000-b6a64000 r--s 00040000 08:04 4606203    /home/guilherme/projects/aplicacaowebdistribuida-tcc/target/dependency/bsh-2.0b4.jar
b6a64000-b6a68000 r--s 00030000 08:04 4606267    /home/guilherme/projects/aplicacaowebdistribuida-tcc/target/dependency/grizzly-http-server-2.2.4.jar
b6a68000-b6a70000 rw-s 00000000 08:04 5780774    /tmp/hsperfdata_guilherme/13360
b6a70000-b6a93000 r-xp 00000000 08:04 1715650    /usr/local/java/jre1.7.0_40/lib/i386/libjava.so
b6a93000-b6a94000 rw-p 00022000 08:04 1715650    /usr/local/java/jre1.7.0_40/lib/i386/libjava.so
b6a94000-b6a9b000 r-xp 00000000 08:04 2492827    /lib/i386-linux-gnu/librt-2.17.so
b6a9b000-b6a9c000 r--p 00006000 08:04 2492827    /lib/i386-linux-gnu/librt-2.17.so
b6a9c000-b6a9d000 rw-p 00007000 08:04 2492827    /lib/i386-linux-gnu/librt-2.17.so
b6a9d000-b6aa0000 ---p 00000000 00:00 0 
b6aa0000-b6aee000 rw-p 00000000 00:00 0          [stack:13361]
b6aee000-b6b2f000 r-xp 00000000 08:04 2492824    /lib/i386-linux-gnu/libm-2.17.so
b6b2f000-b6b30000 r--p 00040000 08:04 2492824    /lib/i386-linux-gnu/libm-2.17.so
b6b30000-b6b31000 rw-p 00041000 08:04 2492824    /lib/i386-linux-gnu/libm-2.17.so
b6b31000-b70b7000 r-xp 00000000 08:04 1715645    /usr/local/java/jre1.7.0_40/lib/i386/client/libjvm.so
b70b7000-b70d8000 rw-p 00586000 08:04 1715645    /usr/local/java/jre1.7.0_40/lib/i386/client/libjvm.so
b70d8000-b74f9000 rw-p 00000000 00:00 0 
b74f9000-b76a7000 r-xp 00000000 08:04 2492825    /lib/i386-linux-gnu/libc-2.17.so
b76a7000-b76a9000 r--p 001ae000 08:04 2492825    /lib/i386-linux-gnu/libc-2.17.so
b76a9000-b76aa000 rw-p 001b0000 08:04 2492825    /lib/i386-linux-gnu/libc-2.17.so
b76aa000-b76ad000 rw-p 00000000 00:00 0 
b76ad000-b76b0000 r-xp 00000000 08:04 2492830    /lib/i386-linux-gnu/libdl-2.17.so
b76b0000-b76b1000 r--p 00002000 08:04 2492830    /lib/i386-linux-gnu/libdl-2.17.so
b76b1000-b76b2000 rw-p 00003000 08:04 2492830    /lib/i386-linux-gnu/libdl-2.17.so
b76b2000-b76b3000 rw-p 00000000 00:00 0 
b76b3000-b76c6000 r-xp 00000000 08:04 1715654    /usr/local/java/jre1.7.0_40/lib/i386/jli/libjli.so
b76c6000-b76c7000 rw-p 00012000 08:04 1715654    /usr/local/java/jre1.7.0_40/lib/i386/jli/libjli.so
b76c7000-b76de000 r-xp 00000000 08:04 2492823    /lib/i386-linux-gnu/libpthread-2.17.so
b76de000-b76df000 r--p 00016000 08:04 2492823    /lib/i386-linux-gnu/libpthread-2.17.so
b76df000-b76e0000 rw-p 00017000 08:04 2492823    /lib/i386-linux-gnu/libpthread-2.17.so
b76e0000-b76e2000 rw-p 00000000 00:00 0 
b76e2000-b76e3000 r--s 00001000 08:04 4606299    /home/guilherme/projects/aplicacaowebdistribuida-tcc/target/dependency/javax.inject-1.6.32.jar
b76e3000-b76e4000 r--p 005e0000 08:04 1449933    /usr/lib/locale/locale-archive
b76e4000-b76eb000 r-xp 00000000 08:04 2492818    /lib/i386-linux-gnu/libnss_compat-2.17.so
b76eb000-b76ec000 r--p 00006000 08:04 2492818    /lib/i386-linux-gnu/libnss_compat-2.17.so
b76ec000-b76ed000 rw-p 00007000 08:04 2492818    /lib/i386-linux-gnu/libnss_compat-2.17.so
b76ed000-b76ee000 rw-p 00000000 00:00 0 
b76ee000-b76ef000 ---p 00000000 00:00 0 
b76ef000-b76fa000 r-xp 00000000 08:04 1715632    /usr/local/java/jre1.7.0_40/lib/i386/libverify.so
b76fa000-b76fb000 rw-p 0000b000 08:04 1715632    /usr/local/java/jre1.7.0_40/lib/i386/libverify.so
b76fb000-b76fd000 rw-p 00000000 00:00 0 
b76fd000-b76fe000 r-xp 00000000 00:00 0          [vdso]
b76fe000-b771e000 r-xp 00000000 08:04 2492826    /lib/i386-linux-gnu/ld-2.17.so
b771e000-b771f000 r--p 0001f000 08:04 2492826    /lib/i386-linux-gnu/ld-2.17.so
b771f000-b7720000 rw-p 00020000 08:04 2492826    /lib/i386-linux-gnu/ld-2.17.so
bfc0c000-bfc2d000 rw-p 00000000 00:00 0          [stack]

VM Arguments:
java_command: br.org.base.server.Server
Launcher Type: SUN_STANDARD

Environment Variables:
JAVA_HOME=/usr/local/java/jdk1.7.0_40
JRE_HOME=/usr/local/java/jre1.7.0_40
PATH=/opt/SenchaSDKTools-2.0.0-beta3:/home/guilherme/bin/Sencha/Cmd/4.0.0.203:/usr/local/heroku/bin:/opt/SenchaSDKTools-2.0.0-beta3:/home/guilherme/bin/Sencha/Cmd/4.0.0.203:/home/guilherme/bin:/usr/lib/lightdm/lightdm:/usr/local/sbin:/usr/local/bin:/usr/sbin:/usr/bin:/sbin:/bin:/usr/games:/usr/local/games:/home/guilherme/bin:/usr/local/java/jdk1.7.0_40/bin:/home/guilherme/bin:/usr/local/java/jre1.7.0_40/bin
SHELL=/bin/bash
DISPLAY=:0

Signal Handlers:
SIGSEGV: [libjvm.so+0x503d90], sa_mask[0]=0x7ffbfeff, sa_flags=0x10000004
SIGBUS: [libjvm.so+0x503d90], sa_mask[0]=0x7ffbfeff, sa_flags=0x10000004
SIGFPE: [libjvm.so+0x3fbe80], sa_mask[0]=0x7ffbfeff, sa_flags=0x10000004
SIGPIPE: [libjvm.so+0x3fbe80], sa_mask[0]=0x7ffbfeff, sa_flags=0x10000004
SIGXFSZ: [libjvm.so+0x3fbe80], sa_mask[0]=0x7ffbfeff, sa_flags=0x10000004
SIGILL: [libjvm.so+0x3fbe80], sa_mask[0]=0x7ffbfeff, sa_flags=0x10000004
SIGUSR1: SIG_DFL, sa_mask[0]=0x00000000, sa_flags=0x00000000
SIGUSR2: [libjvm.so+0x3fd370], sa_mask[0]=0x00000000, sa_flags=0x10000004
SIGHUP: [libjvm.so+0x3fe4c0], sa_mask[0]=0x7ffbfeff, sa_flags=0x10000004
SIGINT: [libjvm.so+0x3fe4c0], sa_mask[0]=0x7ffbfeff, sa_flags=0x10000004
SIGTERM: [libjvm.so+0x3fe4c0], sa_mask[0]=0x7ffbfeff, sa_flags=0x10000004
SIGQUIT: [libjvm.so+0x3fe4c0], sa_mask[0]=0x7ffbfeff, sa_flags=0x10000004


---------------  S Y S T E M  ---------------

OS:wheezy/sid

uname:Linux 3.8.0-32-generic #47-Ubuntu SMP Tue Oct 1 21:36:40 UTC 2013 i686
libc:glibc 2.17 NPTL 2.17 
rlimit: STACK 8192k, CORE 0k, NPROC 24106, NOFILE 4096, AS infinity
load average:0,56 0,46 0,45

/proc/meminfo:
MemTotal:        3102112 kB
MemFree:          285680 kB
Buffers:           77656 kB
Cached:           487196 kB
SwapCached:         1936 kB
Active:          2068012 kB
Inactive:         636740 kB
Active(anon):    1795216 kB
Inactive(anon):   368124 kB
Active(file):     272796 kB
Inactive(file):   268616 kB
Unevictable:          64 kB
Mlocked:              64 kB
HighTotal:       2231176 kB
HighFree:          81264 kB
LowTotal:         870936 kB
LowFree:          204416 kB
SwapTotal:       1999868 kB
SwapFree:        1994576 kB
Dirty:              3124 kB
Writeback:             0 kB
AnonPages:       2138272 kB
Mapped:           269464 kB
Shmem:             23456 kB
Slab:              55260 kB
SReclaimable:      33928 kB
SUnreclaim:        21332 kB
KernelStack:        5304 kB
PageTables:        21076 kB
NFS_Unstable:          0 kB
Bounce:                0 kB
WritebackTmp:          0 kB
CommitLimit:     3550924 kB
Committed_AS:    5974688 kB
VmallocTotal:     122880 kB
VmallocUsed:       46444 kB
VmallocChunk:      70132 kB
HardwareCorrupted:     0 kB
AnonHugePages:         0 kB
HugePages_Total:       0
HugePages_Free:        0
HugePages_Rsvd:        0
HugePages_Surp:        0
Hugepagesize:       2048 kB
DirectMap4k:       32760 kB
DirectMap2M:      880640 kB


CPU:total 2 (2 cores per cpu, 1 threads per core) family 15 model 6 stepping 5, cmov, cx8, fxsr, mmx, sse, sse2, sse3, tsc

/proc/cpuinfo:
processor	: 0
vendor_id	: GenuineIntel
cpu family	: 15
model		: 6
model name	: Intel(R) Pentium(R) D CPU 3.20GHz
stepping	: 5
microcode	: 0xb
cpu MHz		: 3200.000
cache size	: 2048 KB
physical id	: 0
siblings	: 2
core id		: 0
cpu cores	: 2
apicid		: 0
initial apicid	: 0
fdiv_bug	: no
hlt_bug		: no
f00f_bug	: no
coma_bug	: no
fpu		: yes
fpu_exception	: yes
cpuid level	: 6
wp		: yes
flags		: fpu vme de pse tsc msr pae mce cx8 apic sep mtrr pge mca cmov pat pse36 clflush dts acpi mmx fxsr sse sse2 ss ht tm pbe nx lm constant_tsc pebs bts pni dtes64 monitor ds_cpl est cid cx16 xtpr pdcm lahf_lm
bogomips	: 6399.38
clflush size	: 64
cache_alignment	: 128
address sizes	: 36 bits physical, 48 bits virtual
power management:

processor	: 1
vendor_id	: GenuineIntel
cpu family	: 15
model		: 6
model name	: Intel(R) Pentium(R) D CPU 3.20GHz
stepping	: 5
microcode	: 0xb
cpu MHz		: 2400.000
cache size	: 2048 KB
physical id	: 0
siblings	: 2
core id		: 1
cpu cores	: 2
apicid		: 1
initial apicid	: 1
fdiv_bug	: no
hlt_bug		: no
f00f_bug	: no
coma_bug	: no
fpu		: yes
fpu_exception	: yes
cpuid level	: 6
wp		: yes
flags		: fpu vme de pse tsc msr pae mce cx8 apic sep mtrr pge mca cmov pat pse36 clflush dts acpi mmx fxsr sse sse2 ss ht tm pbe nx lm constant_tsc pebs bts pni dtes64 monitor ds_cpl est cid cx16 xtpr pdcm lahf_lm
bogomips	: 6399.38
clflush size	: 64
cache_alignment	: 128
address sizes	: 36 bits physical, 48 bits virtual
power management:



Memory: 4k page, physical 3102112k(285680k free), swap 1999868k(1994576k free)

vm_info: Java HotSpot(TM) Client VM (24.0-b56) for linux-x86 JRE (1.7.0_40-b43), built on Aug 26 2013 22:05:59 by "java_re" with gcc 4.3.0 20080428 (Red Hat 4.3.0-8)

time: Thu Oct 31 16:18:30 2013
elapsed time: 1 seconds

