#
# A fatal error has been detected by the Java Runtime Environment:
#
#  SIGILL (0x4) at pc=0xb6d56e10, pid=13538, tid=3065064256
#
# JRE version: Java(TM) SE Runtime Environment (7.0_40-b43) (build 1.7.0_40-b43)
# Java VM: Java HotSpot(TM) Client VM (24.0-b56 mixed mode linux-x86 )
# Problematic frame:
# V  [libjvm.so+0x200e10]  Events::log_exception(Thread*, char const*, ...)+0x20
#
# Failed to write core dump. Core dumps have been disabled. To enable core dumping, try "ulimit -c unlimited" before starting Java again
#
# If you would like to submit a bug report, please visit:
#   http://bugreport.sun.com/bugreport/crash.jsp
#

---------------  T H R E A D  ---------------

Current thread (0xb6907400):  JavaThread "main" [_thread_in_vm, id=13540, stack(0xb6ac2000,0xb6b13000)]

siginfo:si_signo=SIGILL: si_errno=0, si_code=2 (ILL_ILLOPN), si_addr=0xb6d56e10

Registers:
EAX=0x00000000, EBX=0xb70ea868, ECX=0xb6902960, EDX=0x00000000
ESP=0xb6b107d0, EBP=0xb6b107f8, ESI=0xb6902960, EDI=0xb6902e28
EIP=0xb6d56e10, EFLAGS=0x00010282, CR2=0x00000000

Top of Stack: (sp=0xb6b107d0)
0xb6b107d0:   b6907400 b49f6928 dbd2fa0d 400b6b9f
0xb6b107e0:   a0731f58 b6902960 b70ae474 b70ea868
0xb6b107f0:   00000000 b089b600 b6b10af8 b6e8080b
0xb6b10800:   b6907400 b709b507 a0be97c8 b70ae474
0xb6b10810:   000004dc b6b10a3c b6907b94 b6907b94
0xb6b10820:   00344c9b b6b10848 b6907400 b6907b88
0xb6b10830:   52729fa2 0009f09a b6907b8c b70ea868
0xb6b10840:   00000000 00000000 b6b10b50 b49f6820 

Instructions: (pc=0xb6d56e10)
0xb6d56df0:   55 89 e5 57 56 53 83 ec 1c e8 00 00 00 00 5b 81
0xb6d56e00:   c3 6a 3a 39 00 8b 83 10 f2 ff ff 80 38 00 75 08
0xb6d56e10:   8d 65 f4 5b 5e 5f 5d c3 8b 83 d4 fa ff ff 8d 7d
0xb6d56e20:   10 8b 30 8b 83 3c ea ff ff 8b 00 85 c0 75 e1 e8 

Register to memory mapping:

EAX=0x00000000 is an unknown value
EBX=0xb70ea868: <offset 0x594868> in /usr/local/java/jdk1.7.0_40/jre/lib/i386/client/libjvm.so at 0xb6b56000
ECX=0xb6902960 is an unknown value
EDX=0x00000000 is an unknown value
ESP=0xb6b107d0 is pointing into the stack for thread: 0xb6907400
EBP=0xb6b107f8 is pointing into the stack for thread: 0xb6907400
ESI=0xb6902960 is an unknown value
EDI=0xb6902e28 is an unknown value


Stack: [0xb6ac2000,0xb6b13000],  sp=0xb6b107d0,  free space=313k
Native frames: (J=compiled Java code, j=interpreted, Vv=VM code, C=native code)
V  [libjvm.so+0x200e10]  Events::log_exception(Thread*, char const*, ...)+0x20
V  [libjvm.so+0x32a80b]  JVM_DoPrivileged+0x4eb
C  [libjava.so+0x9a4a]  Java_java_security_AccessController_doPrivileged__Ljava_security_PrivilegedExceptionAction_2Ljava_security_AccessControlContext_2+0x3a
J  java.security.AccessController.doPrivileged(Ljava/security/PrivilegedExceptionAction;Ljava/security/AccessControlContext;)Ljava/lang/Object;
J  java.net.URLClassLoader.findClass(Ljava/lang/String;)Ljava/lang/Class;
j  org.apache.maven.project.DefaultMavenProjectBuilder.injectActiveProfiles(Lorg/apache/maven/profiles/ProfileManager;Lorg/apache/maven/model/Model;)Ljava/util/List;+5
j  org.apache.maven.project.DefaultMavenProjectBuilder.buildInternal(Ljava/lang/String;Lorg/apache/maven/model/Model;Lorg/apache/maven/project/ProjectBuilderConfiguration;Ljava/util/List;Ljava/io/File;Z)Lorg/apache/maven/project/MavenProject;+90
j  org.apache.maven.project.DefaultMavenProjectBuilder.buildFromRepository(Lorg/apache/maven/artifact/Artifact;Ljava/util/List;Lorg/apache/maven/artifact/repository/ArtifactRepository;Z)Lorg/apache/maven/project/MavenProject;+103
j  org.apache.maven.project.artifact.MavenMetadataSource.retrieveRelocatedProject(Lorg/apache/maven/artifact/Artifact;Lorg/apache/maven/artifact/repository/ArtifactRepository;Ljava/util/List;)Lorg/apache/maven/project/artifact/MavenMetadataSource$ProjectRelocation;+70
j  org.apache.maven.project.artifact.MavenMetadataSource.retrieveRelocatedArtifact(Lorg/apache/maven/artifact/Artifact;Lorg/apache/maven/artifact/repository/ArtifactRepository;Ljava/util/List;)Lorg/apache/maven/artifact/Artifact;+13
J  org.apache.maven.artifact.resolver.DefaultArtifactCollector.recurse(Lorg/apache/maven/artifact/Artifact;Lorg/apache/maven/artifact/resolver/ResolutionNode;Ljava/util/Map;Lorg/apache/maven/artifact/versioning/ManagedVersionMap;Lorg/apache/maven/artifact/repository/ArtifactRepository;Ljava/util/List;Lorg/apache/maven/artifact/metadata/ArtifactMetadataSource;Lorg/apache/maven/artifact/resolver/filter/ArtifactFilter;Ljava/util/List;)V
j  org.apache.maven.artifact.resolver.DefaultArtifactCollector.collect(Ljava/util/Set;Lorg/apache/maven/artifact/Artifact;Ljava/util/Map;Lorg/apache/maven/artifact/repository/ArtifactRepository;Ljava/util/List;Lorg/apache/maven/artifact/metadata/ArtifactMetadataSource;Lorg/apache/maven/artifact/resolver/filter/ArtifactFilter;Ljava/util/List;)Lorg/apache/maven/artifact/resolver/ArtifactResolutionResult;+57
j  org.apache.maven.artifact.resolver.DefaultArtifactResolver.resolveTransitively(Ljava/util/Set;Lorg/apache/maven/artifact/Artifact;Ljava/util/Map;Lorg/apache/maven/artifact/repository/ArtifactRepository;Ljava/util/List;Lorg/apache/maven/artifact/metadata/ArtifactMetadataSource;Lorg/apache/maven/artifact/resolver/filter/ArtifactFilter;Ljava/util/List;)Lorg/apache/maven/artifact/resolver/ArtifactResolutionResult;+17
j  org.apache.maven.artifact.resolver.DefaultArtifactResolver.resolveTransitively(Ljava/util/Set;Lorg/apache/maven/artifact/Artifact;Ljava/util/Map;Lorg/apache/maven/artifact/repository/ArtifactRepository;Ljava/util/List;Lorg/apache/maven/artifact/metadata/ArtifactMetadataSource;Lorg/apache/maven/artifact/resolver/filter/ArtifactFilter;)Lorg/apache/maven/artifact/resolver/ArtifactResolutionResult;+73
j  org.apache.maven.plugin.DefaultPluginManager.resolveTransitiveDependencies(Lorg/apache/maven/execution/MavenSession;Lorg/apache/maven/artifact/resolver/ArtifactResolver;Ljava/lang/String;Lorg/apache/maven/artifact/factory/ArtifactFactory;Lorg/apache/maven/project/MavenProject;Z)V+97
j  org.apache.maven.plugin.DefaultPluginManager.executeMojo(Lorg/apache/maven/project/MavenProject;Lorg/apache/maven/plugin/MojoExecution;Lorg/apache/maven/execution/MavenSession;)V+195
j  org.apache.maven.lifecycle.DefaultLifecycleExecutor.executeGoals(Ljava/util/List;Ljava/util/Stack;Lorg/apache/maven/execution/MavenSession;Lorg/apache/maven/project/MavenProject;)V+513
j  org.apache.maven.lifecycle.DefaultLifecycleExecutor.executeGoalWithLifecycle(Ljava/lang/String;Ljava/util/Stack;Lorg/apache/maven/execution/MavenSession;Ljava/util/Map;Lorg/apache/maven/project/MavenProject;Lorg/apache/maven/lifecycle/Lifecycle;)V+28
j  org.apache.maven.lifecycle.DefaultLifecycleExecutor.executeGoal(Ljava/lang/String;Lorg/apache/maven/execution/MavenSession;Lorg/apache/maven/project/MavenProject;)V+50
j  org.apache.maven.lifecycle.DefaultLifecycleExecutor.executeGoalAndHandleFailures(Ljava/lang/String;Lorg/apache/maven/execution/MavenSession;Lorg/apache/maven/project/MavenProject;Lorg/apache/maven/monitor/event/EventDispatcher;Ljava/lang/String;Lorg/apache/maven/execution/ReactorManager;JLjava/lang/String;)V+4
j  org.apache.maven.lifecycle.DefaultLifecycleExecutor.executeTaskSegments(Ljava/util/List;Lorg/apache/maven/execution/ReactorManager;Lorg/apache/maven/execution/MavenSession;Lorg/apache/maven/project/MavenProject;Lorg/apache/maven/monitor/event/EventDispatcher;)V+584
j  org.apache.maven.lifecycle.DefaultLifecycleExecutor.execute(Lorg/apache/maven/execution/MavenSession;Lorg/apache/maven/execution/ReactorManager;Lorg/apache/maven/monitor/event/EventDispatcher;)V+241
j  org.apache.maven.DefaultMaven.doExecute(Lorg/apache/maven/execution/MavenExecutionRequest;Lorg/apache/maven/monitor/event/EventDispatcher;)Lorg/apache/maven/execution/ReactorManager;+365
j  org.apache.maven.DefaultMaven.execute(Lorg/apache/maven/execution/MavenExecutionRequest;)V+26
j  org.apache.maven.cli.MavenCli.main([Ljava/lang/String;Lorg/codehaus/classworlds/ClassWorld;)I+1022
j  org.apache.maven.cli.compat.CompatibleMain.main([Ljava/lang/String;Lorg/codehaus/classworlds/ClassWorld;)I+81
v  ~StubRoutines::call_stub
V  [libjvm.so+0x2a7875]  JavaCalls::call_helper(JavaValue*, methodHandle*, JavaCallArguments*, Thread*)+0x315
V  [libjvm.so+0x3fa1e9]  os::os_exception_wrapper(void (*)(JavaValue*, methodHandle*, JavaCallArguments*, Thread*), JavaValue*, methodHandle*, JavaCallArguments*, Thread*)+0x19
V  [libjvm.so+0x2a64ef]  JavaCalls::call(JavaValue*, methodHandle, JavaCallArguments*, Thread*)+0x2f
V  [libjvm.so+0x43f97e]  Reflection::invoke(instanceKlassHandle, methodHandle, Handle, bool, objArrayHandle, BasicType, objArrayHandle, bool, Thread*)+0x3fe
V  [libjvm.so+0x44043a]  Reflection::invoke_method(oopDesc*, Handle, objArrayHandle, Thread*)+0x15a
V  [libjvm.so+0x328c19]  JVM_InvokeMethod+0x209
C  [libjava.so+0x15232]  Java_sun_reflect_NativeMethodAccessorImpl_invoke0+0x32
j  sun.reflect.NativeMethodAccessorImpl.invoke0(Ljava/lang/reflect/Method;Ljava/lang/Object;[Ljava/lang/Object;)Ljava/lang/Object;+0
j  sun.reflect.NativeMethodAccessorImpl.invoke(Ljava/lang/Object;[Ljava/lang/Object;)Ljava/lang/Object;+87
j  sun.reflect.DelegatingMethodAccessorImpl.invoke(Ljava/lang/Object;[Ljava/lang/Object;)Ljava/lang/Object;+6
j  java.lang.reflect.Method.invoke(Ljava/lang/Object;[Ljava/lang/Object;)Ljava/lang/Object;+57
j  org.codehaus.classworlds.Launcher.launchEnhanced([Ljava/lang/String;)V+50
j  org.codehaus.classworlds.Launcher.launch([Ljava/lang/String;)V+2
j  org.codehaus.classworlds.Launcher.mainWithExitCode([Ljava/lang/String;)I+99
j  org.codehaus.classworlds.Launcher.main([Ljava/lang/String;)V+1
v  ~StubRoutines::call_stub
V  [libjvm.so+0x2a7875]  JavaCalls::call_helper(JavaValue*, methodHandle*, JavaCallArguments*, Thread*)+0x315
V  [libjvm.so+0x3fa1e9]  os::os_exception_wrapper(void (*)(JavaValue*, methodHandle*, JavaCallArguments*, Thread*), JavaValue*, methodHandle*, JavaCallArguments*, Thread*)+0x19
V  [libjvm.so+0x2a64ef]  JavaCalls::call(JavaValue*, methodHandle, JavaCallArguments*, Thread*)+0x2f
V  [libjvm.so+0x2e28b2]  jni_invoke_static(JNIEnv_*, JavaValue*, _jobject*, JNICallType, _jmethodID*, JNI_ArgumentPusher*, Thread*)+0x242
V  [libjvm.so+0x2f8ada]  jni_CallStaticVoidMethod+0xca
C  [libjli.so+0x2e8d]  JavaMain+0x8bd
C  [libpthread.so.0+0x6d78]  start_thread+0xd8

Java frames: (J=compiled Java code, j=interpreted, Vv=VM code)
J  java.security.AccessController.doPrivileged(Ljava/security/PrivilegedExceptionAction;Ljava/security/AccessControlContext;)Ljava/lang/Object;
J  java.net.URLClassLoader.findClass(Ljava/lang/String;)Ljava/lang/Class;
J  java.lang.ClassLoader.loadClass(Ljava/lang/String;Z)Ljava/lang/Class;
J  java.lang.ClassLoader.loadClass(Ljava/lang/String;Z)Ljava/lang/Class;
J  sun.misc.Launcher$AppClassLoader.loadClass(Ljava/lang/String;Z)Ljava/lang/Class;
J  java.lang.ClassLoader.loadClass(Ljava/lang/String;)Ljava/lang/Class;
J  org.codehaus.classworlds.DefaultClassRealm.loadClass(Ljava/lang/String;)Ljava/lang/Class;
J  org.codehaus.plexus.component.factory.java.JavaComponentFactory.newInstance(Lorg/codehaus/plexus/component/repository/ComponentDescriptor;Lorg/codehaus/classworlds/ClassRealm;Lorg/codehaus/plexus/PlexusContainer;)Ljava/lang/Object;
J  org.codehaus.plexus.DefaultPlexusContainer.createComponentInstance(Lorg/codehaus/plexus/component/repository/ComponentDescriptor;)Ljava/lang/Object;
J  org.codehaus.plexus.component.manager.ClassicSingletonComponentManager.getComponent()Ljava/lang/Object;
J  org.codehaus.plexus.DefaultPlexusContainer.lookup(Ljava/lang/String;)Ljava/lang/Object;
J  org.codehaus.plexus.DefaultPlexusContainer.lookupList(Ljava/lang/String;)Ljava/util/List;
J  org.apache.maven.profiles.DefaultProfileManager.isActive(Lorg/apache/maven/model/Profile;)Z
j  org.apache.maven.profiles.DefaultProfileManager.getActiveProfiles()Ljava/util/List;+101
j  org.apache.maven.project.DefaultMavenProjectBuilder.injectActiveProfiles(Lorg/apache/maven/profiles/ProfileManager;Lorg/apache/maven/model/Model;)Ljava/util/List;+5
j  org.apache.maven.project.DefaultMavenProjectBuilder.buildInternal(Ljava/lang/String;Lorg/apache/maven/model/Model;Lorg/apache/maven/project/ProjectBuilderConfiguration;Ljava/util/List;Ljava/io/File;Z)Lorg/apache/maven/project/MavenProject;+90
j  org.apache.maven.project.DefaultMavenProjectBuilder.buildFromRepository(Lorg/apache/maven/artifact/Artifact;Ljava/util/List;Lorg/apache/maven/artifact/repository/ArtifactRepository;Z)Lorg/apache/maven/project/MavenProject;+103
j  org.apache.maven.project.artifact.MavenMetadataSource.retrieveRelocatedProject(Lorg/apache/maven/artifact/Artifact;Lorg/apache/maven/artifact/repository/ArtifactRepository;Ljava/util/List;)Lorg/apache/maven/project/artifact/MavenMetadataSource$ProjectRelocation;+70
j  org.apache.maven.project.artifact.MavenMetadataSource.retrieveRelocatedArtifact(Lorg/apache/maven/artifact/Artifact;Lorg/apache/maven/artifact/repository/ArtifactRepository;Ljava/util/List;)Lorg/apache/maven/artifact/Artifact;+13
J  org.apache.maven.artifact.resolver.DefaultArtifactCollector.recurse(Lorg/apache/maven/artifact/Artifact;Lorg/apache/maven/artifact/resolver/ResolutionNode;Ljava/util/Map;Lorg/apache/maven/artifact/versioning/ManagedVersionMap;Lorg/apache/maven/artifact/repository/ArtifactRepository;Ljava/util/List;Lorg/apache/maven/artifact/metadata/ArtifactMetadataSource;Lorg/apache/maven/artifact/resolver/filter/ArtifactFilter;Ljava/util/List;)V
j  org.apache.maven.artifact.resolver.DefaultArtifactCollector.recurse(Lorg/apache/maven/artifact/Artifact;Lorg/apache/maven/artifact/resolver/ResolutionNode;Ljava/util/Map;Lorg/apache/maven/artifact/versioning/ManagedVersionMap;Lorg/apache/maven/artifact/repository/ArtifactRepository;Ljava/util/List;Lorg/apache/maven/artifact/metadata/ArtifactMetadataSource;Lorg/apache/maven/artifact/resolver/filter/ArtifactFilter;Ljava/util/List;)V+1275
j  org.apache.maven.artifact.resolver.DefaultArtifactCollector.collect(Ljava/util/Set;Lorg/apache/maven/artifact/Artifact;Ljava/util/Map;Lorg/apache/maven/artifact/repository/ArtifactRepository;Ljava/util/List;Lorg/apache/maven/artifact/metadata/ArtifactMetadataSource;Lorg/apache/maven/artifact/resolver/filter/ArtifactFilter;Ljava/util/List;)Lorg/apache/maven/artifact/resolver/ArtifactResolutionResult;+57
j  org.apache.maven.artifact.resolver.DefaultArtifactResolver.resolveTransitively(Ljava/util/Set;Lorg/apache/maven/artifact/Artifact;Ljava/util/Map;Lorg/apache/maven/artifact/repository/ArtifactRepository;Ljava/util/List;Lorg/apache/maven/artifact/metadata/ArtifactMetadataSource;Lorg/apache/maven/artifact/resolver/filter/ArtifactFilter;Ljava/util/List;)Lorg/apache/maven/artifact/resolver/ArtifactResolutionResult;+17
j  org.apache.maven.artifact.resolver.DefaultArtifactResolver.resolveTransitively(Ljava/util/Set;Lorg/apache/maven/artifact/Artifact;Ljava/util/Map;Lorg/apache/maven/artifact/repository/ArtifactRepository;Ljava/util/List;Lorg/apache/maven/artifact/metadata/ArtifactMetadataSource;Lorg/apache/maven/artifact/resolver/filter/ArtifactFilter;)Lorg/apache/maven/artifact/resolver/ArtifactResolutionResult;+73
j  org.apache.maven.plugin.DefaultPluginManager.resolveTransitiveDependencies(Lorg/apache/maven/execution/MavenSession;Lorg/apache/maven/artifact/resolver/ArtifactResolver;Ljava/lang/String;Lorg/apache/maven/artifact/factory/ArtifactFactory;Lorg/apache/maven/project/MavenProject;Z)V+97
j  org.apache.maven.plugin.DefaultPluginManager.executeMojo(Lorg/apache/maven/project/MavenProject;Lorg/apache/maven/plugin/MojoExecution;Lorg/apache/maven/execution/MavenSession;)V+195
j  org.apache.maven.lifecycle.DefaultLifecycleExecutor.executeGoals(Ljava/util/List;Ljava/util/Stack;Lorg/apache/maven/execution/MavenSession;Lorg/apache/maven/project/MavenProject;)V+513
j  org.apache.maven.lifecycle.DefaultLifecycleExecutor.executeGoalWithLifecycle(Ljava/lang/String;Ljava/util/Stack;Lorg/apache/maven/execution/MavenSession;Ljava/util/Map;Lorg/apache/maven/project/MavenProject;Lorg/apache/maven/lifecycle/Lifecycle;)V+28
j  org.apache.maven.lifecycle.DefaultLifecycleExecutor.executeGoal(Ljava/lang/String;Lorg/apache/maven/execution/MavenSession;Lorg/apache/maven/project/MavenProject;)V+50
j  org.apache.maven.lifecycle.DefaultLifecycleExecutor.executeGoalAndHandleFailures(Ljava/lang/String;Lorg/apache/maven/execution/MavenSession;Lorg/apache/maven/project/MavenProject;Lorg/apache/maven/monitor/event/EventDispatcher;Ljava/lang/String;Lorg/apache/maven/execution/ReactorManager;JLjava/lang/String;)V+4
j  org.apache.maven.lifecycle.DefaultLifecycleExecutor.executeTaskSegments(Ljava/util/List;Lorg/apache/maven/execution/ReactorManager;Lorg/apache/maven/execution/MavenSession;Lorg/apache/maven/project/MavenProject;Lorg/apache/maven/monitor/event/EventDispatcher;)V+584
j  org.apache.maven.lifecycle.DefaultLifecycleExecutor.execute(Lorg/apache/maven/execution/MavenSession;Lorg/apache/maven/execution/ReactorManager;Lorg/apache/maven/monitor/event/EventDispatcher;)V+241
j  org.apache.maven.DefaultMaven.doExecute(Lorg/apache/maven/execution/MavenExecutionRequest;Lorg/apache/maven/monitor/event/EventDispatcher;)Lorg/apache/maven/execution/ReactorManager;+365
j  org.apache.maven.DefaultMaven.execute(Lorg/apache/maven/execution/MavenExecutionRequest;)V+26
j  org.apache.maven.cli.MavenCli.main([Ljava/lang/String;Lorg/codehaus/classworlds/ClassWorld;)I+1022
j  org.apache.maven.cli.compat.CompatibleMain.main([Ljava/lang/String;Lorg/codehaus/classworlds/ClassWorld;)I+81
v  ~StubRoutines::call_stub
j  sun.reflect.NativeMethodAccessorImpl.invoke0(Ljava/lang/reflect/Method;Ljava/lang/Object;[Ljava/lang/Object;)Ljava/lang/Object;+0
j  sun.reflect.NativeMethodAccessorImpl.invoke(Ljava/lang/Object;[Ljava/lang/Object;)Ljava/lang/Object;+87
j  sun.reflect.DelegatingMethodAccessorImpl.invoke(Ljava/lang/Object;[Ljava/lang/Object;)Ljava/lang/Object;+6
j  java.lang.reflect.Method.invoke(Ljava/lang/Object;[Ljava/lang/Object;)Ljava/lang/Object;+57
j  org.codehaus.classworlds.Launcher.launchEnhanced([Ljava/lang/String;)V+50
j  org.codehaus.classworlds.Launcher.launch([Ljava/lang/String;)V+2
j  org.codehaus.classworlds.Launcher.mainWithExitCode([Ljava/lang/String;)I+99
j  org.codehaus.classworlds.Launcher.main([Ljava/lang/String;)V+1
v  ~StubRoutines::call_stub

---------------  P R O C E S S  ---------------

Java Threads: ( => current thread )
  0x9fb60000 JavaThread "pool-1-thread-3" [_thread_blocked, id=13553, stack(0x9fd08000,0x9fd59000)]
  0x9fa07800 JavaThread "pool-1-thread-2" [_thread_blocked, id=13552, stack(0x9fd59000,0x9fdaa000)]
  0x9fcf3400 JavaThread "pool-1-thread-1" [_thread_blocked, id=13551, stack(0x9fdaa000,0x9fdfb000)]
  0x9fc7bc00 JavaThread "process reaper" daemon [_thread_blocked, id=13549, stack(0xa0202000,0xa0219000)]
  0xb696f400 JavaThread "Service Thread" daemon [_thread_blocked, id=13546, stack(0x9feaf000,0x9ff00000)]
  0xb696d400 JavaThread "C1 CompilerThread0" daemon [_thread_blocked, id=13545, stack(0xa022e000,0xa02af000)]
  0xb696b800 JavaThread "Signal Dispatcher" daemon [_thread_blocked, id=13544, stack(0xa02af000,0xa0300000)]
  0xb695b400 JavaThread "Finalizer" daemon [_thread_blocked, id=13543, stack(0xa0403000,0xa0454000)]
  0xb6958c00 JavaThread "Reference Handler" daemon [_thread_blocked, id=13542, stack(0xa0454000,0xa04a5000)]
=>0xb6907400 JavaThread "main" [_thread_in_vm, id=13540, stack(0xb6ac2000,0xb6b13000)]

Other Threads:
  0xb6957400 VMThread [stack: 0xa04a5000,0xa0526000] [id=13541]
  0xb6979800 WatcherThread [stack: 0x9fe2e000,0x9feaf000] [id=13547]

VM state:not at safepoint (normal execution)

VM Mutex/Monitor currently owned by a thread: None

Heap
 def new generation   total 7744K, used 4218K [0xa0880000, 0xa10e0000, 0xa5dd0000)
  eden space 6912K,  51% used [0xa0880000, 0xa0bfe868, 0xa0f40000)
  from space 832K,  77% used [0xa0f40000, 0xa0fe02e8, 0xa1010000)
  to   space 832K,   0% used [0xa1010000, 0xa1010000, 0xa10e0000)
 tenured generation   total 17028K, used 16149K [0xa5dd0000, 0xa6e71000, 0xb0880000)
   the space 17028K,  94% used [0xa5dd0000, 0xa6d95580, 0xa6d95600, 0xa6e71000)
 compacting perm gen  total 12288K, used 4895K [0xb0880000, 0xb1480000, 0xb4880000)
   the space 12288K,  39% used [0xb0880000, 0xb0d47d48, 0xb0d47e00, 0xb1480000)
No shared spaces configured.

Card table byte_map: [0xa07df000,0xa0880000] byte_map_base: 0xa02dac00

Polling page: 0xb7713000

Code Cache  [0xb4900000, 0xb4b18000, 0xb6900000)
 total_blobs=1127 nmethods=980 adapters=83 free_code_cache=30646Kb largest_free_block=31381824

Compilation events (10 events):
Event: 3,414 Thread 0xb696d400  976             java.util.regex.Pattern$Curly::study (153 bytes)
Event: 3,415 Thread 0xb696d400 nmethod 976 0xb4b11a08 code [0xb4b11b20, 0xb4b11ca8]
Event: 3,419 Thread 0xb696d400  977             java.util.Hashtable$Entry::getValue (5 bytes)
Event: 3,419 Thread 0xb696d400 nmethod 977 0xb4b11d88 code [0xb4b11e80, 0xb4b11f00]
Event: 3,421 Thread 0xb696d400  978             sun.reflect.ByteVectorImpl::getLength (7 bytes)
Event: 3,421 Thread 0xb696d400 nmethod 978 0xb4b11f48 code [0xb4b12040, 0xb4b120c0]
Event: 3,421 Thread 0xb696d400  979             java.lang.reflect.Method::invoke (63 bytes)
Event: 3,422 Thread 0xb696d400 nmethod 979 0xb4b12108 code [0xb4b12240, 0xb4b1239c]
Event: 3,422 Thread 0xb696d400  980             sun.reflect.DelegatingMethodAccessorImpl::invoke (10 bytes)
Event: 3,422 Thread 0xb696d400 nmethod 980 0xb4b124c8 code [0xb4b125d0, 0xb4b1266c]

GC Heap History (10 events):
Event: 3,085 GC heap before
{Heap before GC invocations=31 (full 1):
 def new generation   total 7744K, used 7631K [0xa0880000, 0xa10e0000, 0xa5dd0000)
  eden space 6912K, 100% used [0xa0880000, 0xa0f40000, 0xa0f40000)
  from space 832K,  86% used [0xa1010000, 0xa10c3c30, 0xa10e0000)
  to   space 832K,   0% used [0xa0f40000, 0xa0f40000, 0xa1010000)
 tenured generation   total 17028K, used 13233K [0xa5dd0000, 0xa6e71000, 0xb0880000)
   the space 17028K,  77% used [0xa5dd0000, 0xa6abc430, 0xa6abc600, 0xa6e71000)
 compacting perm gen  total 12288K, used 4893K [0xb0880000, 0xb1480000, 0xb4880000)
   the space 12288K,  39% used [0xb0880000, 0xb0d47758, 0xb0d47800, 0xb1480000)
No shared spaces configured.
Event: 3,092 GC heap after
Heap after GC invocations=32 (full 1):
 def new generation   total 7744K, used 686K [0xa0880000, 0xa10e0000, 0xa5dd0000)
  eden space 6912K,   0% used [0xa0880000, 0xa0880000, 0xa0f40000)
  from space 832K,  82% used [0xa0f40000, 0xa0febab0, 0xa1010000)
  to   space 832K,   0% used [0xa1010000, 0xa1010000, 0xa10e0000)
 tenured generation   total 17028K, used 13860K [0xa5dd0000, 0xa6e71000, 0xb0880000)
   the space 17028K,  81% used [0xa5dd0000, 0xa6b59250, 0xa6b59400, 0xa6e71000)
 compacting perm gen  total 12288K, used 4893K [0xb0880000, 0xb1480000, 0xb4880000)
   the space 12288K,  39% used [0xb0880000, 0xb0d47758, 0xb0d47800, 0xb1480000)
No shared spaces configured.
}
Event: 3,157 GC heap before
{Heap before GC invocations=32 (full 1):
 def new generation   total 7744K, used 7598K [0xa0880000, 0xa10e0000, 0xa5dd0000)
  eden space 6912K, 100% used [0xa0880000, 0xa0f40000, 0xa0f40000)
  from space 832K,  82% used [0xa0f40000, 0xa0febab0, 0xa1010000)
  to   space 832K,   0% used [0xa1010000, 0xa1010000, 0xa10e0000)
 tenured generation   total 17028K, used 13860K [0xa5dd0000, 0xa6e71000, 0xb0880000)
   the space 17028K,  81% used [0xa5dd0000, 0xa6b59250, 0xa6b59400, 0xa6e71000)
 compacting perm gen  total 12288K, used 4893K [0xb0880000, 0xb1480000, 0xb4880000)
   the space 12288K,  39% used [0xb0880000, 0xb0d477e8, 0xb0d47800, 0xb1480000)
No shared spaces configured.
Event: 3,164 GC heap after
Heap after GC invocations=33 (full 1):
 def new generation   total 7744K, used 795K [0xa0880000, 0xa10e0000, 0xa5dd0000)
  eden space 6912K,   0% used [0xa0880000, 0xa0880000, 0xa0f40000)
  from space 832K,  95% used [0xa1010000, 0xa10d6c28, 0xa10e0000)
  to   space 832K,   0% used [0xa0f40000, 0xa0f40000, 0xa1010000)
 tenured generation   total 17028K, used 14396K [0xa5dd0000, 0xa6e71000, 0xb0880000)
   the space 17028K,  84% used [0xa5dd0000, 0xa6bdf100, 0xa6bdf200, 0xa6e71000)
 compacting perm gen  total 12288K, used 4893K [0xb0880000, 0xb1480000, 0xb4880000)
   the space 12288K,  39% used [0xb0880000, 0xb0d477e8, 0xb0d47800, 0xb1480000)
No shared spaces configured.
}
Event: 3,233 GC heap before
{Heap before GC invocations=33 (full 1):
 def new generation   total 7744K, used 7707K [0xa0880000, 0xa10e0000, 0xa5dd0000)
  eden space 6912K, 100% used [0xa0880000, 0xa0f40000, 0xa0f40000)
  from space 832K,  95% used [0xa1010000, 0xa10d6c28, 0xa10e0000)
  to   space 832K,   0% used [0xa0f40000, 0xa0f40000, 0xa1010000)
 tenured generation   total 17028K, used 14396K [0xa5dd0000, 0xa6e71000, 0xb0880000)
   the space 17028K,  84% used [0xa5dd0000, 0xa6bdf100, 0xa6bdf200, 0xa6e71000)
 compacting perm gen  total 12288K, used 4894K [0xb0880000, 0xb1480000, 0xb4880000)
   the space 12288K,  39% used [0xb0880000, 0xb0d47868, 0xb0d47a00, 0xb1480000)
No shared spaces configured.
Event: 3,240 GC heap after
Heap after GC invocations=34 (full 1):
 def new generation   total 7744K, used 728K [0xa0880000, 0xa10e0000, 0xa5dd0000)
  eden space 6912K,   0% used [0xa0880000, 0xa0880000, 0xa0f40000)
  from space 832K,  87% used [0xa0f40000, 0xa0ff6370, 0xa1010000)
  to   space 832K,   0% used [0xa1010000, 0xa1010000, 0xa10e0000)
 tenured generation   total 17028K, used 14960K [0xa5dd0000, 0xa6e71000, 0xb0880000)
   the space 17028K,  87% used [0xa5dd0000, 0xa6c6c188, 0xa6c6c200, 0xa6e71000)
 compacting perm gen  total 12288K, used 4894K [0xb0880000, 0xb1480000, 0xb4880000)
   the space 12288K,  39% used [0xb0880000, 0xb0d47868, 0xb0d47a00, 0xb1480000)
No shared spaces configured.
}
Event: 3,306 GC heap before
{Heap before GC invocations=34 (full 1):
 def new generation   total 7744K, used 7640K [0xa0880000, 0xa10e0000, 0xa5dd0000)
  eden space 6912K, 100% used [0xa0880000, 0xa0f40000, 0xa0f40000)
  from space 832K,  87% used [0xa0f40000, 0xa0ff6370, 0xa1010000)
  to   space 832K,   0% used [0xa1010000, 0xa1010000, 0xa10e0000)
 tenured generation   total 17028K, used 14960K [0xa5dd0000, 0xa6e71000, 0xb0880000)
   the space 17028K,  87% used [0xa5dd0000, 0xa6c6c188, 0xa6c6c200, 0xa6e71000)
 compacting perm gen  total 12288K, used 4894K [0xb0880000, 0xb1480000, 0xb4880000)
   the space 12288K,  39% used [0xb0880000, 0xb0d478b8, 0xb0d47a00, 0xb1480000)
No shared spaces configured.
Event: 3,314 GC heap after
Heap after GC invocations=35 (full 1):
 def new generation   total 7744K, used 803K [0xa0880000, 0xa10e0000, 0xa5dd0000)
  eden space 6912K,   0% used [0xa0880000, 0xa0880000, 0xa0f40000)
  from space 832K,  96% used [0xa1010000, 0xa10d8da0, 0xa10e0000)
  to   space 832K,   0% used [0xa0f40000, 0xa0f40000, 0xa1010000)
 tenured generation   total 17028K, used 15517K [0xa5dd0000, 0xa6e71000, 0xb0880000)
   the space 17028K,  91% used [0xa5dd0000, 0xa6cf7628, 0xa6cf7800, 0xa6e71000)
 compacting perm gen  total 12288K, used 4894K [0xb0880000, 0xb1480000, 0xb4880000)
   the space 12288K,  39% used [0xb0880000, 0xb0d478b8, 0xb0d47a00, 0xb1480000)
No shared spaces configured.
}
Event: 3,384 GC heap before
{Heap before GC invocations=35 (full 1):
 def new generation   total 7744K, used 7715K [0xa0880000, 0xa10e0000, 0xa5dd0000)
  eden space 6912K, 100% used [0xa0880000, 0xa0f40000, 0xa0f40000)
  from space 832K,  96% used [0xa1010000, 0xa10d8da0, 0xa10e0000)
  to   space 832K,   0% used [0xa0f40000, 0xa0f40000, 0xa1010000)
 tenured generation   total 17028K, used 15517K [0xa5dd0000, 0xa6e71000, 0xb0880000)
   the space 17028K,  91% used [0xa5dd0000, 0xa6cf7628, 0xa6cf7800, 0xa6e71000)
 compacting perm gen  total 12288K, used 4894K [0xb0880000, 0xb1480000, 0xb4880000)
   the space 12288K,  39% used [0xb0880000, 0xb0d478e8, 0xb0d47a00, 0xb1480000)
No shared spaces configured.
Event: 3,394 GC heap after
Heap after GC invocations=36 (full 1):
 def new generation   total 7744K, used 640K [0xa0880000, 0xa10e0000, 0xa5dd0000)
  eden space 6912K,   0% used [0xa0880000, 0xa0880000, 0xa0f40000)
  from space 832K,  77% used [0xa0f40000, 0xa0fe02e8, 0xa1010000)
  to   space 832K,   0% used [0xa1010000, 0xa1010000, 0xa10e0000)
 tenured generation   total 17028K, used 16149K [0xa5dd0000, 0xa6e71000, 0xb0880000)
   the space 17028K,  94% used [0xa5dd0000, 0xa6d95580, 0xa6d95600, 0xa6e71000)
 compacting perm gen  total 12288K, used 4894K [0xb0880000, 0xb1480000, 0xb4880000)
   the space 12288K,  39% used [0xb0880000, 0xb0d478e8, 0xb0d47a00, 0xb1480000)
No shared spaces configured.
}

Deoptimization events (0 events):
No events

Internal exceptions (10 events):
Event: 3,417 Thread 0xb6907400 Threw 0xa0aedba0 at /HUDSON/workspace/jdk7u40-2-build-linux-i586-product/jdk7u40/hotspot/src/share/vm/prims/jvm.cpp:1244
Event: 3,417 Thread 0xb6907400 Threw 0xa0aee8b0 at /HUDSON/workspace/jdk7u40-2-build-linux-i586-product/jdk7u40/hotspot/src/share/vm/prims/jvm.cpp:1244
Event: 3,417 Thread 0xb6907400 Threw 0xa0aeefd0 at /HUDSON/workspace/jdk7u40-2-build-linux-i586-product/jdk7u40/hotspot/src/share/vm/prims/jvm.cpp:1244
Event: 3,417 Thread 0xb6907400 Threw 0xa0af0270 at /HUDSON/workspace/jdk7u40-2-build-linux-i586-product/jdk7u40/hotspot/src/share/vm/prims/jvm.cpp:1244
Event: 3,417 Thread 0xb6907400 Threw 0xa0af09b0 at /HUDSON/workspace/jdk7u40-2-build-linux-i586-product/jdk7u40/hotspot/src/share/vm/prims/jvm.cpp:1244
Event: 3,418 Thread 0xb6907400 Threw 0xa0af16e8 at /HUDSON/workspace/jdk7u40-2-build-linux-i586-product/jdk7u40/hotspot/src/share/vm/prims/jvm.cpp:1244
Event: 3,418 Thread 0xb6907400 Threw 0xa0af1e60 at /HUDSON/workspace/jdk7u40-2-build-linux-i586-product/jdk7u40/hotspot/src/share/vm/prims/jvm.cpp:1244
Event: 3,418 Thread 0xb6907400 Threw 0xa0af2b68 at /HUDSON/workspace/jdk7u40-2-build-linux-i586-product/jdk7u40/hotspot/src/share/vm/prims/jvm.cpp:1244
Event: 3,418 Thread 0xb6907400 Threw 0xa0af32a8 at /HUDSON/workspace/jdk7u40-2-build-linux-i586-product/jdk7u40/hotspot/src/share/vm/prims/jvm.cpp:1244
Event: 3,428 Thread 0xb6907400 Threw 0xa0be97c8 at /HUDSON/workspace/jdk7u40-2-build-linux-i586-product/jdk7u40/hotspot/src/share/vm/prims/jvm.cpp:1244

Events (10 events):
Event: 3,417 loading class 0x9fccd758
Event: 3,417 loading class 0x9fccd758 done
Event: 3,417 loading class 0x9fccb220
Event: 3,417 loading class 0x9fccb220 done
Event: 3,417 loading class 0x9fce20b0
Event: 3,417 loading class 0x9fce20b0 done
Event: 3,418 loading class 0x9fce05a8
Event: 3,418 loading class 0x9fce05a8 done
Event: 3,427 loading class 0x9fccd4d0
Event: 3,427 loading class 0x9fccd4d0 done


Dynamic libraries:
08048000-08049000 r-xp 00000000 08:04 1717000    /usr/local/java/jdk1.7.0_40/bin/java
08049000-0804a000 rw-p 00000000 08:04 1717000    /usr/local/java/jdk1.7.0_40/bin/java
082bb000-082dc000 rw-p 00000000 00:00 0          [heap]
9f918000-9fa00000 rw-p 00000000 00:00 0 
9fa00000-9fae5000 rw-p 00000000 00:00 0 
9fae5000-9fb00000 ---p 00000000 00:00 0 
9fb00000-9fb83000 rw-p 00000000 00:00 0 
9fb83000-9fc00000 ---p 00000000 00:00 0 
9fc00000-9fd00000 rw-p 00000000 00:00 0 
9fd03000-9fd08000 r--s 00039000 08:04 4854508    /home/guilherme/.m2/repository/org/codehaus/plexus/plexus-utils/1.5.6/plexus-utils-1.5.6.jar
9fd08000-9fd0b000 ---p 00000000 00:00 0 
9fd0b000-9fd59000 rw-p 00000000 00:00 0          [stack:13553]
9fd59000-9fd5c000 ---p 00000000 00:00 0 
9fd5c000-9fdaa000 rw-p 00000000 00:00 0          [stack:13552]
9fdaa000-9fdad000 ---p 00000000 00:00 0 
9fdad000-9fdfb000 rw-p 00000000 00:00 0          [stack:13551]
9fdfb000-9fdff000 r--s 0002f000 08:04 4338695    /home/guilherme/.m2/repository/org/apache/maven/plugins/maven-assembly-plugin/2.2-beta-4/maven-assembly-plugin-2.2-beta-4.jar
9fdff000-9fe2e000 r--s 00236000 08:04 1587137    /usr/share/maven2/lib/maven-debian-uber.jar
9fe2e000-9fe2f000 ---p 00000000 00:00 0 
9fe2f000-9feaf000 rw-p 00000000 00:00 0          [stack:13547]
9feaf000-9feb2000 ---p 00000000 00:00 0 
9feb2000-9ff00000 rw-p 00000000 00:00 0          [stack:13546]
9ff00000-a0100000 r--p 00000000 08:04 1449933    /usr/lib/locale/locale-archive
a0100000-a0121000 rw-p 00000000 00:00 0 
a0121000-a0200000 ---p 00000000 00:00 0 
a0201000-a0202000 rw-p 00000000 00:00 0 
a0202000-a0205000 ---p 00000000 00:00 0 
a0205000-a0219000 rw-p 00000000 00:00 0          [stack:13549]
a0219000-a022d000 r-xp 00000000 08:04 1717553    /usr/local/java/jdk1.7.0_40/jre/lib/i386/libnet.so
a022d000-a022e000 rw-p 00014000 08:04 1717553    /usr/local/java/jdk1.7.0_40/jre/lib/i386/libnet.so
a022e000-a0231000 ---p 00000000 00:00 0 
a0231000-a02af000 rw-p 00000000 00:00 0          [stack:13545]
a02af000-a02b2000 ---p 00000000 00:00 0 
a02b2000-a0300000 rw-p 00000000 00:00 0          [stack:13544]
a0300000-a0400000 rw-p 00000000 00:00 0 
a0400000-a0401000 rw-p 00000000 00:00 0 
a0401000-a0403000 r--s 0000b000 08:04 5376409    /home/guilherme/.m2/repository/org/codehaus/plexus/plexus-interpolation/1.6/plexus-interpolation-1.6.jar
a0403000-a0406000 ---p 00000000 00:00 0 
a0406000-a0454000 rw-p 00000000 00:00 0          [stack:13543]
a0454000-a0457000 ---p 00000000 00:00 0 
a0457000-a04a5000 rw-p 00000000 00:00 0          [stack:13542]
a04a5000-a04a6000 ---p 00000000 00:00 0 
a04a6000-a0571000 rw-p 00000000 00:00 0          [stack:13541]
a0571000-a072e000 r--s 039d3000 08:04 1717013    /usr/local/java/jdk1.7.0_40/jre/lib/rt.jar
a072e000-a0792000 rw-p 00000000 00:00 0 
a0792000-a07df000 rw-p 00000000 00:00 0 
a07df000-a07e4000 rw-p 00000000 00:00 0 
a07e4000-a0809000 rw-p 00000000 00:00 0 
a0809000-a0812000 rw-p 00000000 00:00 0 
a0812000-a085f000 rw-p 00000000 00:00 0 
a085f000-a0865000 rw-p 00000000 00:00 0 
a0865000-a087f000 rw-p 00000000 00:00 0 
a087f000-a10e0000 rw-p 00000000 00:00 0 
a10e0000-a5dd0000 rw-p 00000000 00:00 0 
a5dd0000-a6e71000 rw-p 00000000 00:00 0 
a6e71000-b0880000 rw-p 00000000 00:00 0 
b0880000-b1480000 rw-p 00000000 00:00 0 
b1480000-b4880000 rw-p 00000000 00:00 0 
b4880000-b4889000 rw-p 00000000 00:00 0 
b4889000-b4900000 rw-p 00000000 00:00 0 
b4900000-b4b18000 rwxp 00000000 00:00 0 
b4b18000-b69fe000 rw-p 00000000 00:00 0 
b69fe000-b6a00000 ---p 00000000 00:00 0 
b6a00000-b6a01000 rw-p 00000000 00:00 0 
b6a01000-b6a03000 r--s 00007000 08:04 4854509    /home/guilherme/.m2/repository/org/apache/maven/shared/maven-filtering/1.0-beta-2/maven-filtering-1.0-beta-2.jar
b6a03000-b6a06000 r--s 0001e000 08:04 4196895    /home/guilherme/.m2/repository/org/apache/maven/plugins/maven-dependency-plugin/2.4/maven-dependency-plugin-2.4.jar
b6a06000-b6a08000 r--s 00007000 08:04 4335231    /home/guilherme/.m2/repository/org/apache/maven/plugins/maven-jar-plugin/2.4/maven-jar-plugin-2.4.jar
b6a08000-b6a0a000 r--s 00006000 08:04 4203254    /home/guilherme/.m2/repository/org/apache/maven/plugins/maven-surefire-plugin/2.10/maven-surefire-plugin-2.10.jar
b6a0a000-b6a0b000 r--s 00004000 08:04 4203245    /home/guilherme/.m2/repository/org/apache/maven/plugins/maven-compiler-plugin/2.0.2/maven-compiler-plugin-2.0.2.jar
b6a0b000-b6a0d000 r--s 00004000 08:04 4202766    /home/guilherme/.m2/repository/org/apache/maven/plugins/maven-resources-plugin/2.3/maven-resources-plugin-2.3.jar
b6a0d000-b6a11000 r--s 0008a000 08:04 1717584    /usr/local/java/jdk1.7.0_40/jre/lib/jsse.jar
b6a11000-b6a18000 rw-p 00000000 00:00 0 
b6a18000-b6a32000 rw-p 00000000 00:00 0 
b6a32000-b6a49000 r-xp 00000000 08:04 1717575    /usr/local/java/jdk1.7.0_40/jre/lib/i386/libzip.so
b6a49000-b6a4a000 rw-p 00017000 08:04 1717575    /usr/local/java/jdk1.7.0_40/jre/lib/i386/libzip.so
b6a4a000-b6a55000 r-xp 00000000 08:04 2492817    /lib/i386-linux-gnu/libnss_files-2.17.so
b6a55000-b6a56000 r--p 0000a000 08:04 2492817    /lib/i386-linux-gnu/libnss_files-2.17.so
b6a56000-b6a57000 rw-p 0000b000 08:04 2492817    /lib/i386-linux-gnu/libnss_files-2.17.so
b6a57000-b6a61000 r-xp 00000000 08:04 2492828    /lib/i386-linux-gnu/libnss_nis-2.17.so
b6a61000-b6a62000 r--p 00009000 08:04 2492828    /lib/i386-linux-gnu/libnss_nis-2.17.so
b6a62000-b6a63000 rw-p 0000a000 08:04 2492828    /lib/i386-linux-gnu/libnss_nis-2.17.so
b6a63000-b6a78000 r-xp 00000000 08:04 2492814    /lib/i386-linux-gnu/libnsl-2.17.so
b6a78000-b6a79000 r--p 00014000 08:04 2492814    /lib/i386-linux-gnu/libnsl-2.17.so
b6a79000-b6a7a000 rw-p 00015000 08:04 2492814    /lib/i386-linux-gnu/libnsl-2.17.so
b6a7a000-b6a7c000 rw-p 00000000 00:00 0 
b6a7c000-b6a8a000 r-xp 00000000 08:04 1717562    /usr/local/java/jdk1.7.0_40/jre/lib/i386/libnio.so
b6a8a000-b6a8b000 rw-p 0000e000 08:04 1717562    /usr/local/java/jdk1.7.0_40/jre/lib/i386/libnio.so
b6a8b000-b6a8d000 r--s 00008000 08:04 1850180    /usr/share/java/classworlds-1.1.jar
b6a8d000-b6a95000 rw-s 00000000 08:04 5780769    /tmp/hsperfdata_guilherme/13538
b6a95000-b6ab8000 r-xp 00000000 08:04 1717538    /usr/local/java/jdk1.7.0_40/jre/lib/i386/libjava.so
b6ab8000-b6ab9000 rw-p 00022000 08:04 1717538    /usr/local/java/jdk1.7.0_40/jre/lib/i386/libjava.so
b6ab9000-b6ac0000 r-xp 00000000 08:04 2492827    /lib/i386-linux-gnu/librt-2.17.so
b6ac0000-b6ac1000 r--p 00006000 08:04 2492827    /lib/i386-linux-gnu/librt-2.17.so
b6ac1000-b6ac2000 rw-p 00007000 08:04 2492827    /lib/i386-linux-gnu/librt-2.17.so
b6ac2000-b6ac5000 ---p 00000000 00:00 0 
b6ac5000-b6b13000 rw-p 00000000 00:00 0          [stack:13540]
b6b13000-b6b54000 r-xp 00000000 08:04 2492824    /lib/i386-linux-gnu/libm-2.17.so
b6b54000-b6b55000 r--p 00040000 08:04 2492824    /lib/i386-linux-gnu/libm-2.17.so
b6b55000-b6b56000 rw-p 00041000 08:04 2492824    /lib/i386-linux-gnu/libm-2.17.so
b6b56000-b70dc000 r-xp 00000000 08:04 1717533    /usr/local/java/jdk1.7.0_40/jre/lib/i386/client/libjvm.so
b70dc000-b70fd000 rw-p 00586000 08:04 1717533    /usr/local/java/jdk1.7.0_40/jre/lib/i386/client/libjvm.so
b70fd000-b751e000 rw-p 00000000 00:00 0 
b751e000-b76cc000 r-xp 00000000 08:04 2492825    /lib/i386-linux-gnu/libc-2.17.so
b76cc000-b76ce000 r--p 001ae000 08:04 2492825    /lib/i386-linux-gnu/libc-2.17.so
b76ce000-b76cf000 rw-p 001b0000 08:04 2492825    /lib/i386-linux-gnu/libc-2.17.so
b76cf000-b76d2000 rw-p 00000000 00:00 0 
b76d2000-b76d5000 r-xp 00000000 08:04 2492830    /lib/i386-linux-gnu/libdl-2.17.so
b76d5000-b76d6000 r--p 00002000 08:04 2492830    /lib/i386-linux-gnu/libdl-2.17.so
b76d6000-b76d7000 rw-p 00003000 08:04 2492830    /lib/i386-linux-gnu/libdl-2.17.so
b76d7000-b76d8000 rw-p 00000000 00:00 0 
b76d8000-b76eb000 r-xp 00000000 08:04 1717542    /usr/local/java/jdk1.7.0_40/jre/lib/i386/jli/libjli.so
b76eb000-b76ec000 rw-p 00012000 08:04 1717542    /usr/local/java/jdk1.7.0_40/jre/lib/i386/jli/libjli.so
b76ec000-b7703000 r-xp 00000000 08:04 2492823    /lib/i386-linux-gnu/libpthread-2.17.so
b7703000-b7704000 r--p 00016000 08:04 2492823    /lib/i386-linux-gnu/libpthread-2.17.so
b7704000-b7705000 rw-p 00017000 08:04 2492823    /lib/i386-linux-gnu/libpthread-2.17.so
b7705000-b7707000 rw-p 00000000 00:00 0 
b7707000-b7708000 r--p 00000000 00:00 0 
b7708000-b7709000 r--p 005e0000 08:04 1449933    /usr/lib/locale/locale-archive
b7709000-b7710000 r-xp 00000000 08:04 2492818    /lib/i386-linux-gnu/libnss_compat-2.17.so
b7710000-b7711000 r--p 00006000 08:04 2492818    /lib/i386-linux-gnu/libnss_compat-2.17.so
b7711000-b7712000 rw-p 00007000 08:04 2492818    /lib/i386-linux-gnu/libnss_compat-2.17.so
b7712000-b7713000 rw-p 00000000 00:00 0 
b7713000-b7714000 r--p 00000000 00:00 0 
b7714000-b771f000 r-xp 00000000 08:04 1717520    /usr/local/java/jdk1.7.0_40/jre/lib/i386/libverify.so
b771f000-b7720000 rw-p 0000b000 08:04 1717520    /usr/local/java/jdk1.7.0_40/jre/lib/i386/libverify.so
b7720000-b7722000 rw-p 00000000 00:00 0 
b7722000-b7723000 r-xp 00000000 00:00 0          [vdso]
b7723000-b7743000 r-xp 00000000 08:04 2492826    /lib/i386-linux-gnu/ld-2.17.so
b7743000-b7744000 r--p 0001f000 08:04 2492826    /lib/i386-linux-gnu/ld-2.17.so
b7744000-b7745000 rw-p 00020000 08:04 2492826    /lib/i386-linux-gnu/ld-2.17.so
bfc33000-bfc54000 rw-p 00000000 00:00 0          [stack]

VM Arguments:
jvm_args: -Dclassworlds.conf=/usr/share/maven2/bin/m2.conf -Dmaven.home=/usr/share/maven2 
java_command: org.codehaus.classworlds.Launcher "package"
Launcher Type: SUN_STANDARD

Environment Variables:
JAVA_HOME=/usr/local/java/jdk1.7.0_40
JRE_HOME=/usr/local/java/jre1.7.0_40
PATH=/opt/SenchaSDKTools-2.0.0-beta3:/home/guilherme/bin/Sencha/Cmd/4.0.0.203:/usr/local/heroku/bin:/opt/SenchaSDKTools-2.0.0-beta3:/home/guilherme/bin/Sencha/Cmd/4.0.0.203:/home/guilherme/bin:/usr/lib/lightdm/lightdm:/usr/local/sbin:/usr/local/bin:/usr/sbin:/usr/bin:/sbin:/bin:/usr/games:/usr/local/games:/home/guilherme/bin:/usr/local/java/jdk1.7.0_40/bin:/home/guilherme/bin:/usr/local/java/jre1.7.0_40/bin
SHELL=/bin/bash
DISPLAY=:0

Signal Handlers:
SIGSEGV: [libjvm.so+0x503d90], sa_mask[0]=0x7ffbfeff, sa_flags=0x10000004
SIGBUS: [libjvm.so+0x503d90], sa_mask[0]=0x7ffbfeff, sa_flags=0x10000004
SIGFPE: [libjvm.so+0x3fbe80], sa_mask[0]=0x7ffbfeff, sa_flags=0x10000004
SIGPIPE: [libjvm.so+0x3fbe80], sa_mask[0]=0x7ffbfeff, sa_flags=0x10000004
SIGXFSZ: [libjvm.so+0x3fbe80], sa_mask[0]=0x7ffbfeff, sa_flags=0x10000004
SIGILL: [libjvm.so+0x3fbe80], sa_mask[0]=0x7ffbfeff, sa_flags=0x10000004
SIGUSR1: SIG_DFL, sa_mask[0]=0x00000000, sa_flags=0x00000000
SIGUSR2: [libjvm.so+0x3fd370], sa_mask[0]=0x00000000, sa_flags=0x10000004
SIGHUP: [libjvm.so+0x3fe4c0], sa_mask[0]=0x7ffbfeff, sa_flags=0x10000004
SIGINT: [libjvm.so+0x3fe4c0], sa_mask[0]=0x7ffbfeff, sa_flags=0x10000004
SIGTERM: [libjvm.so+0x3fe4c0], sa_mask[0]=0x7ffbfeff, sa_flags=0x10000004
SIGQUIT: [libjvm.so+0x3fe4c0], sa_mask[0]=0x7ffbfeff, sa_flags=0x10000004


---------------  S Y S T E M  ---------------

OS:wheezy/sid

uname:Linux 3.8.0-32-generic #47-Ubuntu SMP Tue Oct 1 21:36:40 UTC 2013 i686
libc:glibc 2.17 NPTL 2.17 
rlimit: STACK 8192k, CORE 0k, NPROC 24106, NOFILE 4096, AS infinity
load average:0,92 0,58 0,49

/proc/meminfo:
MemTotal:        3102112 kB
MemFree:          239720 kB
Buffers:           64240 kB
Cached:           493308 kB
SwapCached:         1380 kB
Active:          1971668 kB
Inactive:         777956 kB
Active(anon):    1695968 kB
Inactive(anon):   519572 kB
Active(file):     275700 kB
Inactive(file):   258384 kB
Unevictable:          64 kB
Mlocked:              64 kB
HighTotal:       2231176 kB
HighFree:          61920 kB
LowTotal:         870936 kB
LowFree:          177800 kB
SwapTotal:       1999868 kB
SwapFree:        1990240 kB
Dirty:             25540 kB
Writeback:             0 kB
AnonPages:       2190884 kB
Mapped:           244712 kB
Shmem:             23456 kB
Slab:              55612 kB
SReclaimable:      34240 kB
SUnreclaim:        21372 kB
KernelStack:        5416 kB
PageTables:        21916 kB
NFS_Unstable:          0 kB
Bounce:                0 kB
WritebackTmp:          0 kB
CommitLimit:     3550924 kB
Committed_AS:    6094420 kB
VmallocTotal:     122880 kB
VmallocUsed:       46444 kB
VmallocChunk:      70132 kB
HardwareCorrupted:     0 kB
AnonHugePages:         0 kB
HugePages_Total:       0
HugePages_Free:        0
HugePages_Rsvd:        0
HugePages_Surp:        0
Hugepagesize:       2048 kB
DirectMap4k:       32760 kB
DirectMap2M:      880640 kB


CPU:total 2 (2 cores per cpu, 1 threads per core) family 15 model 6 stepping 5, cmov, cx8, fxsr, mmx, sse, sse2, sse3, tsc

/proc/cpuinfo:
processor	: 0
vendor_id	: GenuineIntel
cpu family	: 15
model		: 6
model name	: Intel(R) Pentium(R) D CPU 3.20GHz
stepping	: 5
microcode	: 0xb
cpu MHz		: 2400.000
cache size	: 2048 KB
physical id	: 0
siblings	: 2
core id		: 0
cpu cores	: 2
apicid		: 0
initial apicid	: 0
fdiv_bug	: no
hlt_bug		: no
f00f_bug	: no
coma_bug	: no
fpu		: yes
fpu_exception	: yes
cpuid level	: 6
wp		: yes
flags		: fpu vme de pse tsc msr pae mce cx8 apic sep mtrr pge mca cmov pat pse36 clflush dts acpi mmx fxsr sse sse2 ss ht tm pbe nx lm constant_tsc pebs bts pni dtes64 monitor ds_cpl est cid cx16 xtpr pdcm lahf_lm
bogomips	: 6399.38
clflush size	: 64
cache_alignment	: 128
address sizes	: 36 bits physical, 48 bits virtual
power management:

processor	: 1
vendor_id	: GenuineIntel
cpu family	: 15
model		: 6
model name	: Intel(R) Pentium(R) D CPU 3.20GHz
stepping	: 5
microcode	: 0xb
cpu MHz		: 3200.000
cache size	: 2048 KB
physical id	: 0
siblings	: 2
core id		: 1
cpu cores	: 2
apicid		: 1
initial apicid	: 1
fdiv_bug	: no
hlt_bug		: no
f00f_bug	: no
coma_bug	: no
fpu		: yes
fpu_exception	: yes
cpuid level	: 6
wp		: yes
flags		: fpu vme de pse tsc msr pae mce cx8 apic sep mtrr pge mca cmov pat pse36 clflush dts acpi mmx fxsr sse sse2 ss ht tm pbe nx lm constant_tsc pebs bts pni dtes64 monitor ds_cpl est cid cx16 xtpr pdcm lahf_lm
bogomips	: 6399.38
clflush size	: 64
cache_alignment	: 128
address sizes	: 36 bits physical, 48 bits virtual
power management:



Memory: 4k page, physical 3102112k(239720k free), swap 1999868k(1990240k free)

vm_info: Java HotSpot(TM) Client VM (24.0-b56) for linux-x86 JRE (1.7.0_40-b43), built on Aug 26 2013 22:05:59 by "java_re" with gcc 4.3.0 20080428 (Red Hat 4.3.0-8)

time: Thu Oct 31 16:21:22 2013
elapsed time: 3 seconds

