#
# A fatal error has been detected by the Java Runtime Environment:
#
#  SIGILL (0x4) at pc=0xb6dd5e10, pid=6367, tid=3065584448
#
# JRE version: Java(TM) SE Runtime Environment (7.0_40-b43) (build 1.7.0_40-b43)
# Java VM: Java HotSpot(TM) Client VM (24.0-b56 mixed mode linux-x86 )
# Problematic frame:
# V  [libjvm.so+0x200e10]  Events::log_exception(Thread*, char const*, ...)+0x20
#
# Failed to write core dump. Core dumps have been disabled. To enable core dumping, try "ulimit -c unlimited" before starting Java again
#
# If you would like to submit a bug report, please visit:
#   http://bugreport.sun.com/bugreport/crash.jsp
#

---------------  T H R E A D  ---------------

Current thread (0xb6a0d400):  JavaThread "main" [_thread_in_vm, id=6368, stack(0xb6b41000,0xb6b92000)]

siginfo:si_signo=SIGILL: si_errno=0, si_code=2 (ILL_ILLOPN), si_addr=0xb6dd5e10

Registers:
EAX=0x00000000, EBX=0xb7169868, ECX=0xb6a08bb8, EDX=0x00000000
ESP=0xb6b90310, EBP=0xb6b90338, ESI=0xb6a08bb8, EDI=0xb6a093b0
EIP=0xb6dd5e10, EFLAGS=0x00010282, CR2=0xb76da100

Top of Stack: (sp=0xb6b90310)
0xb6b90310:   b6a0d400 00000000 7b24638c 3ff4da84
0xb6b90320:   a0580f58 b6a08bb8 b712d474 b7169868
0xb6b90330:   00000000 b070bdb8 b6b90638 b6eff80b
0xb6b90340:   b6a0d400 b711a507 a0719e00 b712d474
0xb6b90350:   000004dc b6b9057c b6a0de08 b6a0de08
0xb6b90360:   b6b903f0 b6b90388 b6a0d400 b6a0ddfc
0xb6b90370:   b6b903f0 00000001 b6a0de00 b6f86a5e
0xb6b90380:   b7169868 07000000 b6b90698 b478041a 

Instructions: (pc=0xb6dd5e10)
0xb6dd5df0:   55 89 e5 57 56 53 83 ec 1c e8 00 00 00 00 5b 81
0xb6dd5e00:   c3 6a 3a 39 00 8b 83 10 f2 ff ff 80 38 00 75 08
0xb6dd5e10:   8d 65 f4 5b 5e 5f 5d c3 8b 83 d4 fa ff ff 8d 7d
0xb6dd5e20:   10 8b 30 8b 83 3c ea ff ff 8b 00 85 c0 75 e1 e8 

Register to memory mapping:

EAX=0x00000000 is an unknown value
EBX=0xb7169868: <offset 0x594868> in /usr/local/java/jdk1.7.0_40/jre/lib/i386/client/libjvm.so at 0xb6bd5000
ECX=0xb6a08bb8 is an unknown value
EDX=0x00000000 is an unknown value
ESP=0xb6b90310 is pointing into the stack for thread: 0xb6a0d400
EBP=0xb6b90338 is pointing into the stack for thread: 0xb6a0d400
ESI=0xb6a08bb8 is an unknown value
EDI=0xb6a093b0 is an unknown value


Stack: [0xb6b41000,0xb6b92000],  sp=0xb6b90310,  free space=316k
Native frames: (J=compiled Java code, j=interpreted, Vv=VM code, C=native code)
V  [libjvm.so+0x200e10]  Events::log_exception(Thread*, char const*, ...)+0x20
V  [libjvm.so+0x32a80b]  JVM_DoPrivileged+0x4eb
C  [libjava.so+0x9a4a]  Java_java_security_AccessController_doPrivileged__Ljava_security_PrivilegedExceptionAction_2Ljava_security_AccessControlContext_2+0x3a
j  java.security.AccessController.doPrivileged(Ljava/security/PrivilegedExceptionAction;Ljava/security/AccessControlContext;)Ljava/lang/Object;+0
j  java.net.URLClassLoader.findClass(Ljava/lang/String;)Ljava/lang/Class;+13
j  java.lang.ClassLoader.loadClass(Ljava/lang/String;Z)Ljava/lang/Class;+70
j  java.lang.ClassLoader.loadClass(Ljava/lang/String;Z)Ljava/lang/Class;+38
j  sun.misc.Launcher$AppClassLoader.loadClass(Ljava/lang/String;Z)Ljava/lang/Class;+36
j  java.lang.ClassLoader.loadClass(Ljava/lang/String;)Ljava/lang/Class;+3
v  ~StubRoutines::call_stub
V  [libjvm.so+0x2a7875]  JavaCalls::call_helper(JavaValue*, methodHandle*, JavaCallArguments*, Thread*)+0x315
V  [libjvm.so+0x3fa1e9]  os::os_exception_wrapper(void (*)(JavaValue*, methodHandle*, JavaCallArguments*, Thread*), JavaValue*, methodHandle*, JavaCallArguments*, Thread*)+0x19
V  [libjvm.so+0x2a64ef]  JavaCalls::call(JavaValue*, methodHandle, JavaCallArguments*, Thread*)+0x2f
V  [libjvm.so+0x2a672a]  JavaCalls::call_virtual(JavaValue*, KlassHandle, Symbol*, Symbol*, JavaCallArguments*, Thread*)+0x10a
V  [libjvm.so+0x2a67f5]  JavaCalls::call_virtual(JavaValue*, Handle, KlassHandle, Symbol*, Symbol*, Handle, Thread*)+0x55
V  [libjvm.so+0x49e559]  SystemDictionary::load_instance_class(Symbol*, Handle, Thread*)+0x489
V  [libjvm.so+0x49cc52]  SystemDictionary::resolve_instance_class_or_null(Symbol*, Handle, Handle, Thread*)+0x742
V  [libjvm.so+0x49d0b9]  SystemDictionary::resolve_or_null(Symbol*, Handle, Handle, Thread*)+0x49
V  [libjvm.so+0x49e5d0]  SystemDictionary::resolve_or_fail(Symbol*, Handle, Handle, bool, Thread*)+0x30
V  [libjvm.so+0x1d5cfb]  constantPoolOopDesc::klass_at_impl(constantPoolHandle, int, Thread*)+0x1cb
V  [libjvm.so+0x29fdb7]  InterpreterRuntime::_new(JavaThread*, constantPoolOopDesc*, int)+0x67
j  org.glassfish.jersey.internal.util.MethodList.hasMetaAnnotation(Ljava/lang/Class;)Lorg/glassfish/jersey/internal/util/MethodList;+1
j  org.glassfish.jersey.server.model.IntrospectionModeller.workOutResourceMethodsList(Lorg/glassfish/jersey/server/model/ResourceClass;Lorg/glassfish/jersey/internal/util/MethodList;ZLjavax/ws/rs/Consumes;Ljavax/ws/rs/Produces;)V+4
j  org.glassfish.jersey.server.model.IntrospectionModeller.createResource(Ljava/lang/Class;)Lorg/glassfish/jersey/server/model/ResourceClass;+129
j  org.glassfish.jersey.server.ApplicationBuilder.<init>(Lorg/glassfish/jersey/server/ResourceConfig;)V+259
j  org.glassfish.jersey.server.Application.builder(Lorg/glassfish/jersey/server/ResourceConfig;)Lorg/glassfish/jersey/server/Application$Builder;+5
j  br.org.base.server.Server.main([Ljava/lang/String;)V+65
v  ~StubRoutines::call_stub
V  [libjvm.so+0x2a7875]  JavaCalls::call_helper(JavaValue*, methodHandle*, JavaCallArguments*, Thread*)+0x315
V  [libjvm.so+0x3fa1e9]  os::os_exception_wrapper(void (*)(JavaValue*, methodHandle*, JavaCallArguments*, Thread*), JavaValue*, methodHandle*, JavaCallArguments*, Thread*)+0x19
V  [libjvm.so+0x2a64ef]  JavaCalls::call(JavaValue*, methodHandle, JavaCallArguments*, Thread*)+0x2f
V  [libjvm.so+0x2e28b2]  jni_invoke_static(JNIEnv_*, JavaValue*, _jobject*, JNICallType, _jmethodID*, JNI_ArgumentPusher*, Thread*)+0x242
V  [libjvm.so+0x2f8ada]  jni_CallStaticVoidMethod+0xca
C  [libjli.so+0x2e8d]  JavaMain+0x8bd
C  [libpthread.so.0+0x6d78]  start_thread+0xd8

Java frames: (J=compiled Java code, j=interpreted, Vv=VM code)
j  java.security.AccessController.doPrivileged(Ljava/security/PrivilegedExceptionAction;Ljava/security/AccessControlContext;)Ljava/lang/Object;+0
j  java.net.URLClassLoader.findClass(Ljava/lang/String;)Ljava/lang/Class;+13
j  java.lang.ClassLoader.loadClass(Ljava/lang/String;Z)Ljava/lang/Class;+70
j  java.lang.ClassLoader.loadClass(Ljava/lang/String;Z)Ljava/lang/Class;+38
j  sun.misc.Launcher$AppClassLoader.loadClass(Ljava/lang/String;Z)Ljava/lang/Class;+36
j  java.lang.ClassLoader.loadClass(Ljava/lang/String;)Ljava/lang/Class;+3
v  ~StubRoutines::call_stub
j  org.glassfish.jersey.internal.util.MethodList.hasMetaAnnotation(Ljava/lang/Class;)Lorg/glassfish/jersey/internal/util/MethodList;+1
j  org.glassfish.jersey.server.model.IntrospectionModeller.workOutResourceMethodsList(Lorg/glassfish/jersey/server/model/ResourceClass;Lorg/glassfish/jersey/internal/util/MethodList;ZLjavax/ws/rs/Consumes;Ljavax/ws/rs/Produces;)V+4
j  org.glassfish.jersey.server.model.IntrospectionModeller.createResource(Ljava/lang/Class;)Lorg/glassfish/jersey/server/model/ResourceClass;+129
j  org.glassfish.jersey.server.ApplicationBuilder.<init>(Lorg/glassfish/jersey/server/ResourceConfig;)V+259
j  org.glassfish.jersey.server.Application.builder(Lorg/glassfish/jersey/server/ResourceConfig;)Lorg/glassfish/jersey/server/Application$Builder;+5
j  br.org.base.server.Server.main([Ljava/lang/String;)V+65
v  ~StubRoutines::call_stub

---------------  P R O C E S S  ---------------

Java Threads: ( => current thread )
  0xb6a86800 JavaThread "Service Thread" daemon [_thread_blocked, id=6379, stack(0x9fe2e000,0x9fe7f000)]
  0xb6a84800 JavaThread "C1 CompilerThread0" daemon [_thread_blocked, id=6378, stack(0x9fe7f000,0x9ff00000)]
  0xa0100800 JavaThread "JDWP Command Reader" daemon [_thread_in_native, id=6377, stack(0xa000d000,0xa005e000)]
  0xb6a7dc00 JavaThread "JDWP Event Helper Thread" daemon [_thread_blocked, id=6376, stack(0xa005e000,0xa00af000)]
  0xb6a7b000 JavaThread "JDWP Transport Listener: dt_socket" daemon [_thread_blocked, id=6373, stack(0xa00af000,0xa0100000)]
  0xb6a70c00 JavaThread "Signal Dispatcher" daemon [_thread_blocked, id=6372, stack(0xa0201000,0xa0252000)]
  0xb6a61800 JavaThread "Finalizer" daemon [_thread_blocked, id=6371, stack(0xa0252000,0xa02a3000)]
  0xb6a5f000 JavaThread "Reference Handler" daemon [_thread_blocked, id=6370, stack(0xa02a3000,0xa02f4000)]
=>0xb6a0d400 JavaThread "main" [_thread_in_vm, id=6368, stack(0xb6b41000,0xb6b92000)]

Other Threads:
  0xb6a5d400 VMThread [stack: 0xa02f4000,0xa0375000] [id=6369]
  0xb6a90c00 WatcherThread [stack: 0x9fdad000,0x9fe2e000] [id=6380]

VM state:not at safepoint (normal execution)

VM Mutex/Monitor currently owned by a thread: None

Heap
 def new generation   total 4928K, used 688K [0xa06f0000, 0xa0c40000, 0xa5c40000)
  eden space 4416K,   3% used [0xa06f0000, 0xa071c220, 0xa0b40000)
  from space 512K, 100% used [0xa0bc0000, 0xa0c40000, 0xa0c40000)
  to   space 512K,   0% used [0xa0b40000, 0xa0b40000, 0xa0bc0000)
 tenured generation   total 10944K, used 1960K [0xa5c40000, 0xa66f0000, 0xb06f0000)
   the space 10944K,  17% used [0xa5c40000, 0xa5e2a310, 0xa5e2a400, 0xa66f0000)
 compacting perm gen  total 12288K, used 3944K [0xb06f0000, 0xb12f0000, 0xb46f0000)
   the space 12288K,  32% used [0xb06f0000, 0xb0aca0c8, 0xb0aca200, 0xb12f0000)
No shared spaces configured.

Card table byte_map: [0xa064f000,0xa06f0000] byte_map_base: 0xa014b880

Polling page: 0xb7792000

Code Cache  [0xb477d000, 0xb486d000, 0xb677d000)
 total_blobs=383 nmethods=255 adapters=73 free_code_cache=31835Kb largest_free_block=32598848

Compilation events (10 events):
Event: 1,273 Thread 0xb6a84800  252             sun.misc.ProxyGenerator$ConstantPool::write (64 bytes)
Event: 1,274 Thread 0xb6a84800 nmethod 252 0xb4865508 code [0xb4865690, 0xb4865954]
Event: 1,282 Thread 0xb6a84800  253             java.util.HashSet::add (20 bytes)
Event: 1,283 Thread 0xb6a84800 nmethod 253 0xb4865b88 code [0xb4865c90, 0xb4865d4c]
Event: 1,298 Thread 0xb6a84800  254   !         java.util.AbstractList$Itr::next (45 bytes)
Event: 1,298 Thread 0xb6a84800 nmethod 254 0xb4865e08 code [0xb4865f80, 0xb4866210]
Event: 1,299 Thread 0xb6a84800  255             java.util.AbstractList$Itr::checkForComodification (23 bytes)
Event: 1,299 Thread 0xb6a84800 nmethod 255 0xb48155c8 code [0xb48156e0, 0xb48157ec]
Event: 1,301 Thread 0xb6a84800  256             sun.misc.ProxyGenerator$ConstantPool$IndirectEntry::<init> (21 bytes)
Event: 1,302 Thread 0xb6a84800 nmethod 256 0xb48153c8 code [0xb48154c0, 0xb4815550]

GC Heap History (10 events):
Event: 0,491 GC heap before
{Heap before GC invocations=0 (full 0):
 def new generation   total 4928K, used 4416K [0xa06f0000, 0xa0c40000, 0xa5c40000)
  eden space 4416K, 100% used [0xa06f0000, 0xa0b40000, 0xa0b40000)
  from space 512K,   0% used [0xa0b40000, 0xa0b40000, 0xa0bc0000)
  to   space 512K,   0% used [0xa0bc0000, 0xa0bc0000, 0xa0c40000)
 tenured generation   total 10944K, used 0K [0xa5c40000, 0xa66f0000, 0xb06f0000)
   the space 10944K,   0% used [0xa5c40000, 0xa5c40000, 0xa5c40200, 0xa66f0000)
 compacting perm gen  total 12288K, used 2313K [0xb06f0000, 0xb12f0000, 0xb46f0000)
   the space 12288K,  18% used [0xb06f0000, 0xb0932540, 0xb0932600, 0xb12f0000)
No shared spaces configured.
Event: 0,500 GC heap after
Heap after GC invocations=1 (full 0):
 def new generation   total 4928K, used 512K [0xa06f0000, 0xa0c40000, 0xa5c40000)
  eden space 4416K,   0% used [0xa06f0000, 0xa06f0000, 0xa0b40000)
  from space 512K, 100% used [0xa0bc0000, 0xa0c40000, 0xa0c40000)
  to   space 512K,   0% used [0xa0b40000, 0xa0b40000, 0xa0bc0000)
 tenured generation   total 10944K, used 608K [0xa5c40000, 0xa66f0000, 0xb06f0000)
   the space 10944K,   5% used [0xa5c40000, 0xa5cd8338, 0xa5cd8400, 0xa66f0000)
 compacting perm gen  total 12288K, used 2313K [0xb06f0000, 0xb12f0000, 0xb46f0000)
   the space 12288K,  18% used [0xb06f0000, 0xb0932540, 0xb0932600, 0xb12f0000)
No shared spaces configured.
}
Event: 0,680 GC heap before
{Heap before GC invocations=1 (full 0):
 def new generation   total 4928K, used 4928K [0xa06f0000, 0xa0c40000, 0xa5c40000)
  eden space 4416K, 100% used [0xa06f0000, 0xa0b40000, 0xa0b40000)
  from space 512K, 100% used [0xa0bc0000, 0xa0c40000, 0xa0c40000)
  to   space 512K,   0% used [0xa0b40000, 0xa0b40000, 0xa0bc0000)
 tenured generation   total 10944K, used 608K [0xa5c40000, 0xa66f0000, 0xb06f0000)
   the space 10944K,   5% used [0xa5c40000, 0xa5cd8338, 0xa5cd8400, 0xa66f0000)
 compacting perm gen  total 12288K, used 2823K [0xb06f0000, 0xb12f0000, 0xb46f0000)
   the space 12288K,  22% used [0xb06f0000, 0xb09b1c28, 0xb09b1e00, 0xb12f0000)
No shared spaces configured.
Event: 0,692 GC heap after
Heap after GC invocations=2 (full 0):
 def new generation   total 4928K, used 511K [0xa06f0000, 0xa0c40000, 0xa5c40000)
  eden space 4416K,   0% used [0xa06f0000, 0xa06f0000, 0xa0b40000)
  from space 512K,  99% used [0xa0b40000, 0xa0bbfff8, 0xa0bc0000)
  to   space 512K,   0% used [0xa0bc0000, 0xa0bc0000, 0xa0c40000)
 tenured generation   total 10944K, used 1344K [0xa5c40000, 0xa66f0000, 0xb06f0000)
   the space 10944K,  12% used [0xa5c40000, 0xa5d901b0, 0xa5d90200, 0xa66f0000)
 compacting perm gen  total 12288K, used 2823K [0xb06f0000, 0xb12f0000, 0xb46f0000)
   the space 12288K,  22% used [0xb06f0000, 0xb09b1c28, 0xb09b1e00, 0xb12f0000)
No shared spaces configured.
}
Event: 0,850 GC heap before
{Heap before GC invocations=2 (full 0):
 def new generation   total 4928K, used 4927K [0xa06f0000, 0xa0c40000, 0xa5c40000)
  eden space 4416K, 100% used [0xa06f0000, 0xa0b40000, 0xa0b40000)
  from space 512K,  99% used [0xa0b40000, 0xa0bbfff8, 0xa0bc0000)
  to   space 512K,   0% used [0xa0bc0000, 0xa0bc0000, 0xa0c40000)
 tenured generation   total 10944K, used 1344K [0xa5c40000, 0xa66f0000, 0xb06f0000)
   the space 10944K,  12% used [0xa5c40000, 0xa5d901b0, 0xa5d90200, 0xa66f0000)
 compacting perm gen  total 12288K, used 3287K [0xb06f0000, 0xb12f0000, 0xb46f0000)
   the space 12288K,  26% used [0xb06f0000, 0xb0a25fd8, 0xb0a26000, 0xb12f0000)
No shared spaces configured.
Event: 0,857 GC heap after
Heap after GC invocations=3 (full 0):
 def new generation   total 4928K, used 511K [0xa06f0000, 0xa0c40000, 0xa5c40000)
  eden space 4416K,   0% used [0xa06f0000, 0xa06f0000, 0xa0b40000)
  from space 512K,  99% used [0xa0bc0000, 0xa0c3fff8, 0xa0c40000)
  to   space 512K,   0% used [0xa0b40000, 0xa0b40000, 0xa0bc0000)
 tenured generation   total 10944K, used 1554K [0xa5c40000, 0xa66f0000, 0xb06f0000)
   the space 10944K,  14% used [0xa5c40000, 0xa5dc4960, 0xa5dc4a00, 0xa66f0000)
 compacting perm gen  total 12288K, used 3287K [0xb06f0000, 0xb12f0000, 0xb46f0000)
   the space 12288K,  26% used [0xb06f0000, 0xb0a25fd8, 0xb0a26000, 0xb12f0000)
No shared spaces configured.
}
Event: 1,030 GC heap before
{Heap before GC invocations=3 (full 0):
 def new generation   total 4928K, used 4927K [0xa06f0000, 0xa0c40000, 0xa5c40000)
  eden space 4416K, 100% used [0xa06f0000, 0xa0b40000, 0xa0b40000)
  from space 512K,  99% used [0xa0bc0000, 0xa0c3fff8, 0xa0c40000)
  to   space 512K,   0% used [0xa0b40000, 0xa0b40000, 0xa0bc0000)
 tenured generation   total 10944K, used 1554K [0xa5c40000, 0xa66f0000, 0xb06f0000)
   the space 10944K,  14% used [0xa5c40000, 0xa5dc4960, 0xa5dc4a00, 0xa66f0000)
 compacting perm gen  total 12288K, used 3621K [0xb06f0000, 0xb12f0000, 0xb46f0000)
   the space 12288K,  29% used [0xb06f0000, 0xb0a79558, 0xb0a79600, 0xb12f0000)
No shared spaces configured.
Event: 1,037 GC heap after
Heap after GC invocations=4 (full 0):
 def new generation   total 4928K, used 512K [0xa06f0000, 0xa0c40000, 0xa5c40000)
  eden space 4416K,   0% used [0xa06f0000, 0xa06f0000, 0xa0b40000)
  from space 512K, 100% used [0xa0b40000, 0xa0bc0000, 0xa0bc0000)
  to   space 512K,   0% used [0xa0bc0000, 0xa0bc0000, 0xa0c40000)
 tenured generation   total 10944K, used 1655K [0xa5c40000, 0xa66f0000, 0xb06f0000)
   the space 10944K,  15% used [0xa5c40000, 0xa5dddc70, 0xa5ddde00, 0xa66f0000)
 compacting perm gen  total 12288K, used 3621K [0xb06f0000, 0xb12f0000, 0xb46f0000)
   the space 12288K,  29% used [0xb06f0000, 0xb0a79558, 0xb0a79600, 0xb12f0000)
No shared spaces configured.
}
Event: 1,285 GC heap before
{Heap before GC invocations=4 (full 0):
 def new generation   total 4928K, used 4928K [0xa06f0000, 0xa0c40000, 0xa5c40000)
  eden space 4416K, 100% used [0xa06f0000, 0xa0b40000, 0xa0b40000)
  from space 512K, 100% used [0xa0b40000, 0xa0bc0000, 0xa0bc0000)
  to   space 512K,   0% used [0xa0bc0000, 0xa0bc0000, 0xa0c40000)
 tenured generation   total 10944K, used 1655K [0xa5c40000, 0xa66f0000, 0xb06f0000)
   the space 10944K,  15% used [0xa5c40000, 0xa5dddc70, 0xa5ddde00, 0xa66f0000)
 compacting perm gen  total 12288K, used 3938K [0xb06f0000, 0xb12f0000, 0xb46f0000)
   the space 12288K,  32% used [0xb06f0000, 0xb0ac8b40, 0xb0ac8c00, 0xb12f0000)
No shared spaces configured.
Event: 1,295 GC heap after
Heap after GC invocations=5 (full 0):
 def new generation   total 4928K, used 512K [0xa06f0000, 0xa0c40000, 0xa5c40000)
  eden space 4416K,   0% used [0xa06f0000, 0xa06f0000, 0xa0b40000)
  from space 512K, 100% used [0xa0bc0000, 0xa0c40000, 0xa0c40000)
  to   space 512K,   0% used [0xa0b40000, 0xa0b40000, 0xa0bc0000)
 tenured generation   total 10944K, used 1960K [0xa5c40000, 0xa66f0000, 0xb06f0000)
   the space 10944K,  17% used [0xa5c40000, 0xa5e2a310, 0xa5e2a400, 0xa66f0000)
 compacting perm gen  total 12288K, used 3938K [0xb06f0000, 0xb12f0000, 0xb46f0000)
   the space 12288K,  32% used [0xb06f0000, 0xb0ac8b40, 0xb0ac8c00, 0xb12f0000)
No shared spaces configured.
}

Deoptimization events (0 events):
No events

Internal exceptions (10 events):
Event: 1,271 Thread 0xb6a0d400 Threw 0xa0af7648 at /HUDSON/workspace/jdk7u40-2-build-linux-i586-product/jdk7u40/hotspot/src/share/vm/prims/jvm.cpp:1244
Event: 1,276 Thread 0xb6a0d400 Threw 0xa0b0b168 at /HUDSON/workspace/jdk7u40-2-build-linux-i586-product/jdk7u40/hotspot/src/share/vm/prims/jvm.cpp:1244
Event: 1,277 Thread 0xb6a0d400 Threw 0xa0b0e9a0 at /HUDSON/workspace/jdk7u40-2-build-linux-i586-product/jdk7u40/hotspot/src/share/vm/prims/jvm.cpp:1244
Event: 1,278 Thread 0xb6a0d400 Threw 0xa0b14588 at /HUDSON/workspace/jdk7u40-2-build-linux-i586-product/jdk7u40/hotspot/src/share/vm/prims/jvm.cpp:1244
Event: 1,279 Thread 0xb6a0d400 Threw 0xa0b1d3e0 at /HUDSON/workspace/jdk7u40-2-build-linux-i586-product/jdk7u40/hotspot/src/share/vm/prims/jvm.cpp:1244
Event: 1,280 Thread 0xb6a0d400 Threw 0xa0b22950 at /HUDSON/workspace/jdk7u40-2-build-linux-i586-product/jdk7u40/hotspot/src/share/vm/prims/jvm.cpp:1244
Event: 1,282 Thread 0xb6a0d400 Threw 0xa0b2e3e8 at /HUDSON/workspace/jdk7u40-2-build-linux-i586-product/jdk7u40/hotspot/src/share/vm/prims/jvm.cpp:1244
Event: 1,282 Thread 0xb6a0d400 Threw 0xa0b321e8 at /HUDSON/workspace/jdk7u40-2-build-linux-i586-product/jdk7u40/hotspot/src/share/vm/prims/jvm.cpp:1244
Event: 1,283 Thread 0xb6a0d400 Threw 0xa0b36a78 at /HUDSON/workspace/jdk7u40-2-build-linux-i586-product/jdk7u40/hotspot/src/share/vm/prims/jvm.cpp:1244
Event: 1,303 Thread 0xb6a0d400 Threw 0xa0719e00 at /HUDSON/workspace/jdk7u40-2-build-linux-i586-product/jdk7u40/hotspot/src/share/vm/prims/jvm.cpp:1244

Events (10 events):
Event: 1,282 loading class 0x9f70ca70 done
Event: 1,282 loading class 0x9f78d5f0
Event: 1,282 loading class 0x9f78d5f0 done
Event: 1,283 loading class 0x9f7916d8
Event: 1,283 loading class 0x9f7916d8 done
Event: 1,285 Executing VM operation: GenCollectForAllocation
Event: 1,295 Executing VM operation: GenCollectForAllocation done
Event: 1,298 Thread 0xb6a84800 flushing nmethod 0xb48151c8
Event: 1,303 loading class 0x9f78f1f8
Event: 1,303 loading class 0x9f78f1f8 done


Dynamic libraries:
08048000-08049000 r-xp 00000000 08:14 1717000    /usr/local/java/jdk1.7.0_40/bin/java
08049000-0804a000 rw-p 00000000 08:14 1717000    /usr/local/java/jdk1.7.0_40/bin/java
0960b000-0962c000 rw-p 00000000 00:00 0          [heap]
9f500000-9f524000 rw-p 00000000 00:00 0 
9f524000-9f600000 ---p 00000000 00:00 0 
9f700000-9f800000 rw-p 00000000 00:00 0 
9f818000-9f900000 rw-p 00000000 00:00 0 
9f900000-9f9e3000 rw-p 00000000 00:00 0 
9f9e3000-9fa00000 ---p 00000000 00:00 0 
9faa3000-9faa6000 rw-p 00000000 00:00 0 
9faa6000-9faa8000 r--s 00013000 08:14 1976990    /home/guilherme/idea-IU-129.713/lib/idea_rt.jar
9faa8000-9fab8000 r--s 0007c000 08:14 5780753    /home/guilherme/.m2/repository/joda-time/joda-time/2.1/joda-time-2.1.jar
9fab8000-9faba000 r--s 00007000 08:14 5780766    /home/guilherme/.m2/repository/com/fasterxml/jackson/core/jackson-annotations/2.1.1/jackson-annotations-2.1.1.jar
9faba000-9facb000 r--s 000d1000 08:14 13940      /home/guilherme/.m2/repository/com/fasterxml/jackson/core/jackson-databind/2.1.1/jackson-databind-2.1.1.jar
9facb000-9facf000 r--s 0002f000 08:14 5907907    /home/guilherme/.m2/repository/com/fasterxml/jackson/core/jackson-core/2.1.1/jackson-core-2.1.1.jar
9facf000-9fad1000 r--s 00007000 08:14 5780761    /home/guilherme/.m2/repository/com/fasterxml/jackson/datatype/jackson-datatype-joda/2.1.1/jackson-datatype-joda-2.1.1.jar
9fad1000-9fad4000 r--s 0001a000 08:14 5643337    /home/guilherme/.m2/repository/com/jcraft/jsch/0.1.23/jsch-0.1.23.jar
9fad4000-9fad6000 r--s 00007000 08:14 5643375    /home/guilherme/.m2/repository/org/apache/maven/wagon/wagon-ssh/1.0-alpha-5/wagon-ssh-1.0-alpha-5.jar
9fad6000-9fad7000 r--s 00001000 08:14 5645070    /home/guilherme/.m2/repository/org/apache/maven/maven-monitor/2.0/maven-monitor-2.0.jar
9fad7000-9fad9000 r--s 00002000 08:14 5380014    /home/guilherme/.m2/repository/org/codehaus/plexus/plexus-interactivity-api/1.0-alpha-4/plexus-interactivity-api-1.0-alpha-4.jar
9fad9000-9fadb000 r--s 00007000 08:14 5645055    /home/guilherme/.m2/repository/org/apache/maven/maven-plugin-descriptor/2.0/maven-plugin-descriptor-2.0.jar
9fadb000-9fadd000 r--s 00006000 08:14 5380013    /home/guilherme/.m2/repository/commons-cli/commons-cli/1.0/commons-cli-1.0.jar
9fadd000-9fadf000 r--s 00005000 08:14 5645038    /home/guilherme/.m2/repository/org/apache/maven/maven-plugin-registry/2.0/maven-plugin-registry-2.0.jar
9fadf000-9fae0000 r--s 00002000 08:14 5645035    /home/guilherme/.m2/repository/org/apache/maven/maven-error-diagnostics/2.0/maven-error-diagnostics-2.0.jar
9fae0000-9fae2000 r--s 00000000 08:14 5643353    /home/guilherme/.m2/repository/doxia/doxia-sink-api/1.0-alpha-4/doxia-sink-api-1.0-alpha-4.jar
9fae2000-9fae3000 r--s 00001000 08:14 5643339    /home/guilherme/.m2/repository/org/apache/maven/reporting/maven-reporting-api/2.0/maven-reporting-api-2.0.jar
9fae3000-9fae4000 r--s 00001000 08:14 5643369    /home/guilherme/.m2/repository/org/apache/maven/wagon/wagon-http-lightweight/1.0-alpha-5/wagon-http-lightweight-1.0-alpha-5.jar
9fae4000-9fae6000 r--s 00003000 08:14 5645032    /home/guilherme/.m2/repository/org/apache/maven/maven-plugin-parameter-documenter/2.0/maven-plugin-parameter-documenter-2.0.jar
9fae6000-9fae7000 r--s 00001000 08:14 5643349    /home/guilherme/.m2/repository/org/apache/maven/wagon/wagon-file/1.0-alpha-5/wagon-file-1.0-alpha-5.jar
9fae7000-9faeb000 r--s 0001e000 08:14 5643386    /home/guilherme/.m2/repository/org/apache/maven/maven-core/2.0/maven-core-2.0.jar
9faeb000-9faec000 r--s 00007000 08:14 5643376    /home/guilherme/.m2/repository/org/apache/maven/shared/maven-plugin-testing-harness/1.1/maven-plugin-testing-harness-1.1.jar
9faec000-9faee000 r--s 00005000 08:14 5769033    /home/guilherme/.m2/repository/org/apache/maven/shared/maven-common-artifact-filters/1.0/maven-common-artifact-filters-1.0.jar
9faee000-9faef000 r--s 00005000 08:14 5643351    /home/guilherme/.m2/repository/org/apache/maven/shared/maven-repository-builder/1.0-alpha-2/maven-repository-builder-1.0-alpha-2.jar
9faef000-9faf1000 r--s 00008000 08:14 4603583    /home/guilherme/.m2/repository/classworlds/classworlds/1.1-alpha-2/classworlds-1.1-alpha-2.jar
9faf1000-9faf2000 r--s 00002000 08:14 4602128    /home/guilherme/.m2/repository/org/apache/maven/maven-archiver/2.2/maven-archiver-2.2.jar
9faf2000-9faf4000 r--s 00006000 08:14 5515098    /home/guilherme/.m2/repository/org/apache/maven/maven-profile/2.0.4/maven-profile-2.0.4.jar
9faf4000-9faf6000 r--s 00012000 08:14 5381163    /home/guilherme/.m2/repository/org/apache/maven/maven-model/2.0.4/maven-model-2.0.4.jar
9faf6000-9faf8000 r--s 00009000 08:14 5252442    /home/guilherme/.m2/repository/org/apache/maven/maven-settings/2.0.4/maven-settings-2.0.4.jar
9faf8000-9fafb000 r--s 00018000 08:14 5252407    /home/guilherme/.m2/repository/org/apache/maven/maven-project/2.0.4/maven-project-2.0.4.jar
9fafb000-9fafd000 r--s 00004000 08:14 4729740    /home/guilherme/.m2/repository/org/codehaus/plexus/plexus-active-collections/1.0-beta-2/plexus-active-collections-1.0-beta-2.jar
9fafd000-9faff000 r--s 00009000 08:14 5381154    /home/guilherme/.m2/repository/org/apache/maven/wagon/wagon-provider-api/1.0-alpha-6/wagon-provider-api-1.0-alpha-6.jar
9faff000-9fb00000 r--s 00004000 08:14 4729737    /home/guilherme/.m2/repository/org/apache/maven/maven-repository-metadata/2.0.2/maven-repository-metadata-2.0.2.jar
9fb00000-9fbff000 rw-p 00000000 00:00 0 
9fbff000-9fc00000 ---p 00000000 00:00 0 
9fc00000-9fc03000 r--s 0000a000 08:14 5381157    /home/guilherme/.m2/repository/org/apache/maven/maven-artifact-manager/2.0.2/maven-artifact-manager-2.0.2.jar
9fc03000-9fc06000 r--s 00011000 08:14 5643355    /home/guilherme/.m2/repository/org/apache/maven/maven-artifact/2.0.4/maven-artifact-2.0.4.jar
9fc06000-9fc08000 r--s 00008000 08:14 5250126    /home/guilherme/.m2/repository/org/apache/maven/shared/maven-shared-io/1.1/maven-shared-io-1.1.jar
9fc08000-9fc0a000 r--s 00001000 08:14 4339221    /home/guilherme/.m2/repository/org/apache/maven/maven-plugin-api/2.0.4/maven-plugin-api-2.0.4.jar
9fc0a000-9fc0c000 r--s 00006000 08:14 4993795    /home/guilherme/.m2/repository/org/apache/maven/shared/file-management/1.1/file-management-1.1.jar
9fc0c000-9fc0e000 r--s 00006000 08:14 5381160    /home/guilherme/.m2/repository/org/codehaus/plexus/plexus-io/1.0-alpha-2/plexus-io-1.0-alpha-2.jar
9fc0e000-9fc11000 r--s 0001b000 08:14 4982890    /home/guilherme/.m2/repository/junit/junit/3.8.1/junit-3.8.1.jar
9fc11000-9fc18000 r--s 00029000 08:14 4603586    /home/guilherme/.m2/repository/org/codehaus/plexus/plexus-container-default/1.0-alpha-9-stable-1/plexus-container-default-1.0-alpha-9-stable-1.jar
9fc18000-9fc1c000 r--s 00030000 08:14 5769029    /home/guilherme/.m2/repository/org/codehaus/plexus/plexus-utils/1.5.1/plexus-utils-1.5.1.jar
9fc1c000-9fc20000 r--s 00027000 08:14 4472124    /home/guilherme/.m2/repository/org/codehaus/plexus/plexus-archiver/1.0-alpha-10/plexus-archiver-1.0-alpha-10.jar
9fc20000-9fc25000 r--s 00018000 08:14 4339220    /home/guilherme/.m2/repository/aspectj/aspectjrt/1.5.3/aspectjrt-1.5.3.jar
9fc25000-9fc29000 r--s 0002b000 08:14 4338688    /home/guilherme/.m2/repository/org/apache/maven/plugins/maven-assembly-plugin/2.2-beta-2/maven-assembly-plugin-2.2-beta-2.jar
9fc29000-9fc2b000 r--s 0000a000 08:14 5642959    /home/guilherme/.m2/repository/javax/ws/rs/jsr311-api/1.1.1/jsr311-api-1.1.1.jar
9fc2b000-9fc2d000 r--s 0000a000 08:14 4723826    /home/guilherme/.m2/repository/commons-codec/commons-codec/1.3/commons-codec-1.3.jar
9fc2d000-9fc2f000 r--s 0000d000 08:14 5778757    /home/guilherme/.m2/repository/commons-logging/commons-logging/1.1.1/commons-logging-1.1.1.jar
9fc2f000-9fc34000 r--s 00025000 08:14 4208682    /home/guilherme/.m2/repository/org/apache/httpcomponents/httpcore/4.0-beta1/httpcore-4.0-beta1.jar
9fc34000-9fc3b000 r--s 00036000 08:14 4208679    /home/guilherme/.m2/repository/org/apache/httpcomponents/httpclient/4.0-alpha4/httpclient-4.0-alpha4.jar
9fc3b000-9fc3e000 r--s 0000b000 08:14 4196718    /home/guilherme/.m2/repository/javax/persistence/persistence-api/1.0.2/persistence-api-1.0.2.jar
9fc3e000-9fc40000 r--s 0000c000 08:14 4196713    /home/guilherme/.m2/repository/de/undercouch/bson4jackson/1.3.0/bson4jackson-1.3.0.jar
9fc40000-9fc45000 r--s 00043000 08:14 4196674    /home/guilherme/.m2/repository/org/mongodb/mongo-java-driver/2.7.2/mongo-java-driver-2.7.2.jar
9fc45000-9fc48000 r--s 00014000 08:14 4196701    /home/guilherme/.m2/repository/net/vz/mongodb/jackson/mongo-jackson-mapper/1.4.1/mongo-jackson-mapper-1.4.1.jar
9fc48000-9fc49000 r--s 00006000 08:14 4196782    /home/guilherme/.m2/repository/org/codehaus/jackson/jackson-xc/1.9.2/jackson-xc-1.9.2.jar
9fc49000-9fc57000 r--s 000ad000 08:14 4196762    /home/guilherme/.m2/repository/org/codehaus/jackson/jackson-mapper-asl/1.9.2/jackson-mapper-asl-1.9.2.jar
9fc57000-9fc5b000 r--s 00034000 08:14 4196724    /home/guilherme/.m2/repository/org/codehaus/jackson/jackson-core-asl/1.9.2/jackson-core-asl-1.9.2.jar
9fc5b000-9fc5d000 r--s 00004000 08:14 4196725    /home/guilherme/.m2/repository/javax/xml/stream/stax-api/1.0-2/stax-api-1.0-2.jar
9fc5d000-9fc60000 r--s 00017000 08:14 4196709    /home/guilherme/.m2/repository/javax/xml/bind/jaxb-api/2.2.2/jaxb-api-2.2.2.jar
9fc60000-9fc73000 r--s 000c7000 08:14 4196686    /home/guilherme/.m2/repository/com/sun/xml/bind/jaxb-impl/2.2.3-1/jaxb-impl-2.2.3-1.jar
9fc73000-9fc75000 r--s 0000f000 08:14 4196720    /home/guilherme/.m2/repository/org/codehaus/jettison/jettison/1.1/jettison-1.1.jar
9fc75000-9fc79000 r--s 00020000 08:14 4196675    /home/guilherme/.m2/repository/org/glassfish/jersey/media/jersey-media-json/2.0-m02/jersey-media-json-2.0-m02.jar
9fc79000-9fc82000 r--s 00042000 08:14 4196752    /home/guilherme/.m2/repository/org/glassfish/jersey/core/jersey-server/2.0-m02/jersey-server-2.0-m02.jar
9fc82000-9fc84000 r--s 00003000 08:14 4196733    /home/guilherme/.m2/repository/org/jvnet/tiger-types/1.4/tiger-types-1.4.jar
9fc84000-9fc89000 r--s 00047000 08:14 4196757    /home/guilherme/.m2/repository/org/glassfish/hk2/external/asm-all-repackaged/1.6.32/asm-all-repackaged-1.6.32.jar
9fc89000-9fc90000 r--s 0004a000 08:14 4196753    /home/guilherme/.m2/repository/org/glassfish/hk2/auto-depends/1.6.32/auto-depends-1.6.32.jar
9fc90000-9fc92000 r--s 00006000 08:14 4196679    /home/guilherme/.m2/repository/org/glassfish/hk2/hk2-api/1.6.32/hk2-api-1.6.32.jar
9fc92000-9fc95000 r--s 00006000 08:14 4196737    /home/guilherme/.m2/repository/com/google/code/findbugs/jsr305/1.3.9/jsr305-1.3.9.jar
9fc95000-9fcb5000 r--s 00173000 08:14 4196682    /home/guilherme/.m2/repository/com/google/guava/guava/11.0.1/guava-11.0.1.jar
9fcb5000-9fcb7000 r--s 0000e000 08:14 4196702    /home/guilherme/.m2/repository/javax/activation/activation/1.1/activation-1.1.jar
9fcb7000-9fcbd000 r--s 00059000 08:14 4196731    /home/guilherme/.m2/repository/javax/mail/mail/1.4/mail-1.4.jar
9fcbd000-9fcc0000 r--s 00012000 08:14 4196681    /home/guilherme/.m2/repository/javax/ws/rs/javax.ws.rs-api/2.0-m03/javax.ws.rs-api-2.0-m03.jar
9fcc0000-9fccb000 r--s 0006c000 08:14 4196687    /home/guilherme/.m2/repository/org/glassfish/jersey/core/jersey-common/2.0-m02/jersey-common-2.0-m02.jar
9fccb000-9fccd000 r--s 00002000 08:14 4196697    /home/guilherme/.m2/repository/org/glassfish/jersey/containers/jersey-container-grizzly2-http/2.0-m02/jersey-container-grizzly2-http-2.0-m02.jar
9fccd000-9fcdb000 r--s 000a6000 08:14 4196758    /home/guilherme/.m2/repository/org/glassfish/grizzly/grizzly-framework/2.2.4/grizzly-framework-2.2.4.jar
9fcdb000-9fce0000 r--s 0003b000 08:14 4196742    /home/guilherme/.m2/repository/org/glassfish/grizzly/grizzly-http/2.2.4/grizzly-http-2.2.4.jar
9fce0000-9fce9000 r--s 000d3000 08:14 1717586    /usr/local/java/jdk1.7.0_40/jre/lib/javaws.jar
9fce9000-9fd78000 r--s 00dda000 08:14 1717647    /usr/local/java/jdk1.7.0_40/jre/lib/jfxrt.jar
9fd78000-9fd82000 r--s 00371000 08:14 1717754    /usr/local/java/jdk1.7.0_40/jre/lib/charsets.jar
9fd82000-9fd95000 r--s 001a5000 08:14 1717649    /usr/local/java/jdk1.7.0_40/jre/lib/plugin.jar
9fd95000-9fdad000 r--s 00406000 08:14 1717648    /usr/local/java/jdk1.7.0_40/jre/lib/deploy.jar
9fdad000-9fdae000 ---p 00000000 00:00 0 
9fdae000-9fe2e000 rw-p 00000000 00:00 0          [stack:6380]
9fe2e000-9fe31000 ---p 00000000 00:00 0 
9fe31000-9fe7f000 rw-p 00000000 00:00 0          [stack:6379]
9fe7f000-9fe82000 ---p 00000000 00:00 0 
9fe82000-9ff00000 rw-p 00000000 00:00 0          [stack:6378]
9ff00000-9ff88000 rw-p 00000000 00:00 0 
9ff88000-a0000000 ---p 00000000 00:00 0 
a0000000-a0001000 r--s 00004000 08:14 4196773    /home/guilherme/.m2/repository/org/codehaus/jackson/jackson-jaxrs/1.9.2/jackson-jaxrs-1.9.2.jar
a0001000-a0003000 r--s 00009000 08:14 4196698    /home/guilherme/.m2/repository/org/glassfish/external/management-api/3.0.0-b012/management-api-3.0.0-b012.jar
a0003000-a0007000 r--s 00030000 08:14 4196693    /home/guilherme/.m2/repository/org/glassfish/grizzly/grizzly-http-server/2.2.4/grizzly-http-server-2.2.4.jar
a0007000-a000d000 r--s 0007d000 08:14 1717785    /usr/local/java/jdk1.7.0_40/jre/lib/jfr.jar
a000d000-a0010000 ---p 00000000 00:00 0 
a0010000-a005e000 rw-p 00000000 00:00 0          [stack:6377]
a005e000-a0061000 ---p 00000000 00:00 0 
a0061000-a00af000 rw-p 00000000 00:00 0          [stack:6376]
a00af000-a00b2000 ---p 00000000 00:00 0 
a00b2000-a0100000 rw-p 00000000 00:00 0          [stack:6373]
a0100000-a0121000 rw-p 00000000 00:00 0 
a0121000-a0200000 ---p 00000000 00:00 0 
a0200000-a0201000 r--s 00001000 08:14 4196691    /home/guilherme/.m2/repository/org/glassfish/hk2/external/javax.inject/1.6.32/javax.inject-1.6.32.jar
a0201000-a0204000 ---p 00000000 00:00 0 
a0204000-a0252000 rw-p 00000000 00:00 0          [stack:6372]
a0252000-a0255000 ---p 00000000 00:00 0 
a0255000-a02a3000 rw-p 00000000 00:00 0          [stack:6371]
a02a3000-a02a6000 ---p 00000000 00:00 0 
a02a6000-a02f4000 rw-p 00000000 00:00 0          [stack:6370]
a02f4000-a02f5000 ---p 00000000 00:00 0 
a02f5000-a03c0000 rw-p 00000000 00:00 0          [stack:6369]
a03c0000-a057d000 r--s 039d3000 08:14 1717013    /usr/local/java/jdk1.7.0_40/jre/lib/rt.jar
a057d000-a05df000 rw-p 00000000 00:00 0 
a05df000-a05f9000 rw-p 00000000 00:00 0 
a05f9000-a05ff000 rw-p 00000000 00:00 0 
a05ff000-a064f000 rw-p 00000000 00:00 0 
a064f000-a0652000 rw-p 00000000 00:00 0 
a0652000-a0679000 rw-p 00000000 00:00 0 
a0679000-a067f000 rw-p 00000000 00:00 0 
a067f000-a06cf000 rw-p 00000000 00:00 0 
a06cf000-a06d5000 rw-p 00000000 00:00 0 
a06d5000-a06ef000 rw-p 00000000 00:00 0 
a06ef000-a0c40000 rw-p 00000000 00:00 0 
a0c40000-a5c40000 rw-p 00000000 00:00 0 
a5c40000-a66f0000 rw-p 00000000 00:00 0 
a66f0000-b06f0000 rw-p 00000000 00:00 0 
b06f0000-b12f0000 rw-p 00000000 00:00 0 
b12f0000-b46f0000 rw-p 00000000 00:00 0 
b46f0000-b46f4000 r--s 0008a000 08:14 1717584    /usr/local/java/jdk1.7.0_40/jre/lib/jsse.jar
b46f4000-b46fd000 r--s 00250000 08:14 1717499    /usr/local/java/jdk1.7.0_40/jre/lib/resources.jar
b46fd000-b4701000 rw-p 00000000 00:00 0 
b4701000-b477d000 rw-p 00000000 00:00 0 
b477d000-b486d000 rwxp 00000000 00:00 0 
b486d000-b677d000 rw-p 00000000 00:00 0 
b677d000-b6788000 r-xp 00000000 08:14 2492817    /lib/i386-linux-gnu/libnss_files-2.17.so
b6788000-b6789000 r--p 0000a000 08:14 2492817    /lib/i386-linux-gnu/libnss_files-2.17.so
b6789000-b678a000 rw-p 0000b000 08:14 2492817    /lib/i386-linux-gnu/libnss_files-2.17.so
b678a000-b6794000 r-xp 00000000 08:14 2492828    /lib/i386-linux-gnu/libnss_nis-2.17.so
b6794000-b6795000 r--p 00009000 08:14 2492828    /lib/i386-linux-gnu/libnss_nis-2.17.so
b6795000-b6796000 rw-p 0000a000 08:14 2492828    /lib/i386-linux-gnu/libnss_nis-2.17.so
b6796000-b67ab000 r-xp 00000000 08:14 2492814    /lib/i386-linux-gnu/libnsl-2.17.so
b67ab000-b67ac000 r--p 00014000 08:14 2492814    /lib/i386-linux-gnu/libnsl-2.17.so
b67ac000-b67ad000 rw-p 00015000 08:14 2492814    /lib/i386-linux-gnu/libnsl-2.17.so
b67ad000-b67af000 rw-p 00000000 00:00 0 
b67af000-b67b0000 r--s 00004000 08:14 4196756    /home/guilherme/.m2/repository/org/glassfish/hk2/osgi-resource-locator/1.0.1/osgi-resource-locator-1.0.1.jar
b67b0000-b67c7000 r-xp 00000000 08:14 1717575    /usr/local/java/jdk1.7.0_40/jre/lib/i386/libzip.so
b67c7000-b67c8000 rw-p 00017000 08:14 1717575    /usr/local/java/jdk1.7.0_40/jre/lib/i386/libzip.so
b67c8000-b69c8000 r--p 00000000 08:14 1449933    /usr/lib/locale/locale-archive
b69c8000-b69ff000 r-xp 00000000 08:14 1717550    /usr/local/java/jdk1.7.0_40/jre/lib/i386/libjdwp.so
b69ff000-b6a00000 rw-p 00037000 08:14 1717550    /usr/local/java/jdk1.7.0_40/jre/lib/i386/libjdwp.so
b6a00000-b6b00000 rw-p 00000000 00:00 0 
b6b00000-b6b01000 r--s 00001000 08:14 4196767    /home/guilherme/.m2/repository/org/glassfish/grizzly/grizzly-rcm/2.2.4/grizzly-rcm-2.2.4.jar
b6b01000-b6b03000 r--s 00004000 08:14 4196729    /home/guilherme/.m2/repository/org/glassfish/gmbal/gmbal-api-only/3.0.0-b023/gmbal-api-only-3.0.0-b023.jar
b6b03000-b6b0b000 rw-s 00000000 08:14 5778548    /tmp/hsperfdata_guilherme/6367
b6b0b000-b6b12000 r-xp 00000000 08:14 2492818    /lib/i386-linux-gnu/libnss_compat-2.17.so
b6b12000-b6b13000 r--p 00006000 08:14 2492818    /lib/i386-linux-gnu/libnss_compat-2.17.so
b6b13000-b6b14000 rw-p 00007000 08:14 2492818    /lib/i386-linux-gnu/libnss_compat-2.17.so
b6b14000-b6b37000 r-xp 00000000 08:14 1717538    /usr/local/java/jdk1.7.0_40/jre/lib/i386/libjava.so
b6b37000-b6b38000 rw-p 00022000 08:14 1717538    /usr/local/java/jdk1.7.0_40/jre/lib/i386/libjava.so
b6b38000-b6b3f000 r-xp 00000000 08:14 2492827    /lib/i386-linux-gnu/librt-2.17.so
b6b3f000-b6b40000 r--p 00006000 08:14 2492827    /lib/i386-linux-gnu/librt-2.17.so
b6b40000-b6b41000 rw-p 00007000 08:14 2492827    /lib/i386-linux-gnu/librt-2.17.so
b6b41000-b6b44000 ---p 00000000 00:00 0 
b6b44000-b6b92000 rw-p 00000000 00:00 0          [stack:6368]
b6b92000-b6bd3000 r-xp 00000000 08:14 2492824    /lib/i386-linux-gnu/libm-2.17.so
b6bd3000-b6bd4000 r--p 00040000 08:14 2492824    /lib/i386-linux-gnu/libm-2.17.so
b6bd4000-b6bd5000 rw-p 00041000 08:14 2492824    /lib/i386-linux-gnu/libm-2.17.so
b6bd5000-b715b000 r-xp 00000000 08:14 1717533    /usr/local/java/jdk1.7.0_40/jre/lib/i386/client/libjvm.so
b715b000-b717c000 rw-p 00586000 08:14 1717533    /usr/local/java/jdk1.7.0_40/jre/lib/i386/client/libjvm.so
b717c000-b759d000 rw-p 00000000 00:00 0 
b759d000-b774b000 r-xp 00000000 08:14 2492825    /lib/i386-linux-gnu/libc-2.17.so
b774b000-b774d000 r--p 001ae000 08:14 2492825    /lib/i386-linux-gnu/libc-2.17.so
b774d000-b774e000 rw-p 001b0000 08:14 2492825    /lib/i386-linux-gnu/libc-2.17.so
b774e000-b7751000 rw-p 00000000 00:00 0 
b7751000-b7754000 r-xp 00000000 08:14 2492830    /lib/i386-linux-gnu/libdl-2.17.so
b7754000-b7755000 r--p 00002000 08:14 2492830    /lib/i386-linux-gnu/libdl-2.17.so
b7755000-b7756000 rw-p 00003000 08:14 2492830    /lib/i386-linux-gnu/libdl-2.17.so
b7756000-b7769000 r-xp 00000000 08:14 1717542    /usr/local/java/jdk1.7.0_40/jre/lib/i386/jli/libjli.so
b7769000-b776a000 rw-p 00012000 08:14 1717542    /usr/local/java/jdk1.7.0_40/jre/lib/i386/jli/libjli.so
b776a000-b776b000 rw-p 00000000 00:00 0 
b776b000-b7782000 r-xp 00000000 08:14 2492823    /lib/i386-linux-gnu/libpthread-2.17.so
b7782000-b7783000 r--p 00016000 08:14 2492823    /lib/i386-linux-gnu/libpthread-2.17.so
b7783000-b7784000 rw-p 00017000 08:14 2492823    /lib/i386-linux-gnu/libpthread-2.17.so
b7784000-b7786000 rw-p 00000000 00:00 0 
b7786000-b7787000 r--s 00000000 08:14 1717585    /usr/local/java/jdk1.7.0_40/jre/lib/management-agent.jar
b7787000-b7789000 r--s 00019000 08:14 1717801    /usr/local/java/jdk1.7.0_40/jre/lib/jce.jar
b7789000-b778c000 r-xp 00000000 08:14 1717557    /usr/local/java/jdk1.7.0_40/jre/lib/i386/libdt_socket.so
b778c000-b778d000 rw-p 00003000 08:14 1717557    /usr/local/java/jdk1.7.0_40/jre/lib/i386/libdt_socket.so
b778d000-b778e000 r--p 005e0000 08:14 1449933    /usr/lib/locale/locale-archive
b778e000-b7790000 r-xp 00000000 08:14 1717569    /usr/local/java/jdk1.7.0_40/jre/lib/i386/libnpt.so
b7790000-b7791000 rw-p 00002000 08:14 1717569    /usr/local/java/jdk1.7.0_40/jre/lib/i386/libnpt.so
b7791000-b7792000 rw-p 00000000 00:00 0 
b7792000-b7793000 r--p 00000000 00:00 0 
b7793000-b779e000 r-xp 00000000 08:14 1717520    /usr/local/java/jdk1.7.0_40/jre/lib/i386/libverify.so
b779e000-b779f000 rw-p 0000b000 08:14 1717520    /usr/local/java/jdk1.7.0_40/jre/lib/i386/libverify.so
b779f000-b77a1000 rw-p 00000000 00:00 0 
b77a1000-b77a2000 r-xp 00000000 00:00 0          [vdso]
b77a2000-b77c2000 r-xp 00000000 08:14 2492826    /lib/i386-linux-gnu/ld-2.17.so
b77c2000-b77c3000 r--p 0001f000 08:14 2492826    /lib/i386-linux-gnu/ld-2.17.so
b77c3000-b77c4000 rw-p 00020000 08:14 2492826    /lib/i386-linux-gnu/ld-2.17.so
bfef6000-bff1a000 rw-p 00000000 00:00 0          [stack]

VM Arguments:
jvm_args: -agentlib:jdwp=transport=dt_socket,address=127.0.0.1:54640,suspend=y,server=n -Dfile.encoding=UTF-8 
java_command: br.org.base.server.Server
Launcher Type: SUN_STANDARD

Environment Variables:
JAVA_HOME=/usr/local/java/jdk1.7.0_40
JRE_HOME=/usr/local/java/jre1.7.0_40
CLASSPATH=./../lib/bootstrap.jar:./../lib/extensions.jar:./../lib/util.jar:./../lib/jdom.jar:./../lib/log4j.jar:./../lib/trove4j.jar:./../lib/jna.jar:/usr/local/java/jdk1.7.0_40/lib/tools.jar
PATH=/opt/SenchaSDKTools-2.0.0-beta3:/home/guilherme/bin/Sencha/Cmd/4.0.0.203:/usr/local/heroku/bin:/opt/SenchaSDKTools-2.0.0-beta3:/home/guilherme/bin/Sencha/Cmd/4.0.0.203:/home/guilherme/bin:/usr/lib/lightdm/lightdm:/usr/local/sbin:/usr/local/bin:/usr/sbin:/usr/bin:/sbin:/bin:/usr/games:/usr/local/games:/home/guilherme/bin:/usr/local/java/jdk1.7.0_40/bin:/home/guilherme/bin:/usr/local/java/jre1.7.0_40/bin
LD_LIBRARY_PATH=.:
SHELL=/bin/bash
DISPLAY=:0

Signal Handlers:
SIGSEGV: [libjvm.so+0x503d90], sa_mask[0]=0x7ffbfeff, sa_flags=0x10000004
SIGBUS: [libjvm.so+0x503d90], sa_mask[0]=0x7ffbfeff, sa_flags=0x10000004
SIGFPE: [libjvm.so+0x3fbe80], sa_mask[0]=0x7ffbfeff, sa_flags=0x10000004
SIGPIPE: [libjvm.so+0x3fbe80], sa_mask[0]=0x7ffbfeff, sa_flags=0x10000004
SIGXFSZ: [libjvm.so+0x3fbe80], sa_mask[0]=0x7ffbfeff, sa_flags=0x10000004
SIGILL: [libjvm.so+0x3fbe80], sa_mask[0]=0x7ffbfeff, sa_flags=0x10000004
SIGUSR1: SIG_DFL, sa_mask[0]=0x00000000, sa_flags=0x00000000
SIGUSR2: [libjvm.so+0x3fd370], sa_mask[0]=0x00000004, sa_flags=0x10000004
SIGHUP: [libjvm.so+0x3fe4c0], sa_mask[0]=0x7ffbfeff, sa_flags=0x10000004
SIGINT: [libjvm.so+0x3fe4c0], sa_mask[0]=0x7ffbfeff, sa_flags=0x10000004
SIGTERM: [libjvm.so+0x3fe4c0], sa_mask[0]=0x7ffbfeff, sa_flags=0x10000004
SIGQUIT: [libjvm.so+0x3fe4c0], sa_mask[0]=0x7ffbfeff, sa_flags=0x10000004


---------------  S Y S T E M  ---------------

OS:wheezy/sid

uname:Linux 3.8.0-33-generic #48-Ubuntu SMP Wed Oct 23 17:26:34 UTC 2013 i686
libc:glibc 2.17 NPTL 2.17 
rlimit: STACK 8192k, CORE 0k, NPROC 24106, NOFILE 4096, AS infinity
load average:1,31 1,22 0,95

/proc/meminfo:
MemTotal:        3102112 kB
MemFree:          306236 kB
Buffers:           62724 kB
Cached:           450192 kB
SwapCached:            0 kB
Active:          2277916 kB
Inactive:         413296 kB
Active(anon):    2011268 kB
Inactive(anon):   183456 kB
Active(file):     266648 kB
Inactive(file):   229840 kB
Unevictable:          48 kB
Mlocked:              48 kB
HighTotal:       2231176 kB
HighFree:          40024 kB
LowTotal:         870936 kB
LowFree:          266212 kB
SwapTotal:       1999868 kB
SwapFree:        1999868 kB
Dirty:              5932 kB
Writeback:             0 kB
AnonPages:       2178436 kB
Mapped:           269104 kB
Shmem:             16428 kB
Slab:              42632 kB
SReclaimable:      21052 kB
SUnreclaim:        21580 kB
KernelStack:        5320 kB
PageTables:        24108 kB
NFS_Unstable:          0 kB
Bounce:                0 kB
WritebackTmp:          0 kB
CommitLimit:     3550924 kB
Committed_AS:    6280008 kB
VmallocTotal:     122880 kB
VmallocUsed:       46448 kB
VmallocChunk:      70132 kB
HardwareCorrupted:     0 kB
AnonHugePages:         0 kB
HugePages_Total:       0
HugePages_Free:        0
HugePages_Rsvd:        0
HugePages_Surp:        0
Hugepagesize:       2048 kB
DirectMap4k:       45048 kB
DirectMap2M:      868352 kB


CPU:total 2 (2 cores per cpu, 1 threads per core) family 15 model 6 stepping 5, cmov, cx8, fxsr, mmx, sse, sse2, sse3, tsc

/proc/cpuinfo:
processor	: 0
vendor_id	: GenuineIntel
cpu family	: 15
model		: 6
model name	: Intel(R) Pentium(R) D CPU 3.20GHz
stepping	: 5
microcode	: 0xb
cpu MHz		: 3200.000
cache size	: 2048 KB
physical id	: 0
siblings	: 2
core id		: 0
cpu cores	: 2
apicid		: 0
initial apicid	: 0
fdiv_bug	: no
hlt_bug		: no
f00f_bug	: no
coma_bug	: no
fpu		: yes
fpu_exception	: yes
cpuid level	: 6
wp		: yes
flags		: fpu vme de pse tsc msr pae mce cx8 apic sep mtrr pge mca cmov pat pse36 clflush dts acpi mmx fxsr sse sse2 ss ht tm pbe nx lm constant_tsc pebs bts pni dtes64 monitor ds_cpl est cid cx16 xtpr pdcm lahf_lm
bogomips	: 6399.11
clflush size	: 64
cache_alignment	: 128
address sizes	: 36 bits physical, 48 bits virtual
power management:

processor	: 1
vendor_id	: GenuineIntel
cpu family	: 15
model		: 6
model name	: Intel(R) Pentium(R) D CPU 3.20GHz
stepping	: 5
microcode	: 0xb
cpu MHz		: 3200.000
cache size	: 2048 KB
physical id	: 0
siblings	: 2
core id		: 1
cpu cores	: 2
apicid		: 1
initial apicid	: 1
fdiv_bug	: no
hlt_bug		: no
f00f_bug	: no
coma_bug	: no
fpu		: yes
fpu_exception	: yes
cpuid level	: 6
wp		: yes
flags		: fpu vme de pse tsc msr pae mce cx8 apic sep mtrr pge mca cmov pat pse36 clflush dts acpi mmx fxsr sse sse2 ss ht tm pbe nx lm constant_tsc pebs bts pni dtes64 monitor ds_cpl est cid cx16 xtpr pdcm lahf_lm
bogomips	: 6399.11
clflush size	: 64
cache_alignment	: 128
address sizes	: 36 bits physical, 48 bits virtual
power management:



Memory: 4k page, physical 3102112k(306236k free), swap 1999868k(1999868k free)

vm_info: Java HotSpot(TM) Client VM (24.0-b56) for linux-x86 JRE (1.7.0_40-b43), built on Aug 26 2013 22:05:59 by "java_re" with gcc 4.3.0 20080428 (Red Hat 4.3.0-8)

time: Fri Nov 29 16:33:56 2013
elapsed time: 1 seconds

