#
# A fatal error has been detected by the Java Runtime Environment:
#
#  SIGILL (0x4) at pc=0xb6d76e10, pid=13555, tid=2674584384
#
# JRE version: Java(TM) SE Runtime Environment (7.0_40-b43) (build 1.7.0_40-b43)
# Java VM: Java HotSpot(TM) Client VM (24.0-b56 mixed mode linux-x86 )
# Problematic frame:
# V  [libjvm.so+0x200e10]  Events::log_exception(Thread*, char const*, ...)+0x20
#
# Failed to write core dump. Core dumps have been disabled. To enable core dumping, try "ulimit -c unlimited" before starting Java again
#
# If you would like to submit a bug report, please visit:
#   http://bugreport.sun.com/bugreport/crash.jsp
#

---------------  T H R E A D  ---------------

Current thread (0x9f576c00):  JavaThread "Grizzly(2)" daemon [_thread_in_vm, id=13573, stack(0x9f65e000,0x9f6af000)]

siginfo:si_signo=SIGILL: si_errno=0, si_code=2 (ILL_ILLOPN), si_addr=0xb6d76e10

Registers:
EAX=0x00000000, EBX=0xb710a868, ECX=0xb69087a8, EDX=0x00000000
ESP=0x9f6abdb0, EBP=0x9f6abdd8, ESI=0xb69087a8, EDI=0xb69090b0
EIP=0xb6d76e10, EFLAGS=0x00010282, CR2=0xb7730100

Top of Stack: (sp=0x9f6abdb0)
0x9f6abdb0:   9f576c00 b480e320 2dba4d6e 401cdb91
0x9f6abdc0:   a0510f58 b69087a8 b70ce474 b710a868
0x9f6abdd0:   00000000 b069bdb8 9f6ac0d8 b6ea080b
0x9f6abde0:   9f576c00 b70bb507 a0a93da0 b70ce474
0x9f6abdf0:   000004dc 9f6ac01c 9f5773c8 9f5773c8
0x9f6abe00:   9f6abe20 9f6abe28 9f576c00 9f5773bc
0x9f6abe10:   006e14cf 00000000 9f5773c0 00000000
0x9f6abe20:   5271fe55 000e19c2 9f6ac130 b480e1f4 

Instructions: (pc=0xb6d76e10)
0xb6d76df0:   55 89 e5 57 56 53 83 ec 1c e8 00 00 00 00 5b 81
0xb6d76e00:   c3 6a 3a 39 00 8b 83 10 f2 ff ff 80 38 00 75 08
0xb6d76e10:   8d 65 f4 5b 5e 5f 5d c3 8b 83 d4 fa ff ff 8d 7d
0xb6d76e20:   10 8b 30 8b 83 3c ea ff ff 8b 00 85 c0 75 e1 e8 

Register to memory mapping:

EAX=0x00000000 is an unknown value
EBX=0xb710a868: <offset 0x594868> in /usr/local/java/jdk1.7.0_40/jre/lib/i386/client/libjvm.so at 0xb6b76000
ECX=0xb69087a8 is an unknown value
EDX=0x00000000 is an unknown value
ESP=0x9f6abdb0 is pointing into the stack for thread: 0x9f576c00
EBP=0x9f6abdd8 is pointing into the stack for thread: 0x9f576c00
ESI=0xb69087a8 is an unknown value
EDI=0xb69090b0 is an unknown value


Stack: [0x9f65e000,0x9f6af000],  sp=0x9f6abdb0,  free space=311k
Native frames: (J=compiled Java code, j=interpreted, Vv=VM code, C=native code)
V  [libjvm.so+0x200e10]  Events::log_exception(Thread*, char const*, ...)+0x20
V  [libjvm.so+0x32a80b]  JVM_DoPrivileged+0x4eb
C  [libjava.so+0x9a4a]  Java_java_security_AccessController_doPrivileged__Ljava_security_PrivilegedExceptionAction_2Ljava_security_AccessControlContext_2+0x3a
J  java.security.AccessController.doPrivileged(Ljava/security/PrivilegedExceptionAction;Ljava/security/AccessControlContext;)Ljava/lang/Object;
J  java.net.URLClassLoader.findClass(Ljava/lang/String;)Ljava/lang/Class;
V  [libjvm.so+0x2a7875]  JavaCalls::call_helper(JavaValue*, methodHandle*, JavaCallArguments*, Thread*)+0x315
V  [libjvm.so+0x3fa1e9]  os::os_exception_wrapper(void (*)(JavaValue*, methodHandle*, JavaCallArguments*, Thread*), JavaValue*, methodHandle*, JavaCallArguments*, Thread*)+0x19
V  [libjvm.so+0x2a64ef]  JavaCalls::call(JavaValue*, methodHandle, JavaCallArguments*, Thread*)+0x2f
V  [libjvm.so+0x2a672a]  JavaCalls::call_virtual(JavaValue*, KlassHandle, Symbol*, Symbol*, JavaCallArguments*, Thread*)+0x10a
V  [libjvm.so+0x2a67f5]  JavaCalls::call_virtual(JavaValue*, Handle, KlassHandle, Symbol*, Symbol*, Handle, Thread*)+0x55
V  [libjvm.so+0x49e559]  SystemDictionary::load_instance_class(Symbol*, Handle, Thread*)+0x489
V  [libjvm.so+0x49cc52]  SystemDictionary::resolve_instance_class_or_null(Symbol*, Handle, Handle, Thread*)+0x742
V  [libjvm.so+0x49d0b9]  SystemDictionary::resolve_or_null(Symbol*, Handle, Handle, Thread*)+0x49
V  [libjvm.so+0x49e5d0]  SystemDictionary::resolve_or_fail(Symbol*, Handle, Handle, bool, Thread*)+0x30
V  [libjvm.so+0x1d5cfb]  constantPoolOopDesc::klass_at_impl(constantPoolHandle, int, Thread*)+0x1cb
V  [libjvm.so+0x29fdb7]  InterpreterRuntime::_new(JavaThread*, constantPoolOopDesc*, int)+0x67
j  org.codehaus.jackson.map.introspect.BasicClassIntrospector.constructPropertyCollector(Lorg/codehaus/jackson/map/MapperConfig;Lorg/codehaus/jackson/map/introspect/AnnotatedClass;Lorg/codehaus/jackson/type/JavaType;Z)Lorg/codehaus/jackson/map/introspect/POJOPropertiesCollector;+0
j  org.codehaus.jackson.map.introspect.BasicClassIntrospector.collectProperties(Lorg/codehaus/jackson/map/MapperConfig;Lorg/codehaus/jackson/type/JavaType;Lorg/codehaus/jackson/map/ClassIntrospector$MixInResolver;Z)Lorg/codehaus/jackson/map/introspect/POJOPropertiesCollector;+29
j  org.codehaus.jackson.map.introspect.BasicClassIntrospector.forDeserialization(Lorg/codehaus/jackson/map/DeserializationConfig;Lorg/codehaus/jackson/type/JavaType;Lorg/codehaus/jackson/map/ClassIntrospector$MixInResolver;)Lorg/codehaus/jackson/map/introspect/BasicBeanDescription;+17
j  org.codehaus.jackson.map.introspect.BasicClassIntrospector.forDeserialization(Lorg/codehaus/jackson/map/DeserializationConfig;Lorg/codehaus/jackson/type/JavaType;Lorg/codehaus/jackson/map/ClassIntrospector$MixInResolver;)Lorg/codehaus/jackson/map/BeanDescription;+4
j  org.codehaus.jackson.map.DeserializationConfig.introspect(Lorg/codehaus/jackson/type/JavaType;)Lorg/codehaus/jackson/map/BeanDescription;+7
j  org.codehaus.jackson.map.deser.BeanDeserializerFactory.createBeanDeserializer(Lorg/codehaus/jackson/map/DeserializationConfig;Lorg/codehaus/jackson/map/DeserializerProvider;Lorg/codehaus/jackson/type/JavaType;Lorg/codehaus/jackson/map/BeanProperty;)Lorg/codehaus/jackson/map/JsonDeserializer;+16
j  org.codehaus.jackson.map.deser.StdDeserializerProvider._createDeserializer(Lorg/codehaus/jackson/map/DeserializationConfig;Lorg/codehaus/jackson/type/JavaType;Lorg/codehaus/jackson/map/BeanProperty;)Lorg/codehaus/jackson/map/JsonDeserializer;+181
j  org.codehaus.jackson.map.deser.StdDeserializerProvider._createAndCache2(Lorg/codehaus/jackson/map/DeserializationConfig;Lorg/codehaus/jackson/type/JavaType;Lorg/codehaus/jackson/map/BeanProperty;)Lorg/codehaus/jackson/map/JsonDeserializer;+4
j  org.codehaus.jackson.map.deser.StdDeserializerProvider._createAndCacheValueDeserializer(Lorg/codehaus/jackson/map/DeserializationConfig;Lorg/codehaus/jackson/type/JavaType;Lorg/codehaus/jackson/map/BeanProperty;)Lorg/codehaus/jackson/map/JsonDeserializer;+68
j  org.codehaus.jackson.map.deser.StdDeserializerProvider.findValueDeserializer(Lorg/codehaus/jackson/map/DeserializationConfig;Lorg/codehaus/jackson/type/JavaType;Lorg/codehaus/jackson/map/BeanProperty;)Lorg/codehaus/jackson/map/JsonDeserializer;+45
j  org.codehaus.jackson.map.deser.StdDeserializerProvider.findTypedValueDeserializer(Lorg/codehaus/jackson/map/DeserializationConfig;Lorg/codehaus/jackson/type/JavaType;Lorg/codehaus/jackson/map/BeanProperty;)Lorg/codehaus/jackson/map/JsonDeserializer;+4
j  net.vz.mongodb.jackson.internal.util.IdHandlerFactory.getBeanProperty(Lorg/codehaus/jackson/map/ObjectMapper;Ljava/lang/Class;Ljava/lang/Class;)Lorg/codehaus/jackson/map/BeanProperty;+13
j  net.vz.mongodb.jackson.internal.util.IdHandlerFactory.getIdHandlerForProperty(Lorg/codehaus/jackson/map/ObjectMapper;Ljava/lang/Class;Ljava/lang/Class;)Lnet/vz/mongodb/jackson/internal/util/IdHandler;+3
j  net.vz.mongodb.jackson.JacksonDBCollection.<init>(Lcom/mongodb/DBCollection;Lorg/codehaus/jackson/type/JavaType;Lorg/codehaus/jackson/type/JavaType;Lorg/codehaus/jackson/map/ObjectMapper;Ljava/util/Map;)V+62
j  net.vz.mongodb.jackson.JacksonDBCollection.wrap(Lcom/mongodb/DBCollection;Ljava/lang/Class;Ljava/lang/Class;)Lnet/vz/mongodb/jackson/JacksonDBCollection;+23
j  br.org.base.resource.ClienteResource.<clinit>()V+21
v  ~StubRoutines::call_stub
V  [libjvm.so+0x2a7875]  JavaCalls::call_helper(JavaValue*, methodHandle*, JavaCallArguments*, Thread*)+0x315
V  [libjvm.so+0x3fa1e9]  os::os_exception_wrapper(void (*)(JavaValue*, methodHandle*, JavaCallArguments*, Thread*), JavaValue*, methodHandle*, JavaCallArguments*, Thread*)+0x19
V  [libjvm.so+0x2a64ef]  JavaCalls::call(JavaValue*, methodHandle, JavaCallArguments*, Thread*)+0x2f
V  [libjvm.so+0x27bd52]  instanceKlass::call_class_initializer(Thread*)+0xc2
V  [libjvm.so+0x27eba5]  instanceKlass::initialize_impl(instanceKlassHandle, Thread*)+0x1c5
V  [libjvm.so+0x27ef9b]  instanceKlass::initialize(Thread*)+0x5b
V  [libjvm.so+0x440691]  Reflection::invoke_constructor(oopDesc*, objArrayHandle, Thread*)+0x121
V  [libjvm.so+0x31e9db]  JVM_NewInstanceFromConstructor+0xdb
C  [libjava.so+0x151eb]  Java_sun_reflect_NativeConstructorAccessorImpl_newInstance0+0x2b
j  sun.reflect.NativeConstructorAccessorImpl.newInstance0(Ljava/lang/reflect/Constructor;[Ljava/lang/Object;)Ljava/lang/Object;+0
j  sun.reflect.NativeConstructorAccessorImpl.newInstance([Ljava/lang/Object;)Ljava/lang/Object;+72
j  sun.reflect.DelegatingConstructorAccessorImpl.newInstance([Ljava/lang/Object;)Ljava/lang/Object;+5
j  java.lang.reflect.Constructor.newInstance([Ljava/lang/Object;)Ljava/lang/Object;+79
j  java.lang.Class.newInstance()Ljava/lang/Object;+132
j  com.sun.hk2.component.ConstructorCreator.create(Lorg/jvnet/hk2/component/Inhabitant;)Ljava/lang/Object;+4
j  com.sun.hk2.component.AbstractCreatorImpl.get(Lorg/jvnet/hk2/component/Inhabitant;)Ljava/lang/Object;+15
J  com.sun.hk2.component.AbstractInhabitantImpl.get()Ljava/lang/Object;
j  org.jvnet.hk2.component.Habitat.inject(Ljava/lang/Class;)Ljava/lang/Object;+2
j  org.glassfish.jersey.server.internal.routing.PushResourceUriAndDelegateTreeAcceptor.pushMatchedToRoutingContext()V+35
j  org.glassfish.jersey.server.internal.routing.AbstractPushRoutingInfoAndDelegateTreeAcceptor.apply(Ljavax/ws/rs/core/Request;)Lorg/glassfish/jersey/internal/util/collection/Pair;+1
j  org.glassfish.jersey.process.internal.HierarchicalRequestProcessor._apply(Ljavax/ws/rs/core/Request;Lorg/glassfish/jersey/process/internal/TreeAcceptor;Lorg/glassfish/jersey/process/internal/StagingContext;)Lorg/glassfish/jersey/internal/util/collection/Pair;+10
j  org.glassfish.jersey.process.internal.HierarchicalRequestProcessor._apply(Ljavax/ws/rs/core/Request;Lorg/glassfish/jersey/process/internal/TreeAcceptor;Lorg/glassfish/jersey/process/internal/StagingContext;)Lorg/glassfish/jersey/internal/util/collection/Pair;+79
j  org.glassfish.jersey.process.internal.HierarchicalRequestProcessor._apply(Ljavax/ws/rs/core/Request;Lorg/glassfish/jersey/process/internal/TreeAcceptor;Lorg/glassfish/jersey/process/internal/StagingContext;)Lorg/glassfish/jersey/internal/util/collection/Pair;+79
j  org.glassfish.jersey.process.internal.HierarchicalRequestProcessor.apply(Ljavax/ws/rs/core/Request;)Lorg/glassfish/jersey/internal/util/collection/Pair;+18
j  org.glassfish.jersey.process.internal.RequestInvoker$AcceptingInvoker.apply(Ljavax/ws/rs/core/Request;)Ljavax/ws/rs/core/Response;+28
j  org.glassfish.jersey.process.internal.RequestInvoker$AcceptingInvoker.apply(Ljava/lang/Object;)Ljava/lang/Object;+5
j  org.glassfish.jersey.process.internal.AsyncInflectorAdapter.apply(Ljavax/ws/rs/core/Request;)Lcom/google/common/util/concurrent/ListenableFuture;+5
j  org.glassfish.jersey.process.internal.RequestInvoker$2.runInScope()V+89
j  org.glassfish.jersey.process.internal.RequestInvoker$2.run()V+14
j  java.util.concurrent.Executors$RunnableAdapter.call()Ljava/lang/Object;+4
j  java.util.concurrent.FutureTask.run()V+42
j  com.google.common.util.concurrent.MoreExecutors$SameThreadExecutorService.execute(Ljava/lang/Runnable;)V+5
j  com.google.common.util.concurrent.AbstractListeningExecutorService.submit(Ljava/lang/Runnable;)Lcom/google/common/util/concurrent/ListenableFuture;+8
j  com.google.common.util.concurrent.AbstractListeningExecutorService.submit(Ljava/lang/Runnable;)Ljava/util/concurrent/Future;+2
j  org.glassfish.jersey.process.internal.RequestInvoker.apply(Ljavax/ws/rs/core/Request;Lorg/glassfish/jersey/process/internal/InvocationCallback;)Lcom/google/common/util/concurrent/ListenableFuture;+42
j  org.glassfish.jersey.server.Application.apply(Ljavax/ws/rs/core/Request;Lorg/glassfish/jersey/process/internal/InvocationCallback;)V+34
j  org.glassfish.jersey.server.Application.apply(Ljavax/ws/rs/core/Request;Lorg/glassfish/jersey/server/spi/ContainerResponseWriter;)V+15
j  org.glassfish.jersey.grizzly2.GrizzlyHttpContainer.service(Lorg/glassfish/grizzly/http/server/Request;Lorg/glassfish/grizzly/http/server/Response;)V+31
j  org.glassfish.grizzly.http.server.HttpHandler.doHandle(Lorg/glassfish/grizzly/http/server/Request;Lorg/glassfish/grizzly/http/server/Response;)V+112
j  org.glassfish.grizzly.http.server.HttpHandlerChain.service(Lorg/glassfish/grizzly/http/server/Request;Lorg/glassfish/grizzly/http/server/Response;)V+111
j  org.glassfish.grizzly.http.server.HttpHandler.doHandle(Lorg/glassfish/grizzly/http/server/Request;Lorg/glassfish/grizzly/http/server/Response;)V+112
j  org.glassfish.grizzly.http.server.HttpServerFilter.handleRead(Lorg/glassfish/grizzly/filterchain/FilterChainContext;)Lorg/glassfish/grizzly/filterchain/NextAction;+136
j  org.glassfish.grizzly.filterchain.ExecutorResolver$9.execute(Lorg/glassfish/grizzly/filterchain/Filter;Lorg/glassfish/grizzly/filterchain/FilterChainContext;)Lorg/glassfish/grizzly/filterchain/NextAction;+2
J  org.glassfish.grizzly.filterchain.DefaultFilterChain.executeFilter(Lorg/glassfish/grizzly/filterchain/FilterExecutor;Lorg/glassfish/grizzly/filterchain/Filter;Lorg/glassfish/grizzly/filterchain/FilterChainContext;)Lorg/glassfish/grizzly/filterchain/NextAction;
j  org.glassfish.grizzly.filterchain.DefaultFilterChain.process(Lorg/glassfish/grizzly/Context;)Lorg/glassfish/grizzly/ProcessorResult;+103
j  org.glassfish.grizzly.ProcessorExecutor.execute(Lorg/glassfish/grizzly/Context;)V+53
j  org.glassfish.grizzly.nio.transport.TCPNIOTransport.fireIOEvent(Lorg/glassfish/grizzly/IOEvent;Lorg/glassfish/grizzly/Connection;Lorg/glassfish/grizzly/IOEventProcessingHandler;)V+73
j  org.glassfish.grizzly.strategies.AbstractIOStrategy.fireIOEvent(Lorg/glassfish/grizzly/Connection;Lorg/glassfish/grizzly/IOEvent;Lorg/glassfish/grizzly/IOEventProcessingHandler;Ljava/util/logging/Logger;)V+9
j  org.glassfish.grizzly.strategies.WorkerThreadIOStrategy.run0(Lorg/glassfish/grizzly/Connection;Lorg/glassfish/grizzly/IOEvent;Lorg/glassfish/grizzly/IOEventProcessingHandler;)V+6
j  org.glassfish.grizzly.strategies.WorkerThreadIOStrategy.access$100(Lorg/glassfish/grizzly/Connection;Lorg/glassfish/grizzly/IOEvent;Lorg/glassfish/grizzly/IOEventProcessingHandler;)V+3
j  org.glassfish.grizzly.strategies.WorkerThreadIOStrategy$WorkerThreadRunnable.run()V+12
j  org.glassfish.grizzly.threadpool.AbstractThreadPool$Worker.doWork()V+47
j  org.glassfish.grizzly.threadpool.AbstractThreadPool$Worker.run()V+9
j  java.lang.Thread.run()V+11
v  ~StubRoutines::call_stub
V  [libjvm.so+0x2a7875]  JavaCalls::call_helper(JavaValue*, methodHandle*, JavaCallArguments*, Thread*)+0x315
V  [libjvm.so+0x3fa1e9]  os::os_exception_wrapper(void (*)(JavaValue*, methodHandle*, JavaCallArguments*, Thread*), JavaValue*, methodHandle*, JavaCallArguments*, Thread*)+0x19
V  [libjvm.so+0x2a64ef]  JavaCalls::call(JavaValue*, methodHandle, JavaCallArguments*, Thread*)+0x2f
V  [libjvm.so+0x2a672a]  JavaCalls::call_virtual(JavaValue*, KlassHandle, Symbol*, Symbol*, JavaCallArguments*, Thread*)+0x10a
V  [libjvm.so+0x2a684b]  JavaCalls::call_virtual(JavaValue*, Handle, KlassHandle, Symbol*, Symbol*, Thread*)+0x4b
V  [libjvm.so+0x3210e9]  thread_entry(JavaThread*, Thread*)+0xd9
V  [libjvm.so+0x4ce1f9]  JavaThread::thread_main_inner()+0x109
V  [libjvm.so+0x4ce353]  JavaThread::run()+0x123
V  [libjvm.so+0x401419]  java_start(Thread*)+0x119
C  [libpthread.so.0+0x6d78]  start_thread+0xd8

Java frames: (J=compiled Java code, j=interpreted, Vv=VM code)
J  java.security.AccessController.doPrivileged(Ljava/security/PrivilegedExceptionAction;Ljava/security/AccessControlContext;)Ljava/lang/Object;
J  java.net.URLClassLoader.findClass(Ljava/lang/String;)Ljava/lang/Class;
J  java.lang.ClassLoader.loadClass(Ljava/lang/String;Z)Ljava/lang/Class;
J  java.lang.ClassLoader.loadClass(Ljava/lang/String;Z)Ljava/lang/Class;
J  sun.misc.Launcher$AppClassLoader.loadClass(Ljava/lang/String;Z)Ljava/lang/Class;
J  java.lang.ClassLoader.loadClass(Ljava/lang/String;)Ljava/lang/Class;
v  ~StubRoutines::call_stub
j  org.codehaus.jackson.map.introspect.BasicClassIntrospector.constructPropertyCollector(Lorg/codehaus/jackson/map/MapperConfig;Lorg/codehaus/jackson/map/introspect/AnnotatedClass;Lorg/codehaus/jackson/type/JavaType;Z)Lorg/codehaus/jackson/map/introspect/POJOPropertiesCollector;+0
j  org.codehaus.jackson.map.introspect.BasicClassIntrospector.collectProperties(Lorg/codehaus/jackson/map/MapperConfig;Lorg/codehaus/jackson/type/JavaType;Lorg/codehaus/jackson/map/ClassIntrospector$MixInResolver;Z)Lorg/codehaus/jackson/map/introspect/POJOPropertiesCollector;+29
j  org.codehaus.jackson.map.introspect.BasicClassIntrospector.forDeserialization(Lorg/codehaus/jackson/map/DeserializationConfig;Lorg/codehaus/jackson/type/JavaType;Lorg/codehaus/jackson/map/ClassIntrospector$MixInResolver;)Lorg/codehaus/jackson/map/introspect/BasicBeanDescription;+17
j  org.codehaus.jackson.map.introspect.BasicClassIntrospector.forDeserialization(Lorg/codehaus/jackson/map/DeserializationConfig;Lorg/codehaus/jackson/type/JavaType;Lorg/codehaus/jackson/map/ClassIntrospector$MixInResolver;)Lorg/codehaus/jackson/map/BeanDescription;+4
j  org.codehaus.jackson.map.DeserializationConfig.introspect(Lorg/codehaus/jackson/type/JavaType;)Lorg/codehaus/jackson/map/BeanDescription;+7
j  org.codehaus.jackson.map.deser.BeanDeserializerFactory.createBeanDeserializer(Lorg/codehaus/jackson/map/DeserializationConfig;Lorg/codehaus/jackson/map/DeserializerProvider;Lorg/codehaus/jackson/type/JavaType;Lorg/codehaus/jackson/map/BeanProperty;)Lorg/codehaus/jackson/map/JsonDeserializer;+16
j  org.codehaus.jackson.map.deser.StdDeserializerProvider._createDeserializer(Lorg/codehaus/jackson/map/DeserializationConfig;Lorg/codehaus/jackson/type/JavaType;Lorg/codehaus/jackson/map/BeanProperty;)Lorg/codehaus/jackson/map/JsonDeserializer;+181
j  org.codehaus.jackson.map.deser.StdDeserializerProvider._createAndCache2(Lorg/codehaus/jackson/map/DeserializationConfig;Lorg/codehaus/jackson/type/JavaType;Lorg/codehaus/jackson/map/BeanProperty;)Lorg/codehaus/jackson/map/JsonDeserializer;+4
j  org.codehaus.jackson.map.deser.StdDeserializerProvider._createAndCacheValueDeserializer(Lorg/codehaus/jackson/map/DeserializationConfig;Lorg/codehaus/jackson/type/JavaType;Lorg/codehaus/jackson/map/BeanProperty;)Lorg/codehaus/jackson/map/JsonDeserializer;+68
j  org.codehaus.jackson.map.deser.StdDeserializerProvider.findValueDeserializer(Lorg/codehaus/jackson/map/DeserializationConfig;Lorg/codehaus/jackson/type/JavaType;Lorg/codehaus/jackson/map/BeanProperty;)Lorg/codehaus/jackson/map/JsonDeserializer;+45
j  org.codehaus.jackson.map.deser.StdDeserializerProvider.findTypedValueDeserializer(Lorg/codehaus/jackson/map/DeserializationConfig;Lorg/codehaus/jackson/type/JavaType;Lorg/codehaus/jackson/map/BeanProperty;)Lorg/codehaus/jackson/map/JsonDeserializer;+4
j  net.vz.mongodb.jackson.internal.util.IdHandlerFactory.getBeanProperty(Lorg/codehaus/jackson/map/ObjectMapper;Ljava/lang/Class;Ljava/lang/Class;)Lorg/codehaus/jackson/map/BeanProperty;+13
j  net.vz.mongodb.jackson.internal.util.IdHandlerFactory.getIdHandlerForProperty(Lorg/codehaus/jackson/map/ObjectMapper;Ljava/lang/Class;Ljava/lang/Class;)Lnet/vz/mongodb/jackson/internal/util/IdHandler;+3
j  net.vz.mongodb.jackson.JacksonDBCollection.<init>(Lcom/mongodb/DBCollection;Lorg/codehaus/jackson/type/JavaType;Lorg/codehaus/jackson/type/JavaType;Lorg/codehaus/jackson/map/ObjectMapper;Ljava/util/Map;)V+62
j  net.vz.mongodb.jackson.JacksonDBCollection.wrap(Lcom/mongodb/DBCollection;Ljava/lang/Class;Ljava/lang/Class;)Lnet/vz/mongodb/jackson/JacksonDBCollection;+23
j  br.org.base.resource.ClienteResource.<clinit>()V+21
v  ~StubRoutines::call_stub
j  sun.reflect.NativeConstructorAccessorImpl.newInstance0(Ljava/lang/reflect/Constructor;[Ljava/lang/Object;)Ljava/lang/Object;+0
j  sun.reflect.NativeConstructorAccessorImpl.newInstance([Ljava/lang/Object;)Ljava/lang/Object;+72
j  sun.reflect.DelegatingConstructorAccessorImpl.newInstance([Ljava/lang/Object;)Ljava/lang/Object;+5
j  java.lang.reflect.Constructor.newInstance([Ljava/lang/Object;)Ljava/lang/Object;+79
j  java.lang.Class.newInstance()Ljava/lang/Object;+132
j  com.sun.hk2.component.ConstructorCreator.create(Lorg/jvnet/hk2/component/Inhabitant;)Ljava/lang/Object;+4
j  com.sun.hk2.component.AbstractCreatorImpl.get(Lorg/jvnet/hk2/component/Inhabitant;)Ljava/lang/Object;+15
J  com.sun.hk2.component.AbstractInhabitantImpl.get()Ljava/lang/Object;
j  org.jvnet.hk2.component.Habitat.getByType(Ljava/lang/Class;)Ljava/lang/Object;+42
j  org.jvnet.hk2.component.Habitat.inject(Ljava/lang/Class;)Ljava/lang/Object;+2
j  org.glassfish.jersey.server.internal.routing.PushResourceUriAndDelegateTreeAcceptor.pushMatchedToRoutingContext()V+35
j  org.glassfish.jersey.server.internal.routing.AbstractPushRoutingInfoAndDelegateTreeAcceptor.apply(Ljavax/ws/rs/core/Request;)Lorg/glassfish/jersey/internal/util/collection/Pair;+1
j  org.glassfish.jersey.process.internal.HierarchicalRequestProcessor._apply(Ljavax/ws/rs/core/Request;Lorg/glassfish/jersey/process/internal/TreeAcceptor;Lorg/glassfish/jersey/process/internal/StagingContext;)Lorg/glassfish/jersey/internal/util/collection/Pair;+10
j  org.glassfish.jersey.process.internal.HierarchicalRequestProcessor._apply(Ljavax/ws/rs/core/Request;Lorg/glassfish/jersey/process/internal/TreeAcceptor;Lorg/glassfish/jersey/process/internal/StagingContext;)Lorg/glassfish/jersey/internal/util/collection/Pair;+79
j  org.glassfish.jersey.process.internal.HierarchicalRequestProcessor._apply(Ljavax/ws/rs/core/Request;Lorg/glassfish/jersey/process/internal/TreeAcceptor;Lorg/glassfish/jersey/process/internal/StagingContext;)Lorg/glassfish/jersey/internal/util/collection/Pair;+79
j  org.glassfish.jersey.process.internal.HierarchicalRequestProcessor.apply(Ljavax/ws/rs/core/Request;)Lorg/glassfish/jersey/internal/util/collection/Pair;+18
j  org.glassfish.jersey.process.internal.RequestInvoker$AcceptingInvoker.apply(Ljavax/ws/rs/core/Request;)Ljavax/ws/rs/core/Response;+28
j  org.glassfish.jersey.process.internal.RequestInvoker$AcceptingInvoker.apply(Ljava/lang/Object;)Ljava/lang/Object;+5
j  org.glassfish.jersey.process.internal.AsyncInflectorAdapter.apply(Ljavax/ws/rs/core/Request;)Lcom/google/common/util/concurrent/ListenableFuture;+5
j  org.glassfish.jersey.process.internal.RequestInvoker$2.runInScope()V+89
j  org.glassfish.jersey.process.internal.RequestInvoker$2.run()V+14
j  java.util.concurrent.Executors$RunnableAdapter.call()Ljava/lang/Object;+4
j  java.util.concurrent.FutureTask.run()V+42
j  com.google.common.util.concurrent.MoreExecutors$SameThreadExecutorService.execute(Ljava/lang/Runnable;)V+5
j  com.google.common.util.concurrent.AbstractListeningExecutorService.submit(Ljava/lang/Runnable;)Lcom/google/common/util/concurrent/ListenableFuture;+8
j  com.google.common.util.concurrent.AbstractListeningExecutorService.submit(Ljava/lang/Runnable;)Ljava/util/concurrent/Future;+2
j  org.glassfish.jersey.process.internal.RequestInvoker.apply(Ljavax/ws/rs/core/Request;Lorg/glassfish/jersey/process/internal/InvocationCallback;)Lcom/google/common/util/concurrent/ListenableFuture;+42
j  org.glassfish.jersey.server.Application.apply(Ljavax/ws/rs/core/Request;Lorg/glassfish/jersey/process/internal/InvocationCallback;)V+34
j  org.glassfish.jersey.server.Application.apply(Ljavax/ws/rs/core/Request;Lorg/glassfish/jersey/server/spi/ContainerResponseWriter;)V+15
j  org.glassfish.jersey.grizzly2.GrizzlyHttpContainer.service(Lorg/glassfish/grizzly/http/server/Request;Lorg/glassfish/grizzly/http/server/Response;)V+31
j  org.glassfish.grizzly.http.server.HttpHandler.doHandle(Lorg/glassfish/grizzly/http/server/Request;Lorg/glassfish/grizzly/http/server/Response;)V+112
j  org.glassfish.grizzly.http.server.HttpHandlerChain.service(Lorg/glassfish/grizzly/http/server/Request;Lorg/glassfish/grizzly/http/server/Response;)V+111
j  org.glassfish.grizzly.http.server.HttpHandler.doHandle(Lorg/glassfish/grizzly/http/server/Request;Lorg/glassfish/grizzly/http/server/Response;)V+112
j  org.glassfish.grizzly.http.server.HttpServerFilter.handleRead(Lorg/glassfish/grizzly/filterchain/FilterChainContext;)Lorg/glassfish/grizzly/filterchain/NextAction;+136
j  org.glassfish.grizzly.filterchain.ExecutorResolver$9.execute(Lorg/glassfish/grizzly/filterchain/Filter;Lorg/glassfish/grizzly/filterchain/FilterChainContext;)Lorg/glassfish/grizzly/filterchain/NextAction;+2
J  org.glassfish.grizzly.filterchain.DefaultFilterChain.executeFilter(Lorg/glassfish/grizzly/filterchain/FilterExecutor;Lorg/glassfish/grizzly/filterchain/Filter;Lorg/glassfish/grizzly/filterchain/FilterChainContext;)Lorg/glassfish/grizzly/filterchain/NextAction;
J  org.glassfish.grizzly.filterchain.DefaultFilterChain.executeChainPart(Lorg/glassfish/grizzly/filterchain/FilterChainContext;Lorg/glassfish/grizzly/filterchain/FilterExecutor;IILorg/glassfish/grizzly/filterchain/DefaultFilterChain$FiltersState;)Lorg/glassfish/grizzly/filterchain/DefaultFilterChain$FilterExecution;
j  org.glassfish.grizzly.filterchain.DefaultFilterChain.execute(Lorg/glassfish/grizzly/filterchain/FilterChainContext;)Lorg/glassfish/grizzly/ProcessorResult;+50
j  org.glassfish.grizzly.filterchain.DefaultFilterChain.process(Lorg/glassfish/grizzly/Context;)Lorg/glassfish/grizzly/ProcessorResult;+103
j  org.glassfish.grizzly.ProcessorExecutor.execute(Lorg/glassfish/grizzly/Context;)V+53
j  org.glassfish.grizzly.nio.transport.TCPNIOTransport.fireIOEvent(Lorg/glassfish/grizzly/IOEvent;Lorg/glassfish/grizzly/Connection;Lorg/glassfish/grizzly/IOEventProcessingHandler;)V+73
j  org.glassfish.grizzly.strategies.AbstractIOStrategy.fireIOEvent(Lorg/glassfish/grizzly/Connection;Lorg/glassfish/grizzly/IOEvent;Lorg/glassfish/grizzly/IOEventProcessingHandler;Ljava/util/logging/Logger;)V+9
j  org.glassfish.grizzly.strategies.WorkerThreadIOStrategy.run0(Lorg/glassfish/grizzly/Connection;Lorg/glassfish/grizzly/IOEvent;Lorg/glassfish/grizzly/IOEventProcessingHandler;)V+6
j  org.glassfish.grizzly.strategies.WorkerThreadIOStrategy.access$100(Lorg/glassfish/grizzly/Connection;Lorg/glassfish/grizzly/IOEvent;Lorg/glassfish/grizzly/IOEventProcessingHandler;)V+3
j  org.glassfish.grizzly.strategies.WorkerThreadIOStrategy$WorkerThreadRunnable.run()V+12
j  org.glassfish.grizzly.threadpool.AbstractThreadPool$Worker.doWork()V+47
j  org.glassfish.grizzly.threadpool.AbstractThreadPool$Worker.run()V+9
j  java.lang.Thread.run()V+11
v  ~StubRoutines::call_stub

---------------  P R O C E S S  ---------------

Java Threads: ( => current thread )
  0x9f302c00 JavaThread "Grizzly" daemon [_thread_blocked, id=13577, stack(0x9f40d000,0x9f45e000)]
  0x9f5d4000 JavaThread "MongoCleaner8781554" daemon [_thread_blocked, id=13576, stack(0x9f45e000,0x9f4af000)]
  0x9f579c00 JavaThread "Grizzly(4)" daemon [_thread_blocked, id=13575, stack(0x9f4af000,0x9f500000)]
  0x9f578400 JavaThread "Grizzly(3)" daemon [_thread_blocked, id=13574, stack(0x9f60d000,0x9f65e000)]
=>0x9f576c00 JavaThread "Grizzly(2)" daemon [_thread_in_vm, id=13573, stack(0x9f65e000,0x9f6af000)]
  0x9f575000 JavaThread "Grizzly(1)" daemon [_thread_blocked, id=13572, stack(0x9f6af000,0x9f700000)]
  0x9f573400 JavaThread "Grizzly(2) SelectorRunner" daemon [_thread_in_native, id=13571, stack(0x9f84f000,0x9f8a0000)]
  0x9f572800 JavaThread "Grizzly(1) SelectorRunner" daemon [_thread_in_native, id=13570, stack(0x9f8a0000,0x9f8f1000)]
  0x9f52b400 JavaThread "HttpServer-0" daemon [_thread_blocked, id=13569, stack(0x9fa1f000,0x9fa70000)]
  0xb6986000 JavaThread "Service Thread" daemon [_thread_blocked, id=13567, stack(0x9fd8c000,0x9fddd000)]
  0xb6984400 JavaThread "C1 CompilerThread0" daemon [_thread_blocked, id=13566, stack(0x9fddd000,0x9fe5e000)]
  0xa0100800 JavaThread "JDWP Command Reader" daemon [_thread_in_native, id=13564, stack(0x9fe5e000,0x9feaf000)]
  0xb697d400 JavaThread "JDWP Event Helper Thread" daemon [_thread_blocked, id=13563, stack(0x9feaf000,0x9ff00000)]
  0xb697ac00 JavaThread "JDWP Transport Listener: dt_socket" daemon [_thread_blocked, id=13562, stack(0xa000d000,0xa005e000)]
  0xb6970800 JavaThread "Signal Dispatcher" daemon [_thread_blocked, id=13560, stack(0xa005e000,0xa00af000)]
  0xb6961400 JavaThread "Finalizer" daemon [_thread_blocked, id=13559, stack(0xa00af000,0xa0100000)]
  0xb695ec00 JavaThread "Reference Handler" daemon [_thread_blocked, id=13558, stack(0xa0233000,0xa0284000)]
  0xb690d000 JavaThread "main" [_thread_blocked, id=13556, stack(0xb6ae2000,0xb6b33000)]

Other Threads:
  0xb695d000 VMThread [stack: 0xa0284000,0xa0305000] [id=13557]
  0xb6988800 WatcherThread [stack: 0x9fd0b000,0x9fd8c000] [id=13568]

VM state:not at safepoint (normal execution)

VM Mutex/Monitor currently owned by a thread: None

Heap
 def new generation   total 4928K, used 4691K [0xa0680000, 0xa0bd0000, 0xa5bd0000)
  eden space 4416K,  94% used [0xa0680000, 0xa0a94d68, 0xa0ad0000)
  from space 512K,  99% used [0xa0ad0000, 0xa0b4fff8, 0xa0b50000)
  to   space 512K,   0% used [0xa0b50000, 0xa0b50000, 0xa0bd0000)
 tenured generation   total 10944K, used 6338K [0xa5bd0000, 0xa6680000, 0xb0680000)
   the space 10944K,  57% used [0xa5bd0000, 0xa6200a08, 0xa6200c00, 0xa6680000)
 compacting perm gen  total 12288K, used 9823K [0xb0680000, 0xb1280000, 0xb4680000)
   the space 12288K,  79% used [0xb0680000, 0xb1017ff8, 0xb1018000, 0xb1280000)
No shared spaces configured.

Card table byte_map: [0xa05df000,0xa0680000] byte_map_base: 0xa00dbc00

Polling page: 0xb7733000

Code Cache  [0xb4700000, 0xb4858000, 0xb6700000)
 total_blobs=737 nmethods=584 adapters=98 free_code_cache=31395Kb largest_free_block=32147712

Compilation events (10 events):
Event: 7,138 Thread 0xb6984400  592             java.net.URL::equals (24 bytes)
Event: 7,138 Thread 0xb6984400 nmethod 592 0xb4856388 code [0xb4856490, 0xb485659c]
Event: 7,138 Thread 0xb6984400  593             java.net.URLStreamHandler::equals (45 bytes)
Event: 7,138 Thread 0xb6984400 nmethod 593 0xb4856648 code [0xb4856760, 0xb4856888]
Event: 7,138 Thread 0xb6984400  594             java.net.URLStreamHandler::sameFile (136 bytes)
Event: 7,139 Thread 0xb6984400 nmethod 594 0xb48569c8 code [0xb4856af0, 0xb4856cc4]
Event: 7,139 Thread 0xb6984400  595             sun.net.www.protocol.file.Handler::hostsEqual (69 bytes)
Event: 7,140 Thread 0xb6984400 nmethod 595 0xb4856e88 code [0xb4856fc0, 0xb485714c]
Event: 7,140 Thread 0xb6984400  596             java.net.URLStreamHandler::hostsEqual (75 bytes)
Event: 7,140 Thread 0xb6984400 nmethod 596 0xb48572c8 code [0xb4857400, 0xb4857580]

GC Heap History (10 events):
Event: 4,688 GC heap before
{Heap before GC invocations=9 (full 0):
 def new generation   total 4928K, used 4928K [0xa0680000, 0xa0bd0000, 0xa5bd0000)
  eden space 4416K, 100% used [0xa0680000, 0xa0ad0000, 0xa0ad0000)
  from space 512K, 100% used [0xa0b50000, 0xa0bd0000, 0xa0bd0000)
  to   space 512K,   0% used [0xa0ad0000, 0xa0ad0000, 0xa0b50000)
 tenured generation   total 10944K, used 3712K [0xa5bd0000, 0xa6680000, 0xb0680000)
   the space 10944K,  33% used [0xa5bd0000, 0xa5f700a8, 0xa5f70200, 0xa6680000)
 compacting perm gen  total 12288K, used 7865K [0xb0680000, 0xb1280000, 0xb4680000)
   the space 12288K,  64% used [0xb0680000, 0xb0e2e7a8, 0xb0e2e800, 0xb1280000)
No shared spaces configured.
Event: 4,698 GC heap after
Heap after GC invocations=10 (full 0):
 def new generation   total 4928K, used 511K [0xa0680000, 0xa0bd0000, 0xa5bd0000)
  eden space 4416K,   0% used [0xa0680000, 0xa0680000, 0xa0ad0000)
  from space 512K,  99% used [0xa0ad0000, 0xa0b4fff8, 0xa0b50000)
  to   space 512K,   0% used [0xa0b50000, 0xa0b50000, 0xa0bd0000)
 tenured generation   total 10944K, used 4326K [0xa5bd0000, 0xa6680000, 0xb0680000)
   the space 10944K,  39% used [0xa5bd0000, 0xa6009bf0, 0xa6009c00, 0xa6680000)
 compacting perm gen  total 12288K, used 7865K [0xb0680000, 0xb1280000, 0xb4680000)
   the space 12288K,  64% used [0xb0680000, 0xb0e2e7a8, 0xb0e2e800, 0xb1280000)
No shared spaces configured.
}
Event: 5,171 GC heap before
{Heap before GC invocations=10 (full 0):
 def new generation   total 4928K, used 4883K [0xa0680000, 0xa0bd0000, 0xa5bd0000)
  eden space 4416K,  98% used [0xa0680000, 0xa0ac4de0, 0xa0ad0000)
  from space 512K,  99% used [0xa0ad0000, 0xa0b4fff8, 0xa0b50000)
  to   space 512K,   0% used [0xa0b50000, 0xa0b50000, 0xa0bd0000)
 tenured generation   total 10944K, used 4326K [0xa5bd0000, 0xa6680000, 0xb0680000)
   the space 10944K,  39% used [0xa5bd0000, 0xa6009bf0, 0xa6009c00, 0xa6680000)
 compacting perm gen  total 12288K, used 8205K [0xb0680000, 0xb1280000, 0xb4680000)
   the space 12288K,  66% used [0xb0680000, 0xb0e83648, 0xb0e83800, 0xb1280000)
No shared spaces configured.
Event: 5,181 GC heap after
Heap after GC invocations=11 (full 0):
 def new generation   total 4928K, used 512K [0xa0680000, 0xa0bd0000, 0xa5bd0000)
  eden space 4416K,   0% used [0xa0680000, 0xa0680000, 0xa0ad0000)
  from space 512K, 100% used [0xa0b50000, 0xa0bd0000, 0xa0bd0000)
  to   space 512K,   0% used [0xa0ad0000, 0xa0ad0000, 0xa0b50000)
 tenured generation   total 10944K, used 4807K [0xa5bd0000, 0xa6680000, 0xb0680000)
   the space 10944K,  43% used [0xa5bd0000, 0xa6081ee0, 0xa6082000, 0xa6680000)
 compacting perm gen  total 12288K, used 8205K [0xb0680000, 0xb1280000, 0xb4680000)
   the space 12288K,  66% used [0xb0680000, 0xb0e83648, 0xb0e83800, 0xb1280000)
No shared spaces configured.
}
Event: 6,761 GC heap before
{Heap before GC invocations=11 (full 0):
 def new generation   total 4928K, used 4928K [0xa0680000, 0xa0bd0000, 0xa5bd0000)
  eden space 4416K, 100% used [0xa0680000, 0xa0ad0000, 0xa0ad0000)
  from space 512K, 100% used [0xa0b50000, 0xa0bd0000, 0xa0bd0000)
  to   space 512K,   0% used [0xa0ad0000, 0xa0ad0000, 0xa0b50000)
 tenured generation   total 10944K, used 4807K [0xa5bd0000, 0xa6680000, 0xb0680000)
   the space 10944K,  43% used [0xa5bd0000, 0xa6081ee0, 0xa6082000, 0xa6680000)
 compacting perm gen  total 12288K, used 8592K [0xb0680000, 0xb1280000, 0xb4680000)
   the space 12288K,  69% used [0xb0680000, 0xb0ee43f0, 0xb0ee4400, 0xb1280000)
No shared spaces configured.
Event: 6,770 GC heap after
Heap after GC invocations=12 (full 0):
 def new generation   total 4928K, used 512K [0xa0680000, 0xa0bd0000, 0xa5bd0000)
  eden space 4416K,   0% used [0xa0680000, 0xa0680000, 0xa0ad0000)
  from space 512K, 100% used [0xa0ad0000, 0xa0b50000, 0xa0b50000)
  to   space 512K,   0% used [0xa0b50000, 0xa0b50000, 0xa0bd0000)
 tenured generation   total 10944K, used 5464K [0xa5bd0000, 0xa6680000, 0xb0680000)
   the space 10944K,  49% used [0xa5bd0000, 0xa61262d0, 0xa6126400, 0xa6680000)
 compacting perm gen  total 12288K, used 8592K [0xb0680000, 0xb1280000, 0xb4680000)
   the space 12288K,  69% used [0xb0680000, 0xb0ee43f0, 0xb0ee4400, 0xb1280000)
No shared spaces configured.
}
Event: 6,934 GC heap before
{Heap before GC invocations=12 (full 0):
 def new generation   total 4928K, used 4928K [0xa0680000, 0xa0bd0000, 0xa5bd0000)
  eden space 4416K, 100% used [0xa0680000, 0xa0ad0000, 0xa0ad0000)
  from space 512K, 100% used [0xa0ad0000, 0xa0b50000, 0xa0b50000)
  to   space 512K,   0% used [0xa0b50000, 0xa0b50000, 0xa0bd0000)
 tenured generation   total 10944K, used 5464K [0xa5bd0000, 0xa6680000, 0xb0680000)
   the space 10944K,  49% used [0xa5bd0000, 0xa61262d0, 0xa6126400, 0xa6680000)
 compacting perm gen  total 12288K, used 9164K [0xb0680000, 0xb1280000, 0xb4680000)
   the space 12288K,  74% used [0xb0680000, 0xb0f73248, 0xb0f73400, 0xb1280000)
No shared spaces configured.
Event: 6,941 GC heap after
Heap after GC invocations=13 (full 0):
 def new generation   total 4928K, used 511K [0xa0680000, 0xa0bd0000, 0xa5bd0000)
  eden space 4416K,   0% used [0xa0680000, 0xa0680000, 0xa0ad0000)
  from space 512K,  99% used [0xa0b50000, 0xa0bcfff8, 0xa0bd0000)
  to   space 512K,   0% used [0xa0ad0000, 0xa0ad0000, 0xa0b50000)
 tenured generation   total 10944K, used 6152K [0xa5bd0000, 0xa6680000, 0xb0680000)
   the space 10944K,  56% used [0xa5bd0000, 0xa61d2370, 0xa61d2400, 0xa6680000)
 compacting perm gen  total 12288K, used 9164K [0xb0680000, 0xb1280000, 0xb4680000)
   the space 12288K,  74% used [0xb0680000, 0xb0f73248, 0xb0f73400, 0xb1280000)
No shared spaces configured.
}
Event: 7,096 GC heap before
{Heap before GC invocations=13 (full 0):
 def new generation   total 4928K, used 4927K [0xa0680000, 0xa0bd0000, 0xa5bd0000)
  eden space 4416K, 100% used [0xa0680000, 0xa0ad0000, 0xa0ad0000)
  from space 512K,  99% used [0xa0b50000, 0xa0bcfff8, 0xa0bd0000)
  to   space 512K,   0% used [0xa0ad0000, 0xa0ad0000, 0xa0b50000)
 tenured generation   total 10944K, used 6152K [0xa5bd0000, 0xa6680000, 0xb0680000)
   the space 10944K,  56% used [0xa5bd0000, 0xa61d2370, 0xa61d2400, 0xa6680000)
 compacting perm gen  total 12288K, used 9559K [0xb0680000, 0xb1280000, 0xb4680000)
   the space 12288K,  77% used [0xb0680000, 0xb0fd5d70, 0xb0fd5e00, 0xb1280000)
No shared spaces configured.
Event: 7,102 GC heap after
Heap after GC invocations=14 (full 0):
 def new generation   total 4928K, used 511K [0xa0680000, 0xa0bd0000, 0xa5bd0000)
  eden space 4416K,   0% used [0xa0680000, 0xa0680000, 0xa0ad0000)
  from space 512K,  99% used [0xa0ad0000, 0xa0b4fff8, 0xa0b50000)
  to   space 512K,   0% used [0xa0b50000, 0xa0b50000, 0xa0bd0000)
 tenured generation   total 10944K, used 6338K [0xa5bd0000, 0xa6680000, 0xb0680000)
   the space 10944K,  57% used [0xa5bd0000, 0xa6200a08, 0xa6200c00, 0xa6680000)
 compacting perm gen  total 12288K, used 9559K [0xb0680000, 0xb1280000, 0xb4680000)
   the space 12288K,  77% used [0xb0680000, 0xb0fd5d70, 0xb0fd5e00, 0xb1280000)
No shared spaces configured.
}

Deoptimization events (0 events):
No events

Internal exceptions (10 events):
Event: 7,198 Thread 0x9f576c00 Threw 0xa0a2f248 at /HUDSON/workspace/jdk7u40-2-build-linux-i586-product/jdk7u40/hotspot/src/share/vm/prims/jvm.cpp:1244
Event: 7,199 Thread 0x9f576c00 Threw 0xa0a39670 at /HUDSON/workspace/jdk7u40-2-build-linux-i586-product/jdk7u40/hotspot/src/share/vm/prims/jvm.cpp:1244
Event: 7,200 Thread 0x9f576c00 Threw 0xa0a41ca0 at /HUDSON/workspace/jdk7u40-2-build-linux-i586-product/jdk7u40/hotspot/src/share/vm/prims/jvm.cpp:1244
Event: 7,202 Thread 0x9f576c00 Threw 0xa0a4cda8 at /HUDSON/workspace/jdk7u40-2-build-linux-i586-product/jdk7u40/hotspot/src/share/vm/prims/jvm.cpp:1244
Event: 7,204 Thread 0x9f576c00 Threw 0xa0a5b1a8 at /HUDSON/workspace/jdk7u40-2-build-linux-i586-product/jdk7u40/hotspot/src/share/vm/prims/jvm.cpp:1244
Event: 7,207 Thread 0x9f576c00 Threw 0xa0a643b0 at /HUDSON/workspace/jdk7u40-2-build-linux-i586-product/jdk7u40/hotspot/src/share/vm/prims/jvm.cpp:1244
Event: 7,208 Thread 0x9f576c00 Threw 0xa0a6c7d8 at /HUDSON/workspace/jdk7u40-2-build-linux-i586-product/jdk7u40/hotspot/src/share/vm/prims/jvm.cpp:1244
Event: 7,210 Thread 0x9f576c00 Threw 0xa0a73e78 at /HUDSON/workspace/jdk7u40-2-build-linux-i586-product/jdk7u40/hotspot/src/share/vm/prims/jvm.cpp:1244
Event: 7,212 Thread 0x9f576c00 Threw 0xa0a83ba0 at /HUDSON/workspace/jdk7u40-2-build-linux-i586-product/jdk7u40/hotspot/src/share/vm/prims/jvm.cpp:1244
Event: 7,214 Thread 0x9f576c00 Threw 0xa0a93da0 at /HUDSON/workspace/jdk7u40-2-build-linux-i586-product/jdk7u40/hotspot/src/share/vm/prims/jvm.cpp:1244

Events (10 events):
Event: 7,212 Thread 0x9f576c00 DEOPT PACKING pc=0xb47e92ec sp=0x9f6abf80
Event: 7,212 Thread 0x9f576c00 DEOPT UNPACKING pc=0xb472e137 sp=0x9f6abeb0 mode 1
Event: 7,212 Thread 0x9f576c00 DEOPT PACKING pc=0xb47e9250 sp=0x9f6ac070
Event: 7,212 Thread 0x9f576c00 DEOPT UNPACKING pc=0xb472e137 sp=0x9f6abfa0 mode 1
Event: 7,214 loading class 0x09002600
Event: 7,214 loading class 0x09002600 done
Event: 7,214 Thread 0x9f576c00 DEOPT PACKING pc=0xb480eaf4 sp=0x9f6abc60
Event: 7,214 Thread 0x9f576c00 DEOPT UNPACKING pc=0xb472e137 sp=0x9f6abb20 mode 1
Event: 7,214 Thread 0x9f576c00 DEOPT PACKING pc=0xb480e7a8 sp=0x9f6abcc0
Event: 7,214 Thread 0x9f576c00 DEOPT UNPACKING pc=0xb472e137 sp=0x9f6abb50 mode 1


Dynamic libraries:
08048000-08049000 r-xp 00000000 08:04 1717000    /usr/local/java/jdk1.7.0_40/bin/java
08049000-0804a000 rw-p 00000000 08:04 1717000    /usr/local/java/jdk1.7.0_40/bin/java
08fb6000-090f1000 rw-p 00000000 00:00 0          [heap]
9f100000-9f140000 rw-p 00000000 00:00 0 
9f140000-9f200000 ---p 00000000 00:00 0 
9f218000-9f300000 rw-p 00000000 00:00 0 
9f300000-9f330000 rw-p 00000000 00:00 0 
9f330000-9f400000 ---p 00000000 00:00 0 
9f40d000-9f410000 ---p 00000000 00:00 0 
9f410000-9f45e000 rw-p 00000000 00:00 0          [stack:13577]
9f45e000-9f461000 ---p 00000000 00:00 0 
9f461000-9f4af000 rw-p 00000000 00:00 0          [stack:13576]
9f4af000-9f4b2000 ---p 00000000 00:00 0 
9f4b2000-9f500000 rw-p 00000000 00:00 0          [stack:13575]
9f500000-9f5ff000 rw-p 00000000 00:00 0 
9f5ff000-9f600000 ---p 00000000 00:00 0 
9f60d000-9f610000 ---p 00000000 00:00 0 
9f610000-9f65e000 rw-p 00000000 00:00 0          [stack:13574]
9f65e000-9f661000 ---p 00000000 00:00 0 
9f661000-9f6af000 rw-p 00000000 00:00 0          [stack:13573]
9f6af000-9f6b2000 ---p 00000000 00:00 0 
9f6b2000-9f700000 rw-p 00000000 00:00 0          [stack:13572]
9f700000-9f800000 rw-p 00000000 00:00 0 
9f847000-9f84e000 r-xp 00000000 08:04 1717548    /usr/local/java/jdk1.7.0_40/jre/lib/i386/libmanagement.so
9f84e000-9f84f000 rw-p 00006000 08:04 1717548    /usr/local/java/jdk1.7.0_40/jre/lib/i386/libmanagement.so
9f84f000-9f852000 ---p 00000000 00:00 0 
9f852000-9f8a0000 rw-p 00000000 00:00 0          [stack:13571]
9f8a0000-9f8a3000 ---p 00000000 00:00 0 
9f8a3000-9f8f1000 rw-p 00000000 00:00 0          [stack:13570]
9f8f1000-9f8ff000 r-xp 00000000 08:04 1717562    /usr/local/java/jdk1.7.0_40/jre/lib/i386/libnio.so
9f8ff000-9f900000 rw-p 0000e000 08:04 1717562    /usr/local/java/jdk1.7.0_40/jre/lib/i386/libnio.so
9f900000-9f9ff000 rw-p 00000000 00:00 0 
9f9ff000-9fa00000 ---p 00000000 00:00 0 
9fa04000-9fa06000 rw-p 00000000 00:00 0 
9fa06000-9fa0a000 r--s 000f7000 08:04 1717506    /usr/local/java/jdk1.7.0_40/jre/lib/ext/localedata.jar
9fa0a000-9fa1e000 r-xp 00000000 08:04 1717553    /usr/local/java/jdk1.7.0_40/jre/lib/i386/libnet.so
9fa1e000-9fa1f000 rw-p 00014000 08:04 1717553    /usr/local/java/jdk1.7.0_40/jre/lib/i386/libnet.so
9fa1f000-9fa22000 ---p 00000000 00:00 0 
9fa22000-9fa70000 rw-p 00000000 00:00 0          [stack:13569]
9fa70000-9fa72000 r--s 00013000 08:04 1976990    /home/guilherme/idea-IU-129.713/lib/idea_rt.jar
9fa72000-9fa75000 r--s 0001a000 08:04 5643337    /home/guilherme/.m2/repository/com/jcraft/jsch/0.1.23/jsch-0.1.23.jar
9fa75000-9fa77000 r--s 00007000 08:04 5643375    /home/guilherme/.m2/repository/org/apache/maven/wagon/wagon-ssh/1.0-alpha-5/wagon-ssh-1.0-alpha-5.jar
9fa77000-9fa78000 r--s 00001000 08:04 5645070    /home/guilherme/.m2/repository/org/apache/maven/maven-monitor/2.0/maven-monitor-2.0.jar
9fa78000-9fa7a000 r--s 00002000 08:04 5380014    /home/guilherme/.m2/repository/org/codehaus/plexus/plexus-interactivity-api/1.0-alpha-4/plexus-interactivity-api-1.0-alpha-4.jar
9fa7a000-9fa7c000 r--s 00007000 08:04 5645055    /home/guilherme/.m2/repository/org/apache/maven/maven-plugin-descriptor/2.0/maven-plugin-descriptor-2.0.jar
9fa7c000-9fa7e000 r--s 00006000 08:04 5380013    /home/guilherme/.m2/repository/commons-cli/commons-cli/1.0/commons-cli-1.0.jar
9fa7e000-9fa80000 r--s 00005000 08:04 5645038    /home/guilherme/.m2/repository/org/apache/maven/maven-plugin-registry/2.0/maven-plugin-registry-2.0.jar
9fa80000-9fa81000 r--s 00002000 08:04 5645035    /home/guilherme/.m2/repository/org/apache/maven/maven-error-diagnostics/2.0/maven-error-diagnostics-2.0.jar
9fa81000-9fa83000 r--s 00000000 08:04 5643353    /home/guilherme/.m2/repository/doxia/doxia-sink-api/1.0-alpha-4/doxia-sink-api-1.0-alpha-4.jar
9fa83000-9fa84000 r--s 00001000 08:04 5643339    /home/guilherme/.m2/repository/org/apache/maven/reporting/maven-reporting-api/2.0/maven-reporting-api-2.0.jar
9fa84000-9fa85000 r--s 00001000 08:04 5643369    /home/guilherme/.m2/repository/org/apache/maven/wagon/wagon-http-lightweight/1.0-alpha-5/wagon-http-lightweight-1.0-alpha-5.jar
9fa85000-9fa87000 r--s 00003000 08:04 5645032    /home/guilherme/.m2/repository/org/apache/maven/maven-plugin-parameter-documenter/2.0/maven-plugin-parameter-documenter-2.0.jar
9fa87000-9fa88000 r--s 00001000 08:04 5643349    /home/guilherme/.m2/repository/org/apache/maven/wagon/wagon-file/1.0-alpha-5/wagon-file-1.0-alpha-5.jar
9fa88000-9fa8c000 r--s 0001e000 08:04 5643386    /home/guilherme/.m2/repository/org/apache/maven/maven-core/2.0/maven-core-2.0.jar
9fa8c000-9fa8d000 r--s 00007000 08:04 5643376    /home/guilherme/.m2/repository/org/apache/maven/shared/maven-plugin-testing-harness/1.1/maven-plugin-testing-harness-1.1.jar
9fa8d000-9fa8f000 r--s 00005000 08:04 5769033    /home/guilherme/.m2/repository/org/apache/maven/shared/maven-common-artifact-filters/1.0/maven-common-artifact-filters-1.0.jar
9fa8f000-9fa90000 r--s 00005000 08:04 5643351    /home/guilherme/.m2/repository/org/apache/maven/shared/maven-repository-builder/1.0-alpha-2/maven-repository-builder-1.0-alpha-2.jar
9fa90000-9fa92000 r--s 00008000 08:04 4603583    /home/guilherme/.m2/repository/classworlds/classworlds/1.1-alpha-2/classworlds-1.1-alpha-2.jar
9fa92000-9fa93000 r--s 00002000 08:04 4602128    /home/guilherme/.m2/repository/org/apache/maven/maven-archiver/2.2/maven-archiver-2.2.jar
9fa93000-9fa95000 r--s 00006000 08:04 5515098    /home/guilherme/.m2/repository/org/apache/maven/maven-profile/2.0.4/maven-profile-2.0.4.jar
9fa95000-9fa97000 r--s 00012000 08:04 5381163    /home/guilherme/.m2/repository/org/apache/maven/maven-model/2.0.4/maven-model-2.0.4.jar
9fa97000-9fa99000 r--s 00009000 08:04 5252442    /home/guilherme/.m2/repository/org/apache/maven/maven-settings/2.0.4/maven-settings-2.0.4.jar
9fa99000-9fa9c000 r--s 00018000 08:04 5252407    /home/guilherme/.m2/repository/org/apache/maven/maven-project/2.0.4/maven-project-2.0.4.jar
9fa9c000-9fa9e000 r--s 00004000 08:04 4729740    /home/guilherme/.m2/repository/org/codehaus/plexus/plexus-active-collections/1.0-beta-2/plexus-active-collections-1.0-beta-2.jar
9fa9e000-9faa0000 r--s 00009000 08:04 5381154    /home/guilherme/.m2/repository/org/apache/maven/wagon/wagon-provider-api/1.0-alpha-6/wagon-provider-api-1.0-alpha-6.jar
9faa0000-9faa1000 r--s 00004000 08:04 4729737    /home/guilherme/.m2/repository/org/apache/maven/maven-repository-metadata/2.0.2/maven-repository-metadata-2.0.2.jar
9faa1000-9faa4000 r--s 0000a000 08:04 5381157    /home/guilherme/.m2/repository/org/apache/maven/maven-artifact-manager/2.0.2/maven-artifact-manager-2.0.2.jar
9faa4000-9faa7000 r--s 00011000 08:04 5643355    /home/guilherme/.m2/repository/org/apache/maven/maven-artifact/2.0.4/maven-artifact-2.0.4.jar
9faa7000-9faa9000 r--s 00008000 08:04 5250126    /home/guilherme/.m2/repository/org/apache/maven/shared/maven-shared-io/1.1/maven-shared-io-1.1.jar
9faa9000-9faab000 r--s 00001000 08:04 4339221    /home/guilherme/.m2/repository/org/apache/maven/maven-plugin-api/2.0.4/maven-plugin-api-2.0.4.jar
9faab000-9faad000 r--s 00006000 08:04 4993795    /home/guilherme/.m2/repository/org/apache/maven/shared/file-management/1.1/file-management-1.1.jar
9faad000-9faaf000 r--s 00006000 08:04 5381160    /home/guilherme/.m2/repository/org/codehaus/plexus/plexus-io/1.0-alpha-2/plexus-io-1.0-alpha-2.jar
9faaf000-9fab2000 r--s 0001b000 08:04 4982890    /home/guilherme/.m2/repository/junit/junit/3.8.1/junit-3.8.1.jar
9fab2000-9fab9000 r--s 00029000 08:04 4603586    /home/guilherme/.m2/repository/org/codehaus/plexus/plexus-container-default/1.0-alpha-9-stable-1/plexus-container-default-1.0-alpha-9-stable-1.jar
9fab9000-9fabd000 r--s 00030000 08:04 5769029    /home/guilherme/.m2/repository/org/codehaus/plexus/plexus-utils/1.5.1/plexus-utils-1.5.1.jar
9fabd000-9fac1000 r--s 00027000 08:04 4472124    /home/guilherme/.m2/repository/org/codehaus/plexus/plexus-archiver/1.0-alpha-10/plexus-archiver-1.0-alpha-10.jar
9fac1000-9fac6000 r--s 00018000 08:04 4339220    /home/guilherme/.m2/repository/aspectj/aspectjrt/1.5.3/aspectjrt-1.5.3.jar
9fac6000-9faca000 r--s 0002b000 08:04 4338688    /home/guilherme/.m2/repository/org/apache/maven/plugins/maven-assembly-plugin/2.2-beta-2/maven-assembly-plugin-2.2-beta-2.jar
9faca000-9facc000 r--s 0000a000 08:04 5642959    /home/guilherme/.m2/repository/javax/ws/rs/jsr311-api/1.1.1/jsr311-api-1.1.1.jar
9facc000-9face000 r--s 0000a000 08:04 4723826    /home/guilherme/.m2/repository/commons-codec/commons-codec/1.3/commons-codec-1.3.jar
9face000-9fad0000 r--s 0000d000 08:04 5778757    /home/guilherme/.m2/repository/commons-logging/commons-logging/1.1.1/commons-logging-1.1.1.jar
9fad0000-9fad5000 r--s 00025000 08:04 4208682    /home/guilherme/.m2/repository/org/apache/httpcomponents/httpcore/4.0-beta1/httpcore-4.0-beta1.jar
9fad5000-9fadc000 r--s 00036000 08:04 4208679    /home/guilherme/.m2/repository/org/apache/httpcomponents/httpclient/4.0-alpha4/httpclient-4.0-alpha4.jar
9fadc000-9fadf000 r--s 0000b000 08:04 4196718    /home/guilherme/.m2/repository/javax/persistence/persistence-api/1.0.2/persistence-api-1.0.2.jar
9fadf000-9fae1000 r--s 0000c000 08:04 4196713    /home/guilherme/.m2/repository/de/undercouch/bson4jackson/1.3.0/bson4jackson-1.3.0.jar
9fae1000-9fae6000 r--s 00043000 08:04 4196674    /home/guilherme/.m2/repository/org/mongodb/mongo-java-driver/2.7.2/mongo-java-driver-2.7.2.jar
9fae6000-9fae9000 r--s 00014000 08:04 4196701    /home/guilherme/.m2/repository/net/vz/mongodb/jackson/mongo-jackson-mapper/1.4.1/mongo-jackson-mapper-1.4.1.jar
9fae9000-9faea000 r--s 00006000 08:04 4196782    /home/guilherme/.m2/repository/org/codehaus/jackson/jackson-xc/1.9.2/jackson-xc-1.9.2.jar
9faea000-9faeb000 r--s 00004000 08:04 4196773    /home/guilherme/.m2/repository/org/codehaus/jackson/jackson-jaxrs/1.9.2/jackson-jaxrs-1.9.2.jar
9faeb000-9faf9000 r--s 000ad000 08:04 4196762    /home/guilherme/.m2/repository/org/codehaus/jackson/jackson-mapper-asl/1.9.2/jackson-mapper-asl-1.9.2.jar
9faf9000-9fafd000 r--s 00034000 08:04 4196724    /home/guilherme/.m2/repository/org/codehaus/jackson/jackson-core-asl/1.9.2/jackson-core-asl-1.9.2.jar
9fafd000-9fb00000 r--s 00017000 08:04 4196709    /home/guilherme/.m2/repository/javax/xml/bind/jaxb-api/2.2.2/jaxb-api-2.2.2.jar
9fb00000-9fc00000 rw-p 00000000 00:00 0 
9fc00000-9fc02000 r--s 00004000 08:04 4196725    /home/guilherme/.m2/repository/javax/xml/stream/stax-api/1.0-2/stax-api-1.0-2.jar
9fc02000-9fc15000 r--s 000c7000 08:04 4196686    /home/guilherme/.m2/repository/com/sun/xml/bind/jaxb-impl/2.2.3-1/jaxb-impl-2.2.3-1.jar
9fc15000-9fc17000 r--s 0000f000 08:04 4196720    /home/guilherme/.m2/repository/org/codehaus/jettison/jettison/1.1/jettison-1.1.jar
9fc17000-9fc1b000 r--s 00020000 08:04 4196675    /home/guilherme/.m2/repository/org/glassfish/jersey/media/jersey-media-json/2.0-m02/jersey-media-json-2.0-m02.jar
9fc1b000-9fc24000 r--s 00042000 08:04 4196752    /home/guilherme/.m2/repository/org/glassfish/jersey/core/jersey-server/2.0-m02/jersey-server-2.0-m02.jar
9fc24000-9fc26000 r--s 00003000 08:04 4196733    /home/guilherme/.m2/repository/org/jvnet/tiger-types/1.4/tiger-types-1.4.jar
9fc26000-9fc2b000 r--s 00047000 08:04 4196757    /home/guilherme/.m2/repository/org/glassfish/hk2/external/asm-all-repackaged/1.6.32/asm-all-repackaged-1.6.32.jar
9fc2b000-9fc2c000 r--s 00001000 08:04 4196691    /home/guilherme/.m2/repository/org/glassfish/hk2/external/javax.inject/1.6.32/javax.inject-1.6.32.jar
9fc2c000-9fc33000 r--s 0004a000 08:04 4196753    /home/guilherme/.m2/repository/org/glassfish/hk2/auto-depends/1.6.32/auto-depends-1.6.32.jar
9fc33000-9fc35000 r--s 00006000 08:04 4196679    /home/guilherme/.m2/repository/org/glassfish/hk2/hk2-api/1.6.32/hk2-api-1.6.32.jar
9fc35000-9fc38000 r--s 00006000 08:04 4196737    /home/guilherme/.m2/repository/com/google/code/findbugs/jsr305/1.3.9/jsr305-1.3.9.jar
9fc38000-9fc58000 r--s 00173000 08:04 4196682    /home/guilherme/.m2/repository/com/google/guava/guava/11.0.1/guava-11.0.1.jar
9fc58000-9fc5e000 r--s 00059000 08:04 4196731    /home/guilherme/.m2/repository/javax/mail/mail/1.4/mail-1.4.jar
9fc5e000-9fc69000 r--s 0006c000 08:04 4196687    /home/guilherme/.m2/repository/org/glassfish/jersey/core/jersey-common/2.0-m02/jersey-common-2.0-m02.jar
9fc69000-9fc77000 r--s 000a6000 08:04 4196758    /home/guilherme/.m2/repository/org/glassfish/grizzly/grizzly-framework/2.2.4/grizzly-framework-2.2.4.jar
9fc77000-9fc7c000 r--s 0003b000 08:04 4196742    /home/guilherme/.m2/repository/org/glassfish/grizzly/grizzly-http/2.2.4/grizzly-http-2.2.4.jar
9fc7c000-9fd0b000 r--s 00dda000 08:04 1717647    /usr/local/java/jdk1.7.0_40/jre/lib/jfxrt.jar
9fd0b000-9fd0c000 ---p 00000000 00:00 0 
9fd0c000-9fd8c000 rw-p 00000000 00:00 0          [stack:13568]
9fd8c000-9fd8f000 ---p 00000000 00:00 0 
9fd8f000-9fddd000 rw-p 00000000 00:00 0          [stack:13567]
9fddd000-9fde0000 ---p 00000000 00:00 0 
9fde0000-9fe5e000 rw-p 00000000 00:00 0          [stack:13566]
9fe5e000-9fe61000 ---p 00000000 00:00 0 
9fe61000-9feaf000 rw-p 00000000 00:00 0          [stack:13564]
9feaf000-9feb2000 ---p 00000000 00:00 0 
9feb2000-9ff00000 rw-p 00000000 00:00 0          [stack:13563]
9ff00000-9fffb000 rw-p 00000000 00:00 0 
9fffb000-a0000000 ---p 00000000 00:00 0 
a0000000-a0001000 r--s 00004000 08:04 4196756    /home/guilherme/.m2/repository/org/glassfish/hk2/osgi-resource-locator/1.0.1/osgi-resource-locator-1.0.1.jar
a0001000-a0004000 r--s 00012000 08:04 4196681    /home/guilherme/.m2/repository/javax/ws/rs/javax.ws.rs-api/2.0-m03/javax.ws.rs-api-2.0-m03.jar
a0004000-a000d000 r--s 000d3000 08:04 1717586    /usr/local/java/jdk1.7.0_40/jre/lib/javaws.jar
a000d000-a0010000 ---p 00000000 00:00 0 
a0010000-a005e000 rw-p 00000000 00:00 0          [stack:13562]
a005e000-a0061000 ---p 00000000 00:00 0 
a0061000-a00af000 rw-p 00000000 00:00 0          [stack:13560]
a00af000-a00b2000 ---p 00000000 00:00 0 
a00b2000-a0100000 rw-p 00000000 00:00 0          [stack:13559]
a0100000-a01c1000 rw-p 00000000 00:00 0 
a01c1000-a0200000 ---p 00000000 00:00 0 
a0200000-a0202000 r--s 0000e000 08:04 4196702    /home/guilherme/.m2/repository/javax/activation/activation/1.1/activation-1.1.jar
a0202000-a0204000 r--s 00002000 08:04 4196697    /home/guilherme/.m2/repository/org/glassfish/jersey/containers/jersey-container-grizzly2-http/2.0-m02/jersey-container-grizzly2-http-2.0-m02.jar
a0204000-a0208000 r--s 00030000 08:04 4196693    /home/guilherme/.m2/repository/org/glassfish/grizzly/grizzly-http-server/2.2.4/grizzly-http-server-2.2.4.jar
a0208000-a021b000 r--s 001a5000 08:04 1717649    /usr/local/java/jdk1.7.0_40/jre/lib/plugin.jar
a021b000-a0233000 r--s 00406000 08:04 1717648    /usr/local/java/jdk1.7.0_40/jre/lib/deploy.jar
a0233000-a0236000 ---p 00000000 00:00 0 
a0236000-a0284000 rw-p 00000000 00:00 0          [stack:13558]
a0284000-a0285000 ---p 00000000 00:00 0 
a0285000-a0350000 rw-p 00000000 00:00 0          [stack:13557]
a0350000-a050d000 r--s 039d3000 08:04 1717013    /usr/local/java/jdk1.7.0_40/jre/lib/rt.jar
a050d000-a056f000 rw-p 00000000 00:00 0 
a056f000-a0589000 rw-p 00000000 00:00 0 
a0589000-a058f000 rw-p 00000000 00:00 0 
a058f000-a05df000 rw-p 00000000 00:00 0 
a05df000-a05e2000 rw-p 00000000 00:00 0 
a05e2000-a0609000 rw-p 00000000 00:00 0 
a0609000-a060f000 rw-p 00000000 00:00 0 
a060f000-a065f000 rw-p 00000000 00:00 0 
a065f000-a0665000 rw-p 00000000 00:00 0 
a0665000-a067f000 rw-p 00000000 00:00 0 
a067f000-a0bd0000 rw-p 00000000 00:00 0 
a0bd0000-a5bd0000 rw-p 00000000 00:00 0 
a5bd0000-a6680000 rw-p 00000000 00:00 0 
a6680000-b0680000 rw-p 00000000 00:00 0 
b0680000-b1280000 rw-p 00000000 00:00 0 
b1280000-b4680000 rw-p 00000000 00:00 0 
b4680000-b4686000 rw-p 00000000 00:00 0 
b4686000-b4700000 rw-p 00000000 00:00 0 
b4700000-b4858000 rwxp 00000000 00:00 0 
b4858000-b6700000 rw-p 00000000 00:00 0 
b6700000-b6900000 r--p 00000000 08:04 1449933    /usr/lib/locale/locale-archive
b6900000-b69fc000 rw-p 00000000 00:00 0 
b69fc000-b6a00000 ---p 00000000 00:00 0 
b6a00000-b6a01000 r--s 00001000 08:04 4196767    /home/guilherme/.m2/repository/org/glassfish/grizzly/grizzly-rcm/2.2.4/grizzly-rcm-2.2.4.jar
b6a01000-b6a03000 r--s 00009000 08:04 4196698    /home/guilherme/.m2/repository/org/glassfish/external/management-api/3.0.0-b012/management-api-3.0.0-b012.jar
b6a03000-b6a07000 r--s 0008a000 08:04 1717584    /usr/local/java/jdk1.7.0_40/jre/lib/jsse.jar
b6a07000-b6a11000 r--s 00371000 08:04 1717754    /usr/local/java/jdk1.7.0_40/jre/lib/charsets.jar
b6a11000-b6a28000 r-xp 00000000 08:04 1717575    /usr/local/java/jdk1.7.0_40/jre/lib/i386/libzip.so
b6a28000-b6a29000 rw-p 00017000 08:04 1717575    /usr/local/java/jdk1.7.0_40/jre/lib/i386/libzip.so
b6a29000-b6a34000 r-xp 00000000 08:04 2492817    /lib/i386-linux-gnu/libnss_files-2.17.so
b6a34000-b6a35000 r--p 0000a000 08:04 2492817    /lib/i386-linux-gnu/libnss_files-2.17.so
b6a35000-b6a36000 rw-p 0000b000 08:04 2492817    /lib/i386-linux-gnu/libnss_files-2.17.so
b6a36000-b6a40000 r-xp 00000000 08:04 2492828    /lib/i386-linux-gnu/libnss_nis-2.17.so
b6a40000-b6a41000 r--p 00009000 08:04 2492828    /lib/i386-linux-gnu/libnss_nis-2.17.so
b6a41000-b6a42000 rw-p 0000a000 08:04 2492828    /lib/i386-linux-gnu/libnss_nis-2.17.so
b6a42000-b6a57000 r-xp 00000000 08:04 2492814    /lib/i386-linux-gnu/libnsl-2.17.so
b6a57000-b6a58000 r--p 00014000 08:04 2492814    /lib/i386-linux-gnu/libnsl-2.17.so
b6a58000-b6a59000 rw-p 00015000 08:04 2492814    /lib/i386-linux-gnu/libnsl-2.17.so
b6a59000-b6a5b000 rw-p 00000000 00:00 0 
b6a5b000-b6a62000 r-xp 00000000 08:04 2492818    /lib/i386-linux-gnu/libnss_compat-2.17.so
b6a62000-b6a63000 r--p 00006000 08:04 2492818    /lib/i386-linux-gnu/libnss_compat-2.17.so
b6a63000-b6a64000 rw-p 00007000 08:04 2492818    /lib/i386-linux-gnu/libnss_compat-2.17.so
b6a64000-b6a66000 r--s 00004000 08:04 4196729    /home/guilherme/.m2/repository/org/glassfish/gmbal/gmbal-api-only/3.0.0-b023/gmbal-api-only-3.0.0-b023.jar
b6a66000-b6a6c000 r--s 0007d000 08:04 1717785    /usr/local/java/jdk1.7.0_40/jre/lib/jfr.jar
b6a6c000-b6a75000 r--s 00250000 08:04 1717499    /usr/local/java/jdk1.7.0_40/jre/lib/resources.jar
b6a75000-b6a7d000 rw-s 00000000 08:04 5779888    /tmp/hsperfdata_guilherme/13555
b6a7d000-b6ab4000 r-xp 00000000 08:04 1717550    /usr/local/java/jdk1.7.0_40/jre/lib/i386/libjdwp.so
b6ab4000-b6ab5000 rw-p 00037000 08:04 1717550    /usr/local/java/jdk1.7.0_40/jre/lib/i386/libjdwp.so
b6ab5000-b6ad8000 r-xp 00000000 08:04 1717538    /usr/local/java/jdk1.7.0_40/jre/lib/i386/libjava.so
b6ad8000-b6ad9000 rw-p 00022000 08:04 1717538    /usr/local/java/jdk1.7.0_40/jre/lib/i386/libjava.so
b6ad9000-b6ae0000 r-xp 00000000 08:04 2492827    /lib/i386-linux-gnu/librt-2.17.so
b6ae0000-b6ae1000 r--p 00006000 08:04 2492827    /lib/i386-linux-gnu/librt-2.17.so
b6ae1000-b6ae2000 rw-p 00007000 08:04 2492827    /lib/i386-linux-gnu/librt-2.17.so
b6ae2000-b6ae5000 ---p 00000000 00:00 0 
b6ae5000-b6b33000 rw-p 00000000 00:00 0          [stack:13556]
b6b33000-b6b74000 r-xp 00000000 08:04 2492824    /lib/i386-linux-gnu/libm-2.17.so
b6b74000-b6b75000 r--p 00040000 08:04 2492824    /lib/i386-linux-gnu/libm-2.17.so
b6b75000-b6b76000 rw-p 00041000 08:04 2492824    /lib/i386-linux-gnu/libm-2.17.so
b6b76000-b70fc000 r-xp 00000000 08:04 1717533    /usr/local/java/jdk1.7.0_40/jre/lib/i386/client/libjvm.so
b70fc000-b711d000 rw-p 00586000 08:04 1717533    /usr/local/java/jdk1.7.0_40/jre/lib/i386/client/libjvm.so
b711d000-b753e000 rw-p 00000000 00:00 0 
b753e000-b76ec000 r-xp 00000000 08:04 2492825    /lib/i386-linux-gnu/libc-2.17.so
b76ec000-b76ee000 r--p 001ae000 08:04 2492825    /lib/i386-linux-gnu/libc-2.17.so
b76ee000-b76ef000 rw-p 001b0000 08:04 2492825    /lib/i386-linux-gnu/libc-2.17.so
b76ef000-b76f2000 rw-p 00000000 00:00 0 
b76f2000-b76f5000 r-xp 00000000 08:04 2492830    /lib/i386-linux-gnu/libdl-2.17.so
b76f5000-b76f6000 r--p 00002000 08:04 2492830    /lib/i386-linux-gnu/libdl-2.17.so
b76f6000-b76f7000 rw-p 00003000 08:04 2492830    /lib/i386-linux-gnu/libdl-2.17.so
b76f7000-b770a000 r-xp 00000000 08:04 1717542    /usr/local/java/jdk1.7.0_40/jre/lib/i386/jli/libjli.so
b770a000-b770b000 rw-p 00012000 08:04 1717542    /usr/local/java/jdk1.7.0_40/jre/lib/i386/jli/libjli.so
b770b000-b770c000 rw-p 00000000 00:00 0 
b770c000-b7723000 r-xp 00000000 08:04 2492823    /lib/i386-linux-gnu/libpthread-2.17.so
b7723000-b7724000 r--p 00016000 08:04 2492823    /lib/i386-linux-gnu/libpthread-2.17.so
b7724000-b7725000 rw-p 00017000 08:04 2492823    /lib/i386-linux-gnu/libpthread-2.17.so
b7725000-b7727000 rw-p 00000000 00:00 0 
b7727000-b7728000 r--s 00000000 08:04 1717585    /usr/local/java/jdk1.7.0_40/jre/lib/management-agent.jar
b7728000-b772a000 r--s 00019000 08:04 1717801    /usr/local/java/jdk1.7.0_40/jre/lib/jce.jar
b772a000-b772d000 r-xp 00000000 08:04 1717557    /usr/local/java/jdk1.7.0_40/jre/lib/i386/libdt_socket.so
b772d000-b772e000 rw-p 00003000 08:04 1717557    /usr/local/java/jdk1.7.0_40/jre/lib/i386/libdt_socket.so
b772e000-b772f000 r--p 005e0000 08:04 1449933    /usr/lib/locale/locale-archive
b772f000-b7731000 r-xp 00000000 08:04 1717569    /usr/local/java/jdk1.7.0_40/jre/lib/i386/libnpt.so
b7731000-b7732000 rw-p 00002000 08:04 1717569    /usr/local/java/jdk1.7.0_40/jre/lib/i386/libnpt.so
b7732000-b7733000 rw-p 00000000 00:00 0 
b7733000-b7734000 r--p 00000000 00:00 0 
b7734000-b773f000 r-xp 00000000 08:04 1717520    /usr/local/java/jdk1.7.0_40/jre/lib/i386/libverify.so
b773f000-b7740000 rw-p 0000b000 08:04 1717520    /usr/local/java/jdk1.7.0_40/jre/lib/i386/libverify.so
b7740000-b7742000 rw-p 00000000 00:00 0 
b7742000-b7743000 r-xp 00000000 00:00 0          [vdso]
b7743000-b7763000 r-xp 00000000 08:04 2492826    /lib/i386-linux-gnu/ld-2.17.so
b7763000-b7764000 r--p 0001f000 08:04 2492826    /lib/i386-linux-gnu/ld-2.17.so
b7764000-b7765000 rw-p 00020000 08:04 2492826    /lib/i386-linux-gnu/ld-2.17.so
bfa42000-bfa66000 rw-p 00000000 00:00 0          [stack]

VM Arguments:
jvm_args: -agentlib:jdwp=transport=dt_socket,address=127.0.0.1:58911,suspend=y,server=n -Dfile.encoding=UTF-8 
java_command: br.org.base.server.Server
Launcher Type: SUN_STANDARD

Environment Variables:
JAVA_HOME=/usr/local/java/jdk1.7.0_40
JRE_HOME=/usr/local/java/jre1.7.0_40
CLASSPATH=./../lib/bootstrap.jar:./../lib/extensions.jar:./../lib/util.jar:./../lib/jdom.jar:./../lib/log4j.jar:./../lib/trove4j.jar:./../lib/jna.jar:/usr/local/java/jdk1.7.0_40/lib/tools.jar
PATH=/opt/SenchaSDKTools-2.0.0-beta3:/home/guilherme/bin/Sencha/Cmd/4.0.0.203:/usr/local/heroku/bin:/opt/SenchaSDKTools-2.0.0-beta3:/home/guilherme/bin/Sencha/Cmd/4.0.0.203:/home/guilherme/bin:/usr/lib/lightdm/lightdm:/usr/local/sbin:/usr/local/bin:/usr/sbin:/usr/bin:/sbin:/bin:/usr/games:/usr/local/games:/home/guilherme/bin:/usr/local/java/jdk1.7.0_40/bin:/home/guilherme/bin:/usr/local/java/jre1.7.0_40/bin
LD_LIBRARY_PATH=.:
SHELL=/bin/bash
DISPLAY=:0

Signal Handlers:
SIGSEGV: [libjvm.so+0x503d90], sa_mask[0]=0x7ffbfeff, sa_flags=0x10000004
SIGBUS: [libjvm.so+0x503d90], sa_mask[0]=0x7ffbfeff, sa_flags=0x10000004
SIGFPE: [libjvm.so+0x3fbe80], sa_mask[0]=0x7ffbfeff, sa_flags=0x10000004
SIGPIPE: [libjvm.so+0x3fbe80], sa_mask[0]=0x7ffbfeff, sa_flags=0x10000004
SIGXFSZ: [libjvm.so+0x3fbe80], sa_mask[0]=0x7ffbfeff, sa_flags=0x10000004
SIGILL: [libjvm.so+0x3fbe80], sa_mask[0]=0x7ffbfeff, sa_flags=0x10000004
SIGUSR1: SIG_DFL, sa_mask[0]=0x00000000, sa_flags=0x00000000
SIGUSR2: [libjvm.so+0x3fd370], sa_mask[0]=0x00000004, sa_flags=0x10000004
SIGHUP: [libjvm.so+0x3fe4c0], sa_mask[0]=0x7ffbfeff, sa_flags=0x10000004
SIGINT: [libjvm.so+0x3fe4c0], sa_mask[0]=0x7ffbfeff, sa_flags=0x10000004
SIGTERM: [libjvm.so+0x3fe4c0], sa_mask[0]=0x7ffbfeff, sa_flags=0x10000004
SIGQUIT: [libjvm.so+0x3fe4c0], sa_mask[0]=0x7ffbfeff, sa_flags=0x10000004


---------------  S Y S T E M  ---------------

OS:wheezy/sid

uname:Linux 3.8.0-32-generic #47-Ubuntu SMP Tue Oct 1 21:36:40 UTC 2013 i686
libc:glibc 2.17 NPTL 2.17 
rlimit: STACK 8192k, CORE 0k, NPROC 24106, NOFILE 4096, AS infinity
load average:0,73 0,85 0,90

/proc/meminfo:
MemTotal:        3102112 kB
MemFree:          206092 kB
Buffers:            7884 kB
Cached:           179896 kB
SwapCached:       110952 kB
Active:          1932780 kB
Inactive:         864668 kB
Active(anon):    1817112 kB
Inactive(anon):   816784 kB
Active(file):     115668 kB
Inactive(file):    47884 kB
Unevictable:          48 kB
Mlocked:              48 kB
HighTotal:       2231176 kB
HighFree:          51132 kB
LowTotal:         870936 kB
LowFree:          154960 kB
SwapTotal:       1999868 kB
SwapFree:        1375172 kB
Dirty:             29992 kB
Writeback:             0 kB
AnonPages:       2565276 kB
Mapped:           102092 kB
Shmem:             24076 kB
Slab:              38768 kB
SReclaimable:      16452 kB
SUnreclaim:        22316 kB
KernelStack:        5856 kB
PageTables:        22788 kB
NFS_Unstable:          0 kB
Bounce:                0 kB
WritebackTmp:          0 kB
CommitLimit:     3550924 kB
Committed_AS:    7294668 kB
VmallocTotal:     122880 kB
VmallocUsed:       46444 kB
VmallocChunk:      70132 kB
HardwareCorrupted:     0 kB
AnonHugePages:         0 kB
HugePages_Total:       0
HugePages_Free:        0
HugePages_Rsvd:        0
HugePages_Surp:        0
Hugepagesize:       2048 kB
DirectMap4k:       59384 kB
DirectMap2M:      854016 kB


CPU:total 2 (2 cores per cpu, 1 threads per core) family 15 model 6 stepping 5, cmov, cx8, fxsr, mmx, sse, sse2, sse3, tsc

/proc/cpuinfo:
processor	: 0
vendor_id	: GenuineIntel
cpu family	: 15
model		: 6
model name	: Intel(R) Pentium(R) D CPU 3.20GHz
stepping	: 5
microcode	: 0xb
cpu MHz		: 2400.000
cache size	: 2048 KB
physical id	: 0
siblings	: 2
core id		: 0
cpu cores	: 2
apicid		: 0
initial apicid	: 0
fdiv_bug	: no
hlt_bug		: no
f00f_bug	: no
coma_bug	: no
fpu		: yes
fpu_exception	: yes
cpuid level	: 6
wp		: yes
flags		: fpu vme de pse tsc msr pae mce cx8 apic sep mtrr pge mca cmov pat pse36 clflush dts acpi mmx fxsr sse sse2 ss ht tm pbe nx lm constant_tsc pebs bts pni dtes64 monitor ds_cpl est cid cx16 xtpr pdcm lahf_lm
bogomips	: 6399.22
clflush size	: 64
cache_alignment	: 128
address sizes	: 36 bits physical, 48 bits virtual
power management:

processor	: 1
vendor_id	: GenuineIntel
cpu family	: 15
model		: 6
model name	: Intel(R) Pentium(R) D CPU 3.20GHz
stepping	: 5
microcode	: 0xb
cpu MHz		: 3200.000
cache size	: 2048 KB
physical id	: 0
siblings	: 2
core id		: 1
cpu cores	: 2
apicid		: 1
initial apicid	: 1
fdiv_bug	: no
hlt_bug		: no
f00f_bug	: no
coma_bug	: no
fpu		: yes
fpu_exception	: yes
cpuid level	: 6
wp		: yes
flags		: fpu vme de pse tsc msr pae mce cx8 apic sep mtrr pge mca cmov pat pse36 clflush dts acpi mmx fxsr sse sse2 ss ht tm pbe nx lm constant_tsc pebs bts pni dtes64 monitor ds_cpl est cid cx16 xtpr pdcm lahf_lm
bogomips	: 6399.22
clflush size	: 64
cache_alignment	: 128
address sizes	: 36 bits physical, 48 bits virtual
power management:



Memory: 4k page, physical 3102112k(206092k free), swap 1999868k(1375172k free)

vm_info: Java HotSpot(TM) Client VM (24.0-b56) for linux-x86 JRE (1.7.0_40-b43), built on Aug 26 2013 22:05:59 by "java_re" with gcc 4.3.0 20080428 (Red Hat 4.3.0-8)

time: Thu Oct 31 04:53:09 2013
elapsed time: 7 seconds

