#
# A fatal error has been detected by the Java Runtime Environment:
#
#  SIGILL (0x4) at pc=0xb6da4e10, pid=4574, tid=3065383744
#
# JRE version: Java(TM) SE Runtime Environment (7.0_40-b43) (build 1.7.0_40-b43)
# Java VM: Java HotSpot(TM) Client VM (24.0-b56 mixed mode linux-x86 )
# Problematic frame:
# V  [libjvm.so+0x200e10]  Events::log_exception(Thread*, char const*, ...)+0x20
#
# Failed to write core dump. Core dumps have been disabled. To enable core dumping, try "ulimit -c unlimited" before starting Java again
#
# If you would like to submit a bug report, please visit:
#   http://bugreport.sun.com/bugreport/crash.jsp
#

---------------  T H R E A D  ---------------

Current thread (0xb6a0bc00):  JavaThread "main" [_thread_in_vm, id=4575, stack(0xb6b10000,0xb6b61000)]

siginfo:si_signo=SIGILL: si_errno=0, si_code=2 (ILL_ILLOPN), si_addr=0xb6da4e10

Registers:
EAX=0x00000000, EBX=0xb7138868, ECX=0xb6a071d0, EDX=0x00000000
ESP=0xb6b5ecc0, EBP=0xb6b5ece8, ESI=0xb6a071d0, EDI=0xb6a079c8
EIP=0xb6da4e10, EFLAGS=0x00010286, CR2=0xb7796100

Top of Stack: (sp=0xb6b5ecc0)
0xb6b5ecc0:   b6a0bc00 00000000 e60c38f3 3ff450af
0xb6b5ecd0:   a0780f58 b6a071d0 b70fc474 b7138868
0xb6b5ece0:   00000000 b090b600 b6b5efe8 b6ece80b
0xb6b5ecf0:   b6a0bc00 b70e9507 a0d17640 b70fc474
0xb6b5ed00:   000004dc b6b5ef2c b6a0c430 b6a0c430
0xb6b5ed10:   b6b5eda0 b6b5ed38 b6a0bc00 b6a0c424
0xb6b5ed20:   b6b5eda0 00000001 b6a0c428 b6f55a5e
0xb6b5ed30:   b7138868 07000000 b6b5f048 b497c39a 

Instructions: (pc=0xb6da4e10)
0xb6da4df0:   55 89 e5 57 56 53 83 ec 1c e8 00 00 00 00 5b 81
0xb6da4e00:   c3 6a 3a 39 00 8b 83 10 f2 ff ff 80 38 00 75 08
0xb6da4e10:   8d 65 f4 5b 5e 5f 5d c3 8b 83 d4 fa ff ff 8d 7d
0xb6da4e20:   10 8b 30 8b 83 3c ea ff ff 8b 00 85 c0 75 e1 e8 

Register to memory mapping:

EAX=0x00000000 is an unknown value
EBX=0xb7138868: <offset 0x594868> in /usr/local/java/jdk1.7.0_40/jre/lib/i386/client/libjvm.so at 0xb6ba4000
ECX=0xb6a071d0 is an unknown value
EDX=0x00000000 is an unknown value
ESP=0xb6b5ecc0 is pointing into the stack for thread: 0xb6a0bc00
EBP=0xb6b5ece8 is pointing into the stack for thread: 0xb6a0bc00
ESI=0xb6a071d0 is an unknown value
EDI=0xb6a079c8 is an unknown value


Stack: [0xb6b10000,0xb6b61000],  sp=0xb6b5ecc0,  free space=315k
Native frames: (J=compiled Java code, j=interpreted, Vv=VM code, C=native code)
V  [libjvm.so+0x200e10]  Events::log_exception(Thread*, char const*, ...)+0x20
V  [libjvm.so+0x32a80b]  JVM_DoPrivileged+0x4eb
C  [libjava.so+0x9a4a]  Java_java_security_AccessController_doPrivileged__Ljava_security_PrivilegedExceptionAction_2Ljava_security_AccessControlContext_2+0x3a
j  java.security.AccessController.doPrivileged(Ljava/security/PrivilegedExceptionAction;Ljava/security/AccessControlContext;)Ljava/lang/Object;+0
j  java.net.URLClassLoader.findClass(Ljava/lang/String;)Ljava/lang/Class;+13
j  java.lang.ClassLoader.loadClass(Ljava/lang/String;Z)Ljava/lang/Class;+70
j  java.lang.ClassLoader.loadClass(Ljava/lang/String;Z)Ljava/lang/Class;+38
j  sun.misc.Launcher$AppClassLoader.loadClass(Ljava/lang/String;Z)Ljava/lang/Class;+36
j  java.lang.ClassLoader.loadClass(Ljava/lang/String;)Ljava/lang/Class;+3
v  ~StubRoutines::call_stub
V  [libjvm.so+0x2a7875]  JavaCalls::call_helper(JavaValue*, methodHandle*, JavaCallArguments*, Thread*)+0x315
V  [libjvm.so+0x3fa1e9]  os::os_exception_wrapper(void (*)(JavaValue*, methodHandle*, JavaCallArguments*, Thread*), JavaValue*, methodHandle*, JavaCallArguments*, Thread*)+0x19
V  [libjvm.so+0x2a64ef]  JavaCalls::call(JavaValue*, methodHandle, JavaCallArguments*, Thread*)+0x2f
V  [libjvm.so+0x2a672a]  JavaCalls::call_virtual(JavaValue*, KlassHandle, Symbol*, Symbol*, JavaCallArguments*, Thread*)+0x10a
V  [libjvm.so+0x2a67f5]  JavaCalls::call_virtual(JavaValue*, Handle, KlassHandle, Symbol*, Symbol*, Handle, Thread*)+0x55
V  [libjvm.so+0x49e559]  SystemDictionary::load_instance_class(Symbol*, Handle, Thread*)+0x489
V  [libjvm.so+0x49cc52]  SystemDictionary::resolve_instance_class_or_null(Symbol*, Handle, Handle, Thread*)+0x742
V  [libjvm.so+0x49d0b9]  SystemDictionary::resolve_or_null(Symbol*, Handle, Handle, Thread*)+0x49
V  [libjvm.so+0x49e5d0]  SystemDictionary::resolve_or_fail(Symbol*, Handle, Handle, bool, Thread*)+0x30
V  [libjvm.so+0x31e40c]  find_class_from_class_loader(JNIEnv_*, Symbol*, unsigned char, Handle, Handle, unsigned char, Thread*)+0x3c
V  [libjvm.so+0x329f8d]  JVM_FindClassFromClassLoader+0x1bd
C  [libjava.so+0xa45e]  Java_java_lang_Class_forName0+0x14e
j  java.lang.Class.forName0(Ljava/lang/String;ZLjava/lang/ClassLoader;)Ljava/lang/Class;+0
j  java.lang.Class.forName(Ljava/lang/String;ZLjava/lang/ClassLoader;)Ljava/lang/Class;+35
j  sun.reflect.generics.factory.CoreReflectionFactory.makeNamedType(Ljava/lang/String;)Ljava/lang/reflect/Type;+6
j  sun.reflect.generics.visitor.Reifier.visitClassTypeSignature(Lsun/reflect/generics/tree/ClassTypeSignature;)V+173
j  sun.reflect.generics.tree.ClassTypeSignature.accept(Lsun/reflect/generics/visitor/TypeTreeVisitor;)V+2
j  sun.reflect.annotation.AnnotationParser.parseSig(Ljava/lang/String;Ljava/lang/Class;)Ljava/lang/Class;+43
j  sun.reflect.annotation.AnnotationParser.parseAnnotation(Ljava/nio/ByteBuffer;Lsun/reflect/ConstantPool;Ljava/lang/Class;Z)Ljava/lang/annotation/Annotation;+27
j  sun.reflect.annotation.AnnotationParser.parseAnnotations2([BLsun/reflect/ConstantPool;Ljava/lang/Class;)Ljava/util/Map;+39
j  sun.reflect.annotation.AnnotationParser.parseAnnotations([BLsun/reflect/ConstantPool;Ljava/lang/Class;)Ljava/util/Map;+11
j  java.lang.Class.initAnnotationsIfNecessary()V+22
j  java.lang.Class.getAnnotation(Ljava/lang/Class;)Ljava/lang/annotation/Annotation;+13
j  org.jvnet.hk2.component.Creators.create(Ljava/lang/Class;Lorg/jvnet/hk2/component/Habitat;Lorg/jvnet/hk2/component/MultiMap;)Lorg/jvnet/hk2/component/Creator;+4
j  org.jvnet.hk2.component.TypeBasedBinder.registerIn(Lorg/jvnet/hk2/component/Habitat;)Lorg/jvnet/hk2/component/Inhabitant;+11
j  org.jvnet.hk2.component.BinderFactoryImpl.registerIn(Lorg/jvnet/hk2/component/Habitat;)Lorg/glassfish/hk2/Bindings;+42
j  org.jvnet.hk2.component.HK2ProviderImpl.create(Lorg/glassfish/hk2/Services;[Lorg/glassfish/hk2/Module;)Lorg/glassfish/hk2/Services;+127
j  org.glassfish.hk2.HK2.create(Lorg/glassfish/hk2/Services;[Lorg/glassfish/hk2/Module;)Lorg/glassfish/hk2/Services;+6
j  org.glassfish.jersey.server.ApplicationBuilder.<init>(Lorg/glassfish/jersey/server/ResourceConfig;)V+131
j  org.glassfish.jersey.server.Application.builder(Lorg/glassfish/jersey/server/ResourceConfig;)Lorg/glassfish/jersey/server/Application$Builder;+5
j  br.org.base.server.Server.main([Ljava/lang/String;)V+65
v  ~StubRoutines::call_stub
V  [libjvm.so+0x2a7875]  JavaCalls::call_helper(JavaValue*, methodHandle*, JavaCallArguments*, Thread*)+0x315
V  [libjvm.so+0x3fa1e9]  os::os_exception_wrapper(void (*)(JavaValue*, methodHandle*, JavaCallArguments*, Thread*), JavaValue*, methodHandle*, JavaCallArguments*, Thread*)+0x19
V  [libjvm.so+0x2a64ef]  JavaCalls::call(JavaValue*, methodHandle, JavaCallArguments*, Thread*)+0x2f
V  [libjvm.so+0x43f97e]  Reflection::invoke(instanceKlassHandle, methodHandle, Handle, bool, objArrayHandle, BasicType, objArrayHandle, bool, Thread*)+0x3fe
V  [libjvm.so+0x44043a]  Reflection::invoke_method(oopDesc*, Handle, objArrayHandle, Thread*)+0x15a
V  [libjvm.so+0x328c19]  JVM_InvokeMethod+0x209
C  [libjava.so+0x15232]  Java_sun_reflect_NativeMethodAccessorImpl_invoke0+0x32
j  sun.reflect.NativeMethodAccessorImpl.invoke0(Ljava/lang/reflect/Method;Ljava/lang/Object;[Ljava/lang/Object;)Ljava/lang/Object;+0
j  sun.reflect.NativeMethodAccessorImpl.invoke(Ljava/lang/Object;[Ljava/lang/Object;)Ljava/lang/Object;+87
j  sun.reflect.DelegatingMethodAccessorImpl.invoke(Ljava/lang/Object;[Ljava/lang/Object;)Ljava/lang/Object;+6
j  java.lang.reflect.Method.invoke(Ljava/lang/Object;[Ljava/lang/Object;)Ljava/lang/Object;+57
j  com.intellij.rt.execution.application.AppMain.main([Ljava/lang/String;)V+140
v  ~StubRoutines::call_stub
V  [libjvm.so+0x2a7875]  JavaCalls::call_helper(JavaValue*, methodHandle*, JavaCallArguments*, Thread*)+0x315
V  [libjvm.so+0x3fa1e9]  os::os_exception_wrapper(void (*)(JavaValue*, methodHandle*, JavaCallArguments*, Thread*), JavaValue*, methodHandle*, JavaCallArguments*, Thread*)+0x19
V  [libjvm.so+0x2a64ef]  JavaCalls::call(JavaValue*, methodHandle, JavaCallArguments*, Thread*)+0x2f
V  [libjvm.so+0x2e28b2]  jni_invoke_static(JNIEnv_*, JavaValue*, _jobject*, JNICallType, _jmethodID*, JNI_ArgumentPusher*, Thread*)+0x242
V  [libjvm.so+0x2f8ada]  jni_CallStaticVoidMethod+0xca
C  [libjli.so+0x2e8d]  JavaMain+0x8bd
C  [libpthread.so.0+0x6d78]  start_thread+0xd8

Java frames: (J=compiled Java code, j=interpreted, Vv=VM code)
j  java.security.AccessController.doPrivileged(Ljava/security/PrivilegedExceptionAction;Ljava/security/AccessControlContext;)Ljava/lang/Object;+0
j  java.net.URLClassLoader.findClass(Ljava/lang/String;)Ljava/lang/Class;+13
j  java.lang.ClassLoader.loadClass(Ljava/lang/String;Z)Ljava/lang/Class;+70
j  java.lang.ClassLoader.loadClass(Ljava/lang/String;Z)Ljava/lang/Class;+38
j  sun.misc.Launcher$AppClassLoader.loadClass(Ljava/lang/String;Z)Ljava/lang/Class;+36
j  java.lang.ClassLoader.loadClass(Ljava/lang/String;)Ljava/lang/Class;+3
v  ~StubRoutines::call_stub
j  java.lang.Class.forName0(Ljava/lang/String;ZLjava/lang/ClassLoader;)Ljava/lang/Class;+0
j  java.lang.Class.forName(Ljava/lang/String;ZLjava/lang/ClassLoader;)Ljava/lang/Class;+35
j  sun.reflect.generics.factory.CoreReflectionFactory.makeNamedType(Ljava/lang/String;)Ljava/lang/reflect/Type;+6
j  sun.reflect.generics.visitor.Reifier.visitClassTypeSignature(Lsun/reflect/generics/tree/ClassTypeSignature;)V+173
j  sun.reflect.generics.tree.ClassTypeSignature.accept(Lsun/reflect/generics/visitor/TypeTreeVisitor;)V+2
j  sun.reflect.annotation.AnnotationParser.parseSig(Ljava/lang/String;Ljava/lang/Class;)Ljava/lang/Class;+43
j  sun.reflect.annotation.AnnotationParser.parseAnnotation(Ljava/nio/ByteBuffer;Lsun/reflect/ConstantPool;Ljava/lang/Class;Z)Ljava/lang/annotation/Annotation;+27
j  sun.reflect.annotation.AnnotationParser.parseAnnotations2([BLsun/reflect/ConstantPool;Ljava/lang/Class;)Ljava/util/Map;+39
j  sun.reflect.annotation.AnnotationParser.parseAnnotations([BLsun/reflect/ConstantPool;Ljava/lang/Class;)Ljava/util/Map;+11
j  java.lang.Class.initAnnotationsIfNecessary()V+22
j  java.lang.Class.getAnnotation(Ljava/lang/Class;)Ljava/lang/annotation/Annotation;+13
j  org.jvnet.hk2.component.Creators.create(Ljava/lang/Class;Lorg/jvnet/hk2/component/Habitat;Lorg/jvnet/hk2/component/MultiMap;)Lorg/jvnet/hk2/component/Creator;+4
j  org.jvnet.hk2.component.TypeBasedBinder.registerIn(Lorg/jvnet/hk2/component/Habitat;)Lorg/jvnet/hk2/component/Inhabitant;+11
j  org.jvnet.hk2.component.BinderFactoryImpl.registerIn(Lorg/jvnet/hk2/component/Habitat;)Lorg/glassfish/hk2/Bindings;+42
j  org.jvnet.hk2.component.HK2ProviderImpl.create(Lorg/glassfish/hk2/Services;[Lorg/glassfish/hk2/Module;)Lorg/glassfish/hk2/Services;+127
j  org.glassfish.hk2.HK2.create(Lorg/glassfish/hk2/Services;[Lorg/glassfish/hk2/Module;)Lorg/glassfish/hk2/Services;+6
j  org.glassfish.jersey.server.ApplicationBuilder.<init>(Lorg/glassfish/jersey/server/ResourceConfig;)V+131
j  org.glassfish.jersey.server.Application.builder(Lorg/glassfish/jersey/server/ResourceConfig;)Lorg/glassfish/jersey/server/Application$Builder;+5
j  br.org.base.server.Server.main([Ljava/lang/String;)V+65
v  ~StubRoutines::call_stub
j  sun.reflect.NativeMethodAccessorImpl.invoke0(Ljava/lang/reflect/Method;Ljava/lang/Object;[Ljava/lang/Object;)Ljava/lang/Object;+0
j  sun.reflect.NativeMethodAccessorImpl.invoke(Ljava/lang/Object;[Ljava/lang/Object;)Ljava/lang/Object;+87
j  sun.reflect.DelegatingMethodAccessorImpl.invoke(Ljava/lang/Object;[Ljava/lang/Object;)Ljava/lang/Object;+6
j  java.lang.reflect.Method.invoke(Ljava/lang/Object;[Ljava/lang/Object;)Ljava/lang/Object;+57
j  com.intellij.rt.execution.application.AppMain.main([Ljava/lang/String;)V+140
v  ~StubRoutines::call_stub

---------------  P R O C E S S  ---------------

Java Threads: ( => current thread )
  0x9fa35c00 JavaThread "Monitor Ctrl-Break" daemon [_thread_in_native, id=4583, stack(0x9fb54000,0x9fba5000)]
  0xb6a73800 JavaThread "Service Thread" daemon [_thread_blocked, id=4581, stack(0xa022e000,0xa027f000)]
  0xb6a71c00 JavaThread "C1 CompilerThread0" daemon [_thread_blocked, id=4580, stack(0xa027f000,0xa0300000)]
  0xb6a70000 JavaThread "Signal Dispatcher" daemon [_thread_blocked, id=4579, stack(0xa0401000,0xa0452000)]
  0xb6a5fc00 JavaThread "Finalizer" daemon [_thread_blocked, id=4578, stack(0xa0452000,0xa04a3000)]
  0xb6a5d400 JavaThread "Reference Handler" daemon [_thread_blocked, id=4577, stack(0xa04a3000,0xa04f4000)]
=>0xb6a0bc00 JavaThread "main" [_thread_in_vm, id=4575, stack(0xb6b10000,0xb6b61000)]

Other Threads:
  0xb6a5bc00 VMThread [stack: 0xa04f4000,0xa0575000] [id=4576]
  0xb6a76000 WatcherThread [stack: 0x9fe7f000,0x9ff00000] [id=4582]

VM state:not at safepoint (normal execution)

VM Mutex/Monitor currently owned by a thread: None

Heap
 def new generation   total 4928K, used 4831K [0xa08f0000, 0xa0e40000, 0xa5e40000)
  eden space 4416K,  97% used [0xa08f0000, 0xa0d27c30, 0xa0d40000)
  from space 512K,  99% used [0xa0dc0000, 0xa0e3fff8, 0xa0e40000)
  to   space 512K,   0% used [0xa0d40000, 0xa0d40000, 0xa0dc0000)
 tenured generation   total 10944K, used 1502K [0xa5e40000, 0xa68f0000, 0xb08f0000)
   the space 10944K,  13% used [0xa5e40000, 0xa5fb7960, 0xa5fb7a00, 0xa68f0000)
 compacting perm gen  total 12288K, used 3665K [0xb08f0000, 0xb14f0000, 0xb48f0000)
   the space 12288K,  29% used [0xb08f0000, 0xb0c84610, 0xb0c84800, 0xb14f0000)
No shared spaces configured.

Card table byte_map: [0xa084f000,0xa08f0000] byte_map_base: 0xa034a880

Polling page: 0xb7761000

Code Cache  [0xb4979000, 0xb4a51000, 0xb6979000)
 total_blobs=321 nmethods=185 adapters=73 free_code_cache=31924Kb largest_free_block=32691008

Compilation events (10 events):
Event: 1,265 Thread 0xb6a71c00  181             sun.misc.ProxyGenerator$ConstantPool::getUtf8 (18 bytes)
Event: 1,265 Thread 0xb6a71c00 nmethod 181 0xb4a4ab88 code [0xb4a4aca0, 0xb4a4ada8]
Event: 1,265 Thread 0xb6a71c00  182             sun.misc.ProxyGenerator$ConstantPool::getValue (91 bytes)
Event: 1,266 Thread 0xb6a71c00 nmethod 182 0xb4a4ae48 code [0xb4a4b000, 0xb4a4b410]
Event: 1,267 Thread 0xb6a71c00  183             sun.misc.ProxyGenerator$ConstantPool$IndirectEntry::hashCode (15 bytes)
Event: 1,268 Thread 0xb6a71c00 nmethod 183 0xb4a4b788 code [0xb4a4b880, 0xb4a4b910]
Event: 1,268 Thread 0xb6a71c00  184             sun.misc.ProxyGenerator$ConstantPool$Entry::<init> (5 bytes)
Event: 1,268 Thread 0xb6a71c00 nmethod 184 0xb4a4b948 code [0xb4a4ba40, 0xb4a4bac0]
Event: 1,268 Thread 0xb6a71c00  185             sun.misc.ProxyGenerator$ConstantPool$Entry::<init> (5 bytes)
Event: 1,268 Thread 0xb6a71c00 nmethod 185 0xb4a4bb08 code [0xb4a4bc00, 0xb4a4bc80]

GC Heap History (6 events):
Event: 0,694 GC heap before
{Heap before GC invocations=0 (full 0):
 def new generation   total 4928K, used 4416K [0xa08f0000, 0xa0e40000, 0xa5e40000)
  eden space 4416K, 100% used [0xa08f0000, 0xa0d40000, 0xa0d40000)
  from space 512K,   0% used [0xa0d40000, 0xa0d40000, 0xa0dc0000)
  to   space 512K,   0% used [0xa0dc0000, 0xa0dc0000, 0xa0e40000)
 tenured generation   total 10944K, used 0K [0xa5e40000, 0xa68f0000, 0xb08f0000)
   the space 10944K,   0% used [0xa5e40000, 0xa5e40000, 0xa5e40200, 0xa68f0000)
 compacting perm gen  total 12288K, used 2394K [0xb08f0000, 0xb14f0000, 0xb48f0000)
   the space 12288K,  19% used [0xb08f0000, 0xb0b46b40, 0xb0b46c00, 0xb14f0000)
No shared spaces configured.
Event: 0,703 GC heap after
Heap after GC invocations=1 (full 0):
 def new generation   total 4928K, used 512K [0xa08f0000, 0xa0e40000, 0xa5e40000)
  eden space 4416K,   0% used [0xa08f0000, 0xa08f0000, 0xa0d40000)
  from space 512K, 100% used [0xa0dc0000, 0xa0e40000, 0xa0e40000)
  to   space 512K,   0% used [0xa0d40000, 0xa0d40000, 0xa0dc0000)
 tenured generation   total 10944K, used 611K [0xa5e40000, 0xa68f0000, 0xb08f0000)
   the space 10944K,   5% used [0xa5e40000, 0xa5ed8f60, 0xa5ed9000, 0xa68f0000)
 compacting perm gen  total 12288K, used 2394K [0xb08f0000, 0xb14f0000, 0xb48f0000)
   the space 12288K,  19% used [0xb08f0000, 0xb0b46b40, 0xb0b46c00, 0xb14f0000)
No shared spaces configured.
}
Event: 0,927 GC heap before
{Heap before GC invocations=1 (full 0):
 def new generation   total 4928K, used 4928K [0xa08f0000, 0xa0e40000, 0xa5e40000)
  eden space 4416K, 100% used [0xa08f0000, 0xa0d40000, 0xa0d40000)
  from space 512K, 100% used [0xa0dc0000, 0xa0e40000, 0xa0e40000)
  to   space 512K,   0% used [0xa0d40000, 0xa0d40000, 0xa0dc0000)
 tenured generation   total 10944K, used 611K [0xa5e40000, 0xa68f0000, 0xb08f0000)
   the space 10944K,   5% used [0xa5e40000, 0xa5ed8f60, 0xa5ed9000, 0xa68f0000)
 compacting perm gen  total 12288K, used 2903K [0xb08f0000, 0xb14f0000, 0xb48f0000)
   the space 12288K,  23% used [0xb08f0000, 0xb0bc5d70, 0xb0bc5e00, 0xb14f0000)
No shared spaces configured.
Event: 0,935 GC heap after
Heap after GC invocations=2 (full 0):
 def new generation   total 4928K, used 511K [0xa08f0000, 0xa0e40000, 0xa5e40000)
  eden space 4416K,   0% used [0xa08f0000, 0xa08f0000, 0xa0d40000)
  from space 512K,  99% used [0xa0d40000, 0xa0dbfff8, 0xa0dc0000)
  to   space 512K,   0% used [0xa0dc0000, 0xa0dc0000, 0xa0e40000)
 tenured generation   total 10944K, used 1311K [0xa5e40000, 0xa68f0000, 0xb08f0000)
   the space 10944K,  11% used [0xa5e40000, 0xa5f87e58, 0xa5f88000, 0xa68f0000)
 compacting perm gen  total 12288K, used 2903K [0xb08f0000, 0xb14f0000, 0xb48f0000)
   the space 12288K,  23% used [0xb08f0000, 0xb0bc5d70, 0xb0bc5e00, 0xb14f0000)
No shared spaces configured.
}
Event: 1,115 GC heap before
{Heap before GC invocations=2 (full 0):
 def new generation   total 4928K, used 4927K [0xa08f0000, 0xa0e40000, 0xa5e40000)
  eden space 4416K, 100% used [0xa08f0000, 0xa0d40000, 0xa0d40000)
  from space 512K,  99% used [0xa0d40000, 0xa0dbfff8, 0xa0dc0000)
  to   space 512K,   0% used [0xa0dc0000, 0xa0dc0000, 0xa0e40000)
 tenured generation   total 10944K, used 1311K [0xa5e40000, 0xa68f0000, 0xb08f0000)
   the space 10944K,  11% used [0xa5e40000, 0xa5f87e58, 0xa5f88000, 0xa68f0000)
 compacting perm gen  total 12288K, used 3362K [0xb08f0000, 0xb14f0000, 0xb48f0000)
   the space 12288K,  27% used [0xb08f0000, 0xb0c38a00, 0xb0c38a00, 0xb14f0000)
No shared spaces configured.
Event: 1,121 GC heap after
Heap after GC invocations=3 (full 0):
 def new generation   total 4928K, used 511K [0xa08f0000, 0xa0e40000, 0xa5e40000)
  eden space 4416K,   0% used [0xa08f0000, 0xa08f0000, 0xa0d40000)
  from space 512K,  99% used [0xa0dc0000, 0xa0e3fff8, 0xa0e40000)
  to   space 512K,   0% used [0xa0d40000, 0xa0d40000, 0xa0dc0000)
 tenured generation   total 10944K, used 1502K [0xa5e40000, 0xa68f0000, 0xb08f0000)
   the space 10944K,  13% used [0xa5e40000, 0xa5fb7960, 0xa5fb7a00, 0xa68f0000)
 compacting perm gen  total 12288K, used 3362K [0xb08f0000, 0xb14f0000, 0xb48f0000)
   the space 12288K,  27% used [0xb08f0000, 0xb0c38a00, 0xb0c38a00, 0xb14f0000)
No shared spaces configured.
}

Deoptimization events (0 events):
No events

Internal exceptions (10 events):
Event: 1,220 Thread 0xb6a0bc00 Threw 0xa0c810a8 at /HUDSON/workspace/jdk7u40-2-build-linux-i586-product/jdk7u40/hotspot/src/share/vm/prims/jvm.cpp:1244
Event: 1,221 Thread 0xb6a0bc00 Threw 0xa0c87e58 at /HUDSON/workspace/jdk7u40-2-build-linux-i586-product/jdk7u40/hotspot/src/share/vm/prims/jvm.cpp:1244
Event: 1,247 Thread 0xb6a0bc00 Threw 0xa0cc3ee8 at /HUDSON/workspace/jdk7u40-2-build-linux-i586-product/jdk7u40/hotspot/src/share/vm/prims/jvm.cpp:1244
Event: 1,249 Thread 0xb6a0bc00 Threw 0xa0cce548 at /HUDSON/workspace/jdk7u40-2-build-linux-i586-product/jdk7u40/hotspot/src/share/vm/prims/jvm.cpp:1244
Event: 1,249 Thread 0xb6a0bc00 Threw 0xa0cd2db8 at /HUDSON/workspace/jdk7u40-2-build-linux-i586-product/jdk7u40/hotspot/src/share/vm/prims/jvm.cpp:1244
Event: 1,251 Thread 0xb6a0bc00 Threw 0xa0cdb110 at /HUDSON/workspace/jdk7u40-2-build-linux-i586-product/jdk7u40/hotspot/src/share/vm/prims/jvm.cpp:1244
Event: 1,252 Thread 0xb6a0bc00 Threw 0xa0ce3bf8 at /HUDSON/workspace/jdk7u40-2-build-linux-i586-product/jdk7u40/hotspot/src/share/vm/prims/jvm.cpp:1244
Event: 1,254 Thread 0xb6a0bc00 Threw 0xa0ceb348 at /HUDSON/workspace/jdk7u40-2-build-linux-i586-product/jdk7u40/hotspot/src/share/vm/prims/jvm.cpp:1244
Event: 1,260 Thread 0xb6a0bc00 Threw 0xa0cff7b0 at /HUDSON/workspace/jdk7u40-2-build-linux-i586-product/jdk7u40/hotspot/src/share/vm/prims/jvm.cpp:1244
Event: 1,270 Thread 0xb6a0bc00 Threw 0xa0d17640 at /HUDSON/workspace/jdk7u40-2-build-linux-i586-product/jdk7u40/hotspot/src/share/vm/prims/jvm.cpp:1244

Events (10 events):
Event: 1,250 loading class 0x9fa932f0
Event: 1,250 loading class 0x9fa932f0 done
Event: 1,252 loading class 0x9fa96820
Event: 1,252 loading class 0x9fa96820 done
Event: 1,254 loading class 0x9fa97c40
Event: 1,254 loading class 0x9fa97c40 done
Event: 1,260 loading class 0x9faae8f8
Event: 1,260 loading class 0x9faae8f8 done
Event: 1,270 loading class 0x9faad590
Event: 1,270 loading class 0x9faad590 done


Dynamic libraries:
08048000-08049000 r-xp 00000000 08:04 1717000    /usr/local/java/jdk1.7.0_40/bin/java
08049000-0804a000 rw-p 00000000 08:04 1717000    /usr/local/java/jdk1.7.0_40/bin/java
096f3000-09714000 rw-p 00000000 00:00 0          [heap]
9f800000-9f882000 rw-p 00000000 00:00 0 
9f882000-9f900000 ---p 00000000 00:00 0 
9f918000-9fa00000 rw-p 00000000 00:00 0 
9fa00000-9fafe000 rw-p 00000000 00:00 0 
9fafe000-9fb00000 ---p 00000000 00:00 0 
9fb3c000-9fb3f000 rw-p 00000000 00:00 0 
9fb3f000-9fb53000 r-xp 00000000 08:04 1717553    /usr/local/java/jdk1.7.0_40/jre/lib/i386/libnet.so
9fb53000-9fb54000 rw-p 00014000 08:04 1717553    /usr/local/java/jdk1.7.0_40/jre/lib/i386/libnet.so
9fb54000-9fb57000 ---p 00000000 00:00 0 
9fb57000-9fba5000 rw-p 00000000 00:00 0          [stack:4583]
9fba5000-9fba6000 r-xp 00000000 08:04 1976888    /home/guilherme/idea-IU-129.713/bin/libbreakgen.so
9fba6000-9fba7000 rw-p 00000000 08:04 1976888    /home/guilherme/idea-IU-129.713/bin/libbreakgen.so
9fba7000-9fba9000 r--s 00013000 08:04 1976990    /home/guilherme/idea-IU-129.713/lib/idea_rt.jar
9fba9000-9fbb9000 r--s 0007c000 08:04 5780753    /home/guilherme/.m2/repository/joda-time/joda-time/2.1/joda-time-2.1.jar
9fbb9000-9fbbb000 r--s 00007000 08:04 5780766    /home/guilherme/.m2/repository/com/fasterxml/jackson/core/jackson-annotations/2.1.1/jackson-annotations-2.1.1.jar
9fbbb000-9fbcc000 r--s 000d1000 08:04 13940      /home/guilherme/.m2/repository/com/fasterxml/jackson/core/jackson-databind/2.1.1/jackson-databind-2.1.1.jar
9fbcc000-9fbd0000 r--s 0002f000 08:04 5907907    /home/guilherme/.m2/repository/com/fasterxml/jackson/core/jackson-core/2.1.1/jackson-core-2.1.1.jar
9fbd0000-9fbd2000 r--s 00007000 08:04 5780761    /home/guilherme/.m2/repository/com/fasterxml/jackson/datatype/jackson-datatype-joda/2.1.1/jackson-datatype-joda-2.1.1.jar
9fbd2000-9fbd5000 r--s 0001a000 08:04 5643337    /home/guilherme/.m2/repository/com/jcraft/jsch/0.1.23/jsch-0.1.23.jar
9fbd5000-9fbd7000 r--s 00007000 08:04 5643375    /home/guilherme/.m2/repository/org/apache/maven/wagon/wagon-ssh/1.0-alpha-5/wagon-ssh-1.0-alpha-5.jar
9fbd7000-9fbd8000 r--s 00001000 08:04 5645070    /home/guilherme/.m2/repository/org/apache/maven/maven-monitor/2.0/maven-monitor-2.0.jar
9fbd8000-9fbda000 r--s 00002000 08:04 5380014    /home/guilherme/.m2/repository/org/codehaus/plexus/plexus-interactivity-api/1.0-alpha-4/plexus-interactivity-api-1.0-alpha-4.jar
9fbda000-9fbdc000 r--s 00007000 08:04 5645055    /home/guilherme/.m2/repository/org/apache/maven/maven-plugin-descriptor/2.0/maven-plugin-descriptor-2.0.jar
9fbdc000-9fbde000 r--s 00006000 08:04 5380013    /home/guilherme/.m2/repository/commons-cli/commons-cli/1.0/commons-cli-1.0.jar
9fbde000-9fbe0000 r--s 00005000 08:04 5645038    /home/guilherme/.m2/repository/org/apache/maven/maven-plugin-registry/2.0/maven-plugin-registry-2.0.jar
9fbe0000-9fbe1000 r--s 00002000 08:04 5645035    /home/guilherme/.m2/repository/org/apache/maven/maven-error-diagnostics/2.0/maven-error-diagnostics-2.0.jar
9fbe1000-9fbe3000 r--s 00000000 08:04 5643353    /home/guilherme/.m2/repository/doxia/doxia-sink-api/1.0-alpha-4/doxia-sink-api-1.0-alpha-4.jar
9fbe3000-9fbe4000 r--s 00001000 08:04 5643339    /home/guilherme/.m2/repository/org/apache/maven/reporting/maven-reporting-api/2.0/maven-reporting-api-2.0.jar
9fbe4000-9fbe5000 r--s 00001000 08:04 5643369    /home/guilherme/.m2/repository/org/apache/maven/wagon/wagon-http-lightweight/1.0-alpha-5/wagon-http-lightweight-1.0-alpha-5.jar
9fbe5000-9fbe7000 r--s 00003000 08:04 5645032    /home/guilherme/.m2/repository/org/apache/maven/maven-plugin-parameter-documenter/2.0/maven-plugin-parameter-documenter-2.0.jar
9fbe7000-9fbe8000 r--s 00001000 08:04 5643349    /home/guilherme/.m2/repository/org/apache/maven/wagon/wagon-file/1.0-alpha-5/wagon-file-1.0-alpha-5.jar
9fbe8000-9fbec000 r--s 0001e000 08:04 5643386    /home/guilherme/.m2/repository/org/apache/maven/maven-core/2.0/maven-core-2.0.jar
9fbec000-9fbed000 r--s 00007000 08:04 5643376    /home/guilherme/.m2/repository/org/apache/maven/shared/maven-plugin-testing-harness/1.1/maven-plugin-testing-harness-1.1.jar
9fbed000-9fbef000 r--s 00005000 08:04 5769033    /home/guilherme/.m2/repository/org/apache/maven/shared/maven-common-artifact-filters/1.0/maven-common-artifact-filters-1.0.jar
9fbef000-9fbf0000 r--s 00005000 08:04 5643351    /home/guilherme/.m2/repository/org/apache/maven/shared/maven-repository-builder/1.0-alpha-2/maven-repository-builder-1.0-alpha-2.jar
9fbf0000-9fbf2000 r--s 00008000 08:04 4603583    /home/guilherme/.m2/repository/classworlds/classworlds/1.1-alpha-2/classworlds-1.1-alpha-2.jar
9fbf2000-9fbf3000 r--s 00002000 08:04 4602128    /home/guilherme/.m2/repository/org/apache/maven/maven-archiver/2.2/maven-archiver-2.2.jar
9fbf3000-9fbf5000 r--s 00006000 08:04 5515098    /home/guilherme/.m2/repository/org/apache/maven/maven-profile/2.0.4/maven-profile-2.0.4.jar
9fbf5000-9fbf7000 r--s 00012000 08:04 5381163    /home/guilherme/.m2/repository/org/apache/maven/maven-model/2.0.4/maven-model-2.0.4.jar
9fbf7000-9fbf9000 r--s 00009000 08:04 5252442    /home/guilherme/.m2/repository/org/apache/maven/maven-settings/2.0.4/maven-settings-2.0.4.jar
9fbf9000-9fbfc000 r--s 00018000 08:04 5252407    /home/guilherme/.m2/repository/org/apache/maven/maven-project/2.0.4/maven-project-2.0.4.jar
9fbfc000-9fbfe000 r--s 00004000 08:04 4729740    /home/guilherme/.m2/repository/org/codehaus/plexus/plexus-active-collections/1.0-beta-2/plexus-active-collections-1.0-beta-2.jar
9fbfe000-9fc00000 r--s 00009000 08:04 5381154    /home/guilherme/.m2/repository/org/apache/maven/wagon/wagon-provider-api/1.0-alpha-6/wagon-provider-api-1.0-alpha-6.jar
9fc00000-9fcfe000 rw-p 00000000 00:00 0 
9fcfe000-9fd00000 ---p 00000000 00:00 0 
9fd00000-9fd01000 r--s 00004000 08:04 4729737    /home/guilherme/.m2/repository/org/apache/maven/maven-repository-metadata/2.0.2/maven-repository-metadata-2.0.2.jar
9fd01000-9fd04000 r--s 0000a000 08:04 5381157    /home/guilherme/.m2/repository/org/apache/maven/maven-artifact-manager/2.0.2/maven-artifact-manager-2.0.2.jar
9fd04000-9fd07000 r--s 00011000 08:04 5643355    /home/guilherme/.m2/repository/org/apache/maven/maven-artifact/2.0.4/maven-artifact-2.0.4.jar
9fd07000-9fd09000 r--s 00008000 08:04 5250126    /home/guilherme/.m2/repository/org/apache/maven/shared/maven-shared-io/1.1/maven-shared-io-1.1.jar
9fd09000-9fd0b000 r--s 00001000 08:04 4339221    /home/guilherme/.m2/repository/org/apache/maven/maven-plugin-api/2.0.4/maven-plugin-api-2.0.4.jar
9fd0b000-9fd0d000 r--s 00006000 08:04 4993795    /home/guilherme/.m2/repository/org/apache/maven/shared/file-management/1.1/file-management-1.1.jar
9fd0d000-9fd0f000 r--s 00006000 08:04 5381160    /home/guilherme/.m2/repository/org/codehaus/plexus/plexus-io/1.0-alpha-2/plexus-io-1.0-alpha-2.jar
9fd0f000-9fd12000 r--s 0001b000 08:04 4982890    /home/guilherme/.m2/repository/junit/junit/3.8.1/junit-3.8.1.jar
9fd12000-9fd19000 r--s 00029000 08:04 4603586    /home/guilherme/.m2/repository/org/codehaus/plexus/plexus-container-default/1.0-alpha-9-stable-1/plexus-container-default-1.0-alpha-9-stable-1.jar
9fd19000-9fd1d000 r--s 00030000 08:04 5769029    /home/guilherme/.m2/repository/org/codehaus/plexus/plexus-utils/1.5.1/plexus-utils-1.5.1.jar
9fd1d000-9fd21000 r--s 00027000 08:04 4472124    /home/guilherme/.m2/repository/org/codehaus/plexus/plexus-archiver/1.0-alpha-10/plexus-archiver-1.0-alpha-10.jar
9fd21000-9fd26000 r--s 00018000 08:04 4339220    /home/guilherme/.m2/repository/aspectj/aspectjrt/1.5.3/aspectjrt-1.5.3.jar
9fd26000-9fd2a000 r--s 0002b000 08:04 4338688    /home/guilherme/.m2/repository/org/apache/maven/plugins/maven-assembly-plugin/2.2-beta-2/maven-assembly-plugin-2.2-beta-2.jar
9fd2a000-9fd2c000 r--s 0000a000 08:04 5642959    /home/guilherme/.m2/repository/javax/ws/rs/jsr311-api/1.1.1/jsr311-api-1.1.1.jar
9fd2c000-9fd2e000 r--s 0000a000 08:04 4723826    /home/guilherme/.m2/repository/commons-codec/commons-codec/1.3/commons-codec-1.3.jar
9fd2e000-9fd30000 r--s 0000d000 08:04 5778757    /home/guilherme/.m2/repository/commons-logging/commons-logging/1.1.1/commons-logging-1.1.1.jar
9fd30000-9fd35000 r--s 00025000 08:04 4208682    /home/guilherme/.m2/repository/org/apache/httpcomponents/httpcore/4.0-beta1/httpcore-4.0-beta1.jar
9fd35000-9fd3c000 r--s 00036000 08:04 4208679    /home/guilherme/.m2/repository/org/apache/httpcomponents/httpclient/4.0-alpha4/httpclient-4.0-alpha4.jar
9fd3c000-9fd3f000 r--s 0000b000 08:04 4196718    /home/guilherme/.m2/repository/javax/persistence/persistence-api/1.0.2/persistence-api-1.0.2.jar
9fd3f000-9fd41000 r--s 0000c000 08:04 4196713    /home/guilherme/.m2/repository/de/undercouch/bson4jackson/1.3.0/bson4jackson-1.3.0.jar
9fd41000-9fd46000 r--s 00043000 08:04 4196674    /home/guilherme/.m2/repository/org/mongodb/mongo-java-driver/2.7.2/mongo-java-driver-2.7.2.jar
9fd46000-9fd49000 r--s 00014000 08:04 4196701    /home/guilherme/.m2/repository/net/vz/mongodb/jackson/mongo-jackson-mapper/1.4.1/mongo-jackson-mapper-1.4.1.jar
9fd49000-9fd4a000 r--s 00006000 08:04 4196782    /home/guilherme/.m2/repository/org/codehaus/jackson/jackson-xc/1.9.2/jackson-xc-1.9.2.jar
9fd4a000-9fd4b000 r--s 00004000 08:04 4196773    /home/guilherme/.m2/repository/org/codehaus/jackson/jackson-jaxrs/1.9.2/jackson-jaxrs-1.9.2.jar
9fd4b000-9fd59000 r--s 000ad000 08:04 4196762    /home/guilherme/.m2/repository/org/codehaus/jackson/jackson-mapper-asl/1.9.2/jackson-mapper-asl-1.9.2.jar
9fd59000-9fd5d000 r--s 00034000 08:04 4196724    /home/guilherme/.m2/repository/org/codehaus/jackson/jackson-core-asl/1.9.2/jackson-core-asl-1.9.2.jar
9fd5d000-9fd5f000 r--s 00004000 08:04 4196725    /home/guilherme/.m2/repository/javax/xml/stream/stax-api/1.0-2/stax-api-1.0-2.jar
9fd5f000-9fd62000 r--s 00017000 08:04 4196709    /home/guilherme/.m2/repository/javax/xml/bind/jaxb-api/2.2.2/jaxb-api-2.2.2.jar
9fd62000-9fd75000 r--s 000c7000 08:04 4196686    /home/guilherme/.m2/repository/com/sun/xml/bind/jaxb-impl/2.2.3-1/jaxb-impl-2.2.3-1.jar
9fd75000-9fd77000 r--s 0000f000 08:04 4196720    /home/guilherme/.m2/repository/org/codehaus/jettison/jettison/1.1/jettison-1.1.jar
9fd77000-9fd7b000 r--s 00020000 08:04 4196675    /home/guilherme/.m2/repository/org/glassfish/jersey/media/jersey-media-json/2.0-m02/jersey-media-json-2.0-m02.jar
9fd7b000-9fd84000 r--s 00042000 08:04 4196752    /home/guilherme/.m2/repository/org/glassfish/jersey/core/jersey-server/2.0-m02/jersey-server-2.0-m02.jar
9fd84000-9fd86000 r--s 00003000 08:04 4196733    /home/guilherme/.m2/repository/org/jvnet/tiger-types/1.4/tiger-types-1.4.jar
9fd86000-9fd8b000 r--s 00047000 08:04 4196757    /home/guilherme/.m2/repository/org/glassfish/hk2/external/asm-all-repackaged/1.6.32/asm-all-repackaged-1.6.32.jar
9fd8b000-9fd92000 r--s 0004a000 08:04 4196753    /home/guilherme/.m2/repository/org/glassfish/hk2/auto-depends/1.6.32/auto-depends-1.6.32.jar
9fd92000-9fd94000 r--s 00006000 08:04 4196679    /home/guilherme/.m2/repository/org/glassfish/hk2/hk2-api/1.6.32/hk2-api-1.6.32.jar
9fd94000-9fd97000 r--s 00006000 08:04 4196737    /home/guilherme/.m2/repository/com/google/code/findbugs/jsr305/1.3.9/jsr305-1.3.9.jar
9fd97000-9fdb7000 r--s 00173000 08:04 4196682    /home/guilherme/.m2/repository/com/google/guava/guava/11.0.1/guava-11.0.1.jar
9fdb7000-9fdb9000 r--s 0000e000 08:04 4196702    /home/guilherme/.m2/repository/javax/activation/activation/1.1/activation-1.1.jar
9fdb9000-9fdbf000 r--s 00059000 08:04 4196731    /home/guilherme/.m2/repository/javax/mail/mail/1.4/mail-1.4.jar
9fdbf000-9fdc2000 r--s 00012000 08:04 4196681    /home/guilherme/.m2/repository/javax/ws/rs/javax.ws.rs-api/2.0-m03/javax.ws.rs-api-2.0-m03.jar
9fdc2000-9fdcd000 r--s 0006c000 08:04 4196687    /home/guilherme/.m2/repository/org/glassfish/jersey/core/jersey-common/2.0-m02/jersey-common-2.0-m02.jar
9fdcd000-9fdcf000 r--s 00002000 08:04 4196697    /home/guilherme/.m2/repository/org/glassfish/jersey/containers/jersey-container-grizzly2-http/2.0-m02/jersey-container-grizzly2-http-2.0-m02.jar
9fdcf000-9fddd000 r--s 000a6000 08:04 4196758    /home/guilherme/.m2/repository/org/glassfish/grizzly/grizzly-framework/2.2.4/grizzly-framework-2.2.4.jar
9fddd000-9fde2000 r--s 0003b000 08:04 4196742    /home/guilherme/.m2/repository/org/glassfish/grizzly/grizzly-http/2.2.4/grizzly-http-2.2.4.jar
9fde2000-9fde6000 r--s 00030000 08:04 4196693    /home/guilherme/.m2/repository/org/glassfish/grizzly/grizzly-http-server/2.2.4/grizzly-http-server-2.2.4.jar
9fde6000-9fe75000 r--s 00dda000 08:04 1717647    /usr/local/java/jdk1.7.0_40/jre/lib/jfxrt.jar
9fe75000-9fe7f000 r--s 00371000 08:04 1717754    /usr/local/java/jdk1.7.0_40/jre/lib/charsets.jar
9fe7f000-9fe80000 ---p 00000000 00:00 0 
9fe80000-9ff00000 rw-p 00000000 00:00 0          [stack:4582]
9ff00000-a0100000 r--p 00000000 08:04 1449933    /usr/lib/locale/locale-archive
a0100000-a0123000 rw-p 00000000 00:00 0 
a0123000-a0200000 ---p 00000000 00:00 0 
a0200000-a0201000 r--s 00001000 08:04 4196691    /home/guilherme/.m2/repository/org/glassfish/hk2/external/javax.inject/1.6.32/javax.inject-1.6.32.jar
a0201000-a0203000 r--s 00009000 08:04 4196698    /home/guilherme/.m2/repository/org/glassfish/external/management-api/3.0.0-b012/management-api-3.0.0-b012.jar
a0203000-a0216000 r--s 001a5000 08:04 1717649    /usr/local/java/jdk1.7.0_40/jre/lib/plugin.jar
a0216000-a022e000 r--s 00406000 08:04 1717648    /usr/local/java/jdk1.7.0_40/jre/lib/deploy.jar
a022e000-a0231000 ---p 00000000 00:00 0 
a0231000-a027f000 rw-p 00000000 00:00 0          [stack:4581]
a027f000-a0282000 ---p 00000000 00:00 0 
a0282000-a0300000 rw-p 00000000 00:00 0          [stack:4580]
a0300000-a03aa000 rw-p 00000000 00:00 0 
a03aa000-a0400000 ---p 00000000 00:00 0 
a0400000-a0401000 r--s 00004000 08:04 4196756    /home/guilherme/.m2/repository/org/glassfish/hk2/osgi-resource-locator/1.0.1/osgi-resource-locator-1.0.1.jar
a0401000-a0404000 ---p 00000000 00:00 0 
a0404000-a0452000 rw-p 00000000 00:00 0          [stack:4579]
a0452000-a0455000 ---p 00000000 00:00 0 
a0455000-a04a3000 rw-p 00000000 00:00 0          [stack:4578]
a04a3000-a04a6000 ---p 00000000 00:00 0 
a04a6000-a04f4000 rw-p 00000000 00:00 0          [stack:4577]
a04f4000-a04f5000 ---p 00000000 00:00 0 
a04f5000-a05c0000 rw-p 00000000 00:00 0          [stack:4576]
a05c0000-a077d000 r--s 039d3000 08:04 1717013    /usr/local/java/jdk1.7.0_40/jre/lib/rt.jar
a077d000-a07df000 rw-p 00000000 00:00 0 
a07df000-a07f9000 rw-p 00000000 00:00 0 
a07f9000-a07ff000 rw-p 00000000 00:00 0 
a07ff000-a084f000 rw-p 00000000 00:00 0 
a084f000-a0852000 rw-p 00000000 00:00 0 
a0852000-a0879000 rw-p 00000000 00:00 0 
a0879000-a087f000 rw-p 00000000 00:00 0 
a087f000-a08cf000 rw-p 00000000 00:00 0 
a08cf000-a08d5000 rw-p 00000000 00:00 0 
a08d5000-a08ef000 rw-p 00000000 00:00 0 
a08ef000-a0e40000 rw-p 00000000 00:00 0 
a0e40000-a5e40000 rw-p 00000000 00:00 0 
a5e40000-a68f0000 rw-p 00000000 00:00 0 
a68f0000-b08f0000 rw-p 00000000 00:00 0 
b08f0000-b14f0000 rw-p 00000000 00:00 0 
b14f0000-b48f0000 rw-p 00000000 00:00 0 
b48f0000-b48f9000 r--s 000d3000 08:04 1717586    /usr/local/java/jdk1.7.0_40/jre/lib/javaws.jar
b48f9000-b48fd000 rw-p 00000000 00:00 0 
b48fd000-b4979000 rw-p 00000000 00:00 0 
b4979000-b4a51000 rwxp 00000000 00:00 0 
b4a51000-b6979000 rw-p 00000000 00:00 0 
b6979000-b6990000 r-xp 00000000 08:04 1717575    /usr/local/java/jdk1.7.0_40/jre/lib/i386/libzip.so
b6990000-b6991000 rw-p 00017000 08:04 1717575    /usr/local/java/jdk1.7.0_40/jre/lib/i386/libzip.so
b6991000-b699c000 r-xp 00000000 08:04 2492817    /lib/i386-linux-gnu/libnss_files-2.17.so
b699c000-b699d000 r--p 0000a000 08:04 2492817    /lib/i386-linux-gnu/libnss_files-2.17.so
b699d000-b699e000 rw-p 0000b000 08:04 2492817    /lib/i386-linux-gnu/libnss_files-2.17.so
b699e000-b69a8000 r-xp 00000000 08:04 2492828    /lib/i386-linux-gnu/libnss_nis-2.17.so
b69a8000-b69a9000 r--p 00009000 08:04 2492828    /lib/i386-linux-gnu/libnss_nis-2.17.so
b69a9000-b69aa000 rw-p 0000a000 08:04 2492828    /lib/i386-linux-gnu/libnss_nis-2.17.so
b69aa000-b69bf000 r-xp 00000000 08:04 2492814    /lib/i386-linux-gnu/libnsl-2.17.so
b69bf000-b69c0000 r--p 00014000 08:04 2492814    /lib/i386-linux-gnu/libnsl-2.17.so
b69c0000-b69c1000 rw-p 00015000 08:04 2492814    /lib/i386-linux-gnu/libnsl-2.17.so
b69c1000-b69c3000 rw-p 00000000 00:00 0 
b69c3000-b69c5000 r--s 00004000 08:04 4196729    /home/guilherme/.m2/repository/org/glassfish/gmbal/gmbal-api-only/3.0.0-b023/gmbal-api-only-3.0.0-b023.jar
b69c5000-b69c9000 r--s 0008a000 08:04 1717584    /usr/local/java/jdk1.7.0_40/jre/lib/jsse.jar
b69c9000-b69cb000 r--s 00019000 08:04 1717801    /usr/local/java/jdk1.7.0_40/jre/lib/jce.jar
b69cb000-b69d4000 r--s 00250000 08:04 1717499    /usr/local/java/jdk1.7.0_40/jre/lib/resources.jar
b69d4000-b69dc000 rw-s 00000000 08:04 5778441    /tmp/hsperfdata_guilherme/4574
b69dc000-b69ff000 r-xp 00000000 08:04 1717538    /usr/local/java/jdk1.7.0_40/jre/lib/i386/libjava.so
b69ff000-b6a00000 rw-p 00022000 08:04 1717538    /usr/local/java/jdk1.7.0_40/jre/lib/i386/libjava.so
b6a00000-b6afd000 rw-p 00000000 00:00 0 
b6afd000-b6b00000 ---p 00000000 00:00 0 
b6b00000-b6b01000 r--s 00001000 08:04 4196767    /home/guilherme/.m2/repository/org/glassfish/grizzly/grizzly-rcm/2.2.4/grizzly-rcm-2.2.4.jar
b6b01000-b6b07000 r--s 0007d000 08:04 1717785    /usr/local/java/jdk1.7.0_40/jre/lib/jfr.jar
b6b07000-b6b0e000 r-xp 00000000 08:04 2492827    /lib/i386-linux-gnu/librt-2.17.so
b6b0e000-b6b0f000 r--p 00006000 08:04 2492827    /lib/i386-linux-gnu/librt-2.17.so
b6b0f000-b6b10000 rw-p 00007000 08:04 2492827    /lib/i386-linux-gnu/librt-2.17.so
b6b10000-b6b13000 ---p 00000000 00:00 0 
b6b13000-b6b61000 rw-p 00000000 00:00 0          [stack:4575]
b6b61000-b6ba2000 r-xp 00000000 08:04 2492824    /lib/i386-linux-gnu/libm-2.17.so
b6ba2000-b6ba3000 r--p 00040000 08:04 2492824    /lib/i386-linux-gnu/libm-2.17.so
b6ba3000-b6ba4000 rw-p 00041000 08:04 2492824    /lib/i386-linux-gnu/libm-2.17.so
b6ba4000-b712a000 r-xp 00000000 08:04 1717533    /usr/local/java/jdk1.7.0_40/jre/lib/i386/client/libjvm.so
b712a000-b714b000 rw-p 00586000 08:04 1717533    /usr/local/java/jdk1.7.0_40/jre/lib/i386/client/libjvm.so
b714b000-b756c000 rw-p 00000000 00:00 0 
b756c000-b771a000 r-xp 00000000 08:04 2492825    /lib/i386-linux-gnu/libc-2.17.so
b771a000-b771c000 r--p 001ae000 08:04 2492825    /lib/i386-linux-gnu/libc-2.17.so
b771c000-b771d000 rw-p 001b0000 08:04 2492825    /lib/i386-linux-gnu/libc-2.17.so
b771d000-b7720000 rw-p 00000000 00:00 0 
b7720000-b7723000 r-xp 00000000 08:04 2492830    /lib/i386-linux-gnu/libdl-2.17.so
b7723000-b7724000 r--p 00002000 08:04 2492830    /lib/i386-linux-gnu/libdl-2.17.so
b7724000-b7725000 rw-p 00003000 08:04 2492830    /lib/i386-linux-gnu/libdl-2.17.so
b7725000-b7738000 r-xp 00000000 08:04 1717542    /usr/local/java/jdk1.7.0_40/jre/lib/i386/jli/libjli.so
b7738000-b7739000 rw-p 00012000 08:04 1717542    /usr/local/java/jdk1.7.0_40/jre/lib/i386/jli/libjli.so
b7739000-b773a000 rw-p 00000000 00:00 0 
b773a000-b7751000 r-xp 00000000 08:04 2492823    /lib/i386-linux-gnu/libpthread-2.17.so
b7751000-b7752000 r--p 00016000 08:04 2492823    /lib/i386-linux-gnu/libpthread-2.17.so
b7752000-b7753000 rw-p 00017000 08:04 2492823    /lib/i386-linux-gnu/libpthread-2.17.so
b7753000-b7755000 rw-p 00000000 00:00 0 
b7755000-b7756000 r--s 00000000 08:04 1717585    /usr/local/java/jdk1.7.0_40/jre/lib/management-agent.jar
b7756000-b7757000 r--p 005e0000 08:04 1449933    /usr/lib/locale/locale-archive
b7757000-b775e000 r-xp 00000000 08:04 2492818    /lib/i386-linux-gnu/libnss_compat-2.17.so
b775e000-b775f000 r--p 00006000 08:04 2492818    /lib/i386-linux-gnu/libnss_compat-2.17.so
b775f000-b7760000 rw-p 00007000 08:04 2492818    /lib/i386-linux-gnu/libnss_compat-2.17.so
b7760000-b7761000 rw-p 00000000 00:00 0 
b7761000-b7762000 r--p 00000000 00:00 0 
b7762000-b776d000 r-xp 00000000 08:04 1717520    /usr/local/java/jdk1.7.0_40/jre/lib/i386/libverify.so
b776d000-b776e000 rw-p 0000b000 08:04 1717520    /usr/local/java/jdk1.7.0_40/jre/lib/i386/libverify.so
b776e000-b7770000 rw-p 00000000 00:00 0 
b7770000-b7771000 r-xp 00000000 00:00 0          [vdso]
b7771000-b7791000 r-xp 00000000 08:04 2492826    /lib/i386-linux-gnu/ld-2.17.so
b7791000-b7792000 r--p 0001f000 08:04 2492826    /lib/i386-linux-gnu/ld-2.17.so
b7792000-b7793000 rw-p 00020000 08:04 2492826    /lib/i386-linux-gnu/ld-2.17.so
bfc44000-bfc68000 rw-p 00000000 00:00 0          [stack]

VM Arguments:
jvm_args: -Didea.launcher.port=7533 -Didea.launcher.bin.path=/home/guilherme/idea-IU-129.713/bin -Dfile.encoding=UTF-8 
java_command: com.intellij.rt.execution.application.AppMain br.org.base.server.Server
Launcher Type: SUN_STANDARD

Environment Variables:
JAVA_HOME=/usr/local/java/jdk1.7.0_40
JRE_HOME=/usr/local/java/jre1.7.0_40
CLASSPATH=./../lib/bootstrap.jar:./../lib/extensions.jar:./../lib/util.jar:./../lib/jdom.jar:./../lib/log4j.jar:./../lib/trove4j.jar:./../lib/jna.jar:/usr/local/java/jdk1.7.0_40/lib/tools.jar
PATH=/opt/SenchaSDKTools-2.0.0-beta3:/home/guilherme/bin/Sencha/Cmd/4.0.0.203:/usr/local/heroku/bin:/opt/SenchaSDKTools-2.0.0-beta3:/home/guilherme/bin/Sencha/Cmd/4.0.0.203:/home/guilherme/bin:/usr/lib/lightdm/lightdm:/usr/local/sbin:/usr/local/bin:/usr/sbin:/usr/bin:/sbin:/bin:/usr/games:/usr/local/games:/home/guilherme/bin:/usr/local/java/jdk1.7.0_40/bin:/home/guilherme/bin:/usr/local/java/jre1.7.0_40/bin
LD_LIBRARY_PATH=.:
SHELL=/bin/bash
DISPLAY=:0

Signal Handlers:
SIGSEGV: [libjvm.so+0x503d90], sa_mask[0]=0x7ffbfeff, sa_flags=0x10000004
SIGBUS: [libjvm.so+0x503d90], sa_mask[0]=0x7ffbfeff, sa_flags=0x10000004
SIGFPE: [libjvm.so+0x3fbe80], sa_mask[0]=0x7ffbfeff, sa_flags=0x10000004
SIGPIPE: [libjvm.so+0x3fbe80], sa_mask[0]=0x7ffbfeff, sa_flags=0x10000004
SIGXFSZ: [libjvm.so+0x3fbe80], sa_mask[0]=0x7ffbfeff, sa_flags=0x10000004
SIGILL: [libjvm.so+0x3fbe80], sa_mask[0]=0x7ffbfeff, sa_flags=0x10000004
SIGUSR1: SIG_DFL, sa_mask[0]=0x00000000, sa_flags=0x00000000
SIGUSR2: [libjvm.so+0x3fd370], sa_mask[0]=0x00000004, sa_flags=0x10000004
SIGHUP: [libjvm.so+0x3fe4c0], sa_mask[0]=0x7ffbfeff, sa_flags=0x10000004
SIGINT: [libjvm.so+0x3fe4c0], sa_mask[0]=0x7ffbfeff, sa_flags=0x10000004
SIGTERM: [libjvm.so+0x3fe4c0], sa_mask[0]=0x7ffbfeff, sa_flags=0x10000004
SIGQUIT: [libjvm.so+0x3fe4c0], sa_mask[0]=0x7ffbfeff, sa_flags=0x10000004


---------------  S Y S T E M  ---------------

OS:wheezy/sid

uname:Linux 3.8.0-33-generic #48-Ubuntu SMP Wed Oct 23 17:26:34 UTC 2013 i686
libc:glibc 2.17 NPTL 2.17 
rlimit: STACK 8192k, CORE 0k, NPROC 24106, NOFILE 4096, AS infinity
load average:1,82 0,83 0,52

/proc/meminfo:
MemTotal:        3102112 kB
MemFree:          783692 kB
Buffers:           49872 kB
Cached:           515404 kB
SwapCached:            0 kB
Active:          1787632 kB
Inactive:         431648 kB
Active(anon):    1654224 kB
Inactive(anon):    38448 kB
Active(file):     133408 kB
Inactive(file):   393200 kB
Unevictable:          32 kB
Mlocked:              32 kB
HighTotal:       2231176 kB
HighFree:          44188 kB
LowTotal:         870936 kB
LowFree:          739504 kB
SwapTotal:       1999868 kB
SwapFree:        1999868 kB
Dirty:              4736 kB
Writeback:             0 kB
AnonPages:       1654160 kB
Mapped:           321248 kB
Shmem:             38636 kB
Slab:              39988 kB
SReclaimable:      18396 kB
SUnreclaim:        21592 kB
KernelStack:        5528 kB
PageTables:        21608 kB
NFS_Unstable:          0 kB
Bounce:                0 kB
WritebackTmp:          0 kB
CommitLimit:     3550924 kB
Committed_AS:    6069984 kB
VmallocTotal:     122880 kB
VmallocUsed:       46448 kB
VmallocChunk:      70132 kB
HardwareCorrupted:     0 kB
AnonHugePages:         0 kB
HugePages_Total:       0
HugePages_Free:        0
HugePages_Rsvd:        0
HugePages_Surp:        0
Hugepagesize:       2048 kB
DirectMap4k:       49144 kB
DirectMap2M:      864256 kB


CPU:total 2 (2 cores per cpu, 1 threads per core) family 15 model 6 stepping 5, cmov, cx8, fxsr, mmx, sse, sse2, sse3, tsc

/proc/cpuinfo:
processor	: 0
vendor_id	: GenuineIntel
cpu family	: 15
model		: 6
model name	: Intel(R) Pentium(R) D CPU 3.20GHz
stepping	: 5
microcode	: 0xb
cpu MHz		: 3200.000
cache size	: 2048 KB
physical id	: 0
siblings	: 2
core id		: 0
cpu cores	: 2
apicid		: 0
initial apicid	: 0
fdiv_bug	: no
hlt_bug		: no
f00f_bug	: no
coma_bug	: no
fpu		: yes
fpu_exception	: yes
cpuid level	: 6
wp		: yes
flags		: fpu vme de pse tsc msr pae mce cx8 apic sep mtrr pge mca cmov pat pse36 clflush dts acpi mmx fxsr sse sse2 ss ht tm pbe nx lm constant_tsc pebs bts pni dtes64 monitor ds_cpl est cid cx16 xtpr pdcm lahf_lm
bogomips	: 6398.99
clflush size	: 64
cache_alignment	: 128
address sizes	: 36 bits physical, 48 bits virtual
power management:

processor	: 1
vendor_id	: GenuineIntel
cpu family	: 15
model		: 6
model name	: Intel(R) Pentium(R) D CPU 3.20GHz
stepping	: 5
microcode	: 0xb
cpu MHz		: 3200.000
cache size	: 2048 KB
physical id	: 0
siblings	: 2
core id		: 1
cpu cores	: 2
apicid		: 1
initial apicid	: 1
fdiv_bug	: no
hlt_bug		: no
f00f_bug	: no
coma_bug	: no
fpu		: yes
fpu_exception	: yes
cpuid level	: 6
wp		: yes
flags		: fpu vme de pse tsc msr pae mce cx8 apic sep mtrr pge mca cmov pat pse36 clflush dts acpi mmx fxsr sse sse2 ss ht tm pbe nx lm constant_tsc pebs bts pni dtes64 monitor ds_cpl est cid cx16 xtpr pdcm lahf_lm
bogomips	: 6398.99
clflush size	: 64
cache_alignment	: 128
address sizes	: 36 bits physical, 48 bits virtual
power management:



Memory: 4k page, physical 3102112k(783692k free), swap 1999868k(1999868k free)

vm_info: Java HotSpot(TM) Client VM (24.0-b56) for linux-x86 JRE (1.7.0_40-b43), built on Aug 26 2013 22:05:59 by "java_re" with gcc 4.3.0 20080428 (Red Hat 4.3.0-8)

time: Sat Nov 23 17:31:11 2013
elapsed time: 1 seconds

