#
# A fatal error has been detected by the Java Runtime Environment:
#
#  SIGILL (0x4) at pc=0xb6da1e10, pid=4251, tid=3065371456
#
# JRE version: Java(TM) SE Runtime Environment (7.0_40-b43) (build 1.7.0_40-b43)
# Java VM: Java HotSpot(TM) Client VM (24.0-b56 mixed mode linux-x86 )
# Problematic frame:
# V  [libjvm.so+0x200e10]  Events::log_exception(Thread*, char const*, ...)+0x20
#
# Failed to write core dump. Core dumps have been disabled. To enable core dumping, try "ulimit -c unlimited" before starting Java again
#
# If you would like to submit a bug report, please visit:
#   http://bugreport.sun.com/bugreport/crash.jsp
#

---------------  T H R E A D  ---------------

Current thread (0xb6a0bc00):  JavaThread "main" [_thread_in_vm, id=4252, stack(0xb6b0d000,0xb6b5e000)]

siginfo:si_signo=SIGILL: si_errno=0, si_code=2 (ILL_ILLOPN), si_addr=0xb6da1e10

Registers:
EAX=0x00000000, EBX=0xb7135868, ECX=0xb6a071d0, EDX=0x00000000
ESP=0xb6b5b340, EBP=0xb6b5b368, ESI=0xb6a071d0, EDI=0xb6a077a8
EIP=0xb6da1e10, EFLAGS=0x00010282, CR2=0xb7715100

Top of Stack: (sp=0xb6b5b340)
0xb6b5b340:   b6a0bc00 00000000 1871e6cd 3fdc5fcc
0xb6b5b350:   a0780f58 b6a071d0 b70f9474 b7135868
0xb6b5b360:   00000000 b090b600 b6b5b668 b6ecb80b
0xb6b5b370:   b6a0bc00 b70e6507 a0bb2bc0 b70f9474
0xb6b5b380:   000004dc b6b5b5ac b6a0c53c b6a0c53c
0xb6b5b390:   b6b5b420 b6b5b3b8 b6a0bc00 b6a0c530
0xb6b5b3a0:   b6b5b420 00000001 b6a0c534 b6f52a5e
0xb6b5b3b0:   b7135868 07000000 b6b5b6c8 b497c39a 

Instructions: (pc=0xb6da1e10)
0xb6da1df0:   55 89 e5 57 56 53 83 ec 1c e8 00 00 00 00 5b 81
0xb6da1e00:   c3 6a 3a 39 00 8b 83 10 f2 ff ff 80 38 00 75 08
0xb6da1e10:   8d 65 f4 5b 5e 5f 5d c3 8b 83 d4 fa ff ff 8d 7d
0xb6da1e20:   10 8b 30 8b 83 3c ea ff ff 8b 00 85 c0 75 e1 e8 

Register to memory mapping:

EAX=0x00000000 is an unknown value
EBX=0xb7135868: <offset 0x594868> in /usr/local/java/jdk1.7.0_40/jre/lib/i386/client/libjvm.so at 0xb6ba1000
ECX=0xb6a071d0 is an unknown value
EDX=0x00000000 is an unknown value
ESP=0xb6b5b340 is pointing into the stack for thread: 0xb6a0bc00
EBP=0xb6b5b368 is pointing into the stack for thread: 0xb6a0bc00
ESI=0xb6a071d0 is an unknown value
EDI=0xb6a077a8 is an unknown value


Stack: [0xb6b0d000,0xb6b5e000],  sp=0xb6b5b340,  free space=312k
Native frames: (J=compiled Java code, j=interpreted, Vv=VM code, C=native code)
V  [libjvm.so+0x200e10]  Events::log_exception(Thread*, char const*, ...)+0x20
V  [libjvm.so+0x32a80b]  JVM_DoPrivileged+0x4eb
C  [libjava.so+0x9a4a]  Java_java_security_AccessController_doPrivileged__Ljava_security_PrivilegedExceptionAction_2Ljava_security_AccessControlContext_2+0x3a
j  java.security.AccessController.doPrivileged(Ljava/security/PrivilegedExceptionAction;Ljava/security/AccessControlContext;)Ljava/lang/Object;+0
j  java.net.URLClassLoader.findClass(Ljava/lang/String;)Ljava/lang/Class;+13
j  java.lang.ClassLoader.loadClass(Ljava/lang/String;Z)Ljava/lang/Class;+70
j  java.lang.ClassLoader.loadClass(Ljava/lang/String;Z)Ljava/lang/Class;+38
j  sun.misc.Launcher$AppClassLoader.loadClass(Ljava/lang/String;Z)Ljava/lang/Class;+36
j  java.lang.ClassLoader.loadClass(Ljava/lang/String;)Ljava/lang/Class;+3
v  ~StubRoutines::call_stub
V  [libjvm.so+0x2a7875]  JavaCalls::call_helper(JavaValue*, methodHandle*, JavaCallArguments*, Thread*)+0x315
V  [libjvm.so+0x3fa1e9]  os::os_exception_wrapper(void (*)(JavaValue*, methodHandle*, JavaCallArguments*, Thread*), JavaValue*, methodHandle*, JavaCallArguments*, Thread*)+0x19
V  [libjvm.so+0x2a64ef]  JavaCalls::call(JavaValue*, methodHandle, JavaCallArguments*, Thread*)+0x2f
V  [libjvm.so+0x2a672a]  JavaCalls::call_virtual(JavaValue*, KlassHandle, Symbol*, Symbol*, JavaCallArguments*, Thread*)+0x10a
V  [libjvm.so+0x2a67f5]  JavaCalls::call_virtual(JavaValue*, Handle, KlassHandle, Symbol*, Symbol*, Handle, Thread*)+0x55
V  [libjvm.so+0x49e559]  SystemDictionary::load_instance_class(Symbol*, Handle, Thread*)+0x489
V  [libjvm.so+0x49cc52]  SystemDictionary::resolve_instance_class_or_null(Symbol*, Handle, Handle, Thread*)+0x742
V  [libjvm.so+0x49d0b9]  SystemDictionary::resolve_or_null(Symbol*, Handle, Handle, Thread*)+0x49
V  [libjvm.so+0x49e5d0]  SystemDictionary::resolve_or_fail(Symbol*, Handle, Handle, bool, Thread*)+0x30
V  [libjvm.so+0x1d5cfb]  constantPoolOopDesc::klass_at_impl(constantPoolHandle, int, Thread*)+0x1cb
V  [libjvm.so+0x3916df]  LinkResolver::resolve_invokestatic(CallInfo&, constantPoolHandle, int, Thread*)+0x2f
V  [libjvm.so+0x2a1e0a]  InterpreterRuntime::resolve_invoke(JavaThread*, Bytecodes::Code)+0x17a
j  com.google.common.collect.Collections2.<clinit>()V+2
v  ~StubRoutines::call_stub
V  [libjvm.so+0x2a7875]  JavaCalls::call_helper(JavaValue*, methodHandle*, JavaCallArguments*, Thread*)+0x315
V  [libjvm.so+0x3fa1e9]  os::os_exception_wrapper(void (*)(JavaValue*, methodHandle*, JavaCallArguments*, Thread*), JavaValue*, methodHandle*, JavaCallArguments*, Thread*)+0x19
V  [libjvm.so+0x2a64ef]  JavaCalls::call(JavaValue*, methodHandle, JavaCallArguments*, Thread*)+0x2f
V  [libjvm.so+0x27bd52]  instanceKlass::call_class_initializer(Thread*)+0xc2
V  [libjvm.so+0x27eba5]  instanceKlass::initialize_impl(instanceKlassHandle, Thread*)+0x1c5
V  [libjvm.so+0x27ef9b]  instanceKlass::initialize(Thread*)+0x5b
V  [libjvm.so+0x39162a]  LinkResolver::resolve_static_call(CallInfo&, KlassHandle&, Symbol*, Symbol*, KlassHandle, bool, bool, Thread*)+0xfa
V  [libjvm.so+0x391774]  LinkResolver::resolve_invokestatic(CallInfo&, constantPoolHandle, int, Thread*)+0xc4
V  [libjvm.so+0x2a1e0a]  InterpreterRuntime::resolve_invoke(JavaThread*, Bytecodes::Code)+0x17a
j  org.glassfish.jersey.internal.inject.Providers.getProviders(Lorg/glassfish/hk2/Services;Ljava/lang/Class;)Ljava/util/Set;+34
j  org.glassfish.jersey.internal.AbstractRuntimeDelegate.<init>(Lorg/glassfish/hk2/Services;)V+9
j  com.sun.ws.rs.ext.RuntimeDelegateImpl.<init>()V+22
v  ~StubRoutines::call_stub
V  [libjvm.so+0x2a7875]  JavaCalls::call_helper(JavaValue*, methodHandle*, JavaCallArguments*, Thread*)+0x315
V  [libjvm.so+0x3fa1e9]  os::os_exception_wrapper(void (*)(JavaValue*, methodHandle*, JavaCallArguments*, Thread*), JavaValue*, methodHandle*, JavaCallArguments*, Thread*)+0x19
V  [libjvm.so+0x2a64ef]  JavaCalls::call(JavaValue*, methodHandle, JavaCallArguments*, Thread*)+0x2f
V  [libjvm.so+0x43f97e]  Reflection::invoke(instanceKlassHandle, methodHandle, Handle, bool, objArrayHandle, BasicType, objArrayHandle, bool, Thread*)+0x3fe
V  [libjvm.so+0x44084e]  Reflection::invoke_constructor(oopDesc*, objArrayHandle, Thread*)+0x2de
V  [libjvm.so+0x31e9db]  JVM_NewInstanceFromConstructor+0xdb
C  [libjava.so+0x151eb]  Java_sun_reflect_NativeConstructorAccessorImpl_newInstance0+0x2b
j  sun.reflect.NativeConstructorAccessorImpl.newInstance0(Ljava/lang/reflect/Constructor;[Ljava/lang/Object;)Ljava/lang/Object;+0
j  sun.reflect.NativeConstructorAccessorImpl.newInstance([Ljava/lang/Object;)Ljava/lang/Object;+72
j  sun.reflect.DelegatingConstructorAccessorImpl.newInstance([Ljava/lang/Object;)Ljava/lang/Object;+5
j  java.lang.reflect.Constructor.newInstance([Ljava/lang/Object;)Ljava/lang/Object;+79
j  java.lang.Class.newInstance()Ljava/lang/Object;+132
j  javax.ws.rs.ext.FactoryFinder.newInstance(Ljava/lang/String;Ljava/lang/ClassLoader;)Ljava/lang/Object;+78
j  javax.ws.rs.ext.FactoryFinder.find(Ljava/lang/String;Ljava/lang/String;)Ljava/lang/Object;+387
j  javax.ws.rs.ext.RuntimeDelegate.findDelegate()Ljavax/ws/rs/ext/RuntimeDelegate;+4
j  javax.ws.rs.ext.RuntimeDelegate.getInstance()Ljavax/ws/rs/ext/RuntimeDelegate;+22
j  javax.ws.rs.core.UriBuilder.newInstance()Ljavax/ws/rs/core/UriBuilder;+0
j  javax.ws.rs.core.UriBuilder.fromUri(Ljava/net/URI;)Ljavax/ws/rs/core/UriBuilder;+0
j  javax.ws.rs.core.UriBuilder.fromUri(Ljava/lang/String;)Ljavax/ws/rs/core/UriBuilder;+23
j  br.org.base.server.Server.main([Ljava/lang/String;)V+28
v  ~StubRoutines::call_stub
V  [libjvm.so+0x2a7875]  JavaCalls::call_helper(JavaValue*, methodHandle*, JavaCallArguments*, Thread*)+0x315
V  [libjvm.so+0x3fa1e9]  os::os_exception_wrapper(void (*)(JavaValue*, methodHandle*, JavaCallArguments*, Thread*), JavaValue*, methodHandle*, JavaCallArguments*, Thread*)+0x19
V  [libjvm.so+0x2a64ef]  JavaCalls::call(JavaValue*, methodHandle, JavaCallArguments*, Thread*)+0x2f
V  [libjvm.so+0x43f97e]  Reflection::invoke(instanceKlassHandle, methodHandle, Handle, bool, objArrayHandle, BasicType, objArrayHandle, bool, Thread*)+0x3fe
V  [libjvm.so+0x44043a]  Reflection::invoke_method(oopDesc*, Handle, objArrayHandle, Thread*)+0x15a
V  [libjvm.so+0x328c19]  JVM_InvokeMethod+0x209
C  [libjava.so+0x15232]  Java_sun_reflect_NativeMethodAccessorImpl_invoke0+0x32
j  sun.reflect.NativeMethodAccessorImpl.invoke0(Ljava/lang/reflect/Method;Ljava/lang/Object;[Ljava/lang/Object;)Ljava/lang/Object;+0
j  sun.reflect.NativeMethodAccessorImpl.invoke(Ljava/lang/Object;[Ljava/lang/Object;)Ljava/lang/Object;+87
j  sun.reflect.DelegatingMethodAccessorImpl.invoke(Ljava/lang/Object;[Ljava/lang/Object;)Ljava/lang/Object;+6
j  java.lang.reflect.Method.invoke(Ljava/lang/Object;[Ljava/lang/Object;)Ljava/lang/Object;+57
j  com.intellij.rt.execution.application.AppMain.main([Ljava/lang/String;)V+140
v  ~StubRoutines::call_stub
V  [libjvm.so+0x2a7875]  JavaCalls::call_helper(JavaValue*, methodHandle*, JavaCallArguments*, Thread*)+0x315
V  [libjvm.so+0x3fa1e9]  os::os_exception_wrapper(void (*)(JavaValue*, methodHandle*, JavaCallArguments*, Thread*), JavaValue*, methodHandle*, JavaCallArguments*, Thread*)+0x19
V  [libjvm.so+0x2a64ef]  JavaCalls::call(JavaValue*, methodHandle, JavaCallArguments*, Thread*)+0x2f
V  [libjvm.so+0x2e28b2]  jni_invoke_static(JNIEnv_*, JavaValue*, _jobject*, JNICallType, _jmethodID*, JNI_ArgumentPusher*, Thread*)+0x242
V  [libjvm.so+0x2f8ada]  jni_CallStaticVoidMethod+0xca
C  [libjli.so+0x2e8d]  JavaMain+0x8bd
C  [libpthread.so.0+0x6d78]  start_thread+0xd8

Java frames: (J=compiled Java code, j=interpreted, Vv=VM code)
j  java.security.AccessController.doPrivileged(Ljava/security/PrivilegedExceptionAction;Ljava/security/AccessControlContext;)Ljava/lang/Object;+0
j  java.net.URLClassLoader.findClass(Ljava/lang/String;)Ljava/lang/Class;+13
j  java.lang.ClassLoader.loadClass(Ljava/lang/String;Z)Ljava/lang/Class;+70
j  java.lang.ClassLoader.loadClass(Ljava/lang/String;Z)Ljava/lang/Class;+38
j  sun.misc.Launcher$AppClassLoader.loadClass(Ljava/lang/String;Z)Ljava/lang/Class;+36
j  java.lang.ClassLoader.loadClass(Ljava/lang/String;)Ljava/lang/Class;+3
v  ~StubRoutines::call_stub
j  com.google.common.collect.Collections2.<clinit>()V+2
v  ~StubRoutines::call_stub
j  org.glassfish.jersey.internal.inject.Providers.getProviders(Lorg/glassfish/hk2/Services;Ljava/lang/Class;)Ljava/util/Set;+34
j  org.glassfish.jersey.internal.AbstractRuntimeDelegate.<init>(Lorg/glassfish/hk2/Services;)V+9
j  com.sun.ws.rs.ext.RuntimeDelegateImpl.<init>()V+22
v  ~StubRoutines::call_stub
j  sun.reflect.NativeConstructorAccessorImpl.newInstance0(Ljava/lang/reflect/Constructor;[Ljava/lang/Object;)Ljava/lang/Object;+0
j  sun.reflect.NativeConstructorAccessorImpl.newInstance([Ljava/lang/Object;)Ljava/lang/Object;+72
j  sun.reflect.DelegatingConstructorAccessorImpl.newInstance([Ljava/lang/Object;)Ljava/lang/Object;+5
j  java.lang.reflect.Constructor.newInstance([Ljava/lang/Object;)Ljava/lang/Object;+79
j  java.lang.Class.newInstance()Ljava/lang/Object;+132
j  javax.ws.rs.ext.FactoryFinder.newInstance(Ljava/lang/String;Ljava/lang/ClassLoader;)Ljava/lang/Object;+78
j  javax.ws.rs.ext.FactoryFinder.find(Ljava/lang/String;Ljava/lang/String;)Ljava/lang/Object;+387
j  javax.ws.rs.ext.RuntimeDelegate.findDelegate()Ljavax/ws/rs/ext/RuntimeDelegate;+4
j  javax.ws.rs.ext.RuntimeDelegate.getInstance()Ljavax/ws/rs/ext/RuntimeDelegate;+22
j  javax.ws.rs.core.UriBuilder.newInstance()Ljavax/ws/rs/core/UriBuilder;+0
j  javax.ws.rs.core.UriBuilder.fromUri(Ljava/net/URI;)Ljavax/ws/rs/core/UriBuilder;+0
j  javax.ws.rs.core.UriBuilder.fromUri(Ljava/lang/String;)Ljavax/ws/rs/core/UriBuilder;+23
j  br.org.base.server.Server.main([Ljava/lang/String;)V+28
v  ~StubRoutines::call_stub
j  sun.reflect.NativeMethodAccessorImpl.invoke0(Ljava/lang/reflect/Method;Ljava/lang/Object;[Ljava/lang/Object;)Ljava/lang/Object;+0
j  sun.reflect.NativeMethodAccessorImpl.invoke(Ljava/lang/Object;[Ljava/lang/Object;)Ljava/lang/Object;+87
j  sun.reflect.DelegatingMethodAccessorImpl.invoke(Ljava/lang/Object;[Ljava/lang/Object;)Ljava/lang/Object;+6
j  java.lang.reflect.Method.invoke(Ljava/lang/Object;[Ljava/lang/Object;)Ljava/lang/Object;+57
j  com.intellij.rt.execution.application.AppMain.main([Ljava/lang/String;)V+140
v  ~StubRoutines::call_stub

---------------  P R O C E S S  ---------------

Java Threads: ( => current thread )
  0x9fa3dc00 JavaThread "Monitor Ctrl-Break" daemon [_thread_in_native, id=4260, stack(0x9fb51000,0x9fba2000)]
  0xb6a73800 JavaThread "Service Thread" daemon [_thread_blocked, id=4258, stack(0xa022e000,0xa027f000)]
  0xb6a71c00 JavaThread "C1 CompilerThread0" daemon [_thread_blocked, id=4257, stack(0xa027f000,0xa0300000)]
  0xb6a70000 JavaThread "Signal Dispatcher" daemon [_thread_blocked, id=4256, stack(0xa0401000,0xa0452000)]
  0xb6a5fc00 JavaThread "Finalizer" daemon [_thread_blocked, id=4255, stack(0xa0452000,0xa04a3000)]
  0xb6a5d400 JavaThread "Reference Handler" daemon [_thread_blocked, id=4254, stack(0xa04a3000,0xa04f4000)]
=>0xb6a0bc00 JavaThread "main" [_thread_in_vm, id=4252, stack(0xb6b0d000,0xb6b5e000)]

Other Threads:
  0xb6a5bc00 VMThread [stack: 0xa04f4000,0xa0575000] [id=4253]
  0xb6a76000 WatcherThread [stack: 0x9fe7f000,0x9ff00000] [id=4259]

VM state:not at safepoint (normal execution)

VM Mutex/Monitor currently owned by a thread: None

Heap
 def new generation   total 4928K, used 3415K [0xa08f0000, 0xa0e40000, 0xa5e40000)
  eden space 4416K,  65% used [0xa08f0000, 0xa0bc5c40, 0xa0d40000)
  from space 512K, 100% used [0xa0dc0000, 0xa0e40000, 0xa0e40000)
  to   space 512K,   0% used [0xa0d40000, 0xa0d40000, 0xa0dc0000)
 tenured generation   total 10944K, used 612K [0xa5e40000, 0xa68f0000, 0xb08f0000)
   the space 10944K,   5% used [0xa5e40000, 0xa5ed9030, 0xa5ed9200, 0xa68f0000)
 compacting perm gen  total 12288K, used 2647K [0xb08f0000, 0xb14f0000, 0xb48f0000)
   the space 12288K,  21% used [0xb08f0000, 0xb0b85e50, 0xb0b86000, 0xb14f0000)
No shared spaces configured.

Card table byte_map: [0xa084f000,0xa08f0000] byte_map_base: 0xa034a880

Polling page: 0xb775e000

Code Cache  [0xb4979000, 0xb4a39000, 0xb6979000)
 total_blobs=216 nmethods=80 adapters=73 free_code_cache=32030Kb largest_free_block=32799616

Compilation events (10 events):
Event: 0,410 Thread 0xb6a71c00   75   !         java.net.URL::<init> (543 bytes)
Event: 0,415 Thread 0xb6a71c00 nmethod 75 0xb4a2d588 code [0xb4a2d930, 0xb4a2e7d4]
Event: 0,416 Thread 0xb6a71c00   76             java.nio.Buffer::checkIndex (22 bytes)
Event: 0,416 Thread 0xb6a71c00 nmethod 76 0xb4a30848 code [0xb4a30950, 0xb4a30a5c]
Event: 0,416 Thread 0xb6a71c00   77             java.nio.DirectLongBufferU::ix (10 bytes)
Event: 0,416 Thread 0xb6a71c00 nmethod 77 0xb4a30b08 code [0xb4a30c00, 0xb4a30c90]
Event: 0,417 Thread 0xb6a71c00   78             java.lang.AbstractStringBuilder::<init> (12 bytes)
Event: 0,417 Thread 0xb6a71c00 nmethod 78 0xb4a30cc8 code [0xb4a30dc0, 0xb4a30ed0]
Event: 0,421 Thread 0xb6a71c00   79             java.lang.String::indexOf (25 bytes)
Event: 0,422 Thread 0xb6a71c00 nmethod 79 0xb4a30f48 code [0xb4a31050, 0xb4a3111c]

GC Heap History (2 events):
Event: 0,343 GC heap before
{Heap before GC invocations=0 (full 0):
 def new generation   total 4928K, used 4416K [0xa08f0000, 0xa0e40000, 0xa5e40000)
  eden space 4416K, 100% used [0xa08f0000, 0xa0d40000, 0xa0d40000)
  from space 512K,   0% used [0xa0d40000, 0xa0d40000, 0xa0dc0000)
  to   space 512K,   0% used [0xa0dc0000, 0xa0dc0000, 0xa0e40000)
 tenured generation   total 10944K, used 0K [0xa5e40000, 0xa68f0000, 0xb08f0000)
   the space 10944K,   0% used [0xa5e40000, 0xa5e40000, 0xa5e40200, 0xa68f0000)
 compacting perm gen  total 12288K, used 2394K [0xb08f0000, 0xb14f0000, 0xb48f0000)
   the space 12288K,  19% used [0xb08f0000, 0xb0b46b20, 0xb0b46c00, 0xb14f0000)
No shared spaces configured.
Event: 0,351 GC heap after
Heap after GC invocations=1 (full 0):
 def new generation   total 4928K, used 512K [0xa08f0000, 0xa0e40000, 0xa5e40000)
  eden space 4416K,   0% used [0xa08f0000, 0xa08f0000, 0xa0d40000)
  from space 512K, 100% used [0xa0dc0000, 0xa0e40000, 0xa0e40000)
  to   space 512K,   0% used [0xa0d40000, 0xa0d40000, 0xa0dc0000)
 tenured generation   total 10944K, used 612K [0xa5e40000, 0xa68f0000, 0xb08f0000)
   the space 10944K,   5% used [0xa5e40000, 0xa5ed9030, 0xa5ed9200, 0xa68f0000)
 compacting perm gen  total 12288K, used 2394K [0xb08f0000, 0xb14f0000, 0xb48f0000)
   the space 12288K,  19% used [0xb08f0000, 0xb0b46b20, 0xb0b46c00, 0xb14f0000)
No shared spaces configured.
}

Deoptimization events (0 events):
No events

Internal exceptions (10 events):
Event: 0,421 Thread 0xb6a0bc00 Threw 0xa0b6abd8 at /HUDSON/workspace/jdk7u40-2-build-linux-i586-product/jdk7u40/hotspot/src/share/vm/prims/jvm.cpp:1244
Event: 0,421 Thread 0xb6a0bc00 Threw 0xa0b6f458 at /HUDSON/workspace/jdk7u40-2-build-linux-i586-product/jdk7u40/hotspot/src/share/vm/prims/jvm.cpp:1244
Event: 0,422 Thread 0xb6a0bc00 Threw 0xa0b73ce8 at /HUDSON/workspace/jdk7u40-2-build-linux-i586-product/jdk7u40/hotspot/src/share/vm/prims/jvm.cpp:1244
Event: 0,422 Thread 0xb6a0bc00 Threw 0xa0b7a168 at /HUDSON/workspace/jdk7u40-2-build-linux-i586-product/jdk7u40/hotspot/src/share/vm/prims/jvm.cpp:1244
Event: 0,427 Thread 0xb6a0bc00 Threw 0xa0b8b740 at /HUDSON/workspace/jdk7u40-2-build-linux-i586-product/jdk7u40/hotspot/src/share/vm/prims/jvm.cpp:1244
Event: 0,428 Thread 0xb6a0bc00 Threw 0xa0b93fd8 at /HUDSON/workspace/jdk7u40-2-build-linux-i586-product/jdk7u40/hotspot/src/share/vm/prims/jvm.cpp:1244
Event: 0,428 Thread 0xb6a0bc00 Threw 0xa0b98430 at /HUDSON/workspace/jdk7u40-2-build-linux-i586-product/jdk7u40/hotspot/src/share/vm/prims/jvm.cpp:1244
Event: 0,430 Thread 0xb6a0bc00 Threw 0xa0ba57d0 at /HUDSON/workspace/jdk7u40-2-build-linux-i586-product/jdk7u40/hotspot/src/share/vm/prims/jvm.cpp:1244
Event: 0,431 Thread 0xb6a0bc00 Threw 0xa0baaf28 at /HUDSON/workspace/jdk7u40-2-build-linux-i586-product/jdk7u40/hotspot/src/share/vm/prims/jvm.cpp:1244
Event: 0,443 Thread 0xb6a0bc00 Threw 0xa0bb2bc0 at /HUDSON/workspace/jdk7u40-2-build-linux-i586-product/jdk7u40/hotspot/src/share/vm/prims/jvm.cpp:1244

Events (10 events):
Event: 0,428 loading class 0x9faa1cf8
Event: 0,428 loading class 0x9faa1cf8 done
Event: 0,428 loading class 0x9fa7c538
Event: 0,428 loading class 0x9fa7c538 done
Event: 0,430 loading class 0x9faa1a90
Event: 0,430 loading class 0x9faa1a90 done
Event: 0,431 loading class 0x9faa1ba8
Event: 0,431 loading class 0x9faa1ba8 done
Event: 0,443 loading class 0x9faa7078
Event: 0,443 loading class 0x9faa7078 done


Dynamic libraries:
08048000-08049000 r-xp 00000000 08:04 1717000    /usr/local/java/jdk1.7.0_40/bin/java
08049000-0804a000 rw-p 00000000 08:04 1717000    /usr/local/java/jdk1.7.0_40/bin/java
0898e000-089af000 rw-p 00000000 00:00 0          [heap]
9f800000-9f882000 rw-p 00000000 00:00 0 
9f882000-9f900000 ---p 00000000 00:00 0 
9f918000-9fa00000 rw-p 00000000 00:00 0 
9fa00000-9faad000 rw-p 00000000 00:00 0 
9faad000-9fb00000 ---p 00000000 00:00 0 
9fb39000-9fb3c000 rw-p 00000000 00:00 0 
9fb3c000-9fb50000 r-xp 00000000 08:04 1717553    /usr/local/java/jdk1.7.0_40/jre/lib/i386/libnet.so
9fb50000-9fb51000 rw-p 00014000 08:04 1717553    /usr/local/java/jdk1.7.0_40/jre/lib/i386/libnet.so
9fb51000-9fb54000 ---p 00000000 00:00 0 
9fb54000-9fba2000 rw-p 00000000 00:00 0          [stack:4260]
9fba2000-9fba3000 r-xp 00000000 08:04 1976888    /home/guilherme/idea-IU-129.713/bin/libbreakgen.so
9fba3000-9fba4000 rw-p 00000000 08:04 1976888    /home/guilherme/idea-IU-129.713/bin/libbreakgen.so
9fba4000-9fba6000 r--s 00013000 08:04 1976990    /home/guilherme/idea-IU-129.713/lib/idea_rt.jar
9fba6000-9fbb6000 r--s 0007c000 08:04 5780753    /home/guilherme/.m2/repository/joda-time/joda-time/2.1/joda-time-2.1.jar
9fbb6000-9fbb8000 r--s 00007000 08:04 5780766    /home/guilherme/.m2/repository/com/fasterxml/jackson/core/jackson-annotations/2.1.1/jackson-annotations-2.1.1.jar
9fbb8000-9fbc9000 r--s 000d1000 08:04 13940      /home/guilherme/.m2/repository/com/fasterxml/jackson/core/jackson-databind/2.1.1/jackson-databind-2.1.1.jar
9fbc9000-9fbcd000 r--s 0002f000 08:04 5907907    /home/guilherme/.m2/repository/com/fasterxml/jackson/core/jackson-core/2.1.1/jackson-core-2.1.1.jar
9fbcd000-9fbcf000 r--s 00007000 08:04 5780761    /home/guilherme/.m2/repository/com/fasterxml/jackson/datatype/jackson-datatype-joda/2.1.1/jackson-datatype-joda-2.1.1.jar
9fbcf000-9fbd2000 r--s 0001a000 08:04 5643337    /home/guilherme/.m2/repository/com/jcraft/jsch/0.1.23/jsch-0.1.23.jar
9fbd2000-9fbd4000 r--s 00007000 08:04 5643375    /home/guilherme/.m2/repository/org/apache/maven/wagon/wagon-ssh/1.0-alpha-5/wagon-ssh-1.0-alpha-5.jar
9fbd4000-9fbd5000 r--s 00001000 08:04 5645070    /home/guilherme/.m2/repository/org/apache/maven/maven-monitor/2.0/maven-monitor-2.0.jar
9fbd5000-9fbd7000 r--s 00002000 08:04 5380014    /home/guilherme/.m2/repository/org/codehaus/plexus/plexus-interactivity-api/1.0-alpha-4/plexus-interactivity-api-1.0-alpha-4.jar
9fbd7000-9fbd9000 r--s 00007000 08:04 5645055    /home/guilherme/.m2/repository/org/apache/maven/maven-plugin-descriptor/2.0/maven-plugin-descriptor-2.0.jar
9fbd9000-9fbdb000 r--s 00006000 08:04 5380013    /home/guilherme/.m2/repository/commons-cli/commons-cli/1.0/commons-cli-1.0.jar
9fbdb000-9fbdd000 r--s 00005000 08:04 5645038    /home/guilherme/.m2/repository/org/apache/maven/maven-plugin-registry/2.0/maven-plugin-registry-2.0.jar
9fbdd000-9fbde000 r--s 00002000 08:04 5645035    /home/guilherme/.m2/repository/org/apache/maven/maven-error-diagnostics/2.0/maven-error-diagnostics-2.0.jar
9fbde000-9fbe0000 r--s 00000000 08:04 5643353    /home/guilherme/.m2/repository/doxia/doxia-sink-api/1.0-alpha-4/doxia-sink-api-1.0-alpha-4.jar
9fbe0000-9fbe1000 r--s 00001000 08:04 5643339    /home/guilherme/.m2/repository/org/apache/maven/reporting/maven-reporting-api/2.0/maven-reporting-api-2.0.jar
9fbe1000-9fbe2000 r--s 00001000 08:04 5643369    /home/guilherme/.m2/repository/org/apache/maven/wagon/wagon-http-lightweight/1.0-alpha-5/wagon-http-lightweight-1.0-alpha-5.jar
9fbe2000-9fbe4000 r--s 00003000 08:04 5645032    /home/guilherme/.m2/repository/org/apache/maven/maven-plugin-parameter-documenter/2.0/maven-plugin-parameter-documenter-2.0.jar
9fbe4000-9fbe5000 r--s 00001000 08:04 5643349    /home/guilherme/.m2/repository/org/apache/maven/wagon/wagon-file/1.0-alpha-5/wagon-file-1.0-alpha-5.jar
9fbe5000-9fbe9000 r--s 0001e000 08:04 5643386    /home/guilherme/.m2/repository/org/apache/maven/maven-core/2.0/maven-core-2.0.jar
9fbe9000-9fbea000 r--s 00007000 08:04 5643376    /home/guilherme/.m2/repository/org/apache/maven/shared/maven-plugin-testing-harness/1.1/maven-plugin-testing-harness-1.1.jar
9fbea000-9fbec000 r--s 00005000 08:04 5769033    /home/guilherme/.m2/repository/org/apache/maven/shared/maven-common-artifact-filters/1.0/maven-common-artifact-filters-1.0.jar
9fbec000-9fbed000 r--s 00005000 08:04 5643351    /home/guilherme/.m2/repository/org/apache/maven/shared/maven-repository-builder/1.0-alpha-2/maven-repository-builder-1.0-alpha-2.jar
9fbed000-9fbef000 r--s 00008000 08:04 4603583    /home/guilherme/.m2/repository/classworlds/classworlds/1.1-alpha-2/classworlds-1.1-alpha-2.jar
9fbef000-9fbf0000 r--s 00002000 08:04 4602128    /home/guilherme/.m2/repository/org/apache/maven/maven-archiver/2.2/maven-archiver-2.2.jar
9fbf0000-9fbf2000 r--s 00006000 08:04 5515098    /home/guilherme/.m2/repository/org/apache/maven/maven-profile/2.0.4/maven-profile-2.0.4.jar
9fbf2000-9fbf4000 r--s 00012000 08:04 5381163    /home/guilherme/.m2/repository/org/apache/maven/maven-model/2.0.4/maven-model-2.0.4.jar
9fbf4000-9fbf6000 r--s 00009000 08:04 5252442    /home/guilherme/.m2/repository/org/apache/maven/maven-settings/2.0.4/maven-settings-2.0.4.jar
9fbf6000-9fbf9000 r--s 00018000 08:04 5252407    /home/guilherme/.m2/repository/org/apache/maven/maven-project/2.0.4/maven-project-2.0.4.jar
9fbf9000-9fbfb000 r--s 00004000 08:04 4729740    /home/guilherme/.m2/repository/org/codehaus/plexus/plexus-active-collections/1.0-beta-2/plexus-active-collections-1.0-beta-2.jar
9fbfb000-9fbfd000 r--s 00009000 08:04 5381154    /home/guilherme/.m2/repository/org/apache/maven/wagon/wagon-provider-api/1.0-alpha-6/wagon-provider-api-1.0-alpha-6.jar
9fbfd000-9fc00000 r--s 0000a000 08:04 5381157    /home/guilherme/.m2/repository/org/apache/maven/maven-artifact-manager/2.0.2/maven-artifact-manager-2.0.2.jar
9fc00000-9fd00000 rw-p 00000000 00:00 0 
9fd00000-9fd01000 r--s 00004000 08:04 4729737    /home/guilherme/.m2/repository/org/apache/maven/maven-repository-metadata/2.0.2/maven-repository-metadata-2.0.2.jar
9fd01000-9fd04000 r--s 00011000 08:04 5643355    /home/guilherme/.m2/repository/org/apache/maven/maven-artifact/2.0.4/maven-artifact-2.0.4.jar
9fd04000-9fd06000 r--s 00008000 08:04 5250126    /home/guilherme/.m2/repository/org/apache/maven/shared/maven-shared-io/1.1/maven-shared-io-1.1.jar
9fd06000-9fd08000 r--s 00001000 08:04 4339221    /home/guilherme/.m2/repository/org/apache/maven/maven-plugin-api/2.0.4/maven-plugin-api-2.0.4.jar
9fd08000-9fd0a000 r--s 00006000 08:04 4993795    /home/guilherme/.m2/repository/org/apache/maven/shared/file-management/1.1/file-management-1.1.jar
9fd0a000-9fd0c000 r--s 00006000 08:04 5381160    /home/guilherme/.m2/repository/org/codehaus/plexus/plexus-io/1.0-alpha-2/plexus-io-1.0-alpha-2.jar
9fd0c000-9fd0f000 r--s 0001b000 08:04 4982890    /home/guilherme/.m2/repository/junit/junit/3.8.1/junit-3.8.1.jar
9fd0f000-9fd16000 r--s 00029000 08:04 4603586    /home/guilherme/.m2/repository/org/codehaus/plexus/plexus-container-default/1.0-alpha-9-stable-1/plexus-container-default-1.0-alpha-9-stable-1.jar
9fd16000-9fd1a000 r--s 00030000 08:04 5769029    /home/guilherme/.m2/repository/org/codehaus/plexus/plexus-utils/1.5.1/plexus-utils-1.5.1.jar
9fd1a000-9fd1e000 r--s 00027000 08:04 4472124    /home/guilherme/.m2/repository/org/codehaus/plexus/plexus-archiver/1.0-alpha-10/plexus-archiver-1.0-alpha-10.jar
9fd1e000-9fd23000 r--s 00018000 08:04 4339220    /home/guilherme/.m2/repository/aspectj/aspectjrt/1.5.3/aspectjrt-1.5.3.jar
9fd23000-9fd27000 r--s 0002b000 08:04 4338688    /home/guilherme/.m2/repository/org/apache/maven/plugins/maven-assembly-plugin/2.2-beta-2/maven-assembly-plugin-2.2-beta-2.jar
9fd27000-9fd29000 r--s 0000a000 08:04 5642959    /home/guilherme/.m2/repository/javax/ws/rs/jsr311-api/1.1.1/jsr311-api-1.1.1.jar
9fd29000-9fd2b000 r--s 0000a000 08:04 4723826    /home/guilherme/.m2/repository/commons-codec/commons-codec/1.3/commons-codec-1.3.jar
9fd2b000-9fd2d000 r--s 0000d000 08:04 5778757    /home/guilherme/.m2/repository/commons-logging/commons-logging/1.1.1/commons-logging-1.1.1.jar
9fd2d000-9fd32000 r--s 00025000 08:04 4208682    /home/guilherme/.m2/repository/org/apache/httpcomponents/httpcore/4.0-beta1/httpcore-4.0-beta1.jar
9fd32000-9fd39000 r--s 00036000 08:04 4208679    /home/guilherme/.m2/repository/org/apache/httpcomponents/httpclient/4.0-alpha4/httpclient-4.0-alpha4.jar
9fd39000-9fd3c000 r--s 0000b000 08:04 4196718    /home/guilherme/.m2/repository/javax/persistence/persistence-api/1.0.2/persistence-api-1.0.2.jar
9fd3c000-9fd3e000 r--s 0000c000 08:04 4196713    /home/guilherme/.m2/repository/de/undercouch/bson4jackson/1.3.0/bson4jackson-1.3.0.jar
9fd3e000-9fd43000 r--s 00043000 08:04 4196674    /home/guilherme/.m2/repository/org/mongodb/mongo-java-driver/2.7.2/mongo-java-driver-2.7.2.jar
9fd43000-9fd46000 r--s 00014000 08:04 4196701    /home/guilherme/.m2/repository/net/vz/mongodb/jackson/mongo-jackson-mapper/1.4.1/mongo-jackson-mapper-1.4.1.jar
9fd46000-9fd47000 r--s 00006000 08:04 4196782    /home/guilherme/.m2/repository/org/codehaus/jackson/jackson-xc/1.9.2/jackson-xc-1.9.2.jar
9fd47000-9fd48000 r--s 00004000 08:04 4196773    /home/guilherme/.m2/repository/org/codehaus/jackson/jackson-jaxrs/1.9.2/jackson-jaxrs-1.9.2.jar
9fd48000-9fd56000 r--s 000ad000 08:04 4196762    /home/guilherme/.m2/repository/org/codehaus/jackson/jackson-mapper-asl/1.9.2/jackson-mapper-asl-1.9.2.jar
9fd56000-9fd5a000 r--s 00034000 08:04 4196724    /home/guilherme/.m2/repository/org/codehaus/jackson/jackson-core-asl/1.9.2/jackson-core-asl-1.9.2.jar
9fd5a000-9fd5c000 r--s 00004000 08:04 4196725    /home/guilherme/.m2/repository/javax/xml/stream/stax-api/1.0-2/stax-api-1.0-2.jar
9fd5c000-9fd5f000 r--s 00017000 08:04 4196709    /home/guilherme/.m2/repository/javax/xml/bind/jaxb-api/2.2.2/jaxb-api-2.2.2.jar
9fd5f000-9fd72000 r--s 000c7000 08:04 4196686    /home/guilherme/.m2/repository/com/sun/xml/bind/jaxb-impl/2.2.3-1/jaxb-impl-2.2.3-1.jar
9fd72000-9fd74000 r--s 0000f000 08:04 4196720    /home/guilherme/.m2/repository/org/codehaus/jettison/jettison/1.1/jettison-1.1.jar
9fd74000-9fd78000 r--s 00020000 08:04 4196675    /home/guilherme/.m2/repository/org/glassfish/jersey/media/jersey-media-json/2.0-m02/jersey-media-json-2.0-m02.jar
9fd78000-9fd81000 r--s 00042000 08:04 4196752    /home/guilherme/.m2/repository/org/glassfish/jersey/core/jersey-server/2.0-m02/jersey-server-2.0-m02.jar
9fd81000-9fd83000 r--s 00003000 08:04 4196733    /home/guilherme/.m2/repository/org/jvnet/tiger-types/1.4/tiger-types-1.4.jar
9fd83000-9fd88000 r--s 00047000 08:04 4196757    /home/guilherme/.m2/repository/org/glassfish/hk2/external/asm-all-repackaged/1.6.32/asm-all-repackaged-1.6.32.jar
9fd88000-9fd89000 r--s 00001000 08:04 4196691    /home/guilherme/.m2/repository/org/glassfish/hk2/external/javax.inject/1.6.32/javax.inject-1.6.32.jar
9fd89000-9fd90000 r--s 0004a000 08:04 4196753    /home/guilherme/.m2/repository/org/glassfish/hk2/auto-depends/1.6.32/auto-depends-1.6.32.jar
9fd90000-9fd92000 r--s 00006000 08:04 4196679    /home/guilherme/.m2/repository/org/glassfish/hk2/hk2-api/1.6.32/hk2-api-1.6.32.jar
9fd92000-9fd95000 r--s 00006000 08:04 4196737    /home/guilherme/.m2/repository/com/google/code/findbugs/jsr305/1.3.9/jsr305-1.3.9.jar
9fd95000-9fdb5000 r--s 00173000 08:04 4196682    /home/guilherme/.m2/repository/com/google/guava/guava/11.0.1/guava-11.0.1.jar
9fdb5000-9fdb7000 r--s 0000e000 08:04 4196702    /home/guilherme/.m2/repository/javax/activation/activation/1.1/activation-1.1.jar
9fdb7000-9fdbd000 r--s 00059000 08:04 4196731    /home/guilherme/.m2/repository/javax/mail/mail/1.4/mail-1.4.jar
9fdbd000-9fdc0000 r--s 00012000 08:04 4196681    /home/guilherme/.m2/repository/javax/ws/rs/javax.ws.rs-api/2.0-m03/javax.ws.rs-api-2.0-m03.jar
9fdc0000-9fdcb000 r--s 0006c000 08:04 4196687    /home/guilherme/.m2/repository/org/glassfish/jersey/core/jersey-common/2.0-m02/jersey-common-2.0-m02.jar
9fdcb000-9fdd9000 r--s 000a6000 08:04 4196758    /home/guilherme/.m2/repository/org/glassfish/grizzly/grizzly-framework/2.2.4/grizzly-framework-2.2.4.jar
9fdd9000-9fdde000 r--s 0003b000 08:04 4196742    /home/guilherme/.m2/repository/org/glassfish/grizzly/grizzly-http/2.2.4/grizzly-http-2.2.4.jar
9fdde000-9fde2000 r--s 00030000 08:04 4196693    /home/guilherme/.m2/repository/org/glassfish/grizzly/grizzly-http-server/2.2.4/grizzly-http-server-2.2.4.jar
9fde2000-9fde6000 r--s 0008a000 08:04 1717584    /usr/local/java/jdk1.7.0_40/jre/lib/jsse.jar
9fde6000-9fe75000 r--s 00dda000 08:04 1717647    /usr/local/java/jdk1.7.0_40/jre/lib/jfxrt.jar
9fe75000-9fe7f000 r--s 00371000 08:04 1717754    /usr/local/java/jdk1.7.0_40/jre/lib/charsets.jar
9fe7f000-9fe80000 ---p 00000000 00:00 0 
9fe80000-9ff00000 rw-p 00000000 00:00 0          [stack:4259]
9ff00000-a0100000 r--p 00000000 08:04 1449933    /usr/lib/locale/locale-archive
a0100000-a0123000 rw-p 00000000 00:00 0 
a0123000-a0200000 ---p 00000000 00:00 0 
a0200000-a0201000 r--s 00004000 08:04 4196756    /home/guilherme/.m2/repository/org/glassfish/hk2/osgi-resource-locator/1.0.1/osgi-resource-locator-1.0.1.jar
a0201000-a0203000 r--s 00002000 08:04 4196697    /home/guilherme/.m2/repository/org/glassfish/jersey/containers/jersey-container-grizzly2-http/2.0-m02/jersey-container-grizzly2-http-2.0-m02.jar
a0203000-a0216000 r--s 001a5000 08:04 1717649    /usr/local/java/jdk1.7.0_40/jre/lib/plugin.jar
a0216000-a022e000 r--s 00406000 08:04 1717648    /usr/local/java/jdk1.7.0_40/jre/lib/deploy.jar
a022e000-a0231000 ---p 00000000 00:00 0 
a0231000-a027f000 rw-p 00000000 00:00 0          [stack:4258]
a027f000-a0282000 ---p 00000000 00:00 0 
a0282000-a0300000 rw-p 00000000 00:00 0          [stack:4257]
a0300000-a039a000 rw-p 00000000 00:00 0 
a039a000-a0400000 ---p 00000000 00:00 0 
a0400000-a0401000 r--s 00001000 08:04 4196767    /home/guilherme/.m2/repository/org/glassfish/grizzly/grizzly-rcm/2.2.4/grizzly-rcm-2.2.4.jar
a0401000-a0404000 ---p 00000000 00:00 0 
a0404000-a0452000 rw-p 00000000 00:00 0          [stack:4256]
a0452000-a0455000 ---p 00000000 00:00 0 
a0455000-a04a3000 rw-p 00000000 00:00 0          [stack:4255]
a04a3000-a04a6000 ---p 00000000 00:00 0 
a04a6000-a04f4000 rw-p 00000000 00:00 0          [stack:4254]
a04f4000-a04f5000 ---p 00000000 00:00 0 
a04f5000-a05c0000 rw-p 00000000 00:00 0          [stack:4253]
a05c0000-a077d000 r--s 039d3000 08:04 1717013    /usr/local/java/jdk1.7.0_40/jre/lib/rt.jar
a077d000-a07df000 rw-p 00000000 00:00 0 
a07df000-a07f9000 rw-p 00000000 00:00 0 
a07f9000-a07ff000 rw-p 00000000 00:00 0 
a07ff000-a084f000 rw-p 00000000 00:00 0 
a084f000-a0852000 rw-p 00000000 00:00 0 
a0852000-a0879000 rw-p 00000000 00:00 0 
a0879000-a087f000 rw-p 00000000 00:00 0 
a087f000-a08cf000 rw-p 00000000 00:00 0 
a08cf000-a08d5000 rw-p 00000000 00:00 0 
a08d5000-a08ef000 rw-p 00000000 00:00 0 
a08ef000-a0e40000 rw-p 00000000 00:00 0 
a0e40000-a5e40000 rw-p 00000000 00:00 0 
a5e40000-a68f0000 rw-p 00000000 00:00 0 
a68f0000-b08f0000 rw-p 00000000 00:00 0 
b08f0000-b14f0000 rw-p 00000000 00:00 0 
b14f0000-b48f0000 rw-p 00000000 00:00 0 
b48f0000-b48f9000 r--s 000d3000 08:04 1717586    /usr/local/java/jdk1.7.0_40/jre/lib/javaws.jar
b48f9000-b48fc000 rw-p 00000000 00:00 0 
b48fc000-b4979000 rw-p 00000000 00:00 0 
b4979000-b4a39000 rwxp 00000000 00:00 0 
b4a39000-b6979000 rw-p 00000000 00:00 0 
b6979000-b6990000 r-xp 00000000 08:04 1717575    /usr/local/java/jdk1.7.0_40/jre/lib/i386/libzip.so
b6990000-b6991000 rw-p 00017000 08:04 1717575    /usr/local/java/jdk1.7.0_40/jre/lib/i386/libzip.so
b6991000-b699c000 r-xp 00000000 08:04 2492817    /lib/i386-linux-gnu/libnss_files-2.17.so
b699c000-b699d000 r--p 0000a000 08:04 2492817    /lib/i386-linux-gnu/libnss_files-2.17.so
b699d000-b699e000 rw-p 0000b000 08:04 2492817    /lib/i386-linux-gnu/libnss_files-2.17.so
b699e000-b69a8000 r-xp 00000000 08:04 2492828    /lib/i386-linux-gnu/libnss_nis-2.17.so
b69a8000-b69a9000 r--p 00009000 08:04 2492828    /lib/i386-linux-gnu/libnss_nis-2.17.so
b69a9000-b69aa000 rw-p 0000a000 08:04 2492828    /lib/i386-linux-gnu/libnss_nis-2.17.so
b69aa000-b69bf000 r-xp 00000000 08:04 2492814    /lib/i386-linux-gnu/libnsl-2.17.so
b69bf000-b69c0000 r--p 00014000 08:04 2492814    /lib/i386-linux-gnu/libnsl-2.17.so
b69c0000-b69c1000 rw-p 00015000 08:04 2492814    /lib/i386-linux-gnu/libnsl-2.17.so
b69c1000-b69c3000 rw-p 00000000 00:00 0 
b69c3000-b69c5000 r--s 00009000 08:04 4196698    /home/guilherme/.m2/repository/org/glassfish/external/management-api/3.0.0-b012/management-api-3.0.0-b012.jar
b69c5000-b69cb000 r--s 0007d000 08:04 1717785    /usr/local/java/jdk1.7.0_40/jre/lib/jfr.jar
b69cb000-b69d4000 r--s 00250000 08:04 1717499    /usr/local/java/jdk1.7.0_40/jre/lib/resources.jar
b69d4000-b69dc000 rw-s 00000000 08:04 5778456    /tmp/hsperfdata_guilherme/4251
b69dc000-b69ff000 r-xp 00000000 08:04 1717538    /usr/local/java/jdk1.7.0_40/jre/lib/i386/libjava.so
b69ff000-b6a00000 rw-p 00022000 08:04 1717538    /usr/local/java/jdk1.7.0_40/jre/lib/i386/libjava.so
b6a00000-b6afb000 rw-p 00000000 00:00 0 
b6afb000-b6b00000 ---p 00000000 00:00 0 
b6b00000-b6b02000 r--s 00004000 08:04 4196729    /home/guilherme/.m2/repository/org/glassfish/gmbal/gmbal-api-only/3.0.0-b023/gmbal-api-only-3.0.0-b023.jar
b6b02000-b6b04000 r--s 00019000 08:04 1717801    /usr/local/java/jdk1.7.0_40/jre/lib/jce.jar
b6b04000-b6b0b000 r-xp 00000000 08:04 2492827    /lib/i386-linux-gnu/librt-2.17.so
b6b0b000-b6b0c000 r--p 00006000 08:04 2492827    /lib/i386-linux-gnu/librt-2.17.so
b6b0c000-b6b0d000 rw-p 00007000 08:04 2492827    /lib/i386-linux-gnu/librt-2.17.so
b6b0d000-b6b10000 ---p 00000000 00:00 0 
b6b10000-b6b5e000 rw-p 00000000 00:00 0          [stack:4252]
b6b5e000-b6b9f000 r-xp 00000000 08:04 2492824    /lib/i386-linux-gnu/libm-2.17.so
b6b9f000-b6ba0000 r--p 00040000 08:04 2492824    /lib/i386-linux-gnu/libm-2.17.so
b6ba0000-b6ba1000 rw-p 00041000 08:04 2492824    /lib/i386-linux-gnu/libm-2.17.so
b6ba1000-b7127000 r-xp 00000000 08:04 1717533    /usr/local/java/jdk1.7.0_40/jre/lib/i386/client/libjvm.so
b7127000-b7148000 rw-p 00586000 08:04 1717533    /usr/local/java/jdk1.7.0_40/jre/lib/i386/client/libjvm.so
b7148000-b7569000 rw-p 00000000 00:00 0 
b7569000-b7717000 r-xp 00000000 08:04 2492825    /lib/i386-linux-gnu/libc-2.17.so
b7717000-b7719000 r--p 001ae000 08:04 2492825    /lib/i386-linux-gnu/libc-2.17.so
b7719000-b771a000 rw-p 001b0000 08:04 2492825    /lib/i386-linux-gnu/libc-2.17.so
b771a000-b771d000 rw-p 00000000 00:00 0 
b771d000-b7720000 r-xp 00000000 08:04 2492830    /lib/i386-linux-gnu/libdl-2.17.so
b7720000-b7721000 r--p 00002000 08:04 2492830    /lib/i386-linux-gnu/libdl-2.17.so
b7721000-b7722000 rw-p 00003000 08:04 2492830    /lib/i386-linux-gnu/libdl-2.17.so
b7722000-b7735000 r-xp 00000000 08:04 1717542    /usr/local/java/jdk1.7.0_40/jre/lib/i386/jli/libjli.so
b7735000-b7736000 rw-p 00012000 08:04 1717542    /usr/local/java/jdk1.7.0_40/jre/lib/i386/jli/libjli.so
b7736000-b7737000 rw-p 00000000 00:00 0 
b7737000-b774e000 r-xp 00000000 08:04 2492823    /lib/i386-linux-gnu/libpthread-2.17.so
b774e000-b774f000 r--p 00016000 08:04 2492823    /lib/i386-linux-gnu/libpthread-2.17.so
b774f000-b7750000 rw-p 00017000 08:04 2492823    /lib/i386-linux-gnu/libpthread-2.17.so
b7750000-b7752000 rw-p 00000000 00:00 0 
b7752000-b7753000 r--s 00000000 08:04 1717585    /usr/local/java/jdk1.7.0_40/jre/lib/management-agent.jar
b7753000-b7754000 r--p 005e0000 08:04 1449933    /usr/lib/locale/locale-archive
b7754000-b775b000 r-xp 00000000 08:04 2492818    /lib/i386-linux-gnu/libnss_compat-2.17.so
b775b000-b775c000 r--p 00006000 08:04 2492818    /lib/i386-linux-gnu/libnss_compat-2.17.so
b775c000-b775d000 rw-p 00007000 08:04 2492818    /lib/i386-linux-gnu/libnss_compat-2.17.so
b775d000-b775e000 rw-p 00000000 00:00 0 
b775e000-b775f000 r--p 00000000 00:00 0 
b775f000-b776a000 r-xp 00000000 08:04 1717520    /usr/local/java/jdk1.7.0_40/jre/lib/i386/libverify.so
b776a000-b776b000 rw-p 0000b000 08:04 1717520    /usr/local/java/jdk1.7.0_40/jre/lib/i386/libverify.so
b776b000-b776d000 rw-p 00000000 00:00 0 
b776d000-b776e000 r-xp 00000000 00:00 0          [vdso]
b776e000-b778e000 r-xp 00000000 08:04 2492826    /lib/i386-linux-gnu/ld-2.17.so
b778e000-b778f000 r--p 0001f000 08:04 2492826    /lib/i386-linux-gnu/ld-2.17.so
b778f000-b7790000 rw-p 00020000 08:04 2492826    /lib/i386-linux-gnu/ld-2.17.so
bfee4000-bff08000 rw-p 00000000 00:00 0          [stack]

VM Arguments:
jvm_args: -Didea.launcher.port=7533 -Didea.launcher.bin.path=/home/guilherme/idea-IU-129.713/bin -Dfile.encoding=UTF-8 
java_command: com.intellij.rt.execution.application.AppMain br.org.base.server.Server
Launcher Type: SUN_STANDARD

Environment Variables:
JAVA_HOME=/usr/local/java/jdk1.7.0_40
JRE_HOME=/usr/local/java/jre1.7.0_40
CLASSPATH=./../lib/bootstrap.jar:./../lib/extensions.jar:./../lib/util.jar:./../lib/jdom.jar:./../lib/log4j.jar:./../lib/trove4j.jar:./../lib/jna.jar:/usr/local/java/jdk1.7.0_40/lib/tools.jar
PATH=/opt/SenchaSDKTools-2.0.0-beta3:/home/guilherme/bin/Sencha/Cmd/4.0.0.203:/usr/local/heroku/bin:/opt/SenchaSDKTools-2.0.0-beta3:/home/guilherme/bin/Sencha/Cmd/4.0.0.203:/home/guilherme/bin:/usr/lib/lightdm/lightdm:/usr/local/sbin:/usr/local/bin:/usr/sbin:/usr/bin:/sbin:/bin:/usr/games:/usr/local/games:/home/guilherme/bin:/usr/local/java/jdk1.7.0_40/bin:/home/guilherme/bin:/usr/local/java/jre1.7.0_40/bin
LD_LIBRARY_PATH=.:
SHELL=/bin/bash
DISPLAY=:0

Signal Handlers:
SIGSEGV: [libjvm.so+0x503d90], sa_mask[0]=0x7ffbfeff, sa_flags=0x10000004
SIGBUS: [libjvm.so+0x503d90], sa_mask[0]=0x7ffbfeff, sa_flags=0x10000004
SIGFPE: [libjvm.so+0x3fbe80], sa_mask[0]=0x7ffbfeff, sa_flags=0x10000004
SIGPIPE: [libjvm.so+0x3fbe80], sa_mask[0]=0x7ffbfeff, sa_flags=0x10000004
SIGXFSZ: [libjvm.so+0x3fbe80], sa_mask[0]=0x7ffbfeff, sa_flags=0x10000004
SIGILL: [libjvm.so+0x3fbe80], sa_mask[0]=0x7ffbfeff, sa_flags=0x10000004
SIGUSR1: SIG_DFL, sa_mask[0]=0x00000000, sa_flags=0x00000000
SIGUSR2: [libjvm.so+0x3fd370], sa_mask[0]=0x00000004, sa_flags=0x10000004
SIGHUP: [libjvm.so+0x3fe4c0], sa_mask[0]=0x7ffbfeff, sa_flags=0x10000004
SIGINT: [libjvm.so+0x3fe4c0], sa_mask[0]=0x7ffbfeff, sa_flags=0x10000004
SIGTERM: [libjvm.so+0x3fe4c0], sa_mask[0]=0x7ffbfeff, sa_flags=0x10000004
SIGQUIT: [libjvm.so+0x3fe4c0], sa_mask[0]=0x7ffbfeff, sa_flags=0x10000004


---------------  S Y S T E M  ---------------

OS:wheezy/sid

uname:Linux 3.8.0-33-generic #48-Ubuntu SMP Wed Oct 23 17:26:34 UTC 2013 i686
libc:glibc 2.17 NPTL 2.17 
rlimit: STACK 8192k, CORE 0k, NPROC 24106, NOFILE 4096, AS infinity
load average:0,79 0,76 0,77

/proc/meminfo:
MemTotal:        3102112 kB
MemFree:         1105956 kB
Buffers:           72500 kB
Cached:           715400 kB
SwapCached:            0 kB
Active:          1338632 kB
Inactive:         562592 kB
Active(anon):    1113508 kB
Inactive(anon):    32244 kB
Active(file):     225124 kB
Inactive(file):   530348 kB
Unevictable:          32 kB
Mlocked:              32 kB
HighTotal:       2231176 kB
HighFree:         372540 kB
LowTotal:         870936 kB
LowFree:          733416 kB
SwapTotal:       1999868 kB
SwapFree:        1999868 kB
Dirty:              4872 kB
Writeback:             0 kB
AnonPages:       1113316 kB
Mapped:           306552 kB
Shmem:             32432 kB
Slab:              42732 kB
SReclaimable:      22248 kB
SUnreclaim:        20484 kB
KernelStack:        5232 kB
PageTables:        17256 kB
NFS_Unstable:          0 kB
Bounce:                0 kB
WritebackTmp:          0 kB
CommitLimit:     3550924 kB
Committed_AS:    4936568 kB
VmallocTotal:     122880 kB
VmallocUsed:       46520 kB
VmallocChunk:      70132 kB
HardwareCorrupted:     0 kB
AnonHugePages:         0 kB
HugePages_Total:       0
HugePages_Free:        0
HugePages_Rsvd:        0
HugePages_Surp:        0
Hugepagesize:       2048 kB
DirectMap4k:       49144 kB
DirectMap2M:      864256 kB


CPU:total 2 (2 cores per cpu, 1 threads per core) family 15 model 6 stepping 5, cmov, cx8, fxsr, mmx, sse, sse2, sse3, tsc

/proc/cpuinfo:
processor	: 0
vendor_id	: GenuineIntel
cpu family	: 15
model		: 6
model name	: Intel(R) Pentium(R) D CPU 3.20GHz
stepping	: 5
microcode	: 0xb
cpu MHz		: 3200.000
cache size	: 2048 KB
physical id	: 0
siblings	: 2
core id		: 0
cpu cores	: 2
apicid		: 0
initial apicid	: 0
fdiv_bug	: no
hlt_bug		: no
f00f_bug	: no
coma_bug	: no
fpu		: yes
fpu_exception	: yes
cpuid level	: 6
wp		: yes
flags		: fpu vme de pse tsc msr pae mce cx8 apic sep mtrr pge mca cmov pat pse36 clflush dts acpi mmx fxsr sse sse2 ss ht tm pbe nx lm constant_tsc pebs bts pni dtes64 monitor ds_cpl est cid cx16 xtpr pdcm lahf_lm
bogomips	: 6399.17
clflush size	: 64
cache_alignment	: 128
address sizes	: 36 bits physical, 48 bits virtual
power management:

processor	: 1
vendor_id	: GenuineIntel
cpu family	: 15
model		: 6
model name	: Intel(R) Pentium(R) D CPU 3.20GHz
stepping	: 5
microcode	: 0xb
cpu MHz		: 3200.000
cache size	: 2048 KB
physical id	: 0
siblings	: 2
core id		: 1
cpu cores	: 2
apicid		: 1
initial apicid	: 1
fdiv_bug	: no
hlt_bug		: no
f00f_bug	: no
coma_bug	: no
fpu		: yes
fpu_exception	: yes
cpuid level	: 6
wp		: yes
flags		: fpu vme de pse tsc msr pae mce cx8 apic sep mtrr pge mca cmov pat pse36 clflush dts acpi mmx fxsr sse sse2 ss ht tm pbe nx lm constant_tsc pebs bts pni dtes64 monitor ds_cpl est cid cx16 xtpr pdcm lahf_lm
bogomips	: 6399.17
clflush size	: 64
cache_alignment	: 128
address sizes	: 36 bits physical, 48 bits virtual
power management:



Memory: 4k page, physical 3102112k(1105956k free), swap 1999868k(1999868k free)

vm_info: Java HotSpot(TM) Client VM (24.0-b56) for linux-x86 JRE (1.7.0_40-b43), built on Aug 26 2013 22:05:59 by "java_re" with gcc 4.3.0 20080428 (Red Hat 4.3.0-8)

time: Fri Nov 22 02:10:55 2013
elapsed time: 0 seconds

