#
# A fatal error has been detected by the Java Runtime Environment:
#
#  SIGILL (0x4) at pc=0xb6df8e10, pid=6606, tid=3065727808
#
# JRE version: Java(TM) SE Runtime Environment (7.0_40-b43) (build 1.7.0_40-b43)
# Java VM: Java HotSpot(TM) Client VM (24.0-b56 mixed mode linux-x86 )
# Problematic frame:
# V  [libjvm.so+0x200e10]  Events::log_exception(Thread*, char const*, ...)+0x20
#
# Failed to write core dump. Core dumps have been disabled. To enable core dumping, try "ulimit -c unlimited" before starting Java again
#
# If you would like to submit a bug report, please visit:
#   http://bugreport.sun.com/bugreport/crash.jsp
#

---------------  T H R E A D  ---------------

Current thread (0xb6a07400):  JavaThread "main" [_thread_in_vm, id=6608, stack(0xb6b64000,0xb6bb5000)]

siginfo:si_signo=SIGILL: si_errno=0, si_code=2 (ILL_ILLOPN), si_addr=0xb6df8e10

Registers:
EAX=0x00000000, EBX=0xb718c868, ECX=0xb6a02970, EDX=0x00000000
ESP=0xb6bb2680, EBP=0xb6bb26a8, ESI=0xb6a02970, EDI=0xb6a02b08
EIP=0xb6df8e10, EFLAGS=0x00010282, CR2=0xb77b4e80

Top of Stack: (sp=0xb6bb2680)
0xb6bb2680:   b6a07400 b4ac5b68 b21c475e 4027dc81
0xb6bb2690:   a07d0f58 b6a02970 b7150474 b718c868
0xb6bb26a0:   00000000 b095b600 b6bb29a8 b6f2280b
0xb6bb26b0:   b6a07400 b713d507 a11b87a8 b7150474
0xb6bb26c0:   000004dc b6bb28ec b6a07ba4 b6a07ba4
0xb6bb26d0:   00b60be9 b6bb26f8 b6a07400 b6a07b98
0xb6bb26e0:   5298df25 00057bd7 b6a07b9c b718c868
0xb6bb26f0:   00000000 00000000 b6bb2a00 b4ac5a60 

Instructions: (pc=0xb6df8e10)
0xb6df8df0:   55 89 e5 57 56 53 83 ec 1c e8 00 00 00 00 5b 81
0xb6df8e00:   c3 6a 3a 39 00 8b 83 10 f2 ff ff 80 38 00 75 08
0xb6df8e10:   8d 65 f4 5b 5e 5f 5d c3 8b 83 d4 fa ff ff 8d 7d
0xb6df8e20:   10 8b 30 8b 83 3c ea ff ff 8b 00 85 c0 75 e1 e8 

Register to memory mapping:

EAX=0x00000000 is an unknown value
EBX=0xb718c868: <offset 0x594868> in /usr/local/java/jdk1.7.0_40/jre/lib/i386/client/libjvm.so at 0xb6bf8000
ECX=0xb6a02970 is an unknown value
EDX=0x00000000 is an unknown value
ESP=0xb6bb2680 is pointing into the stack for thread: 0xb6a07400
EBP=0xb6bb26a8 is pointing into the stack for thread: 0xb6a07400
ESI=0xb6a02970 is an unknown value
EDI=0xb6a02b08 is an unknown value


Stack: [0xb6b64000,0xb6bb5000],  sp=0xb6bb2680,  free space=313k
Native frames: (J=compiled Java code, j=interpreted, Vv=VM code, C=native code)
V  [libjvm.so+0x200e10]  Events::log_exception(Thread*, char const*, ...)+0x20
V  [libjvm.so+0x32a80b]  JVM_DoPrivileged+0x4eb
C  [libjava.so+0x9a4a]  Java_java_security_AccessController_doPrivileged__Ljava_security_PrivilegedExceptionAction_2Ljava_security_AccessControlContext_2+0x3a
J  java.security.AccessController.doPrivileged(Ljava/security/PrivilegedExceptionAction;Ljava/security/AccessControlContext;)Ljava/lang/Object;
J  java.net.URLClassLoader.findClass(Ljava/lang/String;)Ljava/lang/Class;
j  org.apache.maven.project.DefaultMavenProjectBuilder.injectActiveProfiles(Lorg/apache/maven/profiles/ProfileManager;Lorg/apache/maven/model/Model;)Ljava/util/List;+5
j  org.apache.maven.project.DefaultMavenProjectBuilder.buildInternal(Ljava/lang/String;Lorg/apache/maven/model/Model;Lorg/apache/maven/project/ProjectBuilderConfiguration;Ljava/util/List;Ljava/io/File;Z)Lorg/apache/maven/project/MavenProject;+90
J  org.apache.maven.project.DefaultMavenProjectBuilder.buildFromRepository(Lorg/apache/maven/artifact/Artifact;Ljava/util/List;Lorg/apache/maven/artifact/repository/ArtifactRepository;Z)Lorg/apache/maven/project/MavenProject;
J  org.apache.maven.artifact.resolver.DefaultArtifactCollector.recurse(Lorg/apache/maven/artifact/Artifact;Lorg/apache/maven/artifact/resolver/ResolutionNode;Ljava/util/Map;Lorg/apache/maven/artifact/versioning/ManagedVersionMap;Lorg/apache/maven/artifact/repository/ArtifactRepository;Ljava/util/List;Lorg/apache/maven/artifact/metadata/ArtifactMetadataSource;Lorg/apache/maven/artifact/resolver/filter/ArtifactFilter;Ljava/util/List;)V
j  org.apache.maven.artifact.resolver.DefaultArtifactResolver.resolveTransitively(Ljava/util/Set;Lorg/apache/maven/artifact/Artifact;Ljava/util/Map;Lorg/apache/maven/artifact/repository/ArtifactRepository;Ljava/util/List;Lorg/apache/maven/artifact/metadata/ArtifactMetadataSource;Lorg/apache/maven/artifact/resolver/filter/ArtifactFilter;Ljava/util/List;)Lorg/apache/maven/artifact/resolver/ArtifactResolutionResult;+17
j  org.apache.maven.artifact.resolver.DefaultArtifactResolver.resolveTransitively(Ljava/util/Set;Lorg/apache/maven/artifact/Artifact;Ljava/util/Map;Lorg/apache/maven/artifact/repository/ArtifactRepository;Ljava/util/List;Lorg/apache/maven/artifact/metadata/ArtifactMetadataSource;Lorg/apache/maven/artifact/resolver/filter/ArtifactFilter;)Lorg/apache/maven/artifact/resolver/ArtifactResolutionResult;+73
j  org.apache.maven.plugin.DefaultPluginManager.ensurePluginContainerIsComplete(Lorg/apache/maven/plugin/descriptor/PluginDescriptor;Lorg/codehaus/plexus/PlexusContainer;Lorg/apache/maven/project/MavenProject;Lorg/apache/maven/execution/MavenSession;)V+430
j  org.apache.maven.plugin.DefaultPluginManager.getConfiguredMojo(Lorg/apache/maven/execution/MavenSession;Lorg/codehaus/plexus/util/xml/Xpp3Dom;Lorg/apache/maven/project/MavenProject;ZLorg/apache/maven/plugin/MojoExecution;)Lorg/apache/maven/plugin/Mojo;+29
j  org.apache.maven.plugin.DefaultPluginManager.executeMojo(Lorg/apache/maven/project/MavenProject;Lorg/apache/maven/plugin/MojoExecution;Lorg/apache/maven/execution/MavenSession;)V+312
j  org.apache.maven.lifecycle.DefaultLifecycleExecutor.executeGoals(Ljava/util/List;Ljava/util/Stack;Lorg/apache/maven/execution/MavenSession;Lorg/apache/maven/project/MavenProject;)V+513
j  org.apache.maven.lifecycle.DefaultLifecycleExecutor.executeGoalWithLifecycle(Ljava/lang/String;Ljava/util/Stack;Lorg/apache/maven/execution/MavenSession;Ljava/util/Map;Lorg/apache/maven/project/MavenProject;Lorg/apache/maven/lifecycle/Lifecycle;)V+28
j  org.apache.maven.lifecycle.DefaultLifecycleExecutor.executeGoal(Ljava/lang/String;Lorg/apache/maven/execution/MavenSession;Lorg/apache/maven/project/MavenProject;)V+50
j  org.apache.maven.lifecycle.DefaultLifecycleExecutor.executeGoalAndHandleFailures(Ljava/lang/String;Lorg/apache/maven/execution/MavenSession;Lorg/apache/maven/project/MavenProject;Lorg/apache/maven/monitor/event/EventDispatcher;Ljava/lang/String;Lorg/apache/maven/execution/ReactorManager;JLjava/lang/String;)V+4
j  org.apache.maven.lifecycle.DefaultLifecycleExecutor.executeTaskSegments(Ljava/util/List;Lorg/apache/maven/execution/ReactorManager;Lorg/apache/maven/execution/MavenSession;Lorg/apache/maven/project/MavenProject;Lorg/apache/maven/monitor/event/EventDispatcher;)V+584
j  org.apache.maven.lifecycle.DefaultLifecycleExecutor.execute(Lorg/apache/maven/execution/MavenSession;Lorg/apache/maven/execution/ReactorManager;Lorg/apache/maven/monitor/event/EventDispatcher;)V+241
j  org.apache.maven.DefaultMaven.doExecute(Lorg/apache/maven/execution/MavenExecutionRequest;Lorg/apache/maven/monitor/event/EventDispatcher;)Lorg/apache/maven/execution/ReactorManager;+365
j  org.apache.maven.DefaultMaven.execute(Lorg/apache/maven/execution/MavenExecutionRequest;)V+26
j  org.apache.maven.cli.MavenCli.main([Ljava/lang/String;Lorg/codehaus/classworlds/ClassWorld;)I+1022
j  org.apache.maven.cli.compat.CompatibleMain.main([Ljava/lang/String;Lorg/codehaus/classworlds/ClassWorld;)I+81
v  ~StubRoutines::call_stub
V  [libjvm.so+0x2a7875]  JavaCalls::call_helper(JavaValue*, methodHandle*, JavaCallArguments*, Thread*)+0x315
V  [libjvm.so+0x3fa1e9]  os::os_exception_wrapper(void (*)(JavaValue*, methodHandle*, JavaCallArguments*, Thread*), JavaValue*, methodHandle*, JavaCallArguments*, Thread*)+0x19
V  [libjvm.so+0x2a64ef]  JavaCalls::call(JavaValue*, methodHandle, JavaCallArguments*, Thread*)+0x2f
V  [libjvm.so+0x43f97e]  Reflection::invoke(instanceKlassHandle, methodHandle, Handle, bool, objArrayHandle, BasicType, objArrayHandle, bool, Thread*)+0x3fe
V  [libjvm.so+0x44043a]  Reflection::invoke_method(oopDesc*, Handle, objArrayHandle, Thread*)+0x15a
V  [libjvm.so+0x328c19]  JVM_InvokeMethod+0x209
C  [libjava.so+0x15232]  Java_sun_reflect_NativeMethodAccessorImpl_invoke0+0x32
j  sun.reflect.NativeMethodAccessorImpl.invoke0(Ljava/lang/reflect/Method;Ljava/lang/Object;[Ljava/lang/Object;)Ljava/lang/Object;+0
j  sun.reflect.NativeMethodAccessorImpl.invoke(Ljava/lang/Object;[Ljava/lang/Object;)Ljava/lang/Object;+87
j  sun.reflect.DelegatingMethodAccessorImpl.invoke(Ljava/lang/Object;[Ljava/lang/Object;)Ljava/lang/Object;+6
j  java.lang.reflect.Method.invoke(Ljava/lang/Object;[Ljava/lang/Object;)Ljava/lang/Object;+57
j  org.codehaus.classworlds.Launcher.launchEnhanced([Ljava/lang/String;)V+50
j  org.codehaus.classworlds.Launcher.launch([Ljava/lang/String;)V+2
j  org.codehaus.classworlds.Launcher.mainWithExitCode([Ljava/lang/String;)I+99
j  org.codehaus.classworlds.Launcher.main([Ljava/lang/String;)V+1
v  ~StubRoutines::call_stub
V  [libjvm.so+0x2a7875]  JavaCalls::call_helper(JavaValue*, methodHandle*, JavaCallArguments*, Thread*)+0x315
V  [libjvm.so+0x3fa1e9]  os::os_exception_wrapper(void (*)(JavaValue*, methodHandle*, JavaCallArguments*, Thread*), JavaValue*, methodHandle*, JavaCallArguments*, Thread*)+0x19
V  [libjvm.so+0x2a64ef]  JavaCalls::call(JavaValue*, methodHandle, JavaCallArguments*, Thread*)+0x2f
V  [libjvm.so+0x2e28b2]  jni_invoke_static(JNIEnv_*, JavaValue*, _jobject*, JNICallType, _jmethodID*, JNI_ArgumentPusher*, Thread*)+0x242
V  [libjvm.so+0x2f8ada]  jni_CallStaticVoidMethod+0xca
C  [libjli.so+0x2e8d]  JavaMain+0x8bd
C  [libpthread.so.0+0x6d78]  start_thread+0xd8

Java frames: (J=compiled Java code, j=interpreted, Vv=VM code)
J  java.security.AccessController.doPrivileged(Ljava/security/PrivilegedExceptionAction;Ljava/security/AccessControlContext;)Ljava/lang/Object;
J  java.net.URLClassLoader.findClass(Ljava/lang/String;)Ljava/lang/Class;
J  java.lang.ClassLoader.loadClass(Ljava/lang/String;Z)Ljava/lang/Class;
J  java.lang.ClassLoader.loadClass(Ljava/lang/String;Z)Ljava/lang/Class;
J  sun.misc.Launcher$AppClassLoader.loadClass(Ljava/lang/String;Z)Ljava/lang/Class;
J  java.lang.ClassLoader.loadClass(Ljava/lang/String;)Ljava/lang/Class;
J  org.codehaus.classworlds.DefaultClassRealm.loadClass(Ljava/lang/String;)Ljava/lang/Class;
J  org.codehaus.plexus.component.factory.java.JavaComponentFactory.newInstance(Lorg/codehaus/plexus/component/repository/ComponentDescriptor;Lorg/codehaus/classworlds/ClassRealm;Lorg/codehaus/plexus/PlexusContainer;)Ljava/lang/Object;
J  org.codehaus.plexus.DefaultPlexusContainer.createComponentInstance(Lorg/codehaus/plexus/component/repository/ComponentDescriptor;)Ljava/lang/Object;
J  org.codehaus.plexus.component.manager.ClassicSingletonComponentManager.getComponent()Ljava/lang/Object;
J  org.codehaus.plexus.DefaultPlexusContainer.lookup(Ljava/lang/String;)Ljava/lang/Object;
J  org.codehaus.plexus.DefaultPlexusContainer.lookupList(Ljava/lang/String;)Ljava/util/List;
J  org.apache.maven.profiles.DefaultProfileManager.isActive(Lorg/apache/maven/model/Profile;)Z
j  org.apache.maven.profiles.DefaultProfileManager.getActiveProfiles()Ljava/util/List;+101
j  org.apache.maven.project.DefaultMavenProjectBuilder.injectActiveProfiles(Lorg/apache/maven/profiles/ProfileManager;Lorg/apache/maven/model/Model;)Ljava/util/List;+5
j  org.apache.maven.project.DefaultMavenProjectBuilder.buildInternal(Ljava/lang/String;Lorg/apache/maven/model/Model;Lorg/apache/maven/project/ProjectBuilderConfiguration;Ljava/util/List;Ljava/io/File;Z)Lorg/apache/maven/project/MavenProject;+90
J  org.apache.maven.project.DefaultMavenProjectBuilder.buildFromRepository(Lorg/apache/maven/artifact/Artifact;Ljava/util/List;Lorg/apache/maven/artifact/repository/ArtifactRepository;Z)Lorg/apache/maven/project/MavenProject;
J  org.apache.maven.project.artifact.MavenMetadataSource.retrieveRelocatedProject(Lorg/apache/maven/artifact/Artifact;Lorg/apache/maven/artifact/repository/ArtifactRepository;Ljava/util/List;)Lorg/apache/maven/project/artifact/MavenMetadataSource$ProjectRelocation;
j  org.apache.maven.project.artifact.MavenMetadataSource.retrieveRelocatedArtifact(Lorg/apache/maven/artifact/Artifact;Lorg/apache/maven/artifact/repository/ArtifactRepository;Ljava/util/List;)Lorg/apache/maven/artifact/Artifact;+13
J  org.apache.maven.artifact.resolver.DefaultArtifactCollector.recurse(Lorg/apache/maven/artifact/Artifact;Lorg/apache/maven/artifact/resolver/ResolutionNode;Ljava/util/Map;Lorg/apache/maven/artifact/versioning/ManagedVersionMap;Lorg/apache/maven/artifact/repository/ArtifactRepository;Ljava/util/List;Lorg/apache/maven/artifact/metadata/ArtifactMetadataSource;Lorg/apache/maven/artifact/resolver/filter/ArtifactFilter;Ljava/util/List;)V
j  org.apache.maven.artifact.resolver.DefaultArtifactCollector.collect(Ljava/util/Set;Lorg/apache/maven/artifact/Artifact;Ljava/util/Map;Lorg/apache/maven/artifact/repository/ArtifactRepository;Ljava/util/List;Lorg/apache/maven/artifact/metadata/ArtifactMetadataSource;Lorg/apache/maven/artifact/resolver/filter/ArtifactFilter;Ljava/util/List;)Lorg/apache/maven/artifact/resolver/ArtifactResolutionResult;+57
j  org.apache.maven.artifact.resolver.DefaultArtifactResolver.resolveTransitively(Ljava/util/Set;Lorg/apache/maven/artifact/Artifact;Ljava/util/Map;Lorg/apache/maven/artifact/repository/ArtifactRepository;Ljava/util/List;Lorg/apache/maven/artifact/metadata/ArtifactMetadataSource;Lorg/apache/maven/artifact/resolver/filter/ArtifactFilter;Ljava/util/List;)Lorg/apache/maven/artifact/resolver/ArtifactResolutionResult;+17
j  org.apache.maven.artifact.resolver.DefaultArtifactResolver.resolveTransitively(Ljava/util/Set;Lorg/apache/maven/artifact/Artifact;Ljava/util/Map;Lorg/apache/maven/artifact/repository/ArtifactRepository;Ljava/util/List;Lorg/apache/maven/artifact/metadata/ArtifactMetadataSource;Lorg/apache/maven/artifact/resolver/filter/ArtifactFilter;)Lorg/apache/maven/artifact/resolver/ArtifactResolutionResult;+73
j  org.apache.maven.plugin.DefaultPluginManager.ensurePluginContainerIsComplete(Lorg/apache/maven/plugin/descriptor/PluginDescriptor;Lorg/codehaus/plexus/PlexusContainer;Lorg/apache/maven/project/MavenProject;Lorg/apache/maven/execution/MavenSession;)V+430
j  org.apache.maven.plugin.DefaultPluginManager.getConfiguredMojo(Lorg/apache/maven/execution/MavenSession;Lorg/codehaus/plexus/util/xml/Xpp3Dom;Lorg/apache/maven/project/MavenProject;ZLorg/apache/maven/plugin/MojoExecution;)Lorg/apache/maven/plugin/Mojo;+29
j  org.apache.maven.plugin.DefaultPluginManager.executeMojo(Lorg/apache/maven/project/MavenProject;Lorg/apache/maven/plugin/MojoExecution;Lorg/apache/maven/execution/MavenSession;)V+312
j  org.apache.maven.lifecycle.DefaultLifecycleExecutor.executeGoals(Ljava/util/List;Ljava/util/Stack;Lorg/apache/maven/execution/MavenSession;Lorg/apache/maven/project/MavenProject;)V+513
j  org.apache.maven.lifecycle.DefaultLifecycleExecutor.executeGoalWithLifecycle(Ljava/lang/String;Ljava/util/Stack;Lorg/apache/maven/execution/MavenSession;Ljava/util/Map;Lorg/apache/maven/project/MavenProject;Lorg/apache/maven/lifecycle/Lifecycle;)V+28
j  org.apache.maven.lifecycle.DefaultLifecycleExecutor.executeGoal(Ljava/lang/String;Lorg/apache/maven/execution/MavenSession;Lorg/apache/maven/project/MavenProject;)V+50
j  org.apache.maven.lifecycle.DefaultLifecycleExecutor.executeGoalAndHandleFailures(Ljava/lang/String;Lorg/apache/maven/execution/MavenSession;Lorg/apache/maven/project/MavenProject;Lorg/apache/maven/monitor/event/EventDispatcher;Ljava/lang/String;Lorg/apache/maven/execution/ReactorManager;JLjava/lang/String;)V+4
j  org.apache.maven.lifecycle.DefaultLifecycleExecutor.executeTaskSegments(Ljava/util/List;Lorg/apache/maven/execution/ReactorManager;Lorg/apache/maven/execution/MavenSession;Lorg/apache/maven/project/MavenProject;Lorg/apache/maven/monitor/event/EventDispatcher;)V+584
j  org.apache.maven.lifecycle.DefaultLifecycleExecutor.execute(Lorg/apache/maven/execution/MavenSession;Lorg/apache/maven/execution/ReactorManager;Lorg/apache/maven/monitor/event/EventDispatcher;)V+241
j  org.apache.maven.DefaultMaven.doExecute(Lorg/apache/maven/execution/MavenExecutionRequest;Lorg/apache/maven/monitor/event/EventDispatcher;)Lorg/apache/maven/execution/ReactorManager;+365
j  org.apache.maven.DefaultMaven.execute(Lorg/apache/maven/execution/MavenExecutionRequest;)V+26
j  org.apache.maven.cli.MavenCli.main([Ljava/lang/String;Lorg/codehaus/classworlds/ClassWorld;)I+1022
j  org.apache.maven.cli.compat.CompatibleMain.main([Ljava/lang/String;Lorg/codehaus/classworlds/ClassWorld;)I+81
v  ~StubRoutines::call_stub
j  sun.reflect.NativeMethodAccessorImpl.invoke0(Ljava/lang/reflect/Method;Ljava/lang/Object;[Ljava/lang/Object;)Ljava/lang/Object;+0
j  sun.reflect.NativeMethodAccessorImpl.invoke(Ljava/lang/Object;[Ljava/lang/Object;)Ljava/lang/Object;+87
j  sun.reflect.DelegatingMethodAccessorImpl.invoke(Ljava/lang/Object;[Ljava/lang/Object;)Ljava/lang/Object;+6
j  java.lang.reflect.Method.invoke(Ljava/lang/Object;[Ljava/lang/Object;)Ljava/lang/Object;+57
j  org.codehaus.classworlds.Launcher.launchEnhanced([Ljava/lang/String;)V+50
j  org.codehaus.classworlds.Launcher.launch([Ljava/lang/String;)V+2
j  org.codehaus.classworlds.Launcher.mainWithExitCode([Ljava/lang/String;)I+99
j  org.codehaus.classworlds.Launcher.main([Ljava/lang/String;)V+1
v  ~StubRoutines::call_stub

---------------  P R O C E S S  ---------------

Java Threads: ( => current thread )
  0x9fdfb000 JavaThread "pool-1-thread-5" [_thread_blocked, id=6624, stack(0x9f9af000,0x9fa00000)]
  0x9fa15400 JavaThread "pool-1-thread-4" [_thread_blocked, id=6623, stack(0x9fc0d000,0x9fc5e000)]
  0x9fdf0400 JavaThread "pool-1-thread-3" [_thread_blocked, id=6621, stack(0x9fc5e000,0x9fcaf000)]
  0x9fdd2800 JavaThread "pool-1-thread-2" [_thread_blocked, id=6620, stack(0x9fcaf000,0x9fd00000)]
  0x9fdd1c00 JavaThread "pool-1-thread-1" [_thread_blocked, id=6619, stack(0x9fe45000,0x9fe96000)]
  0x9fd64c00 JavaThread "process reaper" daemon [_thread_blocked, id=6617, stack(0x9fe96000,0x9fead000)]
  0xb6a6f400 JavaThread "Service Thread" daemon [_thread_blocked, id=6614, stack(0x9ff2e000,0x9ff7f000)]
  0xb6a6d400 JavaThread "C1 CompilerThread0" daemon [_thread_blocked, id=6613, stack(0x9ff7f000,0xa0000000)]
  0xb6a6b800 JavaThread "Signal Dispatcher" daemon [_thread_blocked, id=6612, stack(0xa030d000,0xa035e000)]
  0xb6a5b400 JavaThread "Finalizer" daemon [_thread_blocked, id=6611, stack(0xa035e000,0xa03af000)]
  0xb6a58c00 JavaThread "Reference Handler" daemon [_thread_blocked, id=6610, stack(0xa03af000,0xa0400000)]
=>0xb6a07400 JavaThread "main" [_thread_in_vm, id=6608, stack(0xb6b64000,0xb6bb5000)]

Other Threads:
  0xb6a57400 VMThread [stack: 0xa0544000,0xa05c5000] [id=6609]
  0xb6a79800 WatcherThread [stack: 0x9fead000,0x9ff2e000] [id=6615]

VM state:not at safepoint (normal execution)

VM Mutex/Monitor currently owned by a thread: None

Heap
 def new generation   total 20608K, used 10680K [0xa0940000, 0xa1f90000, 0xa5e90000)
  eden space 18368K,  48% used [0xa0940000, 0xa11f2b28, 0xa1b30000)
  from space 2240K,  79% used [0xa1b30000, 0xa1ceb5a8, 0xa1d60000)
  to   space 2240K,   0% used [0xa1d60000, 0xa1d60000, 0xa1f90000)
 tenured generation   total 45640K, used 32217K [0xa5e90000, 0xa8b22000, 0xb0940000)
   the space 45640K,  70% used [0xa5e90000, 0xa7e06570, 0xa7e06600, 0xa8b22000)
 compacting perm gen  total 12288K, used 9994K [0xb0940000, 0xb1540000, 0xb4940000)
   the space 12288K,  81% used [0xb0940000, 0xb1302830, 0xb1302a00, 0xb1540000)
No shared spaces configured.

Card table byte_map: [0xa089f000,0xa0940000] byte_map_base: 0xa039a600

Polling page: 0xb77b5000

Code Cache  [0xb49cf000, 0xb4d47000, 0xb69cf000)
 total_blobs=1866 nmethods=1714 adapters=87 free_code_cache=29232Kb largest_free_block=29925120

Compilation events (10 events):
Event: 11,729 Thread 0xb6a6d400 1729             java.util.Vector::<init> (7 bytes)
Event: 11,729 Thread 0xb6a6d400 nmethod 1729 0xb4d3ca88 code [0xb4d3cb80, 0xb4d3cc1c]
Event: 11,770 Thread 0xb6a6d400 1730             java.util.LinkedHashMap::newValueIterator (10 bytes)
Event: 11,771 Thread 0xb6a6d400 nmethod 1730 0xb4d3cc88 code [0xb4d3cd90, 0xb4d3ce8c]
Event: 11,874 Thread 0xb6a6d400 1731             org.apache.maven.model.Build::getOutputDirectory (5 bytes)
Event: 11,874 Thread 0xb6a6d400 nmethod 1731 0xb4d3cf48 code [0xb4d3d040, 0xb4d3d0c0]
Event: 11,879 Thread 0xb6a6d400 1732   !         org.apache.maven.project.DefaultMavenProjectBuilder::createManagedVersionMap (440 bytes)
Event: 11,884 Thread 0xb6a6d400 nmethod 1732 0xb4d3d108 code [0xb4d3d570, 0xb4d3e604]
Event: 11,891 Thread 0xb6a6d400 1733   !         hidden.org.codehaus.plexus.util.xml.pull.MXParser::parseEpilog (758 bytes)
Event: 11,898 Thread 0xb6a6d400 nmethod 1733 0xb4d3fe48 code [0xb4d40520, 0xb4d431b4]

GC Heap History (10 events):
Event: 9,269 GC heap before
{Heap before GC invocations=47 (full 2):
 def new generation   total 11712K, used 11699K [0xa0940000, 0xa15f0000, 0xa5e90000)
  eden space 10432K, 100% used [0xa0940000, 0xa1370000, 0xa1370000)
  from space 1280K,  99% used [0xa14b0000, 0xa15ece28, 0xa15f0000)
  to   space 1280K,   0% used [0xa1370000, 0xa1370000, 0xa14b0000)
 tenured generation   total 25868K, used 25000K [0xa5e90000, 0xa77d3000, 0xb0940000)
   the space 25868K,  96% used [0xa5e90000, 0xa76fa330, 0xa76fa400, 0xa77d3000)
 compacting perm gen  total 12288K, used 9272K [0xb0940000, 0xb1540000, 0xb4940000)
   the space 12288K,  75% used [0xb0940000, 0xb124e188, 0xb124e200, 0xb1540000)
No shared spaces configured.
Event: 9,497 GC heap after
Heap after GC invocations=48 (full 3):
 def new generation   total 20608K, used 0K [0xa0940000, 0xa1f90000, 0xa5e90000)
  eden space 18368K,   0% used [0xa0940000, 0xa0940000, 0xa1b30000)
  from space 2240K,   0% used [0xa1b30000, 0xa1b30000, 0xa1d60000)
  to   space 2240K,   0% used [0xa1d60000, 0xa1d60000, 0xa1f90000)
 tenured generation   total 45640K, used 27383K [0xa5e90000, 0xa8b22000, 0xb0940000)
   the space 45640K,  59% used [0xa5e90000, 0xa794de10, 0xa794e000, 0xa8b22000)
 compacting perm gen  total 12288K, used 9272K [0xb0940000, 0xb1540000, 0xb4940000)
   the space 12288K,  75% used [0xb0940000, 0xb124e188, 0xb124e200, 0xb1540000)
No shared spaces configured.
}
Event: 10,223 GC heap before
{Heap before GC invocations=48 (full 3):
 def new generation   total 20608K, used 18368K [0xa0940000, 0xa1f90000, 0xa5e90000)
  eden space 18368K, 100% used [0xa0940000, 0xa1b30000, 0xa1b30000)
  from space 2240K,   0% used [0xa1b30000, 0xa1b30000, 0xa1d60000)
  to   space 2240K,   0% used [0xa1d60000, 0xa1d60000, 0xa1f90000)
 tenured generation   total 45640K, used 27383K [0xa5e90000, 0xa8b22000, 0xb0940000)
   the space 45640K,  59% used [0xa5e90000, 0xa794de10, 0xa794e000, 0xa8b22000)
 compacting perm gen  total 12288K, used 9472K [0xb0940000, 0xb1540000, 0xb4940000)
   the space 12288K,  77% used [0xb0940000, 0xb12803d0, 0xb1280400, 0xb1540000)
No shared spaces configured.
Event: 10,249 GC heap after
Heap after GC invocations=49 (full 3):
 def new generation   total 20608K, used 2240K [0xa0940000, 0xa1f90000, 0xa5e90000)
  eden space 18368K,   0% used [0xa0940000, 0xa0940000, 0xa1b30000)
  from space 2240K, 100% used [0xa1d60000, 0xa1f90000, 0xa1f90000)
  to   space 2240K,   0% used [0xa1b30000, 0xa1b30000, 0xa1d60000)
 tenured generation   total 45640K, used 28067K [0xa5e90000, 0xa8b22000, 0xb0940000)
   the space 45640K,  61% used [0xa5e90000, 0xa79f8cb0, 0xa79f8e00, 0xa8b22000)
 compacting perm gen  total 12288K, used 9472K [0xb0940000, 0xb1540000, 0xb4940000)
   the space 12288K,  77% used [0xb0940000, 0xb12803d0, 0xb1280400, 0xb1540000)
No shared spaces configured.
}
Event: 10,692 GC heap before
{Heap before GC invocations=49 (full 3):
 def new generation   total 20608K, used 20608K [0xa0940000, 0xa1f90000, 0xa5e90000)
  eden space 18368K, 100% used [0xa0940000, 0xa1b30000, 0xa1b30000)
  from space 2240K, 100% used [0xa1d60000, 0xa1f90000, 0xa1f90000)
  to   space 2240K,   0% used [0xa1b30000, 0xa1b30000, 0xa1d60000)
 tenured generation   total 45640K, used 28067K [0xa5e90000, 0xa8b22000, 0xb0940000)
   the space 45640K,  61% used [0xa5e90000, 0xa79f8cb0, 0xa79f8e00, 0xa8b22000)
 compacting perm gen  total 12288K, used 9474K [0xb0940000, 0xb1540000, 0xb4940000)
   the space 12288K,  77% used [0xb0940000, 0xb12809c0, 0xb1280a00, 0xb1540000)
No shared spaces configured.
Event: 10,719 GC heap after
Heap after GC invocations=50 (full 3):
 def new generation   total 20608K, used 2172K [0xa0940000, 0xa1f90000, 0xa5e90000)
  eden space 18368K,   0% used [0xa0940000, 0xa0940000, 0xa1b30000)
  from space 2240K,  96% used [0xa1b30000, 0xa1d4f1e0, 0xa1d60000)
  to   space 2240K,   0% used [0xa1d60000, 0xa1d60000, 0xa1f90000)
 tenured generation   total 45640K, used 30203K [0xa5e90000, 0xa8b22000, 0xb0940000)
   the space 45640K,  66% used [0xa5e90000, 0xa7c0ed10, 0xa7c0ee00, 0xa8b22000)
 compacting perm gen  total 12288K, used 9474K [0xb0940000, 0xb1540000, 0xb4940000)
   the space 12288K,  77% used [0xb0940000, 0xb12809c0, 0xb1280a00, 0xb1540000)
No shared spaces configured.
}
Event: 10,887 GC heap before
{Heap before GC invocations=50 (full 3):
 def new generation   total 20608K, used 20540K [0xa0940000, 0xa1f90000, 0xa5e90000)
  eden space 18368K, 100% used [0xa0940000, 0xa1b30000, 0xa1b30000)
  from space 2240K,  96% used [0xa1b30000, 0xa1d4f1e0, 0xa1d60000)
  to   space 2240K,   0% used [0xa1d60000, 0xa1d60000, 0xa1f90000)
 tenured generation   total 45640K, used 30203K [0xa5e90000, 0xa8b22000, 0xb0940000)
   the space 45640K,  66% used [0xa5e90000, 0xa7c0ed10, 0xa7c0ee00, 0xa8b22000)
 compacting perm gen  total 12288K, used 9474K [0xb0940000, 0xb1540000, 0xb4940000)
   the space 12288K,  77% used [0xb0940000, 0xb12809c0, 0xb1280a00, 0xb1540000)
No shared spaces configured.
Event: 10,904 GC heap after
Heap after GC invocations=51 (full 3):
 def new generation   total 20608K, used 461K [0xa0940000, 0xa1f90000, 0xa5e90000)
  eden space 18368K,   0% used [0xa0940000, 0xa0940000, 0xa1b30000)
  from space 2240K,  20% used [0xa1d60000, 0xa1dd36f0, 0xa1f90000)
  to   space 2240K,   0% used [0xa1b30000, 0xa1b30000, 0xa1d60000)
 tenured generation   total 45640K, used 32217K [0xa5e90000, 0xa8b22000, 0xb0940000)
   the space 45640K,  70% used [0xa5e90000, 0xa7e06570, 0xa7e06600, 0xa8b22000)
 compacting perm gen  total 12288K, used 9474K [0xb0940000, 0xb1540000, 0xb4940000)
   the space 12288K,  77% used [0xb0940000, 0xb12809c0, 0xb1280a00, 0xb1540000)
No shared spaces configured.
}
Event: 11,657 GC heap before
{Heap before GC invocations=51 (full 3):
 def new generation   total 20608K, used 18829K [0xa0940000, 0xa1f90000, 0xa5e90000)
  eden space 18368K, 100% used [0xa0940000, 0xa1b30000, 0xa1b30000)
  from space 2240K,  20% used [0xa1d60000, 0xa1dd36f0, 0xa1f90000)
  to   space 2240K,   0% used [0xa1b30000, 0xa1b30000, 0xa1d60000)
 tenured generation   total 45640K, used 32217K [0xa5e90000, 0xa8b22000, 0xb0940000)
   the space 45640K,  70% used [0xa5e90000, 0xa7e06570, 0xa7e06600, 0xa8b22000)
 compacting perm gen  total 12288K, used 9994K [0xb0940000, 0xb1540000, 0xb4940000)
   the space 12288K,  81% used [0xb0940000, 0xb1302830, 0xb1302a00, 0xb1540000)
No shared spaces configured.
Event: 11,666 GC heap after
Heap after GC invocations=52 (full 3):
 def new generation   total 20608K, used 1773K [0xa0940000, 0xa1f90000, 0xa5e90000)
  eden space 18368K,   0% used [0xa0940000, 0xa0940000, 0xa1b30000)
  from space 2240K,  79% used [0xa1b30000, 0xa1ceb5a8, 0xa1d60000)
  to   space 2240K,   0% used [0xa1d60000, 0xa1d60000, 0xa1f90000)
 tenured generation   total 45640K, used 32217K [0xa5e90000, 0xa8b22000, 0xb0940000)
   the space 45640K,  70% used [0xa5e90000, 0xa7e06570, 0xa7e06600, 0xa8b22000)
 compacting perm gen  total 12288K, used 9994K [0xb0940000, 0xb1540000, 0xb4940000)
   the space 12288K,  81% used [0xb0940000, 0xb1302830, 0xb1302a00, 0xb1540000)
No shared spaces configured.
}

Deoptimization events (0 events):
No events

Internal exceptions (10 events):
Event: 11,896 Thread 0xb6a07400 Threw 0xa10a0db0 at /HUDSON/workspace/jdk7u40-2-build-linux-i586-product/jdk7u40/hotspot/src/share/vm/prims/jvm.cpp:1244
Event: 11,896 Thread 0xb6a07400 Threw 0xa10a1ac0 at /HUDSON/workspace/jdk7u40-2-build-linux-i586-product/jdk7u40/hotspot/src/share/vm/prims/jvm.cpp:1244
Event: 11,896 Thread 0xb6a07400 Threw 0xa10a21e0 at /HUDSON/workspace/jdk7u40-2-build-linux-i586-product/jdk7u40/hotspot/src/share/vm/prims/jvm.cpp:1244
Event: 11,897 Thread 0xb6a07400 Threw 0xa10a3480 at /HUDSON/workspace/jdk7u40-2-build-linux-i586-product/jdk7u40/hotspot/src/share/vm/prims/jvm.cpp:1244
Event: 11,897 Thread 0xb6a07400 Threw 0xa10a3bc0 at /HUDSON/workspace/jdk7u40-2-build-linux-i586-product/jdk7u40/hotspot/src/share/vm/prims/jvm.cpp:1244
Event: 11,897 Thread 0xb6a07400 Threw 0xa10a48f8 at /HUDSON/workspace/jdk7u40-2-build-linux-i586-product/jdk7u40/hotspot/src/share/vm/prims/jvm.cpp:1244
Event: 11,897 Thread 0xb6a07400 Threw 0xa10a5070 at /HUDSON/workspace/jdk7u40-2-build-linux-i586-product/jdk7u40/hotspot/src/share/vm/prims/jvm.cpp:1244
Event: 11,897 Thread 0xb6a07400 Threw 0xa10a5d78 at /HUDSON/workspace/jdk7u40-2-build-linux-i586-product/jdk7u40/hotspot/src/share/vm/prims/jvm.cpp:1244
Event: 11,897 Thread 0xb6a07400 Threw 0xa10a64b8 at /HUDSON/workspace/jdk7u40-2-build-linux-i586-product/jdk7u40/hotspot/src/share/vm/prims/jvm.cpp:1244
Event: 11,931 Thread 0xb6a07400 Threw 0xa11b87a8 at /HUDSON/workspace/jdk7u40-2-build-linux-i586-product/jdk7u40/hotspot/src/share/vm/prims/jvm.cpp:1244

Events (10 events):
Event: 11,896 loading class 0x9fddc488
Event: 11,896 loading class 0x9fddc488 done
Event: 11,896 loading class 0x9fdda708
Event: 11,896 loading class 0x9fdda708 done
Event: 11,897 loading class 0x9fdda560
Event: 11,897 loading class 0x9fdda560 done
Event: 11,897 loading class 0x9fdda3f0
Event: 11,897 loading class 0x9fdda3f0 done
Event: 11,931 loading class 0x9fddd540
Event: 11,931 loading class 0x9fddd540 done


Dynamic libraries:
08048000-08049000 r-xp 00000000 08:14 1717000    /usr/local/java/jdk1.7.0_40/bin/java
08049000-0804a000 rw-p 00000000 08:14 1717000    /usr/local/java/jdk1.7.0_40/bin/java
0885c000-0887d000 rw-p 00000000 00:00 0          [heap]
9f300000-9f3fb000 rw-p 00000000 00:00 0 
9f3fb000-9f400000 ---p 00000000 00:00 0 
9f418000-9f500000 rw-p 00000000 00:00 0 
9f500000-9f600000 rw-p 00000000 00:00 0 
9f600000-9f6ff000 rw-p 00000000 00:00 0 
9f6ff000-9f700000 ---p 00000000 00:00 0 
9f70d000-9f710000 ---p 00000000 00:00 0 
9f710000-9f75e000 rw-p 00000000 00:00 0 
9f75e000-9f761000 ---p 00000000 00:00 0 
9f761000-9f7af000 rw-p 00000000 00:00 0 
9f7af000-9f7b2000 ---p 00000000 00:00 0 
9f7b2000-9f800000 rw-p 00000000 00:00 0 
9f800000-9f8f9000 rw-p 00000000 00:00 0 
9f8f9000-9f900000 ---p 00000000 00:00 0 
9f945000-9f9af000 r--s 00e19000 08:14 1716950    /usr/local/java/jdk1.7.0_40/lib/tools.jar
9f9af000-9f9b2000 ---p 00000000 00:00 0 
9f9b2000-9fa00000 rw-p 00000000 00:00 0          [stack:6624]
9fa00000-9faf8000 rw-p 00000000 00:00 0 
9faf8000-9fb00000 ---p 00000000 00:00 0 
9fb00000-9fc00000 rw-p 00000000 00:00 0 
9fc0d000-9fc10000 ---p 00000000 00:00 0 
9fc10000-9fc5e000 rw-p 00000000 00:00 0          [stack:6623]
9fc5e000-9fc61000 ---p 00000000 00:00 0 
9fc61000-9fcaf000 rw-p 00000000 00:00 0          [stack:6621]
9fcaf000-9fcb2000 ---p 00000000 00:00 0 
9fcb2000-9fd00000 rw-p 00000000 00:00 0          [stack:6620]
9fd00000-9fe00000 rw-p 00000000 00:00 0 
9fe2d000-9fe30000 rw-p 00000000 00:00 0 
9fe30000-9fe32000 r--s 00006000 08:14 5769548    /home/guilherme/.m2/repository/org/apache/maven/shared/maven-common-artifact-filters/1.3/maven-common-artifact-filters-1.3.jar
9fe32000-9fe35000 r--s 00034000 08:14 5769545    /home/guilherme/.m2/repository/org/codehaus/plexus/plexus-utils/2.1/plexus-utils-2.1.jar
9fe35000-9fe37000 r--s 0000d000 08:14 5251093    /home/guilherme/.m2/repository/org/apache/maven/surefire/maven-surefire-common/2.10/maven-surefire-common-2.10.jar
9fe37000-9fe3c000 r--s 00023000 08:14 4991628    /home/guilherme/.m2/repository/org/apache/maven/surefire/surefire-api/2.10/surefire-api-2.10.jar
9fe3c000-9fe3e000 r--s 00007000 08:14 4727903    /home/guilherme/.m2/repository/org/apache/maven/surefire/surefire-booter/2.10/surefire-booter-2.10.jar
9fe3e000-9fe3f000 r--s 00003000 08:14 5376448    /home/guilherme/.m2/repository/org/codehaus/plexus/plexus-compiler-javac/1.5.3/plexus-compiler-javac-1.5.3.jar
9fe3f000-9fe41000 r--s 00000000 08:14 5376445    /home/guilherme/.m2/repository/org/codehaus/plexus/plexus-compiler-manager/1.5.3/plexus-compiler-manager-1.5.3.jar
9fe41000-9fe43000 r--s 00026000 08:14 4599818    /home/guilherme/.m2/repository/org/codehaus/plexus/plexus-utils/1.0.4/plexus-utils-1.0.4.jar
9fe43000-9fe45000 r--s 0000b000 08:14 5376409    /home/guilherme/.m2/repository/org/codehaus/plexus/plexus-interpolation/1.6/plexus-interpolation-1.6.jar
9fe45000-9fe48000 ---p 00000000 00:00 0 
9fe48000-9fe96000 rw-p 00000000 00:00 0          [stack:6619]
9fe96000-9fe99000 ---p 00000000 00:00 0 
9fe99000-9fead000 rw-p 00000000 00:00 0          [stack:6617]
9fead000-9feae000 ---p 00000000 00:00 0 
9feae000-9ff2e000 rw-p 00000000 00:00 0          [stack:6615]
9ff2e000-9ff31000 ---p 00000000 00:00 0 
9ff31000-9ff7f000 rw-p 00000000 00:00 0          [stack:6614]
9ff7f000-9ff82000 ---p 00000000 00:00 0 
9ff82000-a0000000 rw-p 00000000 00:00 0          [stack:6613]
a0000000-a0200000 r--p 00000000 08:14 1449933    /usr/lib/locale/locale-archive
a0200000-a0221000 rw-p 00000000 00:00 0 
a0221000-a0300000 ---p 00000000 00:00 0 
a0300000-a0301000 r--s 00004000 08:14 5376442    /home/guilherme/.m2/repository/org/codehaus/plexus/plexus-compiler-api/1.5.3/plexus-compiler-api-1.5.3.jar
a0301000-a0303000 r--s 00007000 08:14 4854509    /home/guilherme/.m2/repository/org/apache/maven/shared/maven-filtering/1.0-beta-2/maven-filtering-1.0-beta-2.jar
a0303000-a0304000 r--s 00005000 08:14 4202639    /home/guilherme/.m2/repository/org/apache/maven/plugins/maven-install-plugin/2.3/maven-install-plugin-2.3.jar
a0304000-a0306000 r--s 00006000 08:14 4203254    /home/guilherme/.m2/repository/org/apache/maven/plugins/maven-surefire-plugin/2.10/maven-surefire-plugin-2.10.jar
a0306000-a0308000 r--s 00004000 08:14 4202766    /home/guilherme/.m2/repository/org/apache/maven/plugins/maven-resources-plugin/2.3/maven-resources-plugin-2.3.jar
a0308000-a030d000 r--s 00039000 08:14 4854508    /home/guilherme/.m2/repository/org/codehaus/plexus/plexus-utils/1.5.6/plexus-utils-1.5.6.jar
a030d000-a0310000 ---p 00000000 00:00 0 
a0310000-a035e000 rw-p 00000000 00:00 0          [stack:6612]
a035e000-a0361000 ---p 00000000 00:00 0 
a0361000-a03af000 rw-p 00000000 00:00 0          [stack:6611]
a03af000-a03b2000 ---p 00000000 00:00 0 
a03b2000-a0400000 rw-p 00000000 00:00 0          [stack:6610]
a0400000-a04f9000 rw-p 00000000 00:00 0 
a04f9000-a0500000 ---p 00000000 00:00 0 
a0500000-a0514000 r-xp 00000000 08:14 1717553    /usr/local/java/jdk1.7.0_40/jre/lib/i386/libnet.so
a0514000-a0515000 rw-p 00014000 08:14 1717553    /usr/local/java/jdk1.7.0_40/jre/lib/i386/libnet.so
a0515000-a0544000 r--s 00236000 08:14 1587137    /usr/share/maven2/lib/maven-debian-uber.jar
a0544000-a0545000 ---p 00000000 00:00 0 
a0545000-a0610000 rw-p 00000000 00:00 0          [stack:6609]
a0610000-a07cd000 r--s 039d3000 08:14 1717013    /usr/local/java/jdk1.7.0_40/jre/lib/rt.jar
a07cd000-a082f000 rw-p 00000000 00:00 0 
a082f000-a0849000 rw-p 00000000 00:00 0 
a0849000-a0860000 rw-p 00000000 00:00 0 
a0860000-a089f000 rw-p 00000000 00:00 0 
a089f000-a08ab000 rw-p 00000000 00:00 0 
a08ab000-a08c9000 rw-p 00000000 00:00 0 
a08c9000-a08e0000 rw-p 00000000 00:00 0 
a08e0000-a091f000 rw-p 00000000 00:00 0 
a091f000-a0925000 rw-p 00000000 00:00 0 
a0925000-a093f000 rw-p 00000000 00:00 0 
a093f000-a1f90000 rw-p 00000000 00:00 0 
a1f90000-a5e90000 rw-p 00000000 00:00 0 
a5e90000-a8b22000 rw-p 00000000 00:00 0 
a8b22000-b0940000 rw-p 00000000 00:00 0 
b0940000-b1540000 rw-p 00000000 00:00 0 
b1540000-b4940000 rw-p 00000000 00:00 0 
b4940000-b4942000 r--s 00008000 08:14 5250126    /home/guilherme/.m2/repository/org/apache/maven/shared/maven-shared-io/1.1/maven-shared-io-1.1.jar
b4942000-b4944000 r--s 00008000 08:14 5112229    /home/guilherme/.m2/repository/org/apache/maven/shared/file-management/1.2.1/file-management-1.2.1.jar
b4944000-b4946000 r--s 00007000 08:14 4335231    /home/guilherme/.m2/repository/org/apache/maven/plugins/maven-jar-plugin/2.4/maven-jar-plugin-2.4.jar
b4946000-b494a000 r--s 0002f000 08:14 4338695    /home/guilherme/.m2/repository/org/apache/maven/plugins/maven-assembly-plugin/2.2-beta-4/maven-assembly-plugin-2.2-beta-4.jar
b494a000-b494d000 r--s 0001e000 08:14 4196895    /home/guilherme/.m2/repository/org/apache/maven/plugins/maven-dependency-plugin/2.4/maven-dependency-plugin-2.4.jar
b494d000-b494f000 r--s 00003000 08:14 4981594    /home/guilherme/.m2/repository/org/apache/maven/plugins/maven-clean-plugin/2.3/maven-clean-plugin-2.3.jar
b494f000-b495d000 rw-p 00000000 00:00 0 
b495d000-b49cf000 rw-p 00000000 00:00 0 
b49cf000-b4d47000 rwxp 00000000 00:00 0 
b4d47000-b69cf000 rw-p 00000000 00:00 0 
b69cf000-b69e6000 r-xp 00000000 08:14 1717575    /usr/local/java/jdk1.7.0_40/jre/lib/i386/libzip.so
b69e6000-b69e7000 rw-p 00017000 08:14 1717575    /usr/local/java/jdk1.7.0_40/jre/lib/i386/libzip.so
b69e7000-b69f2000 r-xp 00000000 08:14 2492817    /lib/i386-linux-gnu/libnss_files-2.17.so
b69f2000-b69f3000 r--p 0000a000 08:14 2492817    /lib/i386-linux-gnu/libnss_files-2.17.so
b69f3000-b69f4000 rw-p 0000b000 08:14 2492817    /lib/i386-linux-gnu/libnss_files-2.17.so
b69f4000-b69fe000 r-xp 00000000 08:14 2492828    /lib/i386-linux-gnu/libnss_nis-2.17.so
b69fe000-b69ff000 r--p 00009000 08:14 2492828    /lib/i386-linux-gnu/libnss_nis-2.17.so
b69ff000-b6a00000 rw-p 0000a000 08:14 2492828    /lib/i386-linux-gnu/libnss_nis-2.17.so
b6a00000-b6afa000 rw-p 00000000 00:00 0 
b6afa000-b6b00000 ---p 00000000 00:00 0 
b6b00000-b6b01000 r--s 00004000 08:14 4203245    /home/guilherme/.m2/repository/org/apache/maven/plugins/maven-compiler-plugin/2.0.2/maven-compiler-plugin-2.0.2.jar
b6b01000-b6b05000 r--s 0008a000 08:14 1717584    /usr/local/java/jdk1.7.0_40/jre/lib/jsse.jar
b6b05000-b6b1a000 r-xp 00000000 08:14 2492814    /lib/i386-linux-gnu/libnsl-2.17.so
b6b1a000-b6b1b000 r--p 00014000 08:14 2492814    /lib/i386-linux-gnu/libnsl-2.17.so
b6b1b000-b6b1c000 rw-p 00015000 08:14 2492814    /lib/i386-linux-gnu/libnsl-2.17.so
b6b1c000-b6b1e000 rw-p 00000000 00:00 0 
b6b1e000-b6b2c000 r-xp 00000000 08:14 1717562    /usr/local/java/jdk1.7.0_40/jre/lib/i386/libnio.so
b6b2c000-b6b2d000 rw-p 0000e000 08:14 1717562    /usr/local/java/jdk1.7.0_40/jre/lib/i386/libnio.so
b6b2d000-b6b2f000 r--s 00008000 08:14 1850180    /usr/share/java/classworlds-1.1.jar
b6b2f000-b6b37000 rw-s 00000000 08:14 5778548    /tmp/hsperfdata_guilherme/6606
b6b37000-b6b5a000 r-xp 00000000 08:14 1717538    /usr/local/java/jdk1.7.0_40/jre/lib/i386/libjava.so
b6b5a000-b6b5b000 rw-p 00022000 08:14 1717538    /usr/local/java/jdk1.7.0_40/jre/lib/i386/libjava.so
b6b5b000-b6b62000 r-xp 00000000 08:14 2492827    /lib/i386-linux-gnu/librt-2.17.so
b6b62000-b6b63000 r--p 00006000 08:14 2492827    /lib/i386-linux-gnu/librt-2.17.so
b6b63000-b6b64000 rw-p 00007000 08:14 2492827    /lib/i386-linux-gnu/librt-2.17.so
b6b64000-b6b67000 ---p 00000000 00:00 0 
b6b67000-b6bb5000 rw-p 00000000 00:00 0          [stack:6608]
b6bb5000-b6bf6000 r-xp 00000000 08:14 2492824    /lib/i386-linux-gnu/libm-2.17.so
b6bf6000-b6bf7000 r--p 00040000 08:14 2492824    /lib/i386-linux-gnu/libm-2.17.so
b6bf7000-b6bf8000 rw-p 00041000 08:14 2492824    /lib/i386-linux-gnu/libm-2.17.so
b6bf8000-b717e000 r-xp 00000000 08:14 1717533    /usr/local/java/jdk1.7.0_40/jre/lib/i386/client/libjvm.so
b717e000-b719f000 rw-p 00586000 08:14 1717533    /usr/local/java/jdk1.7.0_40/jre/lib/i386/client/libjvm.so
b719f000-b75c0000 rw-p 00000000 00:00 0 
b75c0000-b776e000 r-xp 00000000 08:14 2492825    /lib/i386-linux-gnu/libc-2.17.so
b776e000-b7770000 r--p 001ae000 08:14 2492825    /lib/i386-linux-gnu/libc-2.17.so
b7770000-b7771000 rw-p 001b0000 08:14 2492825    /lib/i386-linux-gnu/libc-2.17.so
b7771000-b7774000 rw-p 00000000 00:00 0 
b7774000-b7777000 r-xp 00000000 08:14 2492830    /lib/i386-linux-gnu/libdl-2.17.so
b7777000-b7778000 r--p 00002000 08:14 2492830    /lib/i386-linux-gnu/libdl-2.17.so
b7778000-b7779000 rw-p 00003000 08:14 2492830    /lib/i386-linux-gnu/libdl-2.17.so
b7779000-b777a000 rw-p 00000000 00:00 0 
b777a000-b778d000 r-xp 00000000 08:14 1717542    /usr/local/java/jdk1.7.0_40/jre/lib/i386/jli/libjli.so
b778d000-b778e000 rw-p 00012000 08:14 1717542    /usr/local/java/jdk1.7.0_40/jre/lib/i386/jli/libjli.so
b778e000-b77a5000 r-xp 00000000 08:14 2492823    /lib/i386-linux-gnu/libpthread-2.17.so
b77a5000-b77a6000 r--p 00016000 08:14 2492823    /lib/i386-linux-gnu/libpthread-2.17.so
b77a6000-b77a7000 rw-p 00017000 08:14 2492823    /lib/i386-linux-gnu/libpthread-2.17.so
b77a7000-b77a9000 rw-p 00000000 00:00 0 
b77a9000-b77aa000 r--p 00000000 00:00 0 
b77aa000-b77ab000 r--p 005e0000 08:14 1449933    /usr/lib/locale/locale-archive
b77ab000-b77b2000 r-xp 00000000 08:14 2492818    /lib/i386-linux-gnu/libnss_compat-2.17.so
b77b2000-b77b3000 r--p 00006000 08:14 2492818    /lib/i386-linux-gnu/libnss_compat-2.17.so
b77b3000-b77b4000 rw-p 00007000 08:14 2492818    /lib/i386-linux-gnu/libnss_compat-2.17.so
b77b4000-b77b5000 rw-p 00000000 00:00 0 
b77b5000-b77b6000 r--p 00000000 00:00 0 
b77b6000-b77c1000 r-xp 00000000 08:14 1717520    /usr/local/java/jdk1.7.0_40/jre/lib/i386/libverify.so
b77c1000-b77c2000 rw-p 0000b000 08:14 1717520    /usr/local/java/jdk1.7.0_40/jre/lib/i386/libverify.so
b77c2000-b77c4000 rw-p 00000000 00:00 0 
b77c4000-b77c5000 r-xp 00000000 00:00 0          [vdso]
b77c5000-b77e5000 r-xp 00000000 08:14 2492826    /lib/i386-linux-gnu/ld-2.17.so
b77e5000-b77e6000 r--p 0001f000 08:14 2492826    /lib/i386-linux-gnu/ld-2.17.so
b77e6000-b77e7000 rw-p 00020000 08:14 2492826    /lib/i386-linux-gnu/ld-2.17.so
bf9f0000-bfa11000 rw-p 00000000 00:00 0          [stack]

VM Arguments:
jvm_args: -Dclassworlds.conf=/usr/share/maven2/bin/m2.conf -Dmaven.home=/usr/share/maven2 
java_command: org.codehaus.classworlds.Launcher "clean" "install"
Launcher Type: SUN_STANDARD

Environment Variables:
JAVA_HOME=/usr/local/java/jdk1.7.0_40
JRE_HOME=/usr/local/java/jre1.7.0_40
PATH=/opt/SenchaSDKTools-2.0.0-beta3:/home/guilherme/bin/Sencha/Cmd/4.0.0.203:/usr/local/heroku/bin:/opt/SenchaSDKTools-2.0.0-beta3:/home/guilherme/bin/Sencha/Cmd/4.0.0.203:/home/guilherme/bin:/usr/lib/lightdm/lightdm:/usr/local/sbin:/usr/local/bin:/usr/sbin:/usr/bin:/sbin:/bin:/usr/games:/usr/local/games:/home/guilherme/bin:/usr/local/java/jdk1.7.0_40/bin:/home/guilherme/bin:/usr/local/java/jre1.7.0_40/bin
SHELL=/bin/bash
DISPLAY=:0

Signal Handlers:
SIGSEGV: [libjvm.so+0x503d90], sa_mask[0]=0x7ffbfeff, sa_flags=0x10000004
SIGBUS: [libjvm.so+0x503d90], sa_mask[0]=0x7ffbfeff, sa_flags=0x10000004
SIGFPE: [libjvm.so+0x3fbe80], sa_mask[0]=0x7ffbfeff, sa_flags=0x10000004
SIGPIPE: [libjvm.so+0x3fbe80], sa_mask[0]=0x7ffbfeff, sa_flags=0x10000004
SIGXFSZ: [libjvm.so+0x3fbe80], sa_mask[0]=0x7ffbfeff, sa_flags=0x10000004
SIGILL: [libjvm.so+0x3fbe80], sa_mask[0]=0x7ffbfeff, sa_flags=0x10000004
SIGUSR1: SIG_DFL, sa_mask[0]=0x00000000, sa_flags=0x00000000
SIGUSR2: [libjvm.so+0x3fd370], sa_mask[0]=0x00000000, sa_flags=0x10000004
SIGHUP: [libjvm.so+0x3fe4c0], sa_mask[0]=0x7ffbfeff, sa_flags=0x10000004
SIGINT: [libjvm.so+0x3fe4c0], sa_mask[0]=0x7ffbfeff, sa_flags=0x10000004
SIGTERM: [libjvm.so+0x3fe4c0], sa_mask[0]=0x7ffbfeff, sa_flags=0x10000004
SIGQUIT: [libjvm.so+0x3fe4c0], sa_mask[0]=0x7ffbfeff, sa_flags=0x10000004


---------------  S Y S T E M  ---------------

OS:wheezy/sid

uname:Linux 3.8.0-33-generic #48-Ubuntu SMP Wed Oct 23 17:26:34 UTC 2013 i686
libc:glibc 2.17 NPTL 2.17 
rlimit: STACK 8192k, CORE 0k, NPROC 24106, NOFILE 4096, AS infinity
load average:1,11 1,01 0,91

/proc/meminfo:
MemTotal:        3102112 kB
MemFree:          211088 kB
Buffers:           61804 kB
Cached:           436284 kB
SwapCached:          656 kB
Active:          1924044 kB
Inactive:         853632 kB
Active(anon):    1701764 kB
Inactive(anon):   590472 kB
Active(file):     222280 kB
Inactive(file):   263160 kB
Unevictable:          48 kB
Mlocked:              48 kB
HighTotal:       2231176 kB
HighFree:          53660 kB
LowTotal:         870936 kB
LowFree:          157428 kB
SwapTotal:       1999868 kB
SwapFree:        1996772 kB
Dirty:              1192 kB
Writeback:             0 kB
AnonPages:       2279196 kB
Mapped:           266668 kB
Shmem:             12488 kB
Slab:              50860 kB
SReclaimable:      29176 kB
SUnreclaim:        21684 kB
KernelStack:        5536 kB
PageTables:        24480 kB
NFS_Unstable:          0 kB
Bounce:                0 kB
WritebackTmp:          0 kB
CommitLimit:     3550924 kB
Committed_AS:    6386656 kB
VmallocTotal:     122880 kB
VmallocUsed:       46448 kB
VmallocChunk:      70132 kB
HardwareCorrupted:     0 kB
AnonHugePages:         0 kB
HugePages_Total:       0
HugePages_Free:        0
HugePages_Rsvd:        0
HugePages_Surp:        0
Hugepagesize:       2048 kB
DirectMap4k:       45048 kB
DirectMap2M:      868352 kB


CPU:total 2 (2 cores per cpu, 1 threads per core) family 15 model 6 stepping 5, cmov, cx8, fxsr, mmx, sse, sse2, sse3, tsc

/proc/cpuinfo:
processor	: 0
vendor_id	: GenuineIntel
cpu family	: 15
model		: 6
model name	: Intel(R) Pentium(R) D CPU 3.20GHz
stepping	: 5
microcode	: 0xb
cpu MHz		: 3200.000
cache size	: 2048 KB
physical id	: 0
siblings	: 2
core id		: 0
cpu cores	: 2
apicid		: 0
initial apicid	: 0
fdiv_bug	: no
hlt_bug		: no
f00f_bug	: no
coma_bug	: no
fpu		: yes
fpu_exception	: yes
cpuid level	: 6
wp		: yes
flags		: fpu vme de pse tsc msr pae mce cx8 apic sep mtrr pge mca cmov pat pse36 clflush dts acpi mmx fxsr sse sse2 ss ht tm pbe nx lm constant_tsc pebs bts pni dtes64 monitor ds_cpl est cid cx16 xtpr pdcm lahf_lm
bogomips	: 6399.11
clflush size	: 64
cache_alignment	: 128
address sizes	: 36 bits physical, 48 bits virtual
power management:

processor	: 1
vendor_id	: GenuineIntel
cpu family	: 15
model		: 6
model name	: Intel(R) Pentium(R) D CPU 3.20GHz
stepping	: 5
microcode	: 0xb
cpu MHz		: 3200.000
cache size	: 2048 KB
physical id	: 0
siblings	: 2
core id		: 1
cpu cores	: 2
apicid		: 1
initial apicid	: 1
fdiv_bug	: no
hlt_bug		: no
f00f_bug	: no
coma_bug	: no
fpu		: yes
fpu_exception	: yes
cpuid level	: 6
wp		: yes
flags		: fpu vme de pse tsc msr pae mce cx8 apic sep mtrr pge mca cmov pat pse36 clflush dts acpi mmx fxsr sse sse2 ss ht tm pbe nx lm constant_tsc pebs bts pni dtes64 monitor ds_cpl est cid cx16 xtpr pdcm lahf_lm
bogomips	: 6399.11
clflush size	: 64
cache_alignment	: 128
address sizes	: 36 bits physical, 48 bits virtual
power management:



Memory: 4k page, physical 3102112k(211088k free), swap 1999868k(1996772k free)

vm_info: Java HotSpot(TM) Client VM (24.0-b56) for linux-x86 JRE (1.7.0_40-b43), built on Aug 26 2013 22:05:59 by "java_re" with gcc 4.3.0 20080428 (Red Hat 4.3.0-8)

time: Fri Nov 29 16:38:29 2013
elapsed time: 11 seconds

