#
# A fatal error has been detected by the Java Runtime Environment:
#
#  SIGILL (0x4) at pc=0xb6d79e10, pid=5179, tid=3065207616
#
# JRE version: Java(TM) SE Runtime Environment (7.0_40-b43) (build 1.7.0_40-b43)
# Java VM: Java HotSpot(TM) Client VM (24.0-b56 mixed mode linux-x86 )
# Problematic frame:
# V  [libjvm.so+0x200e10]  Events::log_exception(Thread*, char const*, ...)+0x20
#
# Failed to write core dump. Core dumps have been disabled. To enable core dumping, try "ulimit -c unlimited" before starting Java again
#
# If you would like to submit a bug report, please visit:
#   http://bugreport.sun.com/bugreport/crash.jsp
#

---------------  T H R E A D  ---------------

Current thread (0xb690bc00):  JavaThread "main" [_thread_in_vm, id=5180, stack(0xb6ae5000,0xb6b36000)]

siginfo:si_signo=SIGILL: si_errno=0, si_code=2 (ILL_ILLOPN), si_addr=0xb6d79e10

Registers:
EAX=0x00000000, EBX=0xb710d868, ECX=0xb69071d0, EDX=0x00000000
ESP=0xb6b33920, EBP=0xb6b33948, ESI=0xb69071d0, EDI=0xb6907258
EIP=0xb6d79e10, EFLAGS=0x00010282, CR2=0xb76da100

Top of Stack: (sp=0xb6b33920)
0xb6b33920:   b690bc00 b4a13468 03fb3743 3ff676e5
0xb6b33930:   a0731f58 b69071d0 b70d1474 b710d868
0xb6b33940:   00000000 b089b600 b6b33c48 b6ea380b
0xb6b33950:   b690bc00 b70be507 a0b348c0 b70d1474
0xb6b33960:   000004dc b6b33b8c b690c61c b690c61c
0xb6b33970:   00000000 b6b33998 b690bc00 b690c610
0xb6b33980:   00156c00 b690e3a8 b690c614 b710d868
0xb6b33990:   b6b33a20 b6b33a20 b6b33ca0 b4a13360 

Instructions: (pc=0xb6d79e10)
0xb6d79df0:   55 89 e5 57 56 53 83 ec 1c e8 00 00 00 00 5b 81
0xb6d79e00:   c3 6a 3a 39 00 8b 83 10 f2 ff ff 80 38 00 75 08
0xb6d79e10:   8d 65 f4 5b 5e 5f 5d c3 8b 83 d4 fa ff ff 8d 7d
0xb6d79e20:   10 8b 30 8b 83 3c ea ff ff 8b 00 85 c0 75 e1 e8 

Register to memory mapping:

EAX=0x00000000 is an unknown value
EBX=0xb710d868: <offset 0x594868> in /usr/local/java/jdk1.7.0_40/jre/lib/i386/client/libjvm.so at 0xb6b79000
ECX=0xb69071d0 is an unknown value
EDX=0x00000000 is an unknown value
ESP=0xb6b33920 is pointing into the stack for thread: 0xb690bc00
EBP=0xb6b33948 is pointing into the stack for thread: 0xb690bc00
ESI=0xb69071d0 is an unknown value
EDI=0xb6907258 is an unknown value


Stack: [0xb6ae5000,0xb6b36000],  sp=0xb6b33920,  free space=314k
Native frames: (J=compiled Java code, j=interpreted, Vv=VM code, C=native code)
V  [libjvm.so+0x200e10]  Events::log_exception(Thread*, char const*, ...)+0x20
V  [libjvm.so+0x32a80b]  JVM_DoPrivileged+0x4eb
C  [libjava.so+0x9a4a]  Java_java_security_AccessController_doPrivileged__Ljava_security_PrivilegedExceptionAction_2Ljava_security_AccessControlContext_2+0x3a
J  java.security.AccessController.doPrivileged(Ljava/security/PrivilegedExceptionAction;Ljava/security/AccessControlContext;)Ljava/lang/Object;
J  java.net.URLClassLoader.findClass(Ljava/lang/String;)Ljava/lang/Class;
j  java.lang.ClassLoader.loadClass(Ljava/lang/String;)Ljava/lang/Class;+3
v  ~StubRoutines::call_stub
V  [libjvm.so+0x2a7875]  JavaCalls::call_helper(JavaValue*, methodHandle*, JavaCallArguments*, Thread*)+0x315
V  [libjvm.so+0x3fa1e9]  os::os_exception_wrapper(void (*)(JavaValue*, methodHandle*, JavaCallArguments*, Thread*), JavaValue*, methodHandle*, JavaCallArguments*, Thread*)+0x19
V  [libjvm.so+0x2a64ef]  JavaCalls::call(JavaValue*, methodHandle, JavaCallArguments*, Thread*)+0x2f
V  [libjvm.so+0x2a672a]  JavaCalls::call_virtual(JavaValue*, KlassHandle, Symbol*, Symbol*, JavaCallArguments*, Thread*)+0x10a
V  [libjvm.so+0x2a67f5]  JavaCalls::call_virtual(JavaValue*, Handle, KlassHandle, Symbol*, Symbol*, Handle, Thread*)+0x55
V  [libjvm.so+0x49e559]  SystemDictionary::load_instance_class(Symbol*, Handle, Thread*)+0x489
V  [libjvm.so+0x49cc52]  SystemDictionary::resolve_instance_class_or_null(Symbol*, Handle, Handle, Thread*)+0x742
V  [libjvm.so+0x49d0b9]  SystemDictionary::resolve_or_null(Symbol*, Handle, Handle, Thread*)+0x49
V  [libjvm.so+0x49e5d0]  SystemDictionary::resolve_or_fail(Symbol*, Handle, Handle, bool, Thread*)+0x30
V  [libjvm.so+0x1d5cfb]  constantPoolOopDesc::klass_at_impl(constantPoolHandle, int, Thread*)+0x1cb
V  [libjvm.so+0x3916df]  LinkResolver::resolve_invokestatic(CallInfo&, constantPoolHandle, int, Thread*)+0x2f
V  [libjvm.so+0x2a1e0a]  InterpreterRuntime::resolve_invoke(JavaThread*, Bytecodes::Code)+0x17a
j  com.fasterxml.jackson.core.JsonFactory.<clinit>()V+0
v  ~StubRoutines::call_stub
V  [libjvm.so+0x2a7875]  JavaCalls::call_helper(JavaValue*, methodHandle*, JavaCallArguments*, Thread*)+0x315
V  [libjvm.so+0x3fa1e9]  os::os_exception_wrapper(void (*)(JavaValue*, methodHandle*, JavaCallArguments*, Thread*), JavaValue*, methodHandle*, JavaCallArguments*, Thread*)+0x19
V  [libjvm.so+0x2a64ef]  JavaCalls::call(JavaValue*, methodHandle, JavaCallArguments*, Thread*)+0x2f
V  [libjvm.so+0x27bd52]  instanceKlass::call_class_initializer(Thread*)+0xc2
V  [libjvm.so+0x27eba5]  instanceKlass::initialize_impl(instanceKlassHandle, Thread*)+0x1c5
V  [libjvm.so+0x27ef9b]  instanceKlass::initialize(Thread*)+0x5b
V  [libjvm.so+0x27ee01]  instanceKlass::initialize_impl(instanceKlassHandle, Thread*)+0x421
V  [libjvm.so+0x27ef9b]  instanceKlass::initialize(Thread*)+0x5b
V  [libjvm.so+0x29fe8c]  InterpreterRuntime::_new(JavaThread*, constantPoolOopDesc*, int)+0x13c
j  com.fasterxml.jackson.databind.ObjectMapper.<init>(Lcom/fasterxml/jackson/core/JsonFactory;Lcom/fasterxml/jackson/databind/ser/DefaultSerializerProvider;Lcom/fasterxml/jackson/databind/deser/DefaultDeserializationContext;)V+36
j  com.fasterxml.jackson.databind.ObjectMapper.<init>()V+4
j  br.org.base.server.Server.main([Ljava/lang/String;)V+96
v  ~StubRoutines::call_stub
V  [libjvm.so+0x2a7875]  JavaCalls::call_helper(JavaValue*, methodHandle*, JavaCallArguments*, Thread*)+0x315
V  [libjvm.so+0x3fa1e9]  os::os_exception_wrapper(void (*)(JavaValue*, methodHandle*, JavaCallArguments*, Thread*), JavaValue*, methodHandle*, JavaCallArguments*, Thread*)+0x19
V  [libjvm.so+0x2a64ef]  JavaCalls::call(JavaValue*, methodHandle, JavaCallArguments*, Thread*)+0x2f
V  [libjvm.so+0x43f97e]  Reflection::invoke(instanceKlassHandle, methodHandle, Handle, bool, objArrayHandle, BasicType, objArrayHandle, bool, Thread*)+0x3fe
V  [libjvm.so+0x44043a]  Reflection::invoke_method(oopDesc*, Handle, objArrayHandle, Thread*)+0x15a
V  [libjvm.so+0x328c19]  JVM_InvokeMethod+0x209
C  [libjava.so+0x15232]  Java_sun_reflect_NativeMethodAccessorImpl_invoke0+0x32
j  sun.reflect.NativeMethodAccessorImpl.invoke0(Ljava/lang/reflect/Method;Ljava/lang/Object;[Ljava/lang/Object;)Ljava/lang/Object;+0
j  sun.reflect.NativeMethodAccessorImpl.invoke(Ljava/lang/Object;[Ljava/lang/Object;)Ljava/lang/Object;+87
j  sun.reflect.DelegatingMethodAccessorImpl.invoke(Ljava/lang/Object;[Ljava/lang/Object;)Ljava/lang/Object;+6
j  java.lang.reflect.Method.invoke(Ljava/lang/Object;[Ljava/lang/Object;)Ljava/lang/Object;+57
j  com.intellij.rt.execution.application.AppMain.main([Ljava/lang/String;)V+140
v  ~StubRoutines::call_stub
V  [libjvm.so+0x2a7875]  JavaCalls::call_helper(JavaValue*, methodHandle*, JavaCallArguments*, Thread*)+0x315
V  [libjvm.so+0x3fa1e9]  os::os_exception_wrapper(void (*)(JavaValue*, methodHandle*, JavaCallArguments*, Thread*), JavaValue*, methodHandle*, JavaCallArguments*, Thread*)+0x19
V  [libjvm.so+0x2a64ef]  JavaCalls::call(JavaValue*, methodHandle, JavaCallArguments*, Thread*)+0x2f
V  [libjvm.so+0x2e28b2]  jni_invoke_static(JNIEnv_*, JavaValue*, _jobject*, JNICallType, _jmethodID*, JNI_ArgumentPusher*, Thread*)+0x242
V  [libjvm.so+0x2f8ada]  jni_CallStaticVoidMethod+0xca
C  [libjli.so+0x2e8d]  JavaMain+0x8bd
C  [libpthread.so.0+0x6d78]  start_thread+0xd8

Java frames: (J=compiled Java code, j=interpreted, Vv=VM code)
J  java.security.AccessController.doPrivileged(Ljava/security/PrivilegedExceptionAction;Ljava/security/AccessControlContext;)Ljava/lang/Object;
J  java.net.URLClassLoader.findClass(Ljava/lang/String;)Ljava/lang/Class;
J  java.lang.ClassLoader.loadClass(Ljava/lang/String;Z)Ljava/lang/Class;
J  java.lang.ClassLoader.loadClass(Ljava/lang/String;Z)Ljava/lang/Class;
j  sun.misc.Launcher$AppClassLoader.loadClass(Ljava/lang/String;Z)Ljava/lang/Class;+36
j  java.lang.ClassLoader.loadClass(Ljava/lang/String;)Ljava/lang/Class;+3
v  ~StubRoutines::call_stub
j  com.fasterxml.jackson.core.JsonFactory.<clinit>()V+0
v  ~StubRoutines::call_stub
j  com.fasterxml.jackson.databind.ObjectMapper.<init>(Lcom/fasterxml/jackson/core/JsonFactory;Lcom/fasterxml/jackson/databind/ser/DefaultSerializerProvider;Lcom/fasterxml/jackson/databind/deser/DefaultDeserializationContext;)V+36
j  com.fasterxml.jackson.databind.ObjectMapper.<init>()V+4
j  br.org.base.server.Server.main([Ljava/lang/String;)V+96
v  ~StubRoutines::call_stub
j  sun.reflect.NativeMethodAccessorImpl.invoke0(Ljava/lang/reflect/Method;Ljava/lang/Object;[Ljava/lang/Object;)Ljava/lang/Object;+0
j  sun.reflect.NativeMethodAccessorImpl.invoke(Ljava/lang/Object;[Ljava/lang/Object;)Ljava/lang/Object;+87
j  sun.reflect.DelegatingMethodAccessorImpl.invoke(Ljava/lang/Object;[Ljava/lang/Object;)Ljava/lang/Object;+6
j  java.lang.reflect.Method.invoke(Ljava/lang/Object;[Ljava/lang/Object;)Ljava/lang/Object;+57
j  com.intellij.rt.execution.application.AppMain.main([Ljava/lang/String;)V+140
v  ~StubRoutines::call_stub

---------------  P R O C E S S  ---------------

Java Threads: ( => current thread )
  0x9fa36000 JavaThread "Monitor Ctrl-Break" daemon [_thread_in_native, id=5188, stack(0x9fb29000,0x9fb7a000)]
  0xb6973800 JavaThread "Service Thread" daemon [_thread_blocked, id=5186, stack(0x9feaf000,0x9ff00000)]
  0xb6971c00 JavaThread "C1 CompilerThread0" daemon [_thread_blocked, id=5185, stack(0xa022e000,0xa02af000)]
  0xb6970000 JavaThread "Signal Dispatcher" daemon [_thread_blocked, id=5184, stack(0xa02af000,0xa0300000)]
  0xb695fc00 JavaThread "Finalizer" daemon [_thread_blocked, id=5183, stack(0xa0403000,0xa0454000)]
  0xb695d400 JavaThread "Reference Handler" daemon [_thread_blocked, id=5182, stack(0xa0454000,0xa04a5000)]
=>0xb690bc00 JavaThread "main" [_thread_in_vm, id=5180, stack(0xb6ae5000,0xb6b36000)]

Other Threads:
  0xb695bc00 VMThread [stack: 0xa04a5000,0xa0526000] [id=5181]
  0xb6976000 WatcherThread [stack: 0x9fe2e000,0x9feaf000] [id=5187]

VM state:not at safepoint (normal execution)

VM Mutex/Monitor currently owned by a thread: None

Heap
 def new generation   total 4928K, used 3307K [0xa0880000, 0xa0dd0000, 0xa5dd0000)
  eden space 4416K,  63% used [0xa0880000, 0xa0b3ac40, 0xa0cd0000)
  from space 512K, 100% used [0xa0cd0000, 0xa0d50000, 0xa0d50000)
  to   space 512K,   0% used [0xa0d50000, 0xa0d50000, 0xa0dd0000)
 tenured generation   total 10944K, used 3040K [0xa5dd0000, 0xa6880000, 0xb0880000)
   the space 10944K,  27% used [0xa5dd0000, 0xa60c8220, 0xa60c8400, 0xa6880000)
 compacting perm gen  total 12288K, used 5725K [0xb0880000, 0xb1480000, 0xb4880000)
   the space 12288K,  46% used [0xb0880000, 0xb0e176b0, 0xb0e17800, 0xb1480000)
No shared spaces configured.

Card table byte_map: [0xa07df000,0xa0880000] byte_map_base: 0xa02dac00

Polling page: 0xb7736000

Code Cache  [0xb4900000, 0xb4a18000, 0xb6900000)
 total_blobs=543 nmethods=402 adapters=78 free_code_cache=31649Kb largest_free_block=32408576

Compilation events (10 events):
Event: 1,339 Thread 0xb6971c00  400  s          java.io.ByteArrayOutputStream::write (66 bytes)
Event: 1,340 Thread 0xb6971c00 nmethod 400 0xb4a15bc8 code [0xb4a15d10, 0xb4a16054]
Event: 1,340 Thread 0xb6971c00  401             java.lang.Class::searchMethods (90 bytes)
Event: 1,342 Thread 0xb6971c00 nmethod 401 0xb4a16208 code [0xb4a16380, 0xb4a16658]
Event: 1,372 Thread 0xb6971c00  402             java.util.HashSet::<init> (16 bytes)
Event: 1,373 Thread 0xb6971c00 nmethod 402 0xb4a16e88 code [0xb4a16fa0, 0xb4a1709c]
Event: 1,383 Thread 0xb6971c00  403             java.io.BufferedInputStream::getBufIfOpen (21 bytes)
Event: 1,384 Thread 0xb6971c00 nmethod 403 0xb4a17148 code [0xb4a17250, 0xb4a1734c]
Event: 1,384 Thread 0xb6971c00  404  s          java.io.BufferedInputStream::read (49 bytes)
Event: 1,384 Thread 0xb6971c00 nmethod 404 0xb4a173c8 code [0xb4a17510, 0xb4a17808]

GC Heap History (10 events):
Event: 0,749 GC heap before
{Heap before GC invocations=3 (full 0):
 def new generation   total 4928K, used 4927K [0xa0880000, 0xa0dd0000, 0xa5dd0000)
  eden space 4416K, 100% used [0xa0880000, 0xa0cd0000, 0xa0cd0000)
  from space 512K,  99% used [0xa0d50000, 0xa0dcfff8, 0xa0dd0000)
  to   space 512K,   0% used [0xa0cd0000, 0xa0cd0000, 0xa0d50000)
 tenured generation   total 10944K, used 1502K [0xa5dd0000, 0xa6880000, 0xb0880000)
   the space 10944K,  13% used [0xa5dd0000, 0xa5f47a08, 0xa5f47c00, 0xa6880000)
 compacting perm gen  total 12288K, used 3677K [0xb0880000, 0xb1480000, 0xb4880000)
   the space 12288K,  29% used [0xb0880000, 0xb0c17400, 0xb0c17400, 0xb1480000)
No shared spaces configured.
Event: 0,754 GC heap after
Heap after GC invocations=4 (full 0):
 def new generation   total 4928K, used 493K [0xa0880000, 0xa0dd0000, 0xa5dd0000)
  eden space 4416K,   0% used [0xa0880000, 0xa0880000, 0xa0cd0000)
  from space 512K,  96% used [0xa0cd0000, 0xa0d4b668, 0xa0d50000)
  to   space 512K,   0% used [0xa0d50000, 0xa0d50000, 0xa0dd0000)
 tenured generation   total 10944K, used 1603K [0xa5dd0000, 0xa6880000, 0xb0880000)
   the space 10944K,  14% used [0xa5dd0000, 0xa5f60f68, 0xa5f61000, 0xa6880000)
 compacting perm gen  total 12288K, used 3677K [0xb0880000, 0xb1480000, 0xb4880000)
   the space 12288K,  29% used [0xb0880000, 0xb0c17400, 0xb0c17400, 0xb1480000)
No shared spaces configured.
}
Event: 0,947 GC heap before
{Heap before GC invocations=4 (full 0):
 def new generation   total 4928K, used 4909K [0xa0880000, 0xa0dd0000, 0xa5dd0000)
  eden space 4416K, 100% used [0xa0880000, 0xa0cd0000, 0xa0cd0000)
  from space 512K,  96% used [0xa0cd0000, 0xa0d4b668, 0xa0d50000)
  to   space 512K,   0% used [0xa0d50000, 0xa0d50000, 0xa0dd0000)
 tenured generation   total 10944K, used 1603K [0xa5dd0000, 0xa6880000, 0xb0880000)
   the space 10944K,  14% used [0xa5dd0000, 0xa5f60f68, 0xa5f61000, 0xa6880000)
 compacting perm gen  total 12288K, used 3986K [0xb0880000, 0xb1480000, 0xb4880000)
   the space 12288K,  32% used [0xb0880000, 0xb0c64bd0, 0xb0c64c00, 0xb1480000)
No shared spaces configured.
Event: 0,954 GC heap after
Heap after GC invocations=5 (full 0):
 def new generation   total 4928K, used 512K [0xa0880000, 0xa0dd0000, 0xa5dd0000)
  eden space 4416K,   0% used [0xa0880000, 0xa0880000, 0xa0cd0000)
  from space 512K, 100% used [0xa0d50000, 0xa0dd0000, 0xa0dd0000)
  to   space 512K,   0% used [0xa0cd0000, 0xa0cd0000, 0xa0d50000)
 tenured generation   total 10944K, used 1897K [0xa5dd0000, 0xa6880000, 0xb0880000)
   the space 10944K,  17% used [0xa5dd0000, 0xa5faa660, 0xa5faa800, 0xa6880000)
 compacting perm gen  total 12288K, used 3986K [0xb0880000, 0xb1480000, 0xb4880000)
   the space 12288K,  32% used [0xb0880000, 0xb0c64bd0, 0xb0c64c00, 0xb1480000)
No shared spaces configured.
}
Event: 1,107 GC heap before
{Heap before GC invocations=5 (full 0):
 def new generation   total 4928K, used 4928K [0xa0880000, 0xa0dd0000, 0xa5dd0000)
  eden space 4416K, 100% used [0xa0880000, 0xa0cd0000, 0xa0cd0000)
  from space 512K, 100% used [0xa0d50000, 0xa0dd0000, 0xa0dd0000)
  to   space 512K,   0% used [0xa0cd0000, 0xa0cd0000, 0xa0d50000)
 tenured generation   total 10944K, used 1897K [0xa5dd0000, 0xa6880000, 0xb0880000)
   the space 10944K,  17% used [0xa5dd0000, 0xa5faa660, 0xa5faa800, 0xa6880000)
 compacting perm gen  total 12288K, used 4284K [0xb0880000, 0xb1480000, 0xb4880000)
   the space 12288K,  34% used [0xb0880000, 0xb0caf3c0, 0xb0caf400, 0xb1480000)
No shared spaces configured.
Event: 1,115 GC heap after
Heap after GC invocations=6 (full 0):
 def new generation   total 4928K, used 512K [0xa0880000, 0xa0dd0000, 0xa5dd0000)
  eden space 4416K,   0% used [0xa0880000, 0xa0880000, 0xa0cd0000)
  from space 512K, 100% used [0xa0cd0000, 0xa0d50000, 0xa0d50000)
  to   space 512K,   0% used [0xa0d50000, 0xa0d50000, 0xa0dd0000)
 tenured generation   total 10944K, used 2334K [0xa5dd0000, 0xa6880000, 0xb0880000)
   the space 10944K,  21% used [0xa5dd0000, 0xa6017950, 0xa6017a00, 0xa6880000)
 compacting perm gen  total 12288K, used 4284K [0xb0880000, 0xb1480000, 0xb4880000)
   the space 12288K,  34% used [0xb0880000, 0xb0caf3c0, 0xb0caf400, 0xb1480000)
No shared spaces configured.
}
Event: 1,229 GC heap before
{Heap before GC invocations=6 (full 0):
 def new generation   total 4928K, used 4905K [0xa0880000, 0xa0dd0000, 0xa5dd0000)
  eden space 4416K,  99% used [0xa0880000, 0xa0cca490, 0xa0cd0000)
  from space 512K, 100% used [0xa0cd0000, 0xa0d50000, 0xa0d50000)
  to   space 512K,   0% used [0xa0d50000, 0xa0d50000, 0xa0dd0000)
 tenured generation   total 10944K, used 2334K [0xa5dd0000, 0xa6880000, 0xb0880000)
   the space 10944K,  21% used [0xa5dd0000, 0xa6017950, 0xa6017a00, 0xa6880000)
 compacting perm gen  total 12288K, used 4565K [0xb0880000, 0xb1480000, 0xb4880000)
   the space 12288K,  37% used [0xb0880000, 0xb0cf56d8, 0xb0cf5800, 0xb1480000)
No shared spaces configured.
Event: 1,236 GC heap after
Heap after GC invocations=7 (full 0):
 def new generation   total 4928K, used 512K [0xa0880000, 0xa0dd0000, 0xa5dd0000)
  eden space 4416K,   0% used [0xa0880000, 0xa0880000, 0xa0cd0000)
  from space 512K, 100% used [0xa0d50000, 0xa0dd0000, 0xa0dd0000)
  to   space 512K,   0% used [0xa0cd0000, 0xa0cd0000, 0xa0d50000)
 tenured generation   total 10944K, used 2753K [0xa5dd0000, 0xa6880000, 0xb0880000)
   the space 10944K,  25% used [0xa5dd0000, 0xa6080418, 0xa6080600, 0xa6880000)
 compacting perm gen  total 12288K, used 4565K [0xb0880000, 0xb1480000, 0xb4880000)
   the space 12288K,  37% used [0xb0880000, 0xb0cf56d8, 0xb0cf5800, 0xb1480000)
No shared spaces configured.
}
Event: 1,312 GC heap before
{Heap before GC invocations=7 (full 0):
 def new generation   total 4928K, used 4928K [0xa0880000, 0xa0dd0000, 0xa5dd0000)
  eden space 4416K, 100% used [0xa0880000, 0xa0cd0000, 0xa0cd0000)
  from space 512K, 100% used [0xa0d50000, 0xa0dd0000, 0xa0dd0000)
  to   space 512K,   0% used [0xa0cd0000, 0xa0cd0000, 0xa0d50000)
 tenured generation   total 10944K, used 2753K [0xa5dd0000, 0xa6880000, 0xb0880000)
   the space 10944K,  25% used [0xa5dd0000, 0xa6080418, 0xa6080600, 0xa6880000)
 compacting perm gen  total 12288K, used 5013K [0xb0880000, 0xb1480000, 0xb4880000)
   the space 12288K,  40% used [0xb0880000, 0xb0d65408, 0xb0d65600, 0xb1480000)
No shared spaces configured.
Event: 1,316 GC heap after
Heap after GC invocations=8 (full 0):
 def new generation   total 4928K, used 512K [0xa0880000, 0xa0dd0000, 0xa5dd0000)
  eden space 4416K,   0% used [0xa0880000, 0xa0880000, 0xa0cd0000)
  from space 512K, 100% used [0xa0cd0000, 0xa0d50000, 0xa0d50000)
  to   space 512K,   0% used [0xa0d50000, 0xa0d50000, 0xa0dd0000)
 tenured generation   total 10944K, used 3040K [0xa5dd0000, 0xa6880000, 0xb0880000)
   the space 10944K,  27% used [0xa5dd0000, 0xa60c8220, 0xa60c8400, 0xa6880000)
 compacting perm gen  total 12288K, used 5013K [0xb0880000, 0xb1480000, 0xb4880000)
   the space 12288K,  40% used [0xb0880000, 0xb0d65408, 0xb0d65600, 0xb1480000)
No shared spaces configured.
}

Deoptimization events (0 events):
No events

Internal exceptions (10 events):
Event: 1,390 Thread 0xb690bc00 Threw 0xa0a7bf58 at /HUDSON/workspace/jdk7u40-2-build-linux-i586-product/jdk7u40/hotspot/src/share/vm/prims/jvm.cpp:1244
Event: 1,391 Thread 0xb690bc00 Threw 0xa0a87338 at /HUDSON/workspace/jdk7u40-2-build-linux-i586-product/jdk7u40/hotspot/src/share/vm/prims/jvm.cpp:1244
Event: 1,393 Thread 0xb690bc00 Threw 0xa0a95e30 at /HUDSON/workspace/jdk7u40-2-build-linux-i586-product/jdk7u40/hotspot/src/share/vm/prims/jvm.cpp:1244
Event: 1,394 Thread 0xb690bc00 Threw 0xa0aa3318 at /HUDSON/workspace/jdk7u40-2-build-linux-i586-product/jdk7u40/hotspot/src/share/vm/prims/jvm.cpp:1244
Event: 1,396 Thread 0xb690bc00 Threw 0xa0aae9c8 at /HUDSON/workspace/jdk7u40-2-build-linux-i586-product/jdk7u40/hotspot/src/share/vm/prims/jvm.cpp:1244
Event: 1,397 Thread 0xb690bc00 Threw 0xa0acfab0 at /HUDSON/workspace/jdk7u40-2-build-linux-i586-product/jdk7u40/hotspot/src/share/vm/prims/jvm.cpp:1244
Event: 1,398 Thread 0xb690bc00 Threw 0xa0ae1dc0 at /HUDSON/workspace/jdk7u40-2-build-linux-i586-product/jdk7u40/hotspot/src/share/vm/prims/jvm.cpp:1244
Event: 1,399 Thread 0xb690bc00 Threw 0xa0b00808 at /HUDSON/workspace/jdk7u40-2-build-linux-i586-product/jdk7u40/hotspot/src/share/vm/prims/jvm.cpp:1244
Event: 1,401 Thread 0xb690bc00 Threw 0xa0b15560 at /HUDSON/workspace/jdk7u40-2-build-linux-i586-product/jdk7u40/hotspot/src/share/vm/prims/jvm.cpp:1244
Event: 1,404 Thread 0xb690bc00 Threw 0xa0b348c0 at /HUDSON/workspace/jdk7u40-2-build-linux-i586-product/jdk7u40/hotspot/src/share/vm/prims/jvm.cpp:1244

Events (10 events):
Event: 1,398 loading class 0x9f8d35c0
Event: 1,398 loading class 0x9f8d35c0 done
Event: 1,399 loading class 0x9f8d3578
Event: 1,399 loading class 0x9f8d3578 done
Event: 1,401 loading class 0x9f658df0
Event: 1,401 loading class 0x9f658df0 done
Event: 1,404 loading class 0x9f8d3500
Event: 1,404 loading class 0x9f8d3500 done
Event: 1,404 loading class 0x9f8b4918
Event: 1,404 loading class 0x9f8b4918 done


Dynamic libraries:
08048000-08049000 r-xp 00000000 08:14 1717000    /usr/local/java/jdk1.7.0_40/bin/java
08049000-0804a000 rw-p 00000000 08:14 1717000    /usr/local/java/jdk1.7.0_40/bin/java
083f5000-08416000 rw-p 00000000 00:00 0          [heap]
9f600000-9f6c6000 rw-p 00000000 00:00 0 
9f6c6000-9f700000 ---p 00000000 00:00 0 
9f800000-9f900000 rw-p 00000000 00:00 0 
9f918000-9fa00000 rw-p 00000000 00:00 0 
9fa00000-9faff000 rw-p 00000000 00:00 0 
9faff000-9fb00000 ---p 00000000 00:00 0 
9fb02000-9fb05000 rw-p 00000000 00:00 0 
9fb05000-9fb13000 r-xp 00000000 08:14 1717562    /usr/local/java/jdk1.7.0_40/jre/lib/i386/libnio.so
9fb13000-9fb14000 rw-p 0000e000 08:14 1717562    /usr/local/java/jdk1.7.0_40/jre/lib/i386/libnio.so
9fb14000-9fb28000 r-xp 00000000 08:14 1717553    /usr/local/java/jdk1.7.0_40/jre/lib/i386/libnet.so
9fb28000-9fb29000 rw-p 00014000 08:14 1717553    /usr/local/java/jdk1.7.0_40/jre/lib/i386/libnet.so
9fb29000-9fb2c000 ---p 00000000 00:00 0 
9fb2c000-9fb7a000 rw-p 00000000 00:00 0          [stack:5188]
9fb7a000-9fb7b000 r-xp 00000000 08:14 1976888    /home/guilherme/idea-IU-129.713/bin/libbreakgen.so
9fb7b000-9fb7c000 rw-p 00000000 08:14 1976888    /home/guilherme/idea-IU-129.713/bin/libbreakgen.so
9fb7c000-9fb7e000 r--s 00013000 08:14 1976990    /home/guilherme/idea-IU-129.713/lib/idea_rt.jar
9fb7e000-9fb8e000 r--s 0007c000 08:14 5780753    /home/guilherme/.m2/repository/joda-time/joda-time/2.1/joda-time-2.1.jar
9fb8e000-9fb90000 r--s 00007000 08:14 5780766    /home/guilherme/.m2/repository/com/fasterxml/jackson/core/jackson-annotations/2.1.1/jackson-annotations-2.1.1.jar
9fb90000-9fba1000 r--s 000d1000 08:14 13940      /home/guilherme/.m2/repository/com/fasterxml/jackson/core/jackson-databind/2.1.1/jackson-databind-2.1.1.jar
9fba1000-9fba5000 r--s 0002f000 08:14 5907907    /home/guilherme/.m2/repository/com/fasterxml/jackson/core/jackson-core/2.1.1/jackson-core-2.1.1.jar
9fba5000-9fba7000 r--s 00007000 08:14 5780761    /home/guilherme/.m2/repository/com/fasterxml/jackson/datatype/jackson-datatype-joda/2.1.1/jackson-datatype-joda-2.1.1.jar
9fba7000-9fbaa000 r--s 0001a000 08:14 5643337    /home/guilherme/.m2/repository/com/jcraft/jsch/0.1.23/jsch-0.1.23.jar
9fbaa000-9fbac000 r--s 00007000 08:14 5643375    /home/guilherme/.m2/repository/org/apache/maven/wagon/wagon-ssh/1.0-alpha-5/wagon-ssh-1.0-alpha-5.jar
9fbac000-9fbad000 r--s 00001000 08:14 5645070    /home/guilherme/.m2/repository/org/apache/maven/maven-monitor/2.0/maven-monitor-2.0.jar
9fbad000-9fbaf000 r--s 00002000 08:14 5380014    /home/guilherme/.m2/repository/org/codehaus/plexus/plexus-interactivity-api/1.0-alpha-4/plexus-interactivity-api-1.0-alpha-4.jar
9fbaf000-9fbb1000 r--s 00007000 08:14 5645055    /home/guilherme/.m2/repository/org/apache/maven/maven-plugin-descriptor/2.0/maven-plugin-descriptor-2.0.jar
9fbb1000-9fbb3000 r--s 00006000 08:14 5380013    /home/guilherme/.m2/repository/commons-cli/commons-cli/1.0/commons-cli-1.0.jar
9fbb3000-9fbb5000 r--s 00005000 08:14 5645038    /home/guilherme/.m2/repository/org/apache/maven/maven-plugin-registry/2.0/maven-plugin-registry-2.0.jar
9fbb5000-9fbb6000 r--s 00002000 08:14 5645035    /home/guilherme/.m2/repository/org/apache/maven/maven-error-diagnostics/2.0/maven-error-diagnostics-2.0.jar
9fbb6000-9fbb8000 r--s 00000000 08:14 5643353    /home/guilherme/.m2/repository/doxia/doxia-sink-api/1.0-alpha-4/doxia-sink-api-1.0-alpha-4.jar
9fbb8000-9fbb9000 r--s 00001000 08:14 5643339    /home/guilherme/.m2/repository/org/apache/maven/reporting/maven-reporting-api/2.0/maven-reporting-api-2.0.jar
9fbb9000-9fbba000 r--s 00001000 08:14 5643369    /home/guilherme/.m2/repository/org/apache/maven/wagon/wagon-http-lightweight/1.0-alpha-5/wagon-http-lightweight-1.0-alpha-5.jar
9fbba000-9fbbc000 r--s 00003000 08:14 5645032    /home/guilherme/.m2/repository/org/apache/maven/maven-plugin-parameter-documenter/2.0/maven-plugin-parameter-documenter-2.0.jar
9fbbc000-9fbbd000 r--s 00001000 08:14 5643349    /home/guilherme/.m2/repository/org/apache/maven/wagon/wagon-file/1.0-alpha-5/wagon-file-1.0-alpha-5.jar
9fbbd000-9fbc1000 r--s 0001e000 08:14 5643386    /home/guilherme/.m2/repository/org/apache/maven/maven-core/2.0/maven-core-2.0.jar
9fbc1000-9fbc2000 r--s 00007000 08:14 5643376    /home/guilherme/.m2/repository/org/apache/maven/shared/maven-plugin-testing-harness/1.1/maven-plugin-testing-harness-1.1.jar
9fbc2000-9fbc4000 r--s 00005000 08:14 5769033    /home/guilherme/.m2/repository/org/apache/maven/shared/maven-common-artifact-filters/1.0/maven-common-artifact-filters-1.0.jar
9fbc4000-9fbc5000 r--s 00005000 08:14 5643351    /home/guilherme/.m2/repository/org/apache/maven/shared/maven-repository-builder/1.0-alpha-2/maven-repository-builder-1.0-alpha-2.jar
9fbc5000-9fbc7000 r--s 00008000 08:14 4603583    /home/guilherme/.m2/repository/classworlds/classworlds/1.1-alpha-2/classworlds-1.1-alpha-2.jar
9fbc7000-9fbc8000 r--s 00002000 08:14 4602128    /home/guilherme/.m2/repository/org/apache/maven/maven-archiver/2.2/maven-archiver-2.2.jar
9fbc8000-9fbca000 r--s 00006000 08:14 5515098    /home/guilherme/.m2/repository/org/apache/maven/maven-profile/2.0.4/maven-profile-2.0.4.jar
9fbca000-9fbcc000 r--s 00012000 08:14 5381163    /home/guilherme/.m2/repository/org/apache/maven/maven-model/2.0.4/maven-model-2.0.4.jar
9fbcc000-9fbce000 r--s 00009000 08:14 5252442    /home/guilherme/.m2/repository/org/apache/maven/maven-settings/2.0.4/maven-settings-2.0.4.jar
9fbce000-9fbd1000 r--s 00018000 08:14 5252407    /home/guilherme/.m2/repository/org/apache/maven/maven-project/2.0.4/maven-project-2.0.4.jar
9fbd1000-9fbd3000 r--s 00004000 08:14 4729740    /home/guilherme/.m2/repository/org/codehaus/plexus/plexus-active-collections/1.0-beta-2/plexus-active-collections-1.0-beta-2.jar
9fbd3000-9fbd5000 r--s 00009000 08:14 5381154    /home/guilherme/.m2/repository/org/apache/maven/wagon/wagon-provider-api/1.0-alpha-6/wagon-provider-api-1.0-alpha-6.jar
9fbd5000-9fbd8000 r--s 0000a000 08:14 5381157    /home/guilherme/.m2/repository/org/apache/maven/maven-artifact-manager/2.0.2/maven-artifact-manager-2.0.2.jar
9fbd8000-9fbdb000 r--s 00011000 08:14 5643355    /home/guilherme/.m2/repository/org/apache/maven/maven-artifact/2.0.4/maven-artifact-2.0.4.jar
9fbdb000-9fbdd000 r--s 00008000 08:14 5250126    /home/guilherme/.m2/repository/org/apache/maven/shared/maven-shared-io/1.1/maven-shared-io-1.1.jar
9fbdd000-9fbdf000 r--s 00001000 08:14 4339221    /home/guilherme/.m2/repository/org/apache/maven/maven-plugin-api/2.0.4/maven-plugin-api-2.0.4.jar
9fbdf000-9fbe1000 r--s 00006000 08:14 4993795    /home/guilherme/.m2/repository/org/apache/maven/shared/file-management/1.1/file-management-1.1.jar
9fbe1000-9fbe3000 r--s 00006000 08:14 5381160    /home/guilherme/.m2/repository/org/codehaus/plexus/plexus-io/1.0-alpha-2/plexus-io-1.0-alpha-2.jar
9fbe3000-9fbe6000 r--s 0001b000 08:14 4982890    /home/guilherme/.m2/repository/junit/junit/3.8.1/junit-3.8.1.jar
9fbe6000-9fbed000 r--s 00029000 08:14 4603586    /home/guilherme/.m2/repository/org/codehaus/plexus/plexus-container-default/1.0-alpha-9-stable-1/plexus-container-default-1.0-alpha-9-stable-1.jar
9fbed000-9fbf1000 r--s 00030000 08:14 5769029    /home/guilherme/.m2/repository/org/codehaus/plexus/plexus-utils/1.5.1/plexus-utils-1.5.1.jar
9fbf1000-9fbf5000 r--s 00027000 08:14 4472124    /home/guilherme/.m2/repository/org/codehaus/plexus/plexus-archiver/1.0-alpha-10/plexus-archiver-1.0-alpha-10.jar
9fbf5000-9fbfa000 r--s 00018000 08:14 4339220    /home/guilherme/.m2/repository/aspectj/aspectjrt/1.5.3/aspectjrt-1.5.3.jar
9fbfa000-9fbfe000 r--s 0002b000 08:14 4338688    /home/guilherme/.m2/repository/org/apache/maven/plugins/maven-assembly-plugin/2.2-beta-2/maven-assembly-plugin-2.2-beta-2.jar
9fbfe000-9fc00000 r--s 0000a000 08:14 5642959    /home/guilherme/.m2/repository/javax/ws/rs/jsr311-api/1.1.1/jsr311-api-1.1.1.jar
9fc00000-9fcfe000 rw-p 00000000 00:00 0 
9fcfe000-9fd00000 ---p 00000000 00:00 0 
9fd00000-9fd01000 r--s 00004000 08:14 4729737    /home/guilherme/.m2/repository/org/apache/maven/maven-repository-metadata/2.0.2/maven-repository-metadata-2.0.2.jar
9fd01000-9fd03000 r--s 0000a000 08:14 4723826    /home/guilherme/.m2/repository/commons-codec/commons-codec/1.3/commons-codec-1.3.jar
9fd03000-9fd05000 r--s 0000d000 08:14 5778757    /home/guilherme/.m2/repository/commons-logging/commons-logging/1.1.1/commons-logging-1.1.1.jar
9fd05000-9fd0a000 r--s 00025000 08:14 4208682    /home/guilherme/.m2/repository/org/apache/httpcomponents/httpcore/4.0-beta1/httpcore-4.0-beta1.jar
9fd0a000-9fd11000 r--s 00036000 08:14 4208679    /home/guilherme/.m2/repository/org/apache/httpcomponents/httpclient/4.0-alpha4/httpclient-4.0-alpha4.jar
9fd11000-9fd14000 r--s 0000b000 08:14 4196718    /home/guilherme/.m2/repository/javax/persistence/persistence-api/1.0.2/persistence-api-1.0.2.jar
9fd14000-9fd16000 r--s 0000c000 08:14 4196713    /home/guilherme/.m2/repository/de/undercouch/bson4jackson/1.3.0/bson4jackson-1.3.0.jar
9fd16000-9fd1b000 r--s 00043000 08:14 4196674    /home/guilherme/.m2/repository/org/mongodb/mongo-java-driver/2.7.2/mongo-java-driver-2.7.2.jar
9fd1b000-9fd1e000 r--s 00014000 08:14 4196701    /home/guilherme/.m2/repository/net/vz/mongodb/jackson/mongo-jackson-mapper/1.4.1/mongo-jackson-mapper-1.4.1.jar
9fd1e000-9fd1f000 r--s 00006000 08:14 4196782    /home/guilherme/.m2/repository/org/codehaus/jackson/jackson-xc/1.9.2/jackson-xc-1.9.2.jar
9fd1f000-9fd20000 r--s 00004000 08:14 4196773    /home/guilherme/.m2/repository/org/codehaus/jackson/jackson-jaxrs/1.9.2/jackson-jaxrs-1.9.2.jar
9fd20000-9fd2e000 r--s 000ad000 08:14 4196762    /home/guilherme/.m2/repository/org/codehaus/jackson/jackson-mapper-asl/1.9.2/jackson-mapper-asl-1.9.2.jar
9fd2e000-9fd32000 r--s 00034000 08:14 4196724    /home/guilherme/.m2/repository/org/codehaus/jackson/jackson-core-asl/1.9.2/jackson-core-asl-1.9.2.jar
9fd32000-9fd34000 r--s 00004000 08:14 4196725    /home/guilherme/.m2/repository/javax/xml/stream/stax-api/1.0-2/stax-api-1.0-2.jar
9fd34000-9fd37000 r--s 00017000 08:14 4196709    /home/guilherme/.m2/repository/javax/xml/bind/jaxb-api/2.2.2/jaxb-api-2.2.2.jar
9fd37000-9fd4a000 r--s 000c7000 08:14 4196686    /home/guilherme/.m2/repository/com/sun/xml/bind/jaxb-impl/2.2.3-1/jaxb-impl-2.2.3-1.jar
9fd4a000-9fd4c000 r--s 0000f000 08:14 4196720    /home/guilherme/.m2/repository/org/codehaus/jettison/jettison/1.1/jettison-1.1.jar
9fd4c000-9fd50000 r--s 00020000 08:14 4196675    /home/guilherme/.m2/repository/org/glassfish/jersey/media/jersey-media-json/2.0-m02/jersey-media-json-2.0-m02.jar
9fd50000-9fd59000 r--s 00042000 08:14 4196752    /home/guilherme/.m2/repository/org/glassfish/jersey/core/jersey-server/2.0-m02/jersey-server-2.0-m02.jar
9fd59000-9fd5b000 r--s 00003000 08:14 4196733    /home/guilherme/.m2/repository/org/jvnet/tiger-types/1.4/tiger-types-1.4.jar
9fd5b000-9fd60000 r--s 00047000 08:14 4196757    /home/guilherme/.m2/repository/org/glassfish/hk2/external/asm-all-repackaged/1.6.32/asm-all-repackaged-1.6.32.jar
9fd60000-9fd61000 r--s 00001000 08:14 4196691    /home/guilherme/.m2/repository/org/glassfish/hk2/external/javax.inject/1.6.32/javax.inject-1.6.32.jar
9fd61000-9fd68000 r--s 0004a000 08:14 4196753    /home/guilherme/.m2/repository/org/glassfish/hk2/auto-depends/1.6.32/auto-depends-1.6.32.jar
9fd68000-9fd69000 r--s 00004000 08:14 4196756    /home/guilherme/.m2/repository/org/glassfish/hk2/osgi-resource-locator/1.0.1/osgi-resource-locator-1.0.1.jar
9fd69000-9fd6b000 r--s 00006000 08:14 4196679    /home/guilherme/.m2/repository/org/glassfish/hk2/hk2-api/1.6.32/hk2-api-1.6.32.jar
9fd6b000-9fd6e000 r--s 00006000 08:14 4196737    /home/guilherme/.m2/repository/com/google/code/findbugs/jsr305/1.3.9/jsr305-1.3.9.jar
9fd6e000-9fd8e000 r--s 00173000 08:14 4196682    /home/guilherme/.m2/repository/com/google/guava/guava/11.0.1/guava-11.0.1.jar
9fd8e000-9fd94000 r--s 00059000 08:14 4196731    /home/guilherme/.m2/repository/javax/mail/mail/1.4/mail-1.4.jar
9fd94000-9fd9f000 r--s 0006c000 08:14 4196687    /home/guilherme/.m2/repository/org/glassfish/jersey/core/jersey-common/2.0-m02/jersey-common-2.0-m02.jar
9fd9f000-9fe2e000 r--s 00dda000 08:14 1717647    /usr/local/java/jdk1.7.0_40/jre/lib/jfxrt.jar
9fe2e000-9fe2f000 ---p 00000000 00:00 0 
9fe2f000-9feaf000 rw-p 00000000 00:00 0          [stack:5187]
9feaf000-9feb2000 ---p 00000000 00:00 0 
9feb2000-9ff00000 rw-p 00000000 00:00 0          [stack:5186]
9ff00000-a0100000 r--p 00000000 08:14 1449933    /usr/lib/locale/locale-archive
a0100000-a0123000 rw-p 00000000 00:00 0 
a0123000-a0200000 ---p 00000000 00:00 0 
a0200000-a0202000 r--s 0000e000 08:14 4196702    /home/guilherme/.m2/repository/javax/activation/activation/1.1/activation-1.1.jar
a0202000-a0205000 r--s 00012000 08:14 4196681    /home/guilherme/.m2/repository/javax/ws/rs/javax.ws.rs-api/2.0-m03/javax.ws.rs-api-2.0-m03.jar
a0205000-a0207000 r--s 00002000 08:14 4196697    /home/guilherme/.m2/repository/org/glassfish/jersey/containers/jersey-container-grizzly2-http/2.0-m02/jersey-container-grizzly2-http-2.0-m02.jar
a0207000-a0209000 r--s 00009000 08:14 4196698    /home/guilherme/.m2/repository/org/glassfish/external/management-api/3.0.0-b012/management-api-3.0.0-b012.jar
a0209000-a0217000 r--s 000a6000 08:14 4196758    /home/guilherme/.m2/repository/org/glassfish/grizzly/grizzly-framework/2.2.4/grizzly-framework-2.2.4.jar
a0217000-a021c000 r--s 0003b000 08:14 4196742    /home/guilherme/.m2/repository/org/glassfish/grizzly/grizzly-http/2.2.4/grizzly-http-2.2.4.jar
a021c000-a0220000 r--s 00030000 08:14 4196693    /home/guilherme/.m2/repository/org/glassfish/grizzly/grizzly-http-server/2.2.4/grizzly-http-server-2.2.4.jar
a0220000-a0224000 r--s 0008a000 08:14 1717584    /usr/local/java/jdk1.7.0_40/jre/lib/jsse.jar
a0224000-a022e000 r--s 00371000 08:14 1717754    /usr/local/java/jdk1.7.0_40/jre/lib/charsets.jar
a022e000-a0231000 ---p 00000000 00:00 0 
a0231000-a02af000 rw-p 00000000 00:00 0          [stack:5185]
a02af000-a02b2000 ---p 00000000 00:00 0 
a02b2000-a0300000 rw-p 00000000 00:00 0          [stack:5184]
a0300000-a03fc000 rw-p 00000000 00:00 0 
a03fc000-a0400000 ---p 00000000 00:00 0 
a0400000-a0401000 r--s 00001000 08:14 4196767    /home/guilherme/.m2/repository/org/glassfish/grizzly/grizzly-rcm/2.2.4/grizzly-rcm-2.2.4.jar
a0401000-a0403000 r--s 00004000 08:14 4196729    /home/guilherme/.m2/repository/org/glassfish/gmbal/gmbal-api-only/3.0.0-b023/gmbal-api-only-3.0.0-b023.jar
a0403000-a0406000 ---p 00000000 00:00 0 
a0406000-a0454000 rw-p 00000000 00:00 0          [stack:5183]
a0454000-a0457000 ---p 00000000 00:00 0 
a0457000-a04a5000 rw-p 00000000 00:00 0          [stack:5182]
a04a5000-a04a6000 ---p 00000000 00:00 0 
a04a6000-a0571000 rw-p 00000000 00:00 0          [stack:5181]
a0571000-a072e000 r--s 039d3000 08:14 1717013    /usr/local/java/jdk1.7.0_40/jre/lib/rt.jar
a072e000-a078f000 rw-p 00000000 00:00 0 
a078f000-a07df000 rw-p 00000000 00:00 0 
a07df000-a07e2000 rw-p 00000000 00:00 0 
a07e2000-a0809000 rw-p 00000000 00:00 0 
a0809000-a080f000 rw-p 00000000 00:00 0 
a080f000-a085f000 rw-p 00000000 00:00 0 
a085f000-a0865000 rw-p 00000000 00:00 0 
a0865000-a087f000 rw-p 00000000 00:00 0 
a087f000-a0dd0000 rw-p 00000000 00:00 0 
a0dd0000-a5dd0000 rw-p 00000000 00:00 0 
a5dd0000-a6880000 rw-p 00000000 00:00 0 
a6880000-b0880000 rw-p 00000000 00:00 0 
b0880000-b1480000 rw-p 00000000 00:00 0 
b1480000-b4880000 rw-p 00000000 00:00 0 
b4880000-b4885000 rw-p 00000000 00:00 0 
b4885000-b4900000 rw-p 00000000 00:00 0 
b4900000-b4a18000 rwxp 00000000 00:00 0 
b4a18000-b69fd000 rw-p 00000000 00:00 0 
b69fd000-b6a00000 ---p 00000000 00:00 0 
b6a00000-b6a09000 r--s 000d3000 08:14 1717586    /usr/local/java/jdk1.7.0_40/jre/lib/javaws.jar
b6a09000-b6a1c000 r--s 001a5000 08:14 1717649    /usr/local/java/jdk1.7.0_40/jre/lib/plugin.jar
b6a1c000-b6a34000 r--s 00406000 08:14 1717648    /usr/local/java/jdk1.7.0_40/jre/lib/deploy.jar
b6a34000-b6a3b000 rw-p 00000000 00:00 0 
b6a3b000-b6a55000 rw-p 00000000 00:00 0 
b6a55000-b6a6c000 r-xp 00000000 08:14 1717575    /usr/local/java/jdk1.7.0_40/jre/lib/i386/libzip.so
b6a6c000-b6a6d000 rw-p 00017000 08:14 1717575    /usr/local/java/jdk1.7.0_40/jre/lib/i386/libzip.so
b6a6d000-b6a78000 r-xp 00000000 08:14 2492817    /lib/i386-linux-gnu/libnss_files-2.17.so
b6a78000-b6a79000 r--p 0000a000 08:14 2492817    /lib/i386-linux-gnu/libnss_files-2.17.so
b6a79000-b6a7a000 rw-p 0000b000 08:14 2492817    /lib/i386-linux-gnu/libnss_files-2.17.so
b6a7a000-b6a84000 r-xp 00000000 08:14 2492828    /lib/i386-linux-gnu/libnss_nis-2.17.so
b6a84000-b6a85000 r--p 00009000 08:14 2492828    /lib/i386-linux-gnu/libnss_nis-2.17.so
b6a85000-b6a86000 rw-p 0000a000 08:14 2492828    /lib/i386-linux-gnu/libnss_nis-2.17.so
b6a86000-b6a9b000 r-xp 00000000 08:14 2492814    /lib/i386-linux-gnu/libnsl-2.17.so
b6a9b000-b6a9c000 r--p 00014000 08:14 2492814    /lib/i386-linux-gnu/libnsl-2.17.so
b6a9c000-b6a9d000 rw-p 00015000 08:14 2492814    /lib/i386-linux-gnu/libnsl-2.17.so
b6a9d000-b6a9f000 rw-p 00000000 00:00 0 
b6a9f000-b6aa1000 r--s 00019000 08:14 1717801    /usr/local/java/jdk1.7.0_40/jre/lib/jce.jar
b6aa1000-b6aa7000 r--s 0007d000 08:14 1717785    /usr/local/java/jdk1.7.0_40/jre/lib/jfr.jar
b6aa7000-b6ab0000 r--s 00250000 08:14 1717499    /usr/local/java/jdk1.7.0_40/jre/lib/resources.jar
b6ab0000-b6ab8000 rw-s 00000000 08:14 5778513    /tmp/hsperfdata_guilherme/5179
b6ab8000-b6adb000 r-xp 00000000 08:14 1717538    /usr/local/java/jdk1.7.0_40/jre/lib/i386/libjava.so
b6adb000-b6adc000 rw-p 00022000 08:14 1717538    /usr/local/java/jdk1.7.0_40/jre/lib/i386/libjava.so
b6adc000-b6ae3000 r-xp 00000000 08:14 2492827    /lib/i386-linux-gnu/librt-2.17.so
b6ae3000-b6ae4000 r--p 00006000 08:14 2492827    /lib/i386-linux-gnu/librt-2.17.so
b6ae4000-b6ae5000 rw-p 00007000 08:14 2492827    /lib/i386-linux-gnu/librt-2.17.so
b6ae5000-b6ae8000 ---p 00000000 00:00 0 
b6ae8000-b6b36000 rw-p 00000000 00:00 0          [stack:5180]
b6b36000-b6b77000 r-xp 00000000 08:14 2492824    /lib/i386-linux-gnu/libm-2.17.so
b6b77000-b6b78000 r--p 00040000 08:14 2492824    /lib/i386-linux-gnu/libm-2.17.so
b6b78000-b6b79000 rw-p 00041000 08:14 2492824    /lib/i386-linux-gnu/libm-2.17.so
b6b79000-b70ff000 r-xp 00000000 08:14 1717533    /usr/local/java/jdk1.7.0_40/jre/lib/i386/client/libjvm.so
b70ff000-b7120000 rw-p 00586000 08:14 1717533    /usr/local/java/jdk1.7.0_40/jre/lib/i386/client/libjvm.so
b7120000-b7541000 rw-p 00000000 00:00 0 
b7541000-b76ef000 r-xp 00000000 08:14 2492825    /lib/i386-linux-gnu/libc-2.17.so
b76ef000-b76f1000 r--p 001ae000 08:14 2492825    /lib/i386-linux-gnu/libc-2.17.so
b76f1000-b76f2000 rw-p 001b0000 08:14 2492825    /lib/i386-linux-gnu/libc-2.17.so
b76f2000-b76f5000 rw-p 00000000 00:00 0 
b76f5000-b76f8000 r-xp 00000000 08:14 2492830    /lib/i386-linux-gnu/libdl-2.17.so
b76f8000-b76f9000 r--p 00002000 08:14 2492830    /lib/i386-linux-gnu/libdl-2.17.so
b76f9000-b76fa000 rw-p 00003000 08:14 2492830    /lib/i386-linux-gnu/libdl-2.17.so
b76fa000-b770d000 r-xp 00000000 08:14 1717542    /usr/local/java/jdk1.7.0_40/jre/lib/i386/jli/libjli.so
b770d000-b770e000 rw-p 00012000 08:14 1717542    /usr/local/java/jdk1.7.0_40/jre/lib/i386/jli/libjli.so
b770e000-b770f000 rw-p 00000000 00:00 0 
b770f000-b7726000 r-xp 00000000 08:14 2492823    /lib/i386-linux-gnu/libpthread-2.17.so
b7726000-b7727000 r--p 00016000 08:14 2492823    /lib/i386-linux-gnu/libpthread-2.17.so
b7727000-b7728000 rw-p 00017000 08:14 2492823    /lib/i386-linux-gnu/libpthread-2.17.so
b7728000-b772a000 rw-p 00000000 00:00 0 
b772a000-b772b000 r--s 00000000 08:14 1717585    /usr/local/java/jdk1.7.0_40/jre/lib/management-agent.jar
b772b000-b772c000 r--p 005e0000 08:14 1449933    /usr/lib/locale/locale-archive
b772c000-b7733000 r-xp 00000000 08:14 2492818    /lib/i386-linux-gnu/libnss_compat-2.17.so
b7733000-b7734000 r--p 00006000 08:14 2492818    /lib/i386-linux-gnu/libnss_compat-2.17.so
b7734000-b7735000 rw-p 00007000 08:14 2492818    /lib/i386-linux-gnu/libnss_compat-2.17.so
b7735000-b7736000 rw-p 00000000 00:00 0 
b7736000-b7737000 r--p 00000000 00:00 0 
b7737000-b7742000 r-xp 00000000 08:14 1717520    /usr/local/java/jdk1.7.0_40/jre/lib/i386/libverify.so
b7742000-b7743000 rw-p 0000b000 08:14 1717520    /usr/local/java/jdk1.7.0_40/jre/lib/i386/libverify.so
b7743000-b7745000 rw-p 00000000 00:00 0 
b7745000-b7746000 r-xp 00000000 00:00 0          [vdso]
b7746000-b7766000 r-xp 00000000 08:14 2492826    /lib/i386-linux-gnu/ld-2.17.so
b7766000-b7767000 r--p 0001f000 08:14 2492826    /lib/i386-linux-gnu/ld-2.17.so
b7767000-b7768000 rw-p 00020000 08:14 2492826    /lib/i386-linux-gnu/ld-2.17.so
bf895000-bf8b9000 rw-p 00000000 00:00 0          [stack]

VM Arguments:
jvm_args: -Didea.launcher.port=7536 -Didea.launcher.bin.path=/home/guilherme/idea-IU-129.713/bin -Dfile.encoding=UTF-8 
java_command: com.intellij.rt.execution.application.AppMain br.org.base.server.Server
Launcher Type: SUN_STANDARD

Environment Variables:
JAVA_HOME=/usr/local/java/jdk1.7.0_40
JRE_HOME=/usr/local/java/jre1.7.0_40
CLASSPATH=./../lib/bootstrap.jar:./../lib/extensions.jar:./../lib/util.jar:./../lib/jdom.jar:./../lib/log4j.jar:./../lib/trove4j.jar:./../lib/jna.jar:/usr/local/java/jdk1.7.0_40/lib/tools.jar
PATH=/opt/SenchaSDKTools-2.0.0-beta3:/home/guilherme/bin/Sencha/Cmd/4.0.0.203:/usr/local/heroku/bin:/opt/SenchaSDKTools-2.0.0-beta3:/home/guilherme/bin/Sencha/Cmd/4.0.0.203:/home/guilherme/bin:/usr/lib/lightdm/lightdm:/usr/local/sbin:/usr/local/bin:/usr/sbin:/usr/bin:/sbin:/bin:/usr/games:/usr/local/games:/home/guilherme/bin:/usr/local/java/jdk1.7.0_40/bin:/home/guilherme/bin:/usr/local/java/jre1.7.0_40/bin
LD_LIBRARY_PATH=.:
SHELL=/bin/bash
DISPLAY=:0

Signal Handlers:
SIGSEGV: [libjvm.so+0x503d90], sa_mask[0]=0x7ffbfeff, sa_flags=0x10000004
SIGBUS: [libjvm.so+0x503d90], sa_mask[0]=0x7ffbfeff, sa_flags=0x10000004
SIGFPE: [libjvm.so+0x3fbe80], sa_mask[0]=0x7ffbfeff, sa_flags=0x10000004
SIGPIPE: [libjvm.so+0x3fbe80], sa_mask[0]=0x7ffbfeff, sa_flags=0x10000004
SIGXFSZ: [libjvm.so+0x3fbe80], sa_mask[0]=0x7ffbfeff, sa_flags=0x10000004
SIGILL: [libjvm.so+0x3fbe80], sa_mask[0]=0x7ffbfeff, sa_flags=0x10000004
SIGUSR1: SIG_DFL, sa_mask[0]=0x00000000, sa_flags=0x00000000
SIGUSR2: [libjvm.so+0x3fd370], sa_mask[0]=0x00000004, sa_flags=0x10000004
SIGHUP: [libjvm.so+0x3fe4c0], sa_mask[0]=0x7ffbfeff, sa_flags=0x10000004
SIGINT: [libjvm.so+0x3fe4c0], sa_mask[0]=0x7ffbfeff, sa_flags=0x10000004
SIGTERM: [libjvm.so+0x3fe4c0], sa_mask[0]=0x7ffbfeff, sa_flags=0x10000004
SIGQUIT: [libjvm.so+0x3fe4c0], sa_mask[0]=0x7ffbfeff, sa_flags=0x10000004


---------------  S Y S T E M  ---------------

OS:wheezy/sid

uname:Linux 3.8.0-33-generic #48-Ubuntu SMP Wed Oct 23 17:26:34 UTC 2013 i686
libc:glibc 2.17 NPTL 2.17 
rlimit: STACK 8192k, CORE 0k, NPROC 24106, NOFILE 4096, AS infinity
load average:0,52 0,57 0,40

/proc/meminfo:
MemTotal:        3102112 kB
MemFree:          965380 kB
Buffers:           34156 kB
Cached:           383768 kB
SwapCached:            0 kB
Active:          1762404 kB
Inactive:         279576 kB
Active(anon):    1624240 kB
Inactive(anon):    13340 kB
Active(file):     138164 kB
Inactive(file):   266236 kB
Unevictable:          32 kB
Mlocked:              32 kB
HighTotal:       2231176 kB
HighFree:         190632 kB
LowTotal:         870936 kB
LowFree:          774748 kB
SwapTotal:       1999868 kB
SwapFree:        1999868 kB
Dirty:              6140 kB
Writeback:             0 kB
AnonPages:       1624192 kB
Mapped:           266904 kB
Shmem:             13528 kB
Slab:              37820 kB
SReclaimable:      17300 kB
SUnreclaim:        20520 kB
KernelStack:        5096 kB
PageTables:        20024 kB
NFS_Unstable:          0 kB
Bounce:                0 kB
WritebackTmp:          0 kB
CommitLimit:     3550924 kB
Committed_AS:    5349624 kB
VmallocTotal:     122880 kB
VmallocUsed:       46448 kB
VmallocChunk:      70132 kB
HardwareCorrupted:     0 kB
AnonHugePages:         0 kB
HugePages_Total:       0
HugePages_Free:        0
HugePages_Rsvd:        0
HugePages_Surp:        0
Hugepagesize:       2048 kB
DirectMap4k:       45048 kB
DirectMap2M:      868352 kB


CPU:total 2 (2 cores per cpu, 1 threads per core) family 15 model 6 stepping 5, cmov, cx8, fxsr, mmx, sse, sse2, sse3, tsc

/proc/cpuinfo:
processor	: 0
vendor_id	: GenuineIntel
cpu family	: 15
model		: 6
model name	: Intel(R) Pentium(R) D CPU 3.20GHz
stepping	: 5
microcode	: 0xb
cpu MHz		: 3200.000
cache size	: 2048 KB
physical id	: 0
siblings	: 2
core id		: 0
cpu cores	: 2
apicid		: 0
initial apicid	: 0
fdiv_bug	: no
hlt_bug		: no
f00f_bug	: no
coma_bug	: no
fpu		: yes
fpu_exception	: yes
cpuid level	: 6
wp		: yes
flags		: fpu vme de pse tsc msr pae mce cx8 apic sep mtrr pge mca cmov pat pse36 clflush dts acpi mmx fxsr sse sse2 ss ht tm pbe nx lm constant_tsc pebs bts pni dtes64 monitor ds_cpl est cid cx16 xtpr pdcm lahf_lm
bogomips	: 6399.11
clflush size	: 64
cache_alignment	: 128
address sizes	: 36 bits physical, 48 bits virtual
power management:

processor	: 1
vendor_id	: GenuineIntel
cpu family	: 15
model		: 6
model name	: Intel(R) Pentium(R) D CPU 3.20GHz
stepping	: 5
microcode	: 0xb
cpu MHz		: 2400.000
cache size	: 2048 KB
physical id	: 0
siblings	: 2
core id		: 1
cpu cores	: 2
apicid		: 1
initial apicid	: 1
fdiv_bug	: no
hlt_bug		: no
f00f_bug	: no
coma_bug	: no
fpu		: yes
fpu_exception	: yes
cpuid level	: 6
wp		: yes
flags		: fpu vme de pse tsc msr pae mce cx8 apic sep mtrr pge mca cmov pat pse36 clflush dts acpi mmx fxsr sse sse2 ss ht tm pbe nx lm constant_tsc pebs bts pni dtes64 monitor ds_cpl est cid cx16 xtpr pdcm lahf_lm
bogomips	: 6399.11
clflush size	: 64
cache_alignment	: 128
address sizes	: 36 bits physical, 48 bits virtual
power management:



Memory: 4k page, physical 3102112k(965380k free), swap 1999868k(1999868k free)

vm_info: Java HotSpot(TM) Client VM (24.0-b56) for linux-x86 JRE (1.7.0_40-b43), built on Aug 26 2013 22:05:59 by "java_re" with gcc 4.3.0 20080428 (Red Hat 4.3.0-8)

time: Fri Nov 29 15:29:06 2013
elapsed time: 1 seconds

