#
# A fatal error has been detected by the Java Runtime Environment:
#
#  SIGILL (0x4) at pc=0xb6d13e10, pid=19613, tid=3064789824
#
# JRE version: Java(TM) SE Runtime Environment (7.0_40-b43) (build 1.7.0_40-b43)
# Java VM: Java HotSpot(TM) Client VM (24.0-b56 mixed mode linux-x86 )
# Problematic frame:
# V  [libjvm.so+0x200e10]  Events::log_exception(Thread*, char const*, ...)+0x20
#
# Failed to write core dump. Core dumps have been disabled. To enable core dumping, try "ulimit -c unlimited" before starting Java again
#
# If you would like to submit a bug report, please visit:
#   http://bugreport.sun.com/bugreport/crash.jsp
#

---------------  T H R E A D  ---------------

Current thread (0xb690c000):  JavaThread "main" [_thread_in_vm, id=19614, stack(0xb6a7f000,0xb6ad0000)]

siginfo:si_signo=SIGILL: si_errno=0, si_code=2 (ILL_ILLOPN), si_addr=0xb6d13e10

Registers:
EAX=0x00000000, EBX=0xb70a7868, ECX=0xb6907698, EDX=0x00000000
ESP=0xb6acd5a0, EBP=0xb6acd5c8, ESI=0xb6907698, EDI=0xb6907e90
EIP=0xb6d13e10, EFLAGS=0x00010286, CR2=0xb76d7100

Top of Stack: (sp=0xb6acd5a0)
0xb6acd5a0:   b690c000 00000000 20c069e8 4000f3e9
0xb6acd5b0:   a06f0f58 b6907698 b706b474 b70a7868
0xb6acd5c0:   00000000 b087b600 b6acd8c8 b6e3d80b
0xb6acd5d0:   b690c000 b7058507 a0affd28 b706b474
0xb6acd5e0:   000004dc b6acd80c b690cb84 b690cb84
0xb6acd5f0:   b6acd680 b6acd618 b690c000 b690cb78
0xb6acd600:   b6acd680 00000001 b690cb7c b6ec4a5e
0xb6acd610:   b70a7868 07000000 b6acd928 b48eb39a 

Instructions: (pc=0xb6d13e10)
0xb6d13df0:   55 89 e5 57 56 53 83 ec 1c e8 00 00 00 00 5b 81
0xb6d13e00:   c3 6a 3a 39 00 8b 83 10 f2 ff ff 80 38 00 75 08
0xb6d13e10:   8d 65 f4 5b 5e 5f 5d c3 8b 83 d4 fa ff ff 8d 7d
0xb6d13e20:   10 8b 30 8b 83 3c ea ff ff 8b 00 85 c0 75 e1 e8 

Register to memory mapping:

EAX=0x00000000 is an unknown value
EBX=0xb70a7868: <offset 0x594868> in /usr/local/java/jdk1.7.0_40/jre/lib/i386/client/libjvm.so at 0xb6b13000
ECX=0xb6907698 is an unknown value
EDX=0x00000000 is an unknown value
ESP=0xb6acd5a0 is pointing into the stack for thread: 0xb690c000
EBP=0xb6acd5c8 is pointing into the stack for thread: 0xb690c000
ESI=0xb6907698 is an unknown value
EDI=0xb6907e90 is an unknown value


Stack: [0xb6a7f000,0xb6ad0000],  sp=0xb6acd5a0,  free space=313k
Native frames: (J=compiled Java code, j=interpreted, Vv=VM code, C=native code)
V  [libjvm.so+0x200e10]  Events::log_exception(Thread*, char const*, ...)+0x20
V  [libjvm.so+0x32a80b]  JVM_DoPrivileged+0x4eb
C  [libjava.so+0x9a4a]  Java_java_security_AccessController_doPrivileged__Ljava_security_PrivilegedExceptionAction_2Ljava_security_AccessControlContext_2+0x3a
j  java.security.AccessController.doPrivileged(Ljava/security/PrivilegedExceptionAction;Ljava/security/AccessControlContext;)Ljava/lang/Object;+0
j  java.net.URLClassLoader.findClass(Ljava/lang/String;)Ljava/lang/Class;+13
j  java.lang.ClassLoader.loadClass(Ljava/lang/String;Z)Ljava/lang/Class;+70
j  java.lang.ClassLoader.loadClass(Ljava/lang/String;Z)Ljava/lang/Class;+38
j  sun.misc.Launcher$AppClassLoader.loadClass(Ljava/lang/String;Z)Ljava/lang/Class;+36
j  java.lang.ClassLoader.loadClass(Ljava/lang/String;)Ljava/lang/Class;+3
v  ~StubRoutines::call_stub
V  [libjvm.so+0x2a7875]  JavaCalls::call_helper(JavaValue*, methodHandle*, JavaCallArguments*, Thread*)+0x315
V  [libjvm.so+0x3fa1e9]  os::os_exception_wrapper(void (*)(JavaValue*, methodHandle*, JavaCallArguments*, Thread*), JavaValue*, methodHandle*, JavaCallArguments*, Thread*)+0x19
V  [libjvm.so+0x2a64ef]  JavaCalls::call(JavaValue*, methodHandle, JavaCallArguments*, Thread*)+0x2f
V  [libjvm.so+0x2a672a]  JavaCalls::call_virtual(JavaValue*, KlassHandle, Symbol*, Symbol*, JavaCallArguments*, Thread*)+0x10a
V  [libjvm.so+0x2a67f5]  JavaCalls::call_virtual(JavaValue*, Handle, KlassHandle, Symbol*, Symbol*, Handle, Thread*)+0x55
V  [libjvm.so+0x49e559]  SystemDictionary::load_instance_class(Symbol*, Handle, Thread*)+0x489
V  [libjvm.so+0x49cc52]  SystemDictionary::resolve_instance_class_or_null(Symbol*, Handle, Handle, Thread*)+0x742
V  [libjvm.so+0x49d0b9]  SystemDictionary::resolve_or_null(Symbol*, Handle, Handle, Thread*)+0x49
V  [libjvm.so+0x49e5d0]  SystemDictionary::resolve_or_fail(Symbol*, Handle, Handle, bool, Thread*)+0x30
V  [libjvm.so+0x31e40c]  find_class_from_class_loader(JNIEnv_*, Symbol*, unsigned char, Handle, Handle, unsigned char, Thread*)+0x3c
V  [libjvm.so+0x31e6ab]  JVM_FindClassFromClass+0x22b
C  [libverify.so+0x2503]  load_class_global+0x43
C  [libverify.so+0x25b9]  object_fullinfo_to_classclass+0x49
C  [libverify.so+0x34dc]  merge_fullinfo_types+0xcc
C  [libverify.so+0x3ada]  isAssignableTo+0x1a
C  [libverify.so+0x3b7d]  merge_stack+0x8d
C  [libverify.so+0x412f]  merge_into_one_successor+0x8f
C  [libverify.so+0x5d5f]  run_dataflow+0x76f
C  [libverify.so+0x76f3]  verify_method+0x933
C  [libverify.so+0x8d8a]  VerifyClassForMajorVersion+0x62a
C  [libjava.so+0x10689]  VerifyClassCodesForMajorVersion+0x39
V  [libjvm.so+0x4e9f0e]  Verifier::inference_verify(instanceKlassHandle, char*, unsigned int, Thread*)+0x14e
V  [libjvm.so+0x4f69c3]  Verifier::verify(instanceKlassHandle, Verifier::Mode, bool, Thread*)+0x513
V  [libjvm.so+0x274a49]  instanceKlass::verify_code(instanceKlassHandle, bool, Thread*)+0x39
V  [libjvm.so+0x27e6c4]  instanceKlass::link_class_impl(instanceKlassHandle, bool, Thread*)+0x4e4
V  [libjvm.so+0x27ea3f]  instanceKlass::initialize_impl(instanceKlassHandle, Thread*)+0x5f
V  [libjvm.so+0x27ef9b]  instanceKlass::initialize(Thread*)+0x5b
V  [libjvm.so+0x39162a]  LinkResolver::resolve_static_call(CallInfo&, KlassHandle&, Symbol*, Symbol*, KlassHandle, bool, bool, Thread*)+0xfa
V  [libjvm.so+0x391774]  LinkResolver::resolve_invokestatic(CallInfo&, constantPoolHandle, int, Thread*)+0xc4
V  [libjvm.so+0x2a1e0a]  InterpreterRuntime::resolve_invoke(JavaThread*, Bytecodes::Code)+0x17a
j  org.testng.RemoteTestNGStarter.main([Ljava/lang/String;)V+441
v  ~StubRoutines::call_stub
V  [libjvm.so+0x2a7875]  JavaCalls::call_helper(JavaValue*, methodHandle*, JavaCallArguments*, Thread*)+0x315
V  [libjvm.so+0x3fa1e9]  os::os_exception_wrapper(void (*)(JavaValue*, methodHandle*, JavaCallArguments*, Thread*), JavaValue*, methodHandle*, JavaCallArguments*, Thread*)+0x19
V  [libjvm.so+0x2a64ef]  JavaCalls::call(JavaValue*, methodHandle, JavaCallArguments*, Thread*)+0x2f
V  [libjvm.so+0x43f97e]  Reflection::invoke(instanceKlassHandle, methodHandle, Handle, bool, objArrayHandle, BasicType, objArrayHandle, bool, Thread*)+0x3fe
V  [libjvm.so+0x44043a]  Reflection::invoke_method(oopDesc*, Handle, objArrayHandle, Thread*)+0x15a
V  [libjvm.so+0x328c19]  JVM_InvokeMethod+0x209
C  [libjava.so+0x15232]  Java_sun_reflect_NativeMethodAccessorImpl_invoke0+0x32
j  sun.reflect.NativeMethodAccessorImpl.invoke0(Ljava/lang/reflect/Method;Ljava/lang/Object;[Ljava/lang/Object;)Ljava/lang/Object;+0
j  sun.reflect.NativeMethodAccessorImpl.invoke(Ljava/lang/Object;[Ljava/lang/Object;)Ljava/lang/Object;+87
j  sun.reflect.DelegatingMethodAccessorImpl.invoke(Ljava/lang/Object;[Ljava/lang/Object;)Ljava/lang/Object;+6
j  java.lang.reflect.Method.invoke(Ljava/lang/Object;[Ljava/lang/Object;)Ljava/lang/Object;+57
j  com.intellij.rt.execution.application.AppMain.main([Ljava/lang/String;)V+140
v  ~StubRoutines::call_stub
V  [libjvm.so+0x2a7875]  JavaCalls::call_helper(JavaValue*, methodHandle*, JavaCallArguments*, Thread*)+0x315
V  [libjvm.so+0x3fa1e9]  os::os_exception_wrapper(void (*)(JavaValue*, methodHandle*, JavaCallArguments*, Thread*), JavaValue*, methodHandle*, JavaCallArguments*, Thread*)+0x19
V  [libjvm.so+0x2a64ef]  JavaCalls::call(JavaValue*, methodHandle, JavaCallArguments*, Thread*)+0x2f
V  [libjvm.so+0x2e28b2]  jni_invoke_static(JNIEnv_*, JavaValue*, _jobject*, JNICallType, _jmethodID*, JNI_ArgumentPusher*, Thread*)+0x242
V  [libjvm.so+0x2f8ada]  jni_CallStaticVoidMethod+0xca
C  [libjli.so+0x2e8d]  JavaMain+0x8bd
C  [libpthread.so.0+0x6d78]  start_thread+0xd8

Java frames: (J=compiled Java code, j=interpreted, Vv=VM code)
j  java.security.AccessController.doPrivileged(Ljava/security/PrivilegedExceptionAction;Ljava/security/AccessControlContext;)Ljava/lang/Object;+0
j  java.net.URLClassLoader.findClass(Ljava/lang/String;)Ljava/lang/Class;+13
j  java.lang.ClassLoader.loadClass(Ljava/lang/String;Z)Ljava/lang/Class;+70
j  java.lang.ClassLoader.loadClass(Ljava/lang/String;Z)Ljava/lang/Class;+38
j  sun.misc.Launcher$AppClassLoader.loadClass(Ljava/lang/String;Z)Ljava/lang/Class;+36
j  java.lang.ClassLoader.loadClass(Ljava/lang/String;)Ljava/lang/Class;+3
v  ~StubRoutines::call_stub
j  org.testng.RemoteTestNGStarter.main([Ljava/lang/String;)V+441
v  ~StubRoutines::call_stub
j  sun.reflect.NativeMethodAccessorImpl.invoke0(Ljava/lang/reflect/Method;Ljava/lang/Object;[Ljava/lang/Object;)Ljava/lang/Object;+0
j  sun.reflect.NativeMethodAccessorImpl.invoke(Ljava/lang/Object;[Ljava/lang/Object;)Ljava/lang/Object;+87
j  sun.reflect.DelegatingMethodAccessorImpl.invoke(Ljava/lang/Object;[Ljava/lang/Object;)Ljava/lang/Object;+6
j  java.lang.reflect.Method.invoke(Ljava/lang/Object;[Ljava/lang/Object;)Ljava/lang/Object;+57
j  com.intellij.rt.execution.application.AppMain.main([Ljava/lang/String;)V+140
v  ~StubRoutines::call_stub

---------------  P R O C E S S  ---------------

Java Threads: ( => current thread )
  0x9f965800 JavaThread "Monitor Ctrl-Break" daemon [_thread_in_native, id=19622, stack(0x9fa89000,0x9fada000)]
  0xb6974000 JavaThread "Service Thread" daemon [_thread_blocked, id=19620, stack(0xa020d000,0xa025e000)]
  0xb6972000 JavaThread "C1 CompilerThread0" daemon [_thread_blocked, id=19619, stack(0x9fe7f000,0x9ff00000)]
  0xb6970800 JavaThread "Signal Dispatcher" daemon [_thread_blocked, id=19618, stack(0xa025e000,0xa02af000)]
  0xb6960400 JavaThread "Finalizer" daemon [_thread_blocked, id=19617, stack(0xa02af000,0xa0300000)]
  0xb695dc00 JavaThread "Reference Handler" daemon [_thread_blocked, id=19616, stack(0xa0413000,0xa0464000)]
=>0xb690c000 JavaThread "main" [_thread_in_vm, id=19614, stack(0xb6a7f000,0xb6ad0000)]

Other Threads:
  0xb695c000 VMThread [stack: 0xa0464000,0xa04e5000] [id=19615]
  0xb6976400 WatcherThread [stack: 0x9fdfe000,0x9fe7f000] [id=19621]

VM state:not at safepoint (normal execution)

VM Mutex/Monitor currently owned by a thread: None

Heap
 def new generation   total 4928K, used 2711K [0xa0860000, 0xa0db0000, 0xa5db0000)
  eden space 4416K,  61% used [0xa0860000, 0xa0b05f38, 0xa0cb0000)
  from space 512K,   0% used [0xa0cb0000, 0xa0cb0000, 0xa0d30000)
  to   space 512K,   0% used [0xa0d30000, 0xa0d30000, 0xa0db0000)
 tenured generation   total 10944K, used 0K [0xa5db0000, 0xa6860000, 0xb0860000)
   the space 10944K,   0% used [0xa5db0000, 0xa5db0000, 0xa5db0200, 0xa6860000)
 compacting perm gen  total 12288K, used 1951K [0xb0860000, 0xb1460000, 0xb4860000)
   the space 12288K,  15% used [0xb0860000, 0xb0a47d68, 0xb0a47e00, 0xb1460000)
No shared spaces configured.

Card table byte_map: [0xa07bf000,0xa0860000] byte_map_base: 0xa02bad00

Polling page: 0xb76d0000

Code Cache  [0xb48e8000, 0xb4990000, 0xb68e8000)
 total_blobs=170 nmethods=39 adapters=69 free_code_cache=32114Kb largest_free_block=32884992

Compilation events (10 events):
Event: 2,091 Thread 0xb6972000   34             java.util.zip.ZipCoder::encoder (35 bytes)
Event: 2,091 Thread 0xb6972000 nmethod 34 0xb4988648 code [0xb4988750, 0xb498883c]
Event: 2,091 Thread 0xb6972000   35             java.nio.charset.CharsetEncoder::reset (11 bytes)
Event: 2,092 Thread 0xb6972000 nmethod 35 0xb49888c8 code [0xb49889c0, 0xb4988a40]
Event: 2,092 Thread 0xb6972000   36             java.nio.charset.CharsetEncoder::implReset (1 bytes)
Event: 2,092 Thread 0xb6972000 nmethod 36 0xb4988a88 code [0xb4988b80, 0xb4988c00]
Event: 2,101 Thread 0xb6972000   38             java.util.ArrayList::size (5 bytes)
Event: 2,101 Thread 0xb6972000 nmethod 38 0xb4988f08 code [0xb4989000, 0xb4989080]
Event: 2,101 Thread 0xb6972000   39  s!         sun.misc.URLClassPath::getLoader (154 bytes)
Event: 2,104 Thread 0xb6972000 nmethod 39 0xb49890c8 code [0xb4989410, 0xb498a570]

GC Heap History (0 events):
No events

Deoptimization events (0 events):
No events

Internal exceptions (10 events):
Event: 2,068 Thread 0xb690c000 Threw 0xa0a7e6b0 at /HUDSON/workspace/jdk7u40-2-build-linux-i586-product/jdk7u40/hotspot/src/share/vm/prims/jvm.cpp:1244
Event: 2,069 Thread 0xb690c000 Threw 0xa0a9a988 at /HUDSON/workspace/jdk7u40-2-build-linux-i586-product/jdk7u40/hotspot/src/share/vm/prims/jvm.cpp:1244
Event: 2,071 Thread 0xb690c000 Threw 0xa0aa2f80 at /HUDSON/workspace/jdk7u40-2-build-linux-i586-product/jdk7u40/hotspot/src/share/vm/prims/jvm.cpp:1244
Event: 2,073 Thread 0xb690c000 Threw 0xa0aabde8 at /HUDSON/workspace/jdk7u40-2-build-linux-i586-product/jdk7u40/hotspot/src/share/vm/prims/jvm.cpp:1244
Event: 2,077 Thread 0xb690c000 Threw 0xa0ac4f18 at /HUDSON/workspace/jdk7u40-2-build-linux-i586-product/jdk7u40/hotspot/src/share/vm/prims/jvm.cpp:1244
Event: 2,080 Thread 0xb690c000 Threw 0xa0ad1b48 at /HUDSON/workspace/jdk7u40-2-build-linux-i586-product/jdk7u40/hotspot/src/share/vm/prims/jvm.cpp:1244
Event: 2,083 Thread 0xb690c000 Threw 0xa0adf070 at /HUDSON/workspace/jdk7u40-2-build-linux-i586-product/jdk7u40/hotspot/src/share/vm/prims/jvm.cpp:1244
Event: 2,085 Thread 0xb690c000 Threw 0xa0aeb518 at /HUDSON/workspace/jdk7u40-2-build-linux-i586-product/jdk7u40/hotspot/src/share/vm/prims/jvm.cpp:1244
Event: 2,111 Thread 0xb690c000 Threw 0xa0af5658 at /HUDSON/workspace/jdk7u40-2-build-linux-i586-product/jdk7u40/hotspot/src/share/vm/prims/jvm.cpp:1244
Event: 2,119 Thread 0xb690c000 Threw 0xa0affd28 at /HUDSON/workspace/jdk7u40-2-build-linux-i586-product/jdk7u40/hotspot/src/share/vm/prims/jvm.cpp:1244

Events (10 events):
Event: 2,116 loading class 0xa07252b8
Event: 2,116 loading class 0xa07252b8 done
Event: 2,117 loading class 0x9f997eb8
Event: 2,117 loading class 0x9f997eb8 done
Event: 2,117 loading class 0x9f997e70
Event: 2,117 loading class 0x9f997e70 done
Event: 2,118 loading class 0xa070cb30
Event: 2,118 loading class 0xa070cb30 done
Event: 2,119 loading class 0x9f967240
Event: 2,119 loading class 0x9f967240 done


Dynamic libraries:
08048000-08049000 r-xp 00000000 08:04 1717000    /usr/local/java/jdk1.7.0_40/bin/java
08049000-0804a000 rw-p 00000000 08:04 1717000    /usr/local/java/jdk1.7.0_40/bin/java
09f90000-09fb1000 rw-p 00000000 00:00 0          [heap]
9f818000-9f900000 rw-p 00000000 00:00 0 
9f900000-9f9b5000 rw-p 00000000 00:00 0 
9f9b5000-9fa00000 ---p 00000000 00:00 0 
9fa12000-9fa74000 rw-p 00000000 00:00 0 
9fa74000-9fa88000 r-xp 00000000 08:04 1717553    /usr/local/java/jdk1.7.0_40/jre/lib/i386/libnet.so
9fa88000-9fa89000 rw-p 00014000 08:04 1717553    /usr/local/java/jdk1.7.0_40/jre/lib/i386/libnet.so
9fa89000-9fa8c000 ---p 00000000 00:00 0 
9fa8c000-9fada000 rw-p 00000000 00:00 0          [stack:19622]
9fada000-9faf0000 r--s 00258000 08:04 5379945    /home/guilherme/idea-IU-129.713/plugins/testng/lib/testng.jar
9faf0000-9fb00000 r--s 0007c000 08:04 5780753    /home/guilherme/.m2/repository/joda-time/joda-time/2.1/joda-time-2.1.jar
9fb00000-9fc00000 rw-p 00000000 00:00 0 
9fc03000-9fc07000 rw-p 00000000 00:00 0 
9fc07000-9fc08000 r-xp 00000000 08:04 1976888    /home/guilherme/idea-IU-129.713/bin/libbreakgen.so
9fc08000-9fc09000 rw-p 00000000 08:04 1976888    /home/guilherme/idea-IU-129.713/bin/libbreakgen.so
9fc09000-9fc0b000 r--s 00013000 08:04 1976990    /home/guilherme/idea-IU-129.713/lib/idea_rt.jar
9fc0b000-9fc0d000 r--s 00007000 08:04 5780766    /home/guilherme/.m2/repository/com/fasterxml/jackson/core/jackson-annotations/2.1.1/jackson-annotations-2.1.1.jar
9fc0d000-9fc1e000 r--s 000d1000 08:04 13940      /home/guilherme/.m2/repository/com/fasterxml/jackson/core/jackson-databind/2.1.1/jackson-databind-2.1.1.jar
9fc1e000-9fc22000 r--s 0002f000 08:04 5907907    /home/guilherme/.m2/repository/com/fasterxml/jackson/core/jackson-core/2.1.1/jackson-core-2.1.1.jar
9fc22000-9fc24000 r--s 00007000 08:04 5780761    /home/guilherme/.m2/repository/com/fasterxml/jackson/datatype/jackson-datatype-joda/2.1.1/jackson-datatype-joda-2.1.1.jar
9fc24000-9fc2a000 r--s 00033000 08:04 4982889    /home/guilherme/.m2/repository/org/yaml/snakeyaml/1.6/snakeyaml-1.6.jar
9fc2a000-9fc2c000 r--s 00006000 08:04 4982891    /home/guilherme/.m2/repository/com/beust/jcommander/1.12/jcommander-1.12.jar
9fc2c000-9fc31000 r--s 00040000 08:04 4982892    /home/guilherme/.m2/repository/org/beanshell/bsh/2.0b4/bsh-2.0b4.jar
9fc31000-9fc3b000 r--s 00087000 08:04 4465263    /home/guilherme/.m2/repository/org/testng/testng/6.1.1/testng-6.1.1.jar
9fc3b000-9fc3e000 r--s 0001a000 08:04 5643337    /home/guilherme/.m2/repository/com/jcraft/jsch/0.1.23/jsch-0.1.23.jar
9fc3e000-9fc40000 r--s 00007000 08:04 5643375    /home/guilherme/.m2/repository/org/apache/maven/wagon/wagon-ssh/1.0-alpha-5/wagon-ssh-1.0-alpha-5.jar
9fc40000-9fc41000 r--s 00001000 08:04 5645070    /home/guilherme/.m2/repository/org/apache/maven/maven-monitor/2.0/maven-monitor-2.0.jar
9fc41000-9fc43000 r--s 00002000 08:04 5380014    /home/guilherme/.m2/repository/org/codehaus/plexus/plexus-interactivity-api/1.0-alpha-4/plexus-interactivity-api-1.0-alpha-4.jar
9fc43000-9fc45000 r--s 00007000 08:04 5645055    /home/guilherme/.m2/repository/org/apache/maven/maven-plugin-descriptor/2.0/maven-plugin-descriptor-2.0.jar
9fc45000-9fc47000 r--s 00006000 08:04 5380013    /home/guilherme/.m2/repository/commons-cli/commons-cli/1.0/commons-cli-1.0.jar
9fc47000-9fc49000 r--s 00005000 08:04 5645038    /home/guilherme/.m2/repository/org/apache/maven/maven-plugin-registry/2.0/maven-plugin-registry-2.0.jar
9fc49000-9fc4a000 r--s 00002000 08:04 5645035    /home/guilherme/.m2/repository/org/apache/maven/maven-error-diagnostics/2.0/maven-error-diagnostics-2.0.jar
9fc4a000-9fc4c000 r--s 00000000 08:04 5643353    /home/guilherme/.m2/repository/doxia/doxia-sink-api/1.0-alpha-4/doxia-sink-api-1.0-alpha-4.jar
9fc4c000-9fc4d000 r--s 00001000 08:04 5643339    /home/guilherme/.m2/repository/org/apache/maven/reporting/maven-reporting-api/2.0/maven-reporting-api-2.0.jar
9fc4d000-9fc4e000 r--s 00001000 08:04 5643369    /home/guilherme/.m2/repository/org/apache/maven/wagon/wagon-http-lightweight/1.0-alpha-5/wagon-http-lightweight-1.0-alpha-5.jar
9fc4e000-9fc50000 r--s 00003000 08:04 5645032    /home/guilherme/.m2/repository/org/apache/maven/maven-plugin-parameter-documenter/2.0/maven-plugin-parameter-documenter-2.0.jar
9fc50000-9fc51000 r--s 00001000 08:04 5643349    /home/guilherme/.m2/repository/org/apache/maven/wagon/wagon-file/1.0-alpha-5/wagon-file-1.0-alpha-5.jar
9fc51000-9fc55000 r--s 0001e000 08:04 5643386    /home/guilherme/.m2/repository/org/apache/maven/maven-core/2.0/maven-core-2.0.jar
9fc55000-9fc56000 r--s 00007000 08:04 5643376    /home/guilherme/.m2/repository/org/apache/maven/shared/maven-plugin-testing-harness/1.1/maven-plugin-testing-harness-1.1.jar
9fc56000-9fc58000 r--s 00005000 08:04 5769033    /home/guilherme/.m2/repository/org/apache/maven/shared/maven-common-artifact-filters/1.0/maven-common-artifact-filters-1.0.jar
9fc58000-9fc59000 r--s 00005000 08:04 5643351    /home/guilherme/.m2/repository/org/apache/maven/shared/maven-repository-builder/1.0-alpha-2/maven-repository-builder-1.0-alpha-2.jar
9fc59000-9fc5b000 r--s 00008000 08:04 4603583    /home/guilherme/.m2/repository/classworlds/classworlds/1.1-alpha-2/classworlds-1.1-alpha-2.jar
9fc5b000-9fc5c000 r--s 00002000 08:04 4602128    /home/guilherme/.m2/repository/org/apache/maven/maven-archiver/2.2/maven-archiver-2.2.jar
9fc5c000-9fc5e000 r--s 00006000 08:04 5515098    /home/guilherme/.m2/repository/org/apache/maven/maven-profile/2.0.4/maven-profile-2.0.4.jar
9fc5e000-9fc60000 r--s 00012000 08:04 5381163    /home/guilherme/.m2/repository/org/apache/maven/maven-model/2.0.4/maven-model-2.0.4.jar
9fc60000-9fc62000 r--s 00009000 08:04 5252442    /home/guilherme/.m2/repository/org/apache/maven/maven-settings/2.0.4/maven-settings-2.0.4.jar
9fc62000-9fc65000 r--s 00018000 08:04 5252407    /home/guilherme/.m2/repository/org/apache/maven/maven-project/2.0.4/maven-project-2.0.4.jar
9fc65000-9fc67000 r--s 00004000 08:04 4729740    /home/guilherme/.m2/repository/org/codehaus/plexus/plexus-active-collections/1.0-beta-2/plexus-active-collections-1.0-beta-2.jar
9fc67000-9fc69000 r--s 00009000 08:04 5381154    /home/guilherme/.m2/repository/org/apache/maven/wagon/wagon-provider-api/1.0-alpha-6/wagon-provider-api-1.0-alpha-6.jar
9fc69000-9fc6a000 r--s 00004000 08:04 4729737    /home/guilherme/.m2/repository/org/apache/maven/maven-repository-metadata/2.0.2/maven-repository-metadata-2.0.2.jar
9fc6a000-9fc6d000 r--s 0000a000 08:04 5381157    /home/guilherme/.m2/repository/org/apache/maven/maven-artifact-manager/2.0.2/maven-artifact-manager-2.0.2.jar
9fc6d000-9fc70000 r--s 00011000 08:04 5643355    /home/guilherme/.m2/repository/org/apache/maven/maven-artifact/2.0.4/maven-artifact-2.0.4.jar
9fc70000-9fc72000 r--s 00008000 08:04 5250126    /home/guilherme/.m2/repository/org/apache/maven/shared/maven-shared-io/1.1/maven-shared-io-1.1.jar
9fc72000-9fc74000 r--s 00001000 08:04 4339221    /home/guilherme/.m2/repository/org/apache/maven/maven-plugin-api/2.0.4/maven-plugin-api-2.0.4.jar
9fc74000-9fc76000 r--s 00006000 08:04 4993795    /home/guilherme/.m2/repository/org/apache/maven/shared/file-management/1.1/file-management-1.1.jar
9fc76000-9fc78000 r--s 00006000 08:04 5381160    /home/guilherme/.m2/repository/org/codehaus/plexus/plexus-io/1.0-alpha-2/plexus-io-1.0-alpha-2.jar
9fc78000-9fc7b000 r--s 0001b000 08:04 4982890    /home/guilherme/.m2/repository/junit/junit/3.8.1/junit-3.8.1.jar
9fc7b000-9fc82000 r--s 00029000 08:04 4603586    /home/guilherme/.m2/repository/org/codehaus/plexus/plexus-container-default/1.0-alpha-9-stable-1/plexus-container-default-1.0-alpha-9-stable-1.jar
9fc82000-9fc86000 r--s 00030000 08:04 5769029    /home/guilherme/.m2/repository/org/codehaus/plexus/plexus-utils/1.5.1/plexus-utils-1.5.1.jar
9fc86000-9fc8a000 r--s 00027000 08:04 4472124    /home/guilherme/.m2/repository/org/codehaus/plexus/plexus-archiver/1.0-alpha-10/plexus-archiver-1.0-alpha-10.jar
9fc8a000-9fc8f000 r--s 00018000 08:04 4339220    /home/guilherme/.m2/repository/aspectj/aspectjrt/1.5.3/aspectjrt-1.5.3.jar
9fc8f000-9fc93000 r--s 0002b000 08:04 4338688    /home/guilherme/.m2/repository/org/apache/maven/plugins/maven-assembly-plugin/2.2-beta-2/maven-assembly-plugin-2.2-beta-2.jar
9fc93000-9fc95000 r--s 0000a000 08:04 5642959    /home/guilherme/.m2/repository/javax/ws/rs/jsr311-api/1.1.1/jsr311-api-1.1.1.jar
9fc95000-9fc97000 r--s 0000a000 08:04 4723826    /home/guilherme/.m2/repository/commons-codec/commons-codec/1.3/commons-codec-1.3.jar
9fc97000-9fc99000 r--s 0000d000 08:04 5778757    /home/guilherme/.m2/repository/commons-logging/commons-logging/1.1.1/commons-logging-1.1.1.jar
9fc99000-9fc9e000 r--s 00025000 08:04 4208682    /home/guilherme/.m2/repository/org/apache/httpcomponents/httpcore/4.0-beta1/httpcore-4.0-beta1.jar
9fc9e000-9fca5000 r--s 00036000 08:04 4208679    /home/guilherme/.m2/repository/org/apache/httpcomponents/httpclient/4.0-alpha4/httpclient-4.0-alpha4.jar
9fca5000-9fca8000 r--s 0000b000 08:04 4196718    /home/guilherme/.m2/repository/javax/persistence/persistence-api/1.0.2/persistence-api-1.0.2.jar
9fca8000-9fcaa000 r--s 0000c000 08:04 4196713    /home/guilherme/.m2/repository/de/undercouch/bson4jackson/1.3.0/bson4jackson-1.3.0.jar
9fcaa000-9fcaf000 r--s 00043000 08:04 4196674    /home/guilherme/.m2/repository/org/mongodb/mongo-java-driver/2.7.2/mongo-java-driver-2.7.2.jar
9fcaf000-9fcb2000 r--s 00014000 08:04 4196701    /home/guilherme/.m2/repository/net/vz/mongodb/jackson/mongo-jackson-mapper/1.4.1/mongo-jackson-mapper-1.4.1.jar
9fcb2000-9fcb3000 r--s 00006000 08:04 4196782    /home/guilherme/.m2/repository/org/codehaus/jackson/jackson-xc/1.9.2/jackson-xc-1.9.2.jar
9fcb3000-9fcb4000 r--s 00004000 08:04 4196773    /home/guilherme/.m2/repository/org/codehaus/jackson/jackson-jaxrs/1.9.2/jackson-jaxrs-1.9.2.jar
9fcb4000-9fcc2000 r--s 000ad000 08:04 4196762    /home/guilherme/.m2/repository/org/codehaus/jackson/jackson-mapper-asl/1.9.2/jackson-mapper-asl-1.9.2.jar
9fcc2000-9fcc6000 r--s 00034000 08:04 4196724    /home/guilherme/.m2/repository/org/codehaus/jackson/jackson-core-asl/1.9.2/jackson-core-asl-1.9.2.jar
9fcc6000-9fcc8000 r--s 00004000 08:04 4196725    /home/guilherme/.m2/repository/javax/xml/stream/stax-api/1.0-2/stax-api-1.0-2.jar
9fcc8000-9fccb000 r--s 00017000 08:04 4196709    /home/guilherme/.m2/repository/javax/xml/bind/jaxb-api/2.2.2/jaxb-api-2.2.2.jar
9fccb000-9fcde000 r--s 000c7000 08:04 4196686    /home/guilherme/.m2/repository/com/sun/xml/bind/jaxb-impl/2.2.3-1/jaxb-impl-2.2.3-1.jar
9fcde000-9fce0000 r--s 0000f000 08:04 4196720    /home/guilherme/.m2/repository/org/codehaus/jettison/jettison/1.1/jettison-1.1.jar
9fce0000-9fce4000 r--s 00020000 08:04 4196675    /home/guilherme/.m2/repository/org/glassfish/jersey/media/jersey-media-json/2.0-m02/jersey-media-json-2.0-m02.jar
9fce4000-9fced000 r--s 00042000 08:04 4196752    /home/guilherme/.m2/repository/org/glassfish/jersey/core/jersey-server/2.0-m02/jersey-server-2.0-m02.jar
9fced000-9fcef000 r--s 00003000 08:04 4196733    /home/guilherme/.m2/repository/org/jvnet/tiger-types/1.4/tiger-types-1.4.jar
9fcef000-9fcf4000 r--s 00047000 08:04 4196757    /home/guilherme/.m2/repository/org/glassfish/hk2/external/asm-all-repackaged/1.6.32/asm-all-repackaged-1.6.32.jar
9fcf4000-9fcf5000 r--s 00001000 08:04 4196691    /home/guilherme/.m2/repository/org/glassfish/hk2/external/javax.inject/1.6.32/javax.inject-1.6.32.jar
9fcf5000-9fcfc000 r--s 0004a000 08:04 4196753    /home/guilherme/.m2/repository/org/glassfish/hk2/auto-depends/1.6.32/auto-depends-1.6.32.jar
9fcfc000-9fcfe000 r--s 00006000 08:04 4196679    /home/guilherme/.m2/repository/org/glassfish/hk2/hk2-api/1.6.32/hk2-api-1.6.32.jar
9fcfe000-9fd01000 r--s 00006000 08:04 4196737    /home/guilherme/.m2/repository/com/google/code/findbugs/jsr305/1.3.9/jsr305-1.3.9.jar
9fd01000-9fd21000 r--s 00173000 08:04 4196682    /home/guilherme/.m2/repository/com/google/guava/guava/11.0.1/guava-11.0.1.jar
9fd21000-9fd23000 r--s 0000e000 08:04 4196702    /home/guilherme/.m2/repository/javax/activation/activation/1.1/activation-1.1.jar
9fd23000-9fd29000 r--s 00059000 08:04 4196731    /home/guilherme/.m2/repository/javax/mail/mail/1.4/mail-1.4.jar
9fd29000-9fd2c000 r--s 00012000 08:04 4196681    /home/guilherme/.m2/repository/javax/ws/rs/javax.ws.rs-api/2.0-m03/javax.ws.rs-api-2.0-m03.jar
9fd2c000-9fd37000 r--s 0006c000 08:04 4196687    /home/guilherme/.m2/repository/org/glassfish/jersey/core/jersey-common/2.0-m02/jersey-common-2.0-m02.jar
9fd37000-9fd39000 r--s 00002000 08:04 4196697    /home/guilherme/.m2/repository/org/glassfish/jersey/containers/jersey-container-grizzly2-http/2.0-m02/jersey-container-grizzly2-http-2.0-m02.jar
9fd39000-9fd3b000 r--s 00009000 08:04 4196698    /home/guilherme/.m2/repository/org/glassfish/external/management-api/3.0.0-b012/management-api-3.0.0-b012.jar
9fd3b000-9fd49000 r--s 000a6000 08:04 4196758    /home/guilherme/.m2/repository/org/glassfish/grizzly/grizzly-framework/2.2.4/grizzly-framework-2.2.4.jar
9fd49000-9fd4e000 r--s 0003b000 08:04 4196742    /home/guilherme/.m2/repository/org/glassfish/grizzly/grizzly-http/2.2.4/grizzly-http-2.2.4.jar
9fd4e000-9fd57000 r--s 000d3000 08:04 1717586    /usr/local/java/jdk1.7.0_40/jre/lib/javaws.jar
9fd57000-9fde6000 r--s 00dda000 08:04 1717647    /usr/local/java/jdk1.7.0_40/jre/lib/jfxrt.jar
9fde6000-9fdfe000 r--s 00406000 08:04 1717648    /usr/local/java/jdk1.7.0_40/jre/lib/deploy.jar
9fdfe000-9fdff000 ---p 00000000 00:00 0 
9fdff000-9fe7f000 rw-p 00000000 00:00 0          [stack:19621]
9fe7f000-9fe82000 ---p 00000000 00:00 0 
9fe82000-9ff00000 rw-p 00000000 00:00 0          [stack:19619]
9ff00000-a0100000 r--p 00000000 08:04 1449933    /usr/lib/locale/locale-archive
a0100000-a0121000 rw-p 00000000 00:00 0 
a0121000-a0200000 ---p 00000000 00:00 0 
a0200000-a0201000 r--s 00004000 08:04 4196756    /home/guilherme/.m2/repository/org/glassfish/hk2/osgi-resource-locator/1.0.1/osgi-resource-locator-1.0.1.jar
a0201000-a0203000 r--s 00004000 08:04 4196729    /home/guilherme/.m2/repository/org/glassfish/gmbal/gmbal-api-only/3.0.0-b023/gmbal-api-only-3.0.0-b023.jar
a0203000-a020d000 r--s 00371000 08:04 1717754    /usr/local/java/jdk1.7.0_40/jre/lib/charsets.jar
a020d000-a0210000 ---p 00000000 00:00 0 
a0210000-a025e000 rw-p 00000000 00:00 0          [stack:19620]
a025e000-a0261000 ---p 00000000 00:00 0 
a0261000-a02af000 rw-p 00000000 00:00 0          [stack:19618]
a02af000-a02b2000 ---p 00000000 00:00 0 
a02b2000-a0300000 rw-p 00000000 00:00 0          [stack:19617]
a0300000-a0380000 rw-p 00000000 00:00 0 
a0380000-a0400000 ---p 00000000 00:00 0 
a0400000-a0413000 r--s 001a5000 08:04 1717649    /usr/local/java/jdk1.7.0_40/jre/lib/plugin.jar
a0413000-a0416000 ---p 00000000 00:00 0 
a0416000-a0464000 rw-p 00000000 00:00 0          [stack:19616]
a0464000-a0465000 ---p 00000000 00:00 0 
a0465000-a0530000 rw-p 00000000 00:00 0          [stack:19615]
a0530000-a06ed000 r--s 039d3000 08:04 1717013    /usr/local/java/jdk1.7.0_40/jre/lib/rt.jar
a06ed000-a074f000 rw-p 00000000 00:00 0 
a074f000-a0769000 rw-p 00000000 00:00 0 
a0769000-a076f000 rw-p 00000000 00:00 0 
a076f000-a07bf000 rw-p 00000000 00:00 0 
a07bf000-a07c2000 rw-p 00000000 00:00 0 
a07c2000-a07e9000 rw-p 00000000 00:00 0 
a07e9000-a07ef000 rw-p 00000000 00:00 0 
a07ef000-a083f000 rw-p 00000000 00:00 0 
a083f000-a0845000 rw-p 00000000 00:00 0 
a0845000-a085f000 rw-p 00000000 00:00 0 
a085f000-a0db0000 rw-p 00000000 00:00 0 
a0db0000-a5db0000 rw-p 00000000 00:00 0 
a5db0000-a6860000 rw-p 00000000 00:00 0 
a6860000-b0860000 rw-p 00000000 00:00 0 
b0860000-b1460000 rw-p 00000000 00:00 0 
b1460000-b4860000 rw-p 00000000 00:00 0 
b4860000-b4864000 r--s 00030000 08:04 4196693    /home/guilherme/.m2/repository/org/glassfish/grizzly/grizzly-http-server/2.2.4/grizzly-http-server-2.2.4.jar
b4864000-b4868000 r--s 0008a000 08:04 1717584    /usr/local/java/jdk1.7.0_40/jre/lib/jsse.jar
b4868000-b486b000 rw-p 00000000 00:00 0 
b486b000-b48e8000 rw-p 00000000 00:00 0 
b48e8000-b4990000 rwxp 00000000 00:00 0 
b4990000-b68e8000 rw-p 00000000 00:00 0 
b68e8000-b68ff000 r-xp 00000000 08:04 1717575    /usr/local/java/jdk1.7.0_40/jre/lib/i386/libzip.so
b68ff000-b6900000 rw-p 00017000 08:04 1717575    /usr/local/java/jdk1.7.0_40/jre/lib/i386/libzip.so
b6900000-b69ff000 rw-p 00000000 00:00 0 
b69ff000-b6a00000 ---p 00000000 00:00 0 
b6a00000-b6a01000 r--s 00001000 08:04 4196767    /home/guilherme/.m2/repository/org/glassfish/grizzly/grizzly-rcm/2.2.4/grizzly-rcm-2.2.4.jar
b6a01000-b6a07000 r--s 0007d000 08:04 1717785    /usr/local/java/jdk1.7.0_40/jre/lib/jfr.jar
b6a07000-b6a12000 r-xp 00000000 08:04 2492817    /lib/i386-linux-gnu/libnss_files-2.17.so
b6a12000-b6a13000 r--p 0000a000 08:04 2492817    /lib/i386-linux-gnu/libnss_files-2.17.so
b6a13000-b6a14000 rw-p 0000b000 08:04 2492817    /lib/i386-linux-gnu/libnss_files-2.17.so
b6a14000-b6a1e000 r-xp 00000000 08:04 2492828    /lib/i386-linux-gnu/libnss_nis-2.17.so
b6a1e000-b6a1f000 r--p 00009000 08:04 2492828    /lib/i386-linux-gnu/libnss_nis-2.17.so
b6a1f000-b6a20000 rw-p 0000a000 08:04 2492828    /lib/i386-linux-gnu/libnss_nis-2.17.so
b6a20000-b6a35000 r-xp 00000000 08:04 2492814    /lib/i386-linux-gnu/libnsl-2.17.so
b6a35000-b6a36000 r--p 00014000 08:04 2492814    /lib/i386-linux-gnu/libnsl-2.17.so
b6a36000-b6a37000 rw-p 00015000 08:04 2492814    /lib/i386-linux-gnu/libnsl-2.17.so
b6a37000-b6a39000 rw-p 00000000 00:00 0 
b6a39000-b6a3b000 r--s 00019000 08:04 1717801    /usr/local/java/jdk1.7.0_40/jre/lib/jce.jar
b6a3b000-b6a44000 r--s 00250000 08:04 1717499    /usr/local/java/jdk1.7.0_40/jre/lib/resources.jar
b6a44000-b6a4a000 r--s 000a9000 08:04 5379941    /home/guilherme/idea-IU-129.713/plugins/testng/lib/testng-plugin.jar
b6a4a000-b6a52000 rw-s 00000000 08:04 5780800    /tmp/hsperfdata_guilherme/19613
b6a52000-b6a75000 r-xp 00000000 08:04 1717538    /usr/local/java/jdk1.7.0_40/jre/lib/i386/libjava.so
b6a75000-b6a76000 rw-p 00022000 08:04 1717538    /usr/local/java/jdk1.7.0_40/jre/lib/i386/libjava.so
b6a76000-b6a7d000 r-xp 00000000 08:04 2492827    /lib/i386-linux-gnu/librt-2.17.so
b6a7d000-b6a7e000 r--p 00006000 08:04 2492827    /lib/i386-linux-gnu/librt-2.17.so
b6a7e000-b6a7f000 rw-p 00007000 08:04 2492827    /lib/i386-linux-gnu/librt-2.17.so
b6a7f000-b6a82000 ---p 00000000 00:00 0 
b6a82000-b6ad0000 rw-p 00000000 00:00 0          [stack:19614]
b6ad0000-b6b11000 r-xp 00000000 08:04 2492824    /lib/i386-linux-gnu/libm-2.17.so
b6b11000-b6b12000 r--p 00040000 08:04 2492824    /lib/i386-linux-gnu/libm-2.17.so
b6b12000-b6b13000 rw-p 00041000 08:04 2492824    /lib/i386-linux-gnu/libm-2.17.so
b6b13000-b7099000 r-xp 00000000 08:04 1717533    /usr/local/java/jdk1.7.0_40/jre/lib/i386/client/libjvm.so
b7099000-b70ba000 rw-p 00586000 08:04 1717533    /usr/local/java/jdk1.7.0_40/jre/lib/i386/client/libjvm.so
b70ba000-b74db000 rw-p 00000000 00:00 0 
b74db000-b7689000 r-xp 00000000 08:04 2492825    /lib/i386-linux-gnu/libc-2.17.so
b7689000-b768b000 r--p 001ae000 08:04 2492825    /lib/i386-linux-gnu/libc-2.17.so
b768b000-b768c000 rw-p 001b0000 08:04 2492825    /lib/i386-linux-gnu/libc-2.17.so
b768c000-b768f000 rw-p 00000000 00:00 0 
b768f000-b7692000 r-xp 00000000 08:04 2492830    /lib/i386-linux-gnu/libdl-2.17.so
b7692000-b7693000 r--p 00002000 08:04 2492830    /lib/i386-linux-gnu/libdl-2.17.so
b7693000-b7694000 rw-p 00003000 08:04 2492830    /lib/i386-linux-gnu/libdl-2.17.so
b7694000-b76a7000 r-xp 00000000 08:04 1717542    /usr/local/java/jdk1.7.0_40/jre/lib/i386/jli/libjli.so
b76a7000-b76a8000 rw-p 00012000 08:04 1717542    /usr/local/java/jdk1.7.0_40/jre/lib/i386/jli/libjli.so
b76a8000-b76a9000 rw-p 00000000 00:00 0 
b76a9000-b76c0000 r-xp 00000000 08:04 2492823    /lib/i386-linux-gnu/libpthread-2.17.so
b76c0000-b76c1000 r--p 00016000 08:04 2492823    /lib/i386-linux-gnu/libpthread-2.17.so
b76c1000-b76c2000 rw-p 00017000 08:04 2492823    /lib/i386-linux-gnu/libpthread-2.17.so
b76c2000-b76c4000 rw-p 00000000 00:00 0 
b76c4000-b76c5000 r--s 00000000 08:04 1717585    /usr/local/java/jdk1.7.0_40/jre/lib/management-agent.jar
b76c5000-b76c6000 r--p 005e0000 08:04 1449933    /usr/lib/locale/locale-archive
b76c6000-b76cd000 r-xp 00000000 08:04 2492818    /lib/i386-linux-gnu/libnss_compat-2.17.so
b76cd000-b76ce000 r--p 00006000 08:04 2492818    /lib/i386-linux-gnu/libnss_compat-2.17.so
b76ce000-b76cf000 rw-p 00007000 08:04 2492818    /lib/i386-linux-gnu/libnss_compat-2.17.so
b76cf000-b76d0000 rw-p 00000000 00:00 0 
b76d0000-b76d1000 r--p 00000000 00:00 0 
b76d1000-b76dc000 r-xp 00000000 08:04 1717520    /usr/local/java/jdk1.7.0_40/jre/lib/i386/libverify.so
b76dc000-b76dd000 rw-p 0000b000 08:04 1717520    /usr/local/java/jdk1.7.0_40/jre/lib/i386/libverify.so
b76dd000-b76df000 rw-p 00000000 00:00 0 
b76df000-b76e0000 r-xp 00000000 00:00 0          [vdso]
b76e0000-b7700000 r-xp 00000000 08:04 2492826    /lib/i386-linux-gnu/ld-2.17.so
b7700000-b7701000 r--p 0001f000 08:04 2492826    /lib/i386-linux-gnu/ld-2.17.so
b7701000-b7702000 rw-p 00020000 08:04 2492826    /lib/i386-linux-gnu/ld-2.17.so
bfd12000-bfd36000 rw-p 00000000 00:00 0          [stack]

VM Arguments:
jvm_args: -ea -Didea.launcher.port=7540 -Didea.launcher.bin.path=/home/guilherme/idea-IU-129.713/bin -Dfile.encoding=UTF-8 
java_command: com.intellij.rt.execution.application.AppMain org.testng.RemoteTestNGStarter -port 35196 -usedefaultlisteners false -socket57527 -temp /tmp/idea_testng1116053539833340839.tmp
Launcher Type: SUN_STANDARD

Environment Variables:
JAVA_HOME=/usr/local/java/jdk1.7.0_40
JRE_HOME=/usr/local/java/jre1.7.0_40
CLASSPATH=./../lib/bootstrap.jar:./../lib/extensions.jar:./../lib/util.jar:./../lib/jdom.jar:./../lib/log4j.jar:./../lib/trove4j.jar:./../lib/jna.jar:/usr/local/java/jdk1.7.0_40/lib/tools.jar
PATH=/opt/SenchaSDKTools-2.0.0-beta3:/home/guilherme/bin/Sencha/Cmd/4.0.0.203:/usr/local/heroku/bin:/opt/SenchaSDKTools-2.0.0-beta3:/home/guilherme/bin/Sencha/Cmd/4.0.0.203:/home/guilherme/bin:/usr/lib/lightdm/lightdm:/usr/local/sbin:/usr/local/bin:/usr/sbin:/usr/bin:/sbin:/bin:/usr/games:/usr/local/games:/home/guilherme/bin:/usr/local/java/jdk1.7.0_40/bin:/home/guilherme/bin:/usr/local/java/jre1.7.0_40/bin
LD_LIBRARY_PATH=.:
SHELL=/bin/bash
DISPLAY=:0

Signal Handlers:
SIGSEGV: [libjvm.so+0x503d90], sa_mask[0]=0x7ffbfeff, sa_flags=0x10000004
SIGBUS: [libjvm.so+0x503d90], sa_mask[0]=0x7ffbfeff, sa_flags=0x10000004
SIGFPE: [libjvm.so+0x3fbe80], sa_mask[0]=0x7ffbfeff, sa_flags=0x10000004
SIGPIPE: [libjvm.so+0x3fbe80], sa_mask[0]=0x7ffbfeff, sa_flags=0x10000004
SIGXFSZ: [libjvm.so+0x3fbe80], sa_mask[0]=0x7ffbfeff, sa_flags=0x10000004
SIGILL: [libjvm.so+0x3fbe80], sa_mask[0]=0x7ffbfeff, sa_flags=0x10000004
SIGUSR1: SIG_DFL, sa_mask[0]=0x00000000, sa_flags=0x00000000
SIGUSR2: [libjvm.so+0x3fd370], sa_mask[0]=0x00000004, sa_flags=0x10000004
SIGHUP: [libjvm.so+0x3fe4c0], sa_mask[0]=0x7ffbfeff, sa_flags=0x10000004
SIGINT: [libjvm.so+0x3fe4c0], sa_mask[0]=0x7ffbfeff, sa_flags=0x10000004
SIGTERM: [libjvm.so+0x3fe4c0], sa_mask[0]=0x7ffbfeff, sa_flags=0x10000004
SIGQUIT: [libjvm.so+0x3fe4c0], sa_mask[0]=0x7ffbfeff, sa_flags=0x10000004


---------------  S Y S T E M  ---------------

OS:wheezy/sid

uname:Linux 3.8.0-32-generic #47-Ubuntu SMP Tue Oct 1 21:36:40 UTC 2013 i686
libc:glibc 2.17 NPTL 2.17 
rlimit: STACK 8192k, CORE 0k, NPROC 24106, NOFILE 4096, AS infinity
load average:2,23 1,30 1,01

/proc/meminfo:
MemTotal:        3102112 kB
MemFree:          711652 kB
Buffers:           50344 kB
Cached:           423060 kB
SwapCached:        68828 kB
Active:          1844004 kB
Inactive:         439488 kB
Active(anon):    1681852 kB
Inactive(anon):   165316 kB
Active(file):     162152 kB
Inactive(file):   274172 kB
Unevictable:          64 kB
Mlocked:              64 kB
HighTotal:       2231176 kB
HighFree:          57704 kB
LowTotal:         870936 kB
LowFree:          653948 kB
SwapTotal:       1999868 kB
SwapFree:        1703288 kB
Dirty:              5060 kB
Writeback:             0 kB
AnonPages:       1758448 kB
Mapped:           240220 kB
Shmem:             37080 kB
Slab:              40540 kB
SReclaimable:      17872 kB
SUnreclaim:        22668 kB
KernelStack:        5584 kB
PageTables:        24000 kB
NFS_Unstable:          0 kB
Bounce:                0 kB
WritebackTmp:          0 kB
CommitLimit:     3550924 kB
Committed_AS:    6256652 kB
VmallocTotal:     122880 kB
VmallocUsed:       46444 kB
VmallocChunk:      70132 kB
HardwareCorrupted:     0 kB
AnonHugePages:         0 kB
HugePages_Total:       0
HugePages_Free:        0
HugePages_Rsvd:        0
HugePages_Surp:        0
Hugepagesize:       2048 kB
DirectMap4k:       59384 kB
DirectMap2M:      854016 kB


CPU:total 2 (2 cores per cpu, 1 threads per core) family 15 model 6 stepping 5, cmov, cx8, fxsr, mmx, sse, sse2, sse3, tsc

/proc/cpuinfo:
processor	: 0
vendor_id	: GenuineIntel
cpu family	: 15
model		: 6
model name	: Intel(R) Pentium(R) D CPU 3.20GHz
stepping	: 5
microcode	: 0xb
cpu MHz		: 3200.000
cache size	: 2048 KB
physical id	: 0
siblings	: 2
core id		: 0
cpu cores	: 2
apicid		: 0
initial apicid	: 0
fdiv_bug	: no
hlt_bug		: no
f00f_bug	: no
coma_bug	: no
fpu		: yes
fpu_exception	: yes
cpuid level	: 6
wp		: yes
flags		: fpu vme de pse tsc msr pae mce cx8 apic sep mtrr pge mca cmov pat pse36 clflush dts acpi mmx fxsr sse sse2 ss ht tm pbe nx lm constant_tsc pebs bts pni dtes64 monitor ds_cpl est cid cx16 xtpr pdcm lahf_lm
bogomips	: 6399.38
clflush size	: 64
cache_alignment	: 128
address sizes	: 36 bits physical, 48 bits virtual
power management:

processor	: 1
vendor_id	: GenuineIntel
cpu family	: 15
model		: 6
model name	: Intel(R) Pentium(R) D CPU 3.20GHz
stepping	: 5
microcode	: 0xb
cpu MHz		: 3200.000
cache size	: 2048 KB
physical id	: 0
siblings	: 2
core id		: 1
cpu cores	: 2
apicid		: 1
initial apicid	: 1
fdiv_bug	: no
hlt_bug		: no
f00f_bug	: no
coma_bug	: no
fpu		: yes
fpu_exception	: yes
cpuid level	: 6
wp		: yes
flags		: fpu vme de pse tsc msr pae mce cx8 apic sep mtrr pge mca cmov pat pse36 clflush dts acpi mmx fxsr sse sse2 ss ht tm pbe nx lm constant_tsc pebs bts pni dtes64 monitor ds_cpl est cid cx16 xtpr pdcm lahf_lm
bogomips	: 6399.38
clflush size	: 64
cache_alignment	: 128
address sizes	: 36 bits physical, 48 bits virtual
power management:



Memory: 4k page, physical 3102112k(711652k free), swap 1999868k(1703288k free)

vm_info: Java HotSpot(TM) Client VM (24.0-b56) for linux-x86 JRE (1.7.0_40-b43), built on Aug 26 2013 22:05:59 by "java_re" with gcc 4.3.0 20080428 (Red Hat 4.3.0-8)

time: Fri Nov  1 04:30:27 2013
elapsed time: 2 seconds

