#
# A fatal error has been detected by the Java Runtime Environment:
#
#  SIGILL (0x4) at pc=0xb6d20e10, pid=20759, tid=3064843072
#
# JRE version: Java(TM) SE Runtime Environment (7.0_40-b43) (build 1.7.0_40-b43)
# Java VM: Java HotSpot(TM) Client VM (24.0-b56 mixed mode linux-x86 )
# Problematic frame:
# V  [libjvm.so+0x200e10]  Events::log_exception(Thread*, char const*, ...)+0x20
#
# Failed to write core dump. Core dumps have been disabled. To enable core dumping, try "ulimit -c unlimited" before starting Java again
#
# If you would like to submit a bug report, please visit:
#   http://bugreport.sun.com/bugreport/crash.jsp
#

---------------  T H R E A D  ---------------

Current thread (0xb690c000):  JavaThread "main" [_thread_in_vm, id=20760, stack(0xb6a8c000,0xb6add000)]

siginfo:si_signo=SIGILL: si_errno=0, si_code=2 (ILL_ILLOPN), si_addr=0xb6d20e10

Registers:
EAX=0x00000000, EBX=0xb70b4868, ECX=0xb6907698, EDX=0x00000000
ESP=0xb6ada9d0, EBP=0xb6ada9f8, ESI=0xb6907698, EDI=0xb6907940
EIP=0xb6d20e10, EFLAGS=0x00010282, CR2=0xb76d7100

Top of Stack: (sp=0xb6ada9d0)
0xb6ada9d0:   b690c000 00000000 63e07a29 400022b0
0xb6ada9e0:   a06f0f58 b6907698 b7078474 b70b4868
0xb6ada9f0:   00000000 b087b600 b6adacf8 b6e4a80b
0xb6adaa00:   b690c000 b7065507 a0b60c68 b7078474
0xb6adaa10:   000004dc b6adac3c b690c900 b690c900
0xb6adaa20:   b6adaab0 b6adaa48 b690c000 b690c8f4
0xb6adaa30:   b6adaab0 00000001 b690c8f8 b6ed1a5e
0xb6adaa40:   b70b4868 07000000 b6adad58 b48eb39a 

Instructions: (pc=0xb6d20e10)
0xb6d20df0:   55 89 e5 57 56 53 83 ec 1c e8 00 00 00 00 5b 81
0xb6d20e00:   c3 6a 3a 39 00 8b 83 10 f2 ff ff 80 38 00 75 08
0xb6d20e10:   8f 65 f4 5b 5e 5f 5d c3 8b 83 d4 fa ff ff 8d 7d
0xb6d20e20:   10 8b 30 8b 83 3c ea ff ff 8b 00 85 c0 75 e1 e8 

Register to memory mapping:

EAX=0x00000000 is an unknown value
EBX=0xb70b4868: <offset 0x594868> in /usr/local/java/jdk1.7.0_40/jre/lib/i386/client/libjvm.so at 0xb6b20000
ECX=0xb6907698 is an unknown value
EDX=0x00000000 is an unknown value
ESP=0xb6ada9d0 is pointing into the stack for thread: 0xb690c000
EBP=0xb6ada9f8 is pointing into the stack for thread: 0xb690c000
ESI=0xb6907698 is an unknown value
EDI=0xb6907940 is an unknown value


Stack: [0xb6a8c000,0xb6add000],  sp=0xb6ada9d0,  free space=314k
Native frames: (J=compiled Java code, j=interpreted, Vv=VM code, C=native code)
V  [libjvm.so+0x200e10]  Events::log_exception(Thread*, char const*, ...)+0x20
V  [libjvm.so+0x32a80b]  JVM_DoPrivileged+0x4eb
C  [libjava.so+0x9a4a]  Java_java_security_AccessController_doPrivileged__Ljava_security_PrivilegedExceptionAction_2Ljava_security_AccessControlContext_2+0x3a
j  java.security.AccessController.doPrivileged(Ljava/security/PrivilegedExceptionAction;Ljava/security/AccessControlContext;)Ljava/lang/Object;+0
j  java.net.URLClassLoader.findClass(Ljava/lang/String;)Ljava/lang/Class;+13
j  java.lang.ClassLoader.loadClass(Ljava/lang/String;Z)Ljava/lang/Class;+70
j  java.lang.ClassLoader.loadClass(Ljava/lang/String;Z)Ljava/lang/Class;+38
j  sun.misc.Launcher$AppClassLoader.loadClass(Ljava/lang/String;Z)Ljava/lang/Class;+36
j  java.lang.ClassLoader.loadClass(Ljava/lang/String;)Ljava/lang/Class;+3
v  ~StubRoutines::call_stub
V  [libjvm.so+0x2a7875]  JavaCalls::call_helper(JavaValue*, methodHandle*, JavaCallArguments*, Thread*)+0x315
V  [libjvm.so+0x3fa1e9]  os::os_exception_wrapper(void (*)(JavaValue*, methodHandle*, JavaCallArguments*, Thread*), JavaValue*, methodHandle*, JavaCallArguments*, Thread*)+0x19
V  [libjvm.so+0x2a64ef]  JavaCalls::call(JavaValue*, methodHandle, JavaCallArguments*, Thread*)+0x2f
V  [libjvm.so+0x2a672a]  JavaCalls::call_virtual(JavaValue*, KlassHandle, Symbol*, Symbol*, JavaCallArguments*, Thread*)+0x10a
V  [libjvm.so+0x2a67f5]  JavaCalls::call_virtual(JavaValue*, Handle, KlassHandle, Symbol*, Symbol*, Handle, Thread*)+0x55
V  [libjvm.so+0x49e559]  SystemDictionary::load_instance_class(Symbol*, Handle, Thread*)+0x489
V  [libjvm.so+0x49cc52]  SystemDictionary::resolve_instance_class_or_null(Symbol*, Handle, Handle, Thread*)+0x742
V  [libjvm.so+0x49d0b9]  SystemDictionary::resolve_or_null(Symbol*, Handle, Handle, Thread*)+0x49
V  [libjvm.so+0x49e5d0]  SystemDictionary::resolve_or_fail(Symbol*, Handle, Handle, bool, Thread*)+0x30
V  [libjvm.so+0x1d5cfb]  constantPoolOopDesc::klass_at_impl(constantPoolHandle, int, Thread*)+0x1cb
V  [libjvm.so+0x2a032d]  InterpreterRuntime::quicken_io_cc(JavaThread*)+0xdd
j  org.testng.internal.annotations.JDK15AnnotationFinder.transform(Lorg/testng/annotations/IAnnotation;Ljava/lang/Class;Ljava/lang/reflect/Constructor;Ljava/lang/reflect/Method;)V+31
j  org.testng.internal.annotations.JDK15AnnotationFinder.findAnnotation(Ljava/lang/Class;Ljava/lang/annotation/Annotation;Ljava/lang/Class;Ljava/lang/Class;Ljava/lang/reflect/Constructor;Ljava/lang/reflect/Method;)Lorg/testng/annotations/IAnnotation;+118
j  org.testng.internal.annotations.JDK15AnnotationFinder.findAnnotation(Ljava/lang/reflect/Method;Ljava/lang/Class;)Lorg/testng/annotations/IAnnotation;+65
j  org.testng.internal.TestNGClassFinder.<init>(Lorg/testng/internal/ClassInfoMap;Ljava/util/Map;Lorg/testng/xml/XmlTest;Lorg/testng/internal/IConfiguration;Lorg/testng/ITestContext;)V+142
j  org.testng.TestRunner.initMethods()V+62
j  org.testng.TestRunner.init()V+27
j  org.testng.TestRunner.init(Lorg/testng/internal/IConfiguration;Lorg/testng/ISuite;Lorg/testng/xml/XmlTest;Ljava/lang/String;Lorg/testng/internal/annotations/IAnnotationFinder;ZLjava/util/List;)V+254
j  org.testng.TestRunner.<init>(Lorg/testng/internal/IConfiguration;Lorg/testng/ISuite;Lorg/testng/xml/XmlTest;ZLjava/util/List;)V+277
j  org.testng.remote.RemoteTestNG$1.newTestRunner(Lorg/testng/ISuite;Lorg/testng/xml/XmlTest;Ljava/util/List;)Lorg/testng/TestRunner;+15
j  org.testng.remote.RemoteTestNG$DelegatingTestRunnerFactory.newTestRunner(Lorg/testng/ISuite;Lorg/testng/xml/XmlTest;Ljava/util/List;)Lorg/testng/TestRunner;+7
j  org.testng.SuiteRunner$ProxyTestRunnerFactory.newTestRunner(Lorg/testng/ISuite;Lorg/testng/xml/XmlTest;Ljava/util/List;)Lorg/testng/TestRunner;+7
j  org.testng.SuiteRunner.init(Lorg/testng/internal/IConfiguration;Lorg/testng/xml/XmlSuite;Ljava/lang/String;Lorg/testng/ITestRunnerFactory;ZLorg/testng/IMethodInterceptor;Ljava/util/List;Ljava/util/List;)V+190
j  org.testng.SuiteRunner.<init>(Lorg/testng/internal/IConfiguration;Lorg/testng/xml/XmlSuite;Ljava/lang/String;Lorg/testng/ITestRunnerFactory;ZLorg/testng/IMethodInterceptor;Ljava/util/List;Ljava/util/List;)V+115
j  org.testng.TestNG.createSuiteRunner(Lorg/testng/xml/XmlSuite;)Lorg/testng/SuiteRunner;+33
j  org.testng.TestNG.createSuiteRunners(Ljava/util/Map;Lorg/testng/xml/XmlSuite;)V+223
j  org.testng.TestNG.runSuitesLocally()Ljava/util/List;+48
j  org.testng.TestNG.run()V+77
j  org.testng.remote.RemoteTestNG.run()V+209
j  org.testng.remote.RemoteTestNG.initAndRun([Ljava/lang/String;Lorg/testng/CommandLineArgs;Lorg/testng/remote/RemoteArgs;)V+184
j  org.testng.remote.RemoteTestNG.main([Ljava/lang/String;)V+99
j  org.testng.RemoteTestNGStarter.main([Ljava/lang/String;)V+441
v  ~StubRoutines::call_stub
V  [libjvm.so+0x2a7875]  JavaCalls::call_helper(JavaValue*, methodHandle*, JavaCallArguments*, Thread*)+0x315
V  [libjvm.so+0x3fa1e9]  os::os_exception_wrapper(void (*)(JavaValue*, methodHandle*, JavaCallArguments*, Thread*), JavaValue*, methodHandle*, JavaCallArguments*, Thread*)+0x19
V  [libjvm.so+0x2a64ef]  JavaCalls::call(JavaValue*, methodHandle, JavaCallArguments*, Thread*)+0x2f
V  [libjvm.so+0x43f97e]  Reflection::invoke(instanceKlassHandle, methodHandle, Handle, bool, objArrayHandle, BasicType, objArrayHandle, bool, Thread*)+0x3fe
V  [libjvm.so+0x44043a]  Reflection::invoke_method(oopDesc*, Handle, objArrayHandle, Thread*)+0x15a
V  [libjvm.so+0x328c19]  JVM_InvokeMethod+0x209
C  [libjava.so+0x15232]  Java_sun_reflect_NativeMethodAccessorImpl_invoke0+0x32
j  sun.reflect.NativeMethodAccessorImpl.invoke0(Ljava/lang/reflect/Method;Ljava/lang/Object;[Ljava/lang/Object;)Ljava/lang/Object;+0
j  sun.reflect.NativeMethodAccessorImpl.invoke(Ljava/lang/Object;[Ljava/lang/Object;)Ljava/lang/Object;+87
j  sun.reflect.DelegatingMethodAccessorImpl.invoke(Ljava/lang/Object;[Ljava/lang/Object;)Ljava/lang/Object;+6
j  java.lang.reflect.Method.invoke(Ljava/lang/Object;[Ljava/lang/Object;)Ljava/lang/Object;+57
j  com.intellij.rt.execution.application.AppMain.main([Ljava/lang/String;)V+140
v  ~StubRoutines::call_stub
V  [libjvm.so+0x2a7875]  JavaCalls::call_helper(JavaValue*, methodHandle*, JavaCallArguments*, Thread*)+0x315
V  [libjvm.so+0x3fa1e9]  os::os_exception_wrapper(void (*)(JavaValue*, methodHandle*, JavaCallArguments*, Thread*), JavaValue*, methodHandle*, JavaCallArguments*, Thread*)+0x19
V  [libjvm.so+0x2a64ef]  JavaCalls::call(JavaValue*, methodHandle, JavaCallArguments*, Thread*)+0x2f
V  [libjvm.so+0x2e28b2]  jni_invoke_static(JNIEnv_*, JavaValue*, _jobject*, JNICallType, _jmethodID*, JNI_ArgumentPusher*, Thread*)+0x242
V  [libjvm.so+0x2f8ada]  jni_CallStaticVoidMethod+0xca
C  [libjli.so+0x2e8d]  JavaMain+0x8bd
C  [libpthread.so.0+0x6d78]  start_thread+0xd8

Java frames: (J=compiled Java code, j=interpreted, Vv=VM code)
j  java.security.AccessController.doPrivileged(Ljava/security/PrivilegedExceptionAction;Ljava/security/AccessControlContext;)Ljava/lang/Object;+0
j  java.net.URLClassLoader.findClass(Ljava/lang/String;)Ljava/lang/Class;+13
j  java.lang.ClassLoader.loadClass(Ljava/lang/String;Z)Ljava/lang/Class;+70
j  java.lang.ClassLoader.loadClass(Ljava/lang/String;Z)Ljava/lang/Class;+38
j  sun.misc.Launcher$AppClassLoader.loadClass(Ljava/lang/String;Z)Ljava/lang/Class;+36
j  java.lang.ClassLoader.loadClass(Ljava/lang/String;)Ljava/lang/Class;+3
v  ~StubRoutines::call_stub
j  org.testng.internal.annotations.JDK15AnnotationFinder.transform(Lorg/testng/annotations/IAnnotation;Ljava/lang/Class;Ljava/lang/reflect/Constructor;Ljava/lang/reflect/Method;)V+31
j  org.testng.internal.annotations.JDK15AnnotationFinder.findAnnotation(Ljava/lang/Class;Ljava/lang/annotation/Annotation;Ljava/lang/Class;Ljava/lang/Class;Ljava/lang/reflect/Constructor;Ljava/lang/reflect/Method;)Lorg/testng/annotations/IAnnotation;+118
j  org.testng.internal.annotations.JDK15AnnotationFinder.findAnnotation(Ljava/lang/reflect/Method;Ljava/lang/Class;)Lorg/testng/annotations/IAnnotation;+65
j  org.testng.internal.TestNGClassFinder.<init>(Lorg/testng/internal/ClassInfoMap;Ljava/util/Map;Lorg/testng/xml/XmlTest;Lorg/testng/internal/IConfiguration;Lorg/testng/ITestContext;)V+142
j  org.testng.TestRunner.initMethods()V+62
j  org.testng.TestRunner.init()V+27
j  org.testng.TestRunner.init(Lorg/testng/internal/IConfiguration;Lorg/testng/ISuite;Lorg/testng/xml/XmlTest;Ljava/lang/String;Lorg/testng/internal/annotations/IAnnotationFinder;ZLjava/util/List;)V+254
j  org.testng.TestRunner.<init>(Lorg/testng/internal/IConfiguration;Lorg/testng/ISuite;Lorg/testng/xml/XmlTest;ZLjava/util/List;)V+277
j  org.testng.remote.RemoteTestNG$1.newTestRunner(Lorg/testng/ISuite;Lorg/testng/xml/XmlTest;Ljava/util/List;)Lorg/testng/TestRunner;+15
j  org.testng.remote.RemoteTestNG$DelegatingTestRunnerFactory.newTestRunner(Lorg/testng/ISuite;Lorg/testng/xml/XmlTest;Ljava/util/List;)Lorg/testng/TestRunner;+7
j  org.testng.SuiteRunner$ProxyTestRunnerFactory.newTestRunner(Lorg/testng/ISuite;Lorg/testng/xml/XmlTest;Ljava/util/List;)Lorg/testng/TestRunner;+7
j  org.testng.SuiteRunner.init(Lorg/testng/internal/IConfiguration;Lorg/testng/xml/XmlSuite;Ljava/lang/String;Lorg/testng/ITestRunnerFactory;ZLorg/testng/IMethodInterceptor;Ljava/util/List;Ljava/util/List;)V+190
j  org.testng.SuiteRunner.<init>(Lorg/testng/internal/IConfiguration;Lorg/testng/xml/XmlSuite;Ljava/lang/String;Lorg/testng/ITestRunnerFactory;ZLorg/testng/IMethodInterceptor;Ljava/util/List;Ljava/util/List;)V+115
j  org.testng.TestNG.createSuiteRunner(Lorg/testng/xml/XmlSuite;)Lorg/testng/SuiteRunner;+33
j  org.testng.TestNG.createSuiteRunners(Ljava/util/Map;Lorg/testng/xml/XmlSuite;)V+223
j  org.testng.TestNG.runSuitesLocally()Ljava/util/List;+48
j  org.testng.TestNG.run()V+77
j  org.testng.remote.RemoteTestNG.run()V+209
j  org.testng.remote.RemoteTestNG.initAndRun([Ljava/lang/String;Lorg/testng/CommandLineArgs;Lorg/testng/remote/RemoteArgs;)V+184
j  org.testng.remote.RemoteTestNG.main([Ljava/lang/String;)V+99
j  org.testng.RemoteTestNGStarter.main([Ljava/lang/String;)V+441
v  ~StubRoutines::call_stub
j  sun.reflect.NativeMethodAccessorImpl.invoke0(Ljava/lang/reflect/Method;Ljava/lang/Object;[Ljava/lang/Object;)Ljava/lang/Object;+0
j  sun.reflect.NativeMethodAccessorImpl.invoke(Ljava/lang/Object;[Ljava/lang/Object;)Ljava/lang/Object;+87
j  sun.reflect.DelegatingMethodAccessorImpl.invoke(Ljava/lang/Object;[Ljava/lang/Object;)Ljava/lang/Object;+6
j  java.lang.reflect.Method.invoke(Ljava/lang/Object;[Ljava/lang/Object;)Ljava/lang/Object;+57
j  com.intellij.rt.execution.application.AppMain.main([Ljava/lang/String;)V+140
v  ~StubRoutines::call_stub

---------------  P R O C E S S  ---------------

Java Threads: ( => current thread )
  0x9fa7c400 JavaThread "ReaderThread" [_thread_in_native, id=20770, stack(0x9f933000,0x9f984000)]
  0x9fa56800 JavaThread "Monitor Ctrl-Break" daemon [_thread_in_native, id=20768, stack(0x9f999000,0x9f9ea000)]
  0xb6974000 JavaThread "Service Thread" daemon [_thread_blocked, id=20766, stack(0xa020d000,0xa025e000)]
  0xb6972000 JavaThread "C1 CompilerThread0" daemon [_thread_blocked, id=20765, stack(0x9fe7f000,0x9ff00000)]
  0xb6970800 JavaThread "Signal Dispatcher" daemon [_thread_blocked, id=20764, stack(0xa025e000,0xa02af000)]
  0xb6960400 JavaThread "Finalizer" daemon [_thread_blocked, id=20763, stack(0xa02af000,0xa0300000)]
  0xb695dc00 JavaThread "Reference Handler" daemon [_thread_blocked, id=20762, stack(0xa0413000,0xa0464000)]
=>0xb690c000 JavaThread "main" [_thread_in_vm, id=20760, stack(0xb6a8c000,0xb6add000)]

Other Threads:
  0xb695c000 VMThread [stack: 0xa0464000,0xa04e5000] [id=20761]
  0xb6976400 WatcherThread [stack: 0x9fdfe000,0x9fe7f000] [id=20767]

VM state:not at safepoint (normal execution)

VM Mutex/Monitor currently owned by a thread: None

Heap
 def new generation   total 4928K, used 3587K [0xa0860000, 0xa0db0000, 0xa5db0000)
  eden space 4416K,  69% used [0xa0860000, 0xa0b60fd8, 0xa0cb0000)
  from space 512K, 100% used [0xa0cb0000, 0xa0d30000, 0xa0d30000)
  to   space 512K,   0% used [0xa0d30000, 0xa0d30000, 0xa0db0000)
 tenured generation   total 10944K, used 1078K [0xa5db0000, 0xa6860000, 0xb0860000)
   the space 10944K,   9% used [0xa5db0000, 0xa5ebdab0, 0xa5ebdc00, 0xa6860000)
 compacting perm gen  total 12288K, used 3680K [0xb0860000, 0xb1460000, 0xb4860000)
   the space 12288K,  29% used [0xb0860000, 0xb0bf80f0, 0xb0bf8200, 0xb1460000)
No shared spaces configured.

Card table byte_map: [0xa07bf000,0xa0860000] byte_map_base: 0xa02bad00

Polling page: 0xb76dd000

Code Cache  [0xb48e8000, 0xb49b8000, 0xb68e8000)
 total_blobs=274 nmethods=137 adapters=74 free_code_cache=31962Kb largest_free_block=32729920

Compilation events (10 events):
Event: 2,008 Thread 0xb6972000  133             sun.misc.ProxyGenerator$ConstantPool$IndirectEntry::equals (49 bytes)
Event: 2,009 Thread 0xb6972000 nmethod 133 0xb49b0748 code [0xb49b0840, 0xb49b0960]
Event: 2,009 Thread 0xb6972000  134  s          java.io.DataOutputStream::write (14 bytes)
Event: 2,010 Thread 0xb6972000 nmethod 134 0xb49b0a08 code [0xb49b0b30, 0xb49b0d2c]
Event: 2,010 Thread 0xb6972000  135             java.util.ArrayList$Itr::hasNext (20 bytes)
Event: 2,010 Thread 0xb6972000 nmethod 135 0xb49b0dc8 code [0xb49b0ec0, 0xb49b0f60]
Event: 2,014 Thread 0xb6972000  136             java.lang.ref.SoftReference::get (29 bytes)
Event: 2,015 Thread 0xb6972000 nmethod 136 0xb49b0fc8 code [0xb49b10c0, 0xb49b1180]
Event: 2,015 Thread 0xb6972000  137             java.lang.String::indexOf (7 bytes)
Event: 2,016 Thread 0xb6972000 nmethod 137 0xb49b11c8 code [0xb49b12d0, 0xb49b139c]

GC Heap History (4 events):
Event: 1,689 GC heap before
{Heap before GC invocations=0 (full 0):
 def new generation   total 4928K, used 4416K [0xa0860000, 0xa0db0000, 0xa5db0000)
  eden space 4416K, 100% used [0xa0860000, 0xa0cb0000, 0xa0cb0000)
  from space 512K,   0% used [0xa0cb0000, 0xa0cb0000, 0xa0d30000)
  to   space 512K,   0% used [0xa0d30000, 0xa0d30000, 0xa0db0000)
 tenured generation   total 10944K, used 0K [0xa5db0000, 0xa6860000, 0xb0860000)
   the space 10944K,   0% used [0xa5db0000, 0xa5db0000, 0xa5db0200, 0xa6860000)
 compacting perm gen  total 12288K, used 2187K [0xb0860000, 0xb1460000, 0xb4860000)
   the space 12288K,  17% used [0xb0860000, 0xb0a82c70, 0xb0a82e00, 0xb1460000)
No shared spaces configured.
Event: 1,700 GC heap after
Heap after GC invocations=1 (full 0):
 def new generation   total 4928K, used 512K [0xa0860000, 0xa0db0000, 0xa5db0000)
  eden space 4416K,   0% used [0xa0860000, 0xa0860000, 0xa0cb0000)
  from space 512K, 100% used [0xa0d30000, 0xa0db0000, 0xa0db0000)
  to   space 512K,   0% used [0xa0cb0000, 0xa0cb0000, 0xa0d30000)
 tenured generation   total 10944K, used 427K [0xa5db0000, 0xa6860000, 0xb0860000)
   the space 10944K,   3% used [0xa5db0000, 0xa5e1ad80, 0xa5e1ae00, 0xa6860000)
 compacting perm gen  total 12288K, used 2187K [0xb0860000, 0xb1460000, 0xb4860000)
   the space 12288K,  17% used [0xb0860000, 0xb0a82c70, 0xb0a82e00, 0xb1460000)
No shared spaces configured.
}
Event: 1,893 GC heap before
{Heap before GC invocations=1 (full 0):
 def new generation   total 4928K, used 4928K [0xa0860000, 0xa0db0000, 0xa5db0000)
  eden space 4416K, 100% used [0xa0860000, 0xa0cb0000, 0xa0cb0000)
  from space 512K, 100% used [0xa0d30000, 0xa0db0000, 0xa0db0000)
  to   space 512K,   0% used [0xa0cb0000, 0xa0cb0000, 0xa0d30000)
 tenured generation   total 10944K, used 427K [0xa5db0000, 0xa6860000, 0xb0860000)
   the space 10944K,   3% used [0xa5db0000, 0xa5e1ad80, 0xa5e1ae00, 0xa6860000)
 compacting perm gen  total 12288K, used 3444K [0xb0860000, 0xb1460000, 0xb4860000)
   the space 12288K,  28% used [0xb0860000, 0xb0bbd138, 0xb0bbd200, 0xb1460000)
No shared spaces configured.
Event: 1,903 GC heap after
Heap after GC invocations=2 (full 0):
 def new generation   total 4928K, used 512K [0xa0860000, 0xa0db0000, 0xa5db0000)
  eden space 4416K,   0% used [0xa0860000, 0xa0860000, 0xa0cb0000)
  from space 512K, 100% used [0xa0cb0000, 0xa0d30000, 0xa0d30000)
  to   space 512K,   0% used [0xa0d30000, 0xa0d30000, 0xa0db0000)
 tenured generation   total 10944K, used 1078K [0xa5db0000, 0xa6860000, 0xb0860000)
   the space 10944K,   9% used [0xa5db0000, 0xa5ebdab0, 0xa5ebdc00, 0xa6860000)
 compacting perm gen  total 12288K, used 3444K [0xb0860000, 0xb1460000, 0xb4860000)
   the space 12288K,  28% used [0xb0860000, 0xb0bbd138, 0xb0bbd200, 0xb1460000)
No shared spaces configured.
}

Deoptimization events (0 events):
No events

Internal exceptions (10 events):
Event: 1,983 Thread 0xb690c000 Threw 0xa0ac5ee8 at /HUDSON/workspace/jdk7u40-2-build-linux-i586-product/jdk7u40/hotspot/src/share/vm/prims/jvm.cpp:1244
Event: 1,983 Thread 0xb690c000 Threw 0xa0ad0dc0 at /HUDSON/workspace/jdk7u40-2-build-linux-i586-product/jdk7u40/hotspot/src/share/vm/prims/jvm.cpp:1244
Event: 1,985 Thread 0xb690c000 Threw 0xa0ad9a18 at /HUDSON/workspace/jdk7u40-2-build-linux-i586-product/jdk7u40/hotspot/src/share/vm/prims/jvm.cpp:1244
Event: 1,991 Thread 0xb690c000 Threw 0xa0af2f18 at /HUDSON/workspace/jdk7u40-2-build-linux-i586-product/jdk7u40/hotspot/src/share/vm/prims/jvm.cpp:1244
Event: 1,995 Thread 0xb690c000 Threw 0xa0b11d00 at /HUDSON/workspace/jdk7u40-2-build-linux-i586-product/jdk7u40/hotspot/src/share/vm/prims/jvm.cpp:1244
Event: 1,996 Thread 0xb690c000 Threw 0xa0b187b0 at /HUDSON/workspace/jdk7u40-2-build-linux-i586-product/jdk7u40/hotspot/src/share/vm/prims/jvm.cpp:1244
Event: 1,997 Thread 0xb690c000 Threw 0xa0b1fc60 at /HUDSON/workspace/jdk7u40-2-build-linux-i586-product/jdk7u40/hotspot/src/share/vm/prims/jvm.cpp:1244
Event: 1,997 Thread 0xb690c000 Threw 0xa0b265e0 at /HUDSON/workspace/jdk7u40-2-build-linux-i586-product/jdk7u40/hotspot/src/share/vm/prims/jvm.cpp:1244
Event: 2,015 Thread 0xb690c000 Threw 0xa0b52a90 at /HUDSON/workspace/jdk7u40-2-build-linux-i586-product/jdk7u40/hotspot/src/share/vm/prims/jvm.cpp:1244
Event: 2,017 Thread 0xb690c000 Threw 0xa0b60c68 at /HUDSON/workspace/jdk7u40-2-build-linux-i586-product/jdk7u40/hotspot/src/share/vm/prims/jvm.cpp:1244

Events (10 events):
Event: 1,997 loading class 0xa0725300
Event: 1,997 loading class 0xa0725300 done
Event: 1,997 loading class 0x9fa98328
Event: 1,997 loading class 0x9fa98328 done
Event: 1,999 loading class 0xa06ed410
Event: 1,999 loading class 0xa06ed410 done
Event: 2,015 loading class 0x9fab9728
Event: 2,015 loading class 0x9fab9728 done
Event: 2,017 loading class 0x9fa97b10
Event: 2,017 loading class 0x9fa97b10 done


Dynamic libraries:
08048000-08049000 r-xp 00000000 08:04 1717000    /usr/local/java/jdk1.7.0_40/bin/java
08049000-0804a000 rw-p 00000000 08:04 1717000    /usr/local/java/jdk1.7.0_40/bin/java
0857d000-08603000 rw-p 00000000 00:00 0          [heap]
9f718000-9f800000 rw-p 00000000 00:00 0 
9f800000-9f882000 rw-p 00000000 00:00 0 
9f882000-9f900000 ---p 00000000 00:00 0 
9f930000-9f933000 rw-p 00000000 00:00 0 
9f933000-9f936000 ---p 00000000 00:00 0 
9f936000-9f984000 rw-p 00000000 00:00 0          [stack:20770]
9f984000-9f998000 r-xp 00000000 08:04 1717553    /usr/local/java/jdk1.7.0_40/jre/lib/i386/libnet.so
9f998000-9f999000 rw-p 00014000 08:04 1717553    /usr/local/java/jdk1.7.0_40/jre/lib/i386/libnet.so
9f999000-9f99c000 ---p 00000000 00:00 0 
9f99c000-9f9ea000 rw-p 00000000 00:00 0          [stack:20768]
9f9ea000-9fa00000 r--s 00258000 08:04 5379945    /home/guilherme/idea-IU-129.713/plugins/testng/lib/testng.jar
9fa00000-9faf9000 rw-p 00000000 00:00 0 
9faf9000-9fb00000 ---p 00000000 00:00 0 
9fb00000-9fb04000 r--s 0008a000 08:04 1717584    /usr/local/java/jdk1.7.0_40/jre/lib/jsse.jar
9fb04000-9fb05000 r-xp 00000000 08:04 1976888    /home/guilherme/idea-IU-129.713/bin/libbreakgen.so
9fb05000-9fb06000 rw-p 00000000 08:04 1976888    /home/guilherme/idea-IU-129.713/bin/libbreakgen.so
9fb06000-9fb08000 r--s 00013000 08:04 1976990    /home/guilherme/idea-IU-129.713/lib/idea_rt.jar
9fb08000-9fb18000 r--s 0007c000 08:04 5780753    /home/guilherme/.m2/repository/joda-time/joda-time/2.1/joda-time-2.1.jar
9fb18000-9fb1a000 r--s 00007000 08:04 5780766    /home/guilherme/.m2/repository/com/fasterxml/jackson/core/jackson-annotations/2.1.1/jackson-annotations-2.1.1.jar
9fb1a000-9fb2b000 r--s 000d1000 08:04 13940      /home/guilherme/.m2/repository/com/fasterxml/jackson/core/jackson-databind/2.1.1/jackson-databind-2.1.1.jar
9fb2b000-9fb2f000 r--s 0002f000 08:04 5907907    /home/guilherme/.m2/repository/com/fasterxml/jackson/core/jackson-core/2.1.1/jackson-core-2.1.1.jar
9fb2f000-9fb31000 r--s 00007000 08:04 5780761    /home/guilherme/.m2/repository/com/fasterxml/jackson/datatype/jackson-datatype-joda/2.1.1/jackson-datatype-joda-2.1.1.jar
9fb31000-9fb37000 r--s 00033000 08:04 4982889    /home/guilherme/.m2/repository/org/yaml/snakeyaml/1.6/snakeyaml-1.6.jar
9fb37000-9fb39000 r--s 00006000 08:04 4982891    /home/guilherme/.m2/repository/com/beust/jcommander/1.12/jcommander-1.12.jar
9fb39000-9fb3e000 r--s 00040000 08:04 4982892    /home/guilherme/.m2/repository/org/beanshell/bsh/2.0b4/bsh-2.0b4.jar
9fb3e000-9fb48000 r--s 00087000 08:04 4465263    /home/guilherme/.m2/repository/org/testng/testng/6.1.1/testng-6.1.1.jar
9fb48000-9fb4b000 r--s 0001a000 08:04 5643337    /home/guilherme/.m2/repository/com/jcraft/jsch/0.1.23/jsch-0.1.23.jar
9fb4b000-9fb4d000 r--s 00007000 08:04 5643375    /home/guilherme/.m2/repository/org/apache/maven/wagon/wagon-ssh/1.0-alpha-5/wagon-ssh-1.0-alpha-5.jar
9fb4d000-9fb4e000 r--s 00001000 08:04 5645070    /home/guilherme/.m2/repository/org/apache/maven/maven-monitor/2.0/maven-monitor-2.0.jar
9fb4e000-9fb50000 r--s 00002000 08:04 5380014    /home/guilherme/.m2/repository/org/codehaus/plexus/plexus-interactivity-api/1.0-alpha-4/plexus-interactivity-api-1.0-alpha-4.jar
9fb50000-9fb52000 r--s 00007000 08:04 5645055    /home/guilherme/.m2/repository/org/apache/maven/maven-plugin-descriptor/2.0/maven-plugin-descriptor-2.0.jar
9fb52000-9fb54000 r--s 00006000 08:04 5380013    /home/guilherme/.m2/repository/commons-cli/commons-cli/1.0/commons-cli-1.0.jar
9fb54000-9fb56000 r--s 00005000 08:04 5645038    /home/guilherme/.m2/repository/org/apache/maven/maven-plugin-registry/2.0/maven-plugin-registry-2.0.jar
9fb56000-9fb57000 r--s 00002000 08:04 5645035    /home/guilherme/.m2/repository/org/apache/maven/maven-error-diagnostics/2.0/maven-error-diagnostics-2.0.jar
9fb57000-9fb59000 r--s 00000000 08:04 5643353    /home/guilherme/.m2/repository/doxia/doxia-sink-api/1.0-alpha-4/doxia-sink-api-1.0-alpha-4.jar
9fb59000-9fb5a000 r--s 00001000 08:04 5643339    /home/guilherme/.m2/repository/org/apache/maven/reporting/maven-reporting-api/2.0/maven-reporting-api-2.0.jar
9fb5a000-9fb5b000 r--s 00001000 08:04 5643369    /home/guilherme/.m2/repository/org/apache/maven/wagon/wagon-http-lightweight/1.0-alpha-5/wagon-http-lightweight-1.0-alpha-5.jar
9fb5b000-9fb5d000 r--s 00003000 08:04 5645032    /home/guilherme/.m2/repository/org/apache/maven/maven-plugin-parameter-documenter/2.0/maven-plugin-parameter-documenter-2.0.jar
9fb5d000-9fb5e000 r--s 00001000 08:04 5643349    /home/guilherme/.m2/repository/org/apache/maven/wagon/wagon-file/1.0-alpha-5/wagon-file-1.0-alpha-5.jar
9fb5e000-9fb62000 r--s 0001e000 08:04 5643386    /home/guilherme/.m2/repository/org/apache/maven/maven-core/2.0/maven-core-2.0.jar
9fb62000-9fb63000 r--s 00007000 08:04 5643376    /home/guilherme/.m2/repository/org/apache/maven/shared/maven-plugin-testing-harness/1.1/maven-plugin-testing-harness-1.1.jar
9fb63000-9fb65000 r--s 00005000 08:04 5769033    /home/guilherme/.m2/repository/org/apache/maven/shared/maven-common-artifact-filters/1.0/maven-common-artifact-filters-1.0.jar
9fb65000-9fb66000 r--s 00005000 08:04 5643351    /home/guilherme/.m2/repository/org/apache/maven/shared/maven-repository-builder/1.0-alpha-2/maven-repository-builder-1.0-alpha-2.jar
9fb66000-9fb68000 r--s 00008000 08:04 4603583    /home/guilherme/.m2/repository/classworlds/classworlds/1.1-alpha-2/classworlds-1.1-alpha-2.jar
9fb68000-9fb69000 r--s 00002000 08:04 4602128    /home/guilherme/.m2/repository/org/apache/maven/maven-archiver/2.2/maven-archiver-2.2.jar
9fb69000-9fb6b000 r--s 00006000 08:04 5515098    /home/guilherme/.m2/repository/org/apache/maven/maven-profile/2.0.4/maven-profile-2.0.4.jar
9fb6b000-9fb6d000 r--s 00012000 08:04 5381163    /home/guilherme/.m2/repository/org/apache/maven/maven-model/2.0.4/maven-model-2.0.4.jar
9fb6d000-9fb6f000 r--s 00009000 08:04 5252442    /home/guilherme/.m2/repository/org/apache/maven/maven-settings/2.0.4/maven-settings-2.0.4.jar
9fb6f000-9fb72000 r--s 00018000 08:04 5252407    /home/guilherme/.m2/repository/org/apache/maven/maven-project/2.0.4/maven-project-2.0.4.jar
9fb72000-9fb74000 r--s 00004000 08:04 4729740    /home/guilherme/.m2/repository/org/codehaus/plexus/plexus-active-collections/1.0-beta-2/plexus-active-collections-1.0-beta-2.jar
9fb74000-9fb76000 r--s 00009000 08:04 5381154    /home/guilherme/.m2/repository/org/apache/maven/wagon/wagon-provider-api/1.0-alpha-6/wagon-provider-api-1.0-alpha-6.jar
9fb76000-9fb77000 r--s 00004000 08:04 4729737    /home/guilherme/.m2/repository/org/apache/maven/maven-repository-metadata/2.0.2/maven-repository-metadata-2.0.2.jar
9fb77000-9fb7a000 r--s 0000a000 08:04 5381157    /home/guilherme/.m2/repository/org/apache/maven/maven-artifact-manager/2.0.2/maven-artifact-manager-2.0.2.jar
9fb7a000-9fb7d000 r--s 00011000 08:04 5643355    /home/guilherme/.m2/repository/org/apache/maven/maven-artifact/2.0.4/maven-artifact-2.0.4.jar
9fb7d000-9fb7f000 r--s 00008000 08:04 5250126    /home/guilherme/.m2/repository/org/apache/maven/shared/maven-shared-io/1.1/maven-shared-io-1.1.jar
9fb7f000-9fb81000 r--s 00001000 08:04 4339221    /home/guilherme/.m2/repository/org/apache/maven/maven-plugin-api/2.0.4/maven-plugin-api-2.0.4.jar
9fb81000-9fb83000 r--s 00006000 08:04 4993795    /home/guilherme/.m2/repository/org/apache/maven/shared/file-management/1.1/file-management-1.1.jar
9fb83000-9fb85000 r--s 00006000 08:04 5381160    /home/guilherme/.m2/repository/org/codehaus/plexus/plexus-io/1.0-alpha-2/plexus-io-1.0-alpha-2.jar
9fb85000-9fb88000 r--s 0001b000 08:04 4982890    /home/guilherme/.m2/repository/junit/junit/3.8.1/junit-3.8.1.jar
9fb88000-9fb8f000 r--s 00029000 08:04 4603586    /home/guilherme/.m2/repository/org/codehaus/plexus/plexus-container-default/1.0-alpha-9-stable-1/plexus-container-default-1.0-alpha-9-stable-1.jar
9fb8f000-9fb93000 r--s 00030000 08:04 5769029    /home/guilherme/.m2/repository/org/codehaus/plexus/plexus-utils/1.5.1/plexus-utils-1.5.1.jar
9fb93000-9fb97000 r--s 00027000 08:04 4472124    /home/guilherme/.m2/repository/org/codehaus/plexus/plexus-archiver/1.0-alpha-10/plexus-archiver-1.0-alpha-10.jar
9fb97000-9fb9c000 r--s 00018000 08:04 4339220    /home/guilherme/.m2/repository/aspectj/aspectjrt/1.5.3/aspectjrt-1.5.3.jar
9fb9c000-9fba0000 r--s 0002b000 08:04 4338688    /home/guilherme/.m2/repository/org/apache/maven/plugins/maven-assembly-plugin/2.2-beta-2/maven-assembly-plugin-2.2-beta-2.jar
9fba0000-9fba2000 r--s 0000a000 08:04 5642959    /home/guilherme/.m2/repository/javax/ws/rs/jsr311-api/1.1.1/jsr311-api-1.1.1.jar
9fba2000-9fba4000 r--s 0000a000 08:04 4723826    /home/guilherme/.m2/repository/commons-codec/commons-codec/1.3/commons-codec-1.3.jar
9fba4000-9fba6000 r--s 0000d000 08:04 5778757    /home/guilherme/.m2/repository/commons-logging/commons-logging/1.1.1/commons-logging-1.1.1.jar
9fba6000-9fbab000 r--s 00025000 08:04 4208682    /home/guilherme/.m2/repository/org/apache/httpcomponents/httpcore/4.0-beta1/httpcore-4.0-beta1.jar
9fbab000-9fbb2000 r--s 00036000 08:04 4208679    /home/guilherme/.m2/repository/org/apache/httpcomponents/httpclient/4.0-alpha4/httpclient-4.0-alpha4.jar
9fbb2000-9fbb5000 r--s 0000b000 08:04 4196718    /home/guilherme/.m2/repository/javax/persistence/persistence-api/1.0.2/persistence-api-1.0.2.jar
9fbb5000-9fbb7000 r--s 0000c000 08:04 4196713    /home/guilherme/.m2/repository/de/undercouch/bson4jackson/1.3.0/bson4jackson-1.3.0.jar
9fbb7000-9fbbc000 r--s 00043000 08:04 4196674    /home/guilherme/.m2/repository/org/mongodb/mongo-java-driver/2.7.2/mongo-java-driver-2.7.2.jar
9fbbc000-9fbbf000 r--s 00014000 08:04 4196701    /home/guilherme/.m2/repository/net/vz/mongodb/jackson/mongo-jackson-mapper/1.4.1/mongo-jackson-mapper-1.4.1.jar
9fbbf000-9fbc0000 r--s 00006000 08:04 4196782    /home/guilherme/.m2/repository/org/codehaus/jackson/jackson-xc/1.9.2/jackson-xc-1.9.2.jar
9fbc0000-9fbce000 r--s 000ad000 08:04 4196762    /home/guilherme/.m2/repository/org/codehaus/jackson/jackson-mapper-asl/1.9.2/jackson-mapper-asl-1.9.2.jar
9fbce000-9fbd2000 r--s 00034000 08:04 4196724    /home/guilherme/.m2/repository/org/codehaus/jackson/jackson-core-asl/1.9.2/jackson-core-asl-1.9.2.jar
9fbd2000-9fbd4000 r--s 00004000 08:04 4196725    /home/guilherme/.m2/repository/javax/xml/stream/stax-api/1.0-2/stax-api-1.0-2.jar
9fbd4000-9fbd7000 r--s 00017000 08:04 4196709    /home/guilherme/.m2/repository/javax/xml/bind/jaxb-api/2.2.2/jaxb-api-2.2.2.jar
9fbd7000-9fbea000 r--s 000c7000 08:04 4196686    /home/guilherme/.m2/repository/com/sun/xml/bind/jaxb-impl/2.2.3-1/jaxb-impl-2.2.3-1.jar
9fbea000-9fbec000 r--s 0000f000 08:04 4196720    /home/guilherme/.m2/repository/org/codehaus/jettison/jettison/1.1/jettison-1.1.jar
9fbec000-9fbf0000 r--s 00020000 08:04 4196675    /home/guilherme/.m2/repository/org/glassfish/jersey/media/jersey-media-json/2.0-m02/jersey-media-json-2.0-m02.jar
9fbf0000-9fbf9000 r--s 00042000 08:04 4196752    /home/guilherme/.m2/repository/org/glassfish/jersey/core/jersey-server/2.0-m02/jersey-server-2.0-m02.jar
9fbf9000-9fbfb000 r--s 00003000 08:04 4196733    /home/guilherme/.m2/repository/org/jvnet/tiger-types/1.4/tiger-types-1.4.jar
9fbfb000-9fc00000 r--s 00047000 08:04 4196757    /home/guilherme/.m2/repository/org/glassfish/hk2/external/asm-all-repackaged/1.6.32/asm-all-repackaged-1.6.32.jar
9fc00000-9fd00000 rw-p 00000000 00:00 0 
9fd00000-9fd01000 r--s 00004000 08:04 4196773    /home/guilherme/.m2/repository/org/codehaus/jackson/jackson-jaxrs/1.9.2/jackson-jaxrs-1.9.2.jar
9fd01000-9fd02000 r--s 00001000 08:04 4196691    /home/guilherme/.m2/repository/org/glassfish/hk2/external/javax.inject/1.6.32/javax.inject-1.6.32.jar
9fd02000-9fd09000 r--s 0004a000 08:04 4196753    /home/guilherme/.m2/repository/org/glassfish/hk2/auto-depends/1.6.32/auto-depends-1.6.32.jar
9fd09000-9fd0b000 r--s 00006000 08:04 4196679    /home/guilherme/.m2/repository/org/glassfish/hk2/hk2-api/1.6.32/hk2-api-1.6.32.jar
9fd0b000-9fd0e000 r--s 00006000 08:04 4196737    /home/guilherme/.m2/repository/com/google/code/findbugs/jsr305/1.3.9/jsr305-1.3.9.jar
9fd0e000-9fd2e000 r--s 00173000 08:04 4196682    /home/guilherme/.m2/repository/com/google/guava/guava/11.0.1/guava-11.0.1.jar
9fd2e000-9fd30000 r--s 0000e000 08:04 4196702    /home/guilherme/.m2/repository/javax/activation/activation/1.1/activation-1.1.jar
9fd30000-9fd36000 r--s 00059000 08:04 4196731    /home/guilherme/.m2/repository/javax/mail/mail/1.4/mail-1.4.jar
9fd36000-9fd39000 r--s 00012000 08:04 4196681    /home/guilherme/.m2/repository/javax/ws/rs/javax.ws.rs-api/2.0-m03/javax.ws.rs-api-2.0-m03.jar
9fd39000-9fd44000 r--s 0006c000 08:04 4196687    /home/guilherme/.m2/repository/org/glassfish/jersey/core/jersey-common/2.0-m02/jersey-common-2.0-m02.jar
9fd44000-9fd52000 r--s 000a6000 08:04 4196758    /home/guilherme/.m2/repository/org/glassfish/grizzly/grizzly-framework/2.2.4/grizzly-framework-2.2.4.jar
9fd52000-9fd57000 r--s 0003b000 08:04 4196742    /home/guilherme/.m2/repository/org/glassfish/grizzly/grizzly-http/2.2.4/grizzly-http-2.2.4.jar
9fd57000-9fde6000 r--s 00dda000 08:04 1717647    /usr/local/java/jdk1.7.0_40/jre/lib/jfxrt.jar
9fde6000-9fdfe000 r--s 00406000 08:04 1717648    /usr/local/java/jdk1.7.0_40/jre/lib/deploy.jar
9fdfe000-9fdff000 ---p 00000000 00:00 0 
9fdff000-9fe7f000 rw-p 00000000 00:00 0          [stack:20767]
9fe7f000-9fe82000 ---p 00000000 00:00 0 
9fe82000-9ff00000 rw-p 00000000 00:00 0          [stack:20765]
9ff00000-a0100000 r--p 00000000 08:04 1449933    /usr/lib/locale/locale-archive
a0100000-a0121000 rw-p 00000000 00:00 0 
a0121000-a0200000 ---p 00000000 00:00 0 
a0200000-a0201000 r--s 00004000 08:04 4196756    /home/guilherme/.m2/repository/org/glassfish/hk2/osgi-resource-locator/1.0.1/osgi-resource-locator-1.0.1.jar
a0201000-a0203000 r--s 00002000 08:04 4196697    /home/guilherme/.m2/repository/org/glassfish/jersey/containers/jersey-container-grizzly2-http/2.0-m02/jersey-container-grizzly2-http-2.0-m02.jar
a0203000-a0204000 r--s 00001000 08:04 4196767    /home/guilherme/.m2/repository/org/glassfish/grizzly/grizzly-rcm/2.2.4/grizzly-rcm-2.2.4.jar
a0204000-a020d000 r--s 000d3000 08:04 1717586    /usr/local/java/jdk1.7.0_40/jre/lib/javaws.jar
a020d000-a0210000 ---p 00000000 00:00 0 
a0210000-a025e000 rw-p 00000000 00:00 0          [stack:20766]
a025e000-a0261000 ---p 00000000 00:00 0 
a0261000-a02af000 rw-p 00000000 00:00 0          [stack:20764]
a02af000-a02b2000 ---p 00000000 00:00 0 
a02b2000-a0300000 rw-p 00000000 00:00 0          [stack:20763]
a0300000-a03d8000 rw-p 00000000 00:00 0 
a03d8000-a0400000 ---p 00000000 00:00 0 
a0400000-a0413000 r--s 001a5000 08:04 1717649    /usr/local/java/jdk1.7.0_40/jre/lib/plugin.jar
a0413000-a0416000 ---p 00000000 00:00 0 
a0416000-a0464000 rw-p 00000000 00:00 0          [stack:20762]
a0464000-a0465000 ---p 00000000 00:00 0 
a0465000-a0530000 rw-p 00000000 00:00 0          [stack:20761]
a0530000-a06ed000 r--s 039d3000 08:04 1717013    /usr/local/java/jdk1.7.0_40/jre/lib/rt.jar
a06ed000-a074f000 rw-p 00000000 00:00 0 
a074f000-a0769000 rw-p 00000000 00:00 0 
a0769000-a076f000 rw-p 00000000 00:00 0 
a076f000-a07bf000 rw-p 00000000 00:00 0 
a07bf000-a07c2000 rw-p 00000000 00:00 0 
a07c2000-a07e9000 rw-p 00000000 00:00 0 
a07e9000-a07ef000 rw-p 00000000 00:00 0 
a07ef000-a083f000 rw-p 00000000 00:00 0 
a083f000-a0845000 rw-p 00000000 00:00 0 
a0845000-a085f000 rw-p 00000000 00:00 0 
a085f000-a0db0000 rw-p 00000000 00:00 0 
a0db0000-a5db0000 rw-p 00000000 00:00 0 
a5db0000-a6860000 rw-p 00000000 00:00 0 
a6860000-b0860000 rw-p 00000000 00:00 0 
b0860000-b1460000 rw-p 00000000 00:00 0 
b1460000-b4860000 rw-p 00000000 00:00 0 
b4860000-b4862000 r--s 00009000 08:04 4196698    /home/guilherme/.m2/repository/org/glassfish/external/management-api/3.0.0-b012/management-api-3.0.0-b012.jar
b4862000-b4864000 r--s 00004000 08:04 4196729    /home/guilherme/.m2/repository/org/glassfish/gmbal/gmbal-api-only/3.0.0-b023/gmbal-api-only-3.0.0-b023.jar
b4864000-b4868000 r--s 00030000 08:04 4196693    /home/guilherme/.m2/repository/org/glassfish/grizzly/grizzly-http-server/2.2.4/grizzly-http-server-2.2.4.jar
b4868000-b486c000 rw-p 00000000 00:00 0 
b486c000-b48e8000 rw-p 00000000 00:00 0 
b48e8000-b49b8000 rwxp 00000000 00:00 0 
b49b8000-b68e8000 rw-p 00000000 00:00 0 
b68e8000-b68ff000 r-xp 00000000 08:04 1717575    /usr/local/java/jdk1.7.0_40/jre/lib/i386/libzip.so
b68ff000-b6900000 rw-p 00017000 08:04 1717575    /usr/local/java/jdk1.7.0_40/jre/lib/i386/libzip.so
b6900000-b69fe000 rw-p 00000000 00:00 0 
b69fe000-b6a00000 ---p 00000000 00:00 0 
b6a00000-b6a04000 r--s 0008a000 08:04 1717584    /usr/local/java/jdk1.7.0_40/jre/lib/jsse.jar
b6a04000-b6a0e000 r--s 00371000 08:04 1717754    /usr/local/java/jdk1.7.0_40/jre/lib/charsets.jar
b6a0e000-b6a14000 r--s 0007d000 08:04 1717785    /usr/local/java/jdk1.7.0_40/jre/lib/jfr.jar
b6a14000-b6a1f000 r-xp 00000000 08:04 2492817    /lib/i386-linux-gnu/libnss_files-2.17.so
b6a1f000-b6a20000 r--p 0000a000 08:04 2492817    /lib/i386-linux-gnu/libnss_files-2.17.so
b6a20000-b6a21000 rw-p 0000b000 08:04 2492817    /lib/i386-linux-gnu/libnss_files-2.17.so
b6a21000-b6a2b000 r-xp 00000000 08:04 2492828    /lib/i386-linux-gnu/libnss_nis-2.17.so
b6a2b000-b6a2c000 r--p 00009000 08:04 2492828    /lib/i386-linux-gnu/libnss_nis-2.17.so
b6a2c000-b6a2d000 rw-p 0000a000 08:04 2492828    /lib/i386-linux-gnu/libnss_nis-2.17.so
b6a2d000-b6a42000 r-xp 00000000 08:04 2492814    /lib/i386-linux-gnu/libnsl-2.17.so
b6a42000-b6a43000 r--p 00014000 08:04 2492814    /lib/i386-linux-gnu/libnsl-2.17.so
b6a43000-b6a44000 rw-p 00015000 08:04 2492814    /lib/i386-linux-gnu/libnsl-2.17.so
b6a44000-b6a46000 rw-p 00000000 00:00 0 
b6a46000-b6a48000 r--s 00019000 08:04 1717801    /usr/local/java/jdk1.7.0_40/jre/lib/jce.jar
b6a48000-b6a51000 r--s 00250000 08:04 1717499    /usr/local/java/jdk1.7.0_40/jre/lib/resources.jar
b6a51000-b6a57000 r--s 000a9000 08:04 5379941    /home/guilherme/idea-IU-129.713/plugins/testng/lib/testng-plugin.jar
b6a57000-b6a5f000 rw-s 00000000 08:04 5780877    /tmp/hsperfdata_guilherme/20759
b6a5f000-b6a82000 r-xp 00000000 08:04 1717538    /usr/local/java/jdk1.7.0_40/jre/lib/i386/libjava.so
b6a82000-b6a83000 rw-p 00022000 08:04 1717538    /usr/local/java/jdk1.7.0_40/jre/lib/i386/libjava.so
b6a83000-b6a8a000 r-xp 00000000 08:04 2492827    /lib/i386-linux-gnu/librt-2.17.so
b6a8a000-b6a8b000 r--p 00006000 08:04 2492827    /lib/i386-linux-gnu/librt-2.17.so
b6a8b000-b6a8c000 rw-p 00007000 08:04 2492827    /lib/i386-linux-gnu/librt-2.17.so
b6a8c000-b6a8f000 ---p 00000000 00:00 0 
b6a8f000-b6add000 rw-p 00000000 00:00 0          [stack:20760]
b6add000-b6b1e000 r-xp 00000000 08:04 2492824    /lib/i386-linux-gnu/libm-2.17.so
b6b1e000-b6b1f000 r--p 00040000 08:04 2492824    /lib/i386-linux-gnu/libm-2.17.so
b6b1f000-b6b20000 rw-p 00041000 08:04 2492824    /lib/i386-linux-gnu/libm-2.17.so
b6b20000-b70a6000 r-xp 00000000 08:04 1717533    /usr/local/java/jdk1.7.0_40/jre/lib/i386/client/libjvm.so
b70a6000-b70c7000 rw-p 00586000 08:04 1717533    /usr/local/java/jdk1.7.0_40/jre/lib/i386/client/libjvm.so
b70c7000-b74e8000 rw-p 00000000 00:00 0 
b74e8000-b7696000 r-xp 00000000 08:04 2492825    /lib/i386-linux-gnu/libc-2.17.so
b7696000-b7698000 r--p 001ae000 08:04 2492825    /lib/i386-linux-gnu/libc-2.17.so
b7698000-b7699000 rw-p 001b0000 08:04 2492825    /lib/i386-linux-gnu/libc-2.17.so
b7699000-b769c000 rw-p 00000000 00:00 0 
b769c000-b769f000 r-xp 00000000 08:04 2492830    /lib/i386-linux-gnu/libdl-2.17.so
b769f000-b76a0000 r--p 00002000 08:04 2492830    /lib/i386-linux-gnu/libdl-2.17.so
b76a0000-b76a1000 rw-p 00003000 08:04 2492830    /lib/i386-linux-gnu/libdl-2.17.so
b76a1000-b76b4000 r-xp 00000000 08:04 1717542    /usr/local/java/jdk1.7.0_40/jre/lib/i386/jli/libjli.so
b76b4000-b76b5000 rw-p 00012000 08:04 1717542    /usr/local/java/jdk1.7.0_40/jre/lib/i386/jli/libjli.so
b76b5000-b76b6000 rw-p 00000000 00:00 0 
b76b6000-b76cd000 r-xp 00000000 08:04 2492823    /lib/i386-linux-gnu/libpthread-2.17.so
b76cd000-b76ce000 r--p 00016000 08:04 2492823    /lib/i386-linux-gnu/libpthread-2.17.so
b76ce000-b76cf000 rw-p 00017000 08:04 2492823    /lib/i386-linux-gnu/libpthread-2.17.so
b76cf000-b76d1000 rw-p 00000000 00:00 0 
b76d1000-b76d2000 r--s 00000000 08:04 1717585    /usr/local/java/jdk1.7.0_40/jre/lib/management-agent.jar
b76d2000-b76d3000 r--p 005e0000 08:04 1449933    /usr/lib/locale/locale-archive
b76d3000-b76da000 r-xp 00000000 08:04 2492818    /lib/i386-linux-gnu/libnss_compat-2.17.so
b76da000-b76db000 r--p 00006000 08:04 2492818    /lib/i386-linux-gnu/libnss_compat-2.17.so
b76db000-b76dc000 rw-p 00007000 08:04 2492818    /lib/i386-linux-gnu/libnss_compat-2.17.so
b76dc000-b76dd000 rw-p 00000000 00:00 0 
b76dd000-b76de000 r--p 00000000 00:00 0 
b76de000-b76e9000 r-xp 00000000 08:04 1717520    /usr/local/java/jdk1.7.0_40/jre/lib/i386/libverify.so
b76e9000-b76ea000 rw-p 0000b000 08:04 1717520    /usr/local/java/jdk1.7.0_40/jre/lib/i386/libverify.so
b76ea000-b76ec000 rw-p 00000000 00:00 0 
b76ec000-b76ed000 r-xp 00000000 00:00 0          [vdso]
b76ed000-b770d000 r-xp 00000000 08:04 2492826    /lib/i386-linux-gnu/ld-2.17.so
b770d000-b770e000 r--p 0001f000 08:04 2492826    /lib/i386-linux-gnu/ld-2.17.so
b770e000-b770f000 rw-p 00020000 08:04 2492826    /lib/i386-linux-gnu/ld-2.17.so
bfb42000-bfb66000 rw-p 00000000 00:00 0          [stack]

VM Arguments:
jvm_args: -ea -Didea.launcher.port=7538 -Didea.launcher.bin.path=/home/guilherme/idea-IU-129.713/bin -Dfile.encoding=UTF-8 
java_command: com.intellij.rt.execution.application.AppMain org.testng.RemoteTestNGStarter -port 46696 -usedefaultlisteners false -socket54788 -temp /tmp/idea_testng3217852414089649249.tmp
Launcher Type: SUN_STANDARD

Environment Variables:
JAVA_HOME=/usr/local/java/jdk1.7.0_40
JRE_HOME=/usr/local/java/jre1.7.0_40
CLASSPATH=./../lib/bootstrap.jar:./../lib/extensions.jar:./../lib/util.jar:./../lib/jdom.jar:./../lib/log4j.jar:./../lib/trove4j.jar:./../lib/jna.jar:/usr/local/java/jdk1.7.0_40/lib/tools.jar
PATH=/opt/SenchaSDKTools-2.0.0-beta3:/home/guilherme/bin/Sencha/Cmd/4.0.0.203:/usr/local/heroku/bin:/opt/SenchaSDKTools-2.0.0-beta3:/home/guilherme/bin/Sencha/Cmd/4.0.0.203:/home/guilherme/bin:/usr/lib/lightdm/lightdm:/usr/local/sbin:/usr/local/bin:/usr/sbin:/usr/bin:/sbin:/bin:/usr/games:/usr/local/games:/home/guilherme/bin:/usr/local/java/jdk1.7.0_40/bin:/home/guilherme/bin:/usr/local/java/jre1.7.0_40/bin
LD_LIBRARY_PATH=.:
SHELL=/bin/bash
DISPLAY=:0

Signal Handlers:
SIGSEGV: [libjvm.so+0x503d90], sa_mask[0]=0x7ffbfeff, sa_flags=0x10000004
SIGBUS: [libjvm.so+0x503d90], sa_mask[0]=0x7ffbfeff, sa_flags=0x10000004
SIGFPE: [libjvm.so+0x3fbe80], sa_mask[0]=0x7ffbfeff, sa_flags=0x10000004
SIGPIPE: [libjvm.so+0x3fbe80], sa_mask[0]=0x7ffbfeff, sa_flags=0x10000004
SIGXFSZ: [libjvm.so+0x3fbe80], sa_mask[0]=0x7ffbfeff, sa_flags=0x10000004
SIGILL: [libjvm.so+0x3fbe80], sa_mask[0]=0x7ffbfeff, sa_flags=0x10000004
SIGUSR1: SIG_DFL, sa_mask[0]=0x00000000, sa_flags=0x00000000
SIGUSR2: [libjvm.so+0x3fd370], sa_mask[0]=0x00000004, sa_flags=0x10000004
SIGHUP: [libjvm.so+0x3fe4c0], sa_mask[0]=0x7ffbfeff, sa_flags=0x10000004
SIGINT: [libjvm.so+0x3fe4c0], sa_mask[0]=0x7ffbfeff, sa_flags=0x10000004
SIGTERM: [libjvm.so+0x3fe4c0], sa_mask[0]=0x7ffbfeff, sa_flags=0x10000004
SIGQUIT: [libjvm.so+0x3fe4c0], sa_mask[0]=0x7ffbfeff, sa_flags=0x10000004


---------------  S Y S T E M  ---------------

OS:wheezy/sid

uname:Linux 3.8.0-32-generic #47-Ubuntu SMP Tue Oct 1 21:36:40 UTC 2013 i686
libc:glibc 2.17 NPTL 2.17 
rlimit: STACK 8192k, CORE 0k, NPROC 24106, NOFILE 4096, AS infinity
load average:0,49 0,42 0,66

/proc/meminfo:
MemTotal:        3102112 kB
MemFree:         1026176 kB
Buffers:           20908 kB
Cached:           304496 kB
SwapCached:        68980 kB
Active:          1667056 kB
Inactive:         306632 kB
Active(anon):    1527112 kB
Inactive(anon):   158252 kB
Active(file):     139944 kB
Inactive(file):   148380 kB
Unevictable:          64 kB
Mlocked:              64 kB
HighTotal:       2231176 kB
HighFree:         318228 kB
LowTotal:         870936 kB
LowFree:          707948 kB
SwapTotal:       1999868 kB
SwapFree:        1720900 kB
Dirty:             10544 kB
Writeback:             0 kB
AnonPages:       1597556 kB
Mapped:           238504 kB
Shmem:             37076 kB
Slab:              39744 kB
SReclaimable:      17308 kB
SUnreclaim:        22436 kB
KernelStack:        5376 kB
PageTables:        20896 kB
NFS_Unstable:          0 kB
Bounce:                0 kB
WritebackTmp:          0 kB
CommitLimit:     3550924 kB
Committed_AS:    5781788 kB
VmallocTotal:     122880 kB
VmallocUsed:       46444 kB
VmallocChunk:      70132 kB
HardwareCorrupted:     0 kB
AnonHugePages:         0 kB
HugePages_Total:       0
HugePages_Free:        0
HugePages_Rsvd:        0
HugePages_Surp:        0
Hugepagesize:       2048 kB
DirectMap4k:       59384 kB
DirectMap2M:      854016 kB


CPU:total 2 (2 cores per cpu, 1 threads per core) family 15 model 6 stepping 5, cmov, cx8, fxsr, mmx, sse, sse2, sse3, tsc

/proc/cpuinfo:
processor	: 0
vendor_id	: GenuineIntel
cpu family	: 15
model		: 6
model name	: Intel(R) Pentium(R) D CPU 3.20GHz
stepping	: 5
microcode	: 0xb
cpu MHz		: 3200.000
cache size	: 2048 KB
physical id	: 0
siblings	: 2
core id		: 0
cpu cores	: 2
apicid		: 0
initial apicid	: 0
fdiv_bug	: no
hlt_bug		: no
f00f_bug	: no
coma_bug	: no
fpu		: yes
fpu_exception	: yes
cpuid level	: 6
wp		: yes
flags		: fpu vme de pse tsc msr pae mce cx8 apic sep mtrr pge mca cmov pat pse36 clflush dts acpi mmx fxsr sse sse2 ss ht tm pbe nx lm constant_tsc pebs bts pni dtes64 monitor ds_cpl est cid cx16 xtpr pdcm lahf_lm
bogomips	: 6399.38
clflush size	: 64
cache_alignment	: 128
address sizes	: 36 bits physical, 48 bits virtual
power management:

processor	: 1
vendor_id	: GenuineIntel
cpu family	: 15
model		: 6
model name	: Intel(R) Pentium(R) D CPU 3.20GHz
stepping	: 5
microcode	: 0xb
cpu MHz		: 3200.000
cache size	: 2048 KB
physical id	: 0
siblings	: 2
core id		: 1
cpu cores	: 2
apicid		: 1
initial apicid	: 1
fdiv_bug	: no
hlt_bug		: no
f00f_bug	: no
coma_bug	: no
fpu		: yes
fpu_exception	: yes
cpuid level	: 6
wp		: yes
flags		: fpu vme de pse tsc msr pae mce cx8 apic sep mtrr pge mca cmov pat pse36 clflush dts acpi mmx fxsr sse sse2 ss ht tm pbe nx lm constant_tsc pebs bts pni dtes64 monitor ds_cpl est cid cx16 xtpr pdcm lahf_lm
bogomips	: 6399.38
clflush size	: 64
cache_alignment	: 128
address sizes	: 36 bits physical, 48 bits virtual
power management:



Memory: 4k page, physical 3102112k(1026176k free), swap 1999868k(1720900k free)

vm_info: Java HotSpot(TM) Client VM (24.0-b56) for linux-x86 JRE (1.7.0_40-b43), built on Aug 26 2013 22:05:59 by "java_re" with gcc 4.3.0 20080428 (Red Hat 4.3.0-8)

time: Fri Nov  1 05:09:47 2013
elapsed time: 2 seconds

