#
# A fatal error has been detected by the Java Runtime Environment:
#
#  SIGILL (0x4) at pc=0xb6d73e10, pid=13046, tid=3065183040
#
# JRE version: Java(TM) SE Runtime Environment (7.0_40-b43) (build 1.7.0_40-b43)
# Java VM: Java HotSpot(TM) Client VM (24.0-b56 mixed mode linux-x86 )
# Problematic frame:
# V  [libjvm.so+0x200e10]  Events::log_exception(Thread*, char const*, ...)+0x20
#
# Failed to write core dump. Core dumps have been disabled. To enable core dumping, try "ulimit -c unlimited" before starting Java again
#
# If you would like to submit a bug report, please visit:
#   http://bugreport.sun.com/bugreport/crash.jsp
#

---------------  T H R E A D  ---------------

Current thread (0xb690d000):  JavaThread "main" [_thread_in_vm, id=13047, stack(0xb6adf000,0xb6b30000)]

siginfo:si_signo=SIGILL: si_errno=0, si_code=2 (ILL_ILLOPN), si_addr=0xb6d73e10

Registers:
EAX=0x00000000, EBX=0xb7107868, ECX=0xb69087a8, EDX=0x00000000
ESP=0xb6b2d670, EBP=0xb6b2d698, ESI=0xb69087a8, EDI=0xb6908d80
EIP=0xb6d73e10, EFLAGS=0x00010282, CR2=0xb7730100

Top of Stack: (sp=0xb6b2d670)
0xb6b2d670:   b690d000 00000000 9b30728e 40044300
0xb6b2d680:   a0510f58 b69087a8 b70cb474 b7107868
0xb6b2d690:   00000000 b069bdb8 b6b2d998 b6e9d80b
0xb6b2d6a0:   b690d000 b70b8507 a07129c0 b70cb474
0xb6b2d6b0:   000004dc b6b2d8dc b690da3c b690da3c
0xb6b2d6c0:   5271fa7d b6b2d6e8 b690d000 b690da30
0xb6b2d6d0:   00000000 00000000 b690da34 b75b1ec5
0xb6b2d6e0:   0026a500 b690f980 b6b2d9fc b470341a 

Instructions: (pc=0xb6d73e10)
0xb6d73df0:   55 89 e5 57 56 53 83 ec 1c e8 00 00 00 00 5b 81
0xb6d73e00:   c3 6a 3a 39 00 8b 83 10 f2 ff ff 80 38 00 75 08
0xb6d73e10:   8d 65 f4 5b 5e 5f 5d c3 8b 83 d4 fa ff ff 8d 7d
0xb6d73e20:   10 8b 30 8b 83 3c ea ff ff 8b 00 85 c0 75 e1 e8 

Register to memory mapping:

EAX=0x00000000 is an unknown value
EBX=0xb7107868: <offset 0x594868> in /usr/local/java/jdk1.7.0_40/jre/lib/i386/client/libjvm.so at 0xb6b73000
ECX=0xb69087a8 is an unknown value
EDX=0x00000000 is an unknown value
ESP=0xb6b2d670 is pointing into the stack for thread: 0xb690d000
EBP=0xb6b2d698 is pointing into the stack for thread: 0xb690d000
ESI=0xb69087a8 is an unknown value
EDI=0xb6908d80 is an unknown value


Stack: [0xb6adf000,0xb6b30000],  sp=0xb6b2d670,  free space=313k
Native frames: (J=compiled Java code, j=interpreted, Vv=VM code, C=native code)
V  [libjvm.so+0x200e10]  Events::log_exception(Thread*, char const*, ...)+0x20
V  [libjvm.so+0x32a80b]  JVM_DoPrivileged+0x4eb
C  [libjava.so+0x9a4a]  Java_java_security_AccessController_doPrivileged__Ljava_security_PrivilegedExceptionAction_2Ljava_security_AccessControlContext_2+0x3a
j  java.security.AccessController.doPrivileged(Ljava/security/PrivilegedExceptionAction;Ljava/security/AccessControlContext;)Ljava/lang/Object;+0
j  java.net.URLClassLoader.findClass(Ljava/lang/String;)Ljava/lang/Class;+13
J  java.lang.ClassLoader.loadClass(Ljava/lang/String;Z)Ljava/lang/Class;
j  java.lang.ClassLoader.loadClass(Ljava/lang/String;)Ljava/lang/Class;+3
v  ~StubRoutines::call_stub
V  [libjvm.so+0x2a7875]  JavaCalls::call_helper(JavaValue*, methodHandle*, JavaCallArguments*, Thread*)+0x315
V  [libjvm.so+0x3fa1e9]  os::os_exception_wrapper(void (*)(JavaValue*, methodHandle*, JavaCallArguments*, Thread*), JavaValue*, methodHandle*, JavaCallArguments*, Thread*)+0x19
V  [libjvm.so+0x2a64ef]  JavaCalls::call(JavaValue*, methodHandle, JavaCallArguments*, Thread*)+0x2f
V  [libjvm.so+0x2a672a]  JavaCalls::call_virtual(JavaValue*, KlassHandle, Symbol*, Symbol*, JavaCallArguments*, Thread*)+0x10a
V  [libjvm.so+0x2a67f5]  JavaCalls::call_virtual(JavaValue*, Handle, KlassHandle, Symbol*, Symbol*, Handle, Thread*)+0x55
V  [libjvm.so+0x49e559]  SystemDictionary::load_instance_class(Symbol*, Handle, Thread*)+0x489
V  [libjvm.so+0x49cc52]  SystemDictionary::resolve_instance_class_or_null(Symbol*, Handle, Handle, Thread*)+0x742
V  [libjvm.so+0x49d0b9]  SystemDictionary::resolve_or_null(Symbol*, Handle, Handle, Thread*)+0x49
V  [libjvm.so+0x49e5d0]  SystemDictionary::resolve_or_fail(Symbol*, Handle, Handle, bool, Thread*)+0x30
V  [libjvm.so+0x43f54a]  get_mirror_from_signature(methodHandle, SignatureStream*, Thread*)+0xca
V  [libjvm.so+0x44160d]  Reflection::get_parameter_types(methodHandle, int, oopDesc**, Thread*)+0x2ed
V  [libjvm.so+0x441c42]  Reflection::new_method(methodHandle, bool, bool, Thread*)+0xf2
V  [libjvm.so+0x322532]  JVM_GetClassDeclaredMethods+0x422
j  java.lang.Class.getDeclaredMethods0(Z)[Ljava/lang/reflect/Method;+0
j  java.lang.Class.privateGetDeclaredMethods(Z)[Ljava/lang/reflect/Method;+67
J  org.jvnet.hk2.component.InjectionManager.syncDoInject(Ljava/lang/Object;Lorg/jvnet/hk2/component/Inhabitant;Ljava/lang/Class;[Lcom/sun/hk2/component/InjectionResolver;)V
j  com.sun.hk2.component.AbstractCreatorImpl.inject(Lorg/jvnet/hk2/component/Habitat;Ljava/lang/Object;Lorg/jvnet/hk2/component/Inhabitant;)V+42
j  com.sun.hk2.component.ConstructorCreator.initialize(Ljava/lang/Object;Lorg/jvnet/hk2/component/Inhabitant;)V+64
j  com.sun.hk2.component.AbstractCreatorImpl.get(Lorg/jvnet/hk2/component/Inhabitant;)Ljava/lang/Object;+34
j  com.sun.hk2.component.SingletonInhabitant.get(Lorg/jvnet/hk2/component/Inhabitant;)Ljava/lang/Object;+37
J  com.sun.hk2.component.AbstractInhabitantImpl.get()Ljava/lang/Object;
j  org.jvnet.hk2.component.ContractLocatorImpl.getByType(Ljava/lang/Class;)Ljava/lang/Object;+31
j  com.sun.hk2.component.InjectInjectionResolver$1.call()Ljava/lang/Object;+388
j  com.sun.hk2.component.InjectInjectionResolver.getValue(Ljava/lang/Object;Lorg/jvnet/hk2/component/Inhabitant;Ljava/lang/reflect/AnnotatedElement;Ljava/lang/reflect/Type;Ljava/lang/Class;)Ljava/lang/Object;+69
J  org.jvnet.hk2.component.InjectionManager.syncDoInject(Ljava/lang/Object;Lorg/jvnet/hk2/component/Inhabitant;Ljava/lang/Class;[Lcom/sun/hk2/component/InjectionResolver;)V
j  com.sun.hk2.component.AbstractCreatorImpl.inject(Lorg/jvnet/hk2/component/Habitat;Ljava/lang/Object;Lorg/jvnet/hk2/component/Inhabitant;)V+42
j  com.sun.hk2.component.ConstructorCreator.initialize(Ljava/lang/Object;Lorg/jvnet/hk2/component/Inhabitant;)V+64
j  com.sun.hk2.component.AbstractCreatorImpl.get(Lorg/jvnet/hk2/component/Inhabitant;)Ljava/lang/Object;+34
j  com.sun.hk2.component.SingletonInhabitant.get(Lorg/jvnet/hk2/component/Inhabitant;)Ljava/lang/Object;+37
J  com.sun.hk2.component.AbstractInhabitantImpl.get()Ljava/lang/Object;
j  org.jvnet.hk2.component.ContractLocatorImpl.getByType(Ljava/lang/Class;)Ljava/lang/Object;+31
j  com.sun.hk2.component.InjectInjectionResolver$1.call()Ljava/lang/Object;+388
j  com.sun.hk2.component.InjectInjectionResolver.getValue(Ljava/lang/Object;Lorg/jvnet/hk2/component/Inhabitant;Ljava/lang/reflect/AnnotatedElement;Ljava/lang/reflect/Type;Ljava/lang/Class;)Ljava/lang/Object;+69
J  org.jvnet.hk2.component.InjectionManager.syncDoInject(Ljava/lang/Object;Lorg/jvnet/hk2/component/Inhabitant;Ljava/lang/Class;[Lcom/sun/hk2/component/InjectionResolver;)V
j  com.sun.hk2.component.AbstractCreatorImpl.inject(Lorg/jvnet/hk2/component/Habitat;Ljava/lang/Object;Lorg/jvnet/hk2/component/Inhabitant;)V+42
j  com.sun.hk2.component.ConstructorCreator.initialize(Ljava/lang/Object;Lorg/jvnet/hk2/component/Inhabitant;)V+64
j  com.sun.hk2.component.AbstractCreatorImpl.get(Lorg/jvnet/hk2/component/Inhabitant;)Ljava/lang/Object;+34
J  com.sun.hk2.component.AbstractInhabitantImpl.get()Ljava/lang/Object;
j  org.glassfish.jersey.server.ApplicationBuilder.build()Lorg/glassfish/jersey/server/Application;+146
j  br.org.base.server.Server.main([Ljava/lang/String;)V+68
v  ~StubRoutines::call_stub
V  [libjvm.so+0x2a7875]  JavaCalls::call_helper(JavaValue*, methodHandle*, JavaCallArguments*, Thread*)+0x315
V  [libjvm.so+0x3fa1e9]  os::os_exception_wrapper(void (*)(JavaValue*, methodHandle*, JavaCallArguments*, Thread*), JavaValue*, methodHandle*, JavaCallArguments*, Thread*)+0x19
V  [libjvm.so+0x2a64ef]  JavaCalls::call(JavaValue*, methodHandle, JavaCallArguments*, Thread*)+0x2f
V  [libjvm.so+0x2e28b2]  jni_invoke_static(JNIEnv_*, JavaValue*, _jobject*, JNICallType, _jmethodID*, JNI_ArgumentPusher*, Thread*)+0x242
V  [libjvm.so+0x2f8ada]  jni_CallStaticVoidMethod+0xca
C  [libjli.so+0x2e8d]  JavaMain+0x8bd
C  [libpthread.so.0+0x6d78]  start_thread+0xd8

Java frames: (J=compiled Java code, j=interpreted, Vv=VM code)
j  java.security.AccessController.doPrivileged(Ljava/security/PrivilegedExceptionAction;Ljava/security/AccessControlContext;)Ljava/lang/Object;+0
j  java.net.URLClassLoader.findClass(Ljava/lang/String;)Ljava/lang/Class;+13
J  java.lang.ClassLoader.loadClass(Ljava/lang/String;Z)Ljava/lang/Class;
J  java.lang.ClassLoader.loadClass(Ljava/lang/String;Z)Ljava/lang/Class;
j  sun.misc.Launcher$AppClassLoader.loadClass(Ljava/lang/String;Z)Ljava/lang/Class;+36
j  java.lang.ClassLoader.loadClass(Ljava/lang/String;)Ljava/lang/Class;+3
v  ~StubRoutines::call_stub
j  java.lang.Class.getDeclaredMethods0(Z)[Ljava/lang/reflect/Method;+0
j  java.lang.Class.privateGetDeclaredMethods(Z)[Ljava/lang/reflect/Method;+67
J  org.jvnet.hk2.component.InjectionManager.syncDoInject(Ljava/lang/Object;Lorg/jvnet/hk2/component/Inhabitant;Ljava/lang/Class;[Lcom/sun/hk2/component/InjectionResolver;)V
j  org.jvnet.hk2.component.InjectionManager.inject(Ljava/lang/Object;Lorg/jvnet/hk2/component/Inhabitant;Ljava/util/concurrent/ExecutorService;[Lcom/sun/hk2/component/InjectionResolver;)V+14
j  com.sun.hk2.component.AbstractCreatorImpl.inject(Lorg/jvnet/hk2/component/Habitat;Ljava/lang/Object;Lorg/jvnet/hk2/component/Inhabitant;)V+42
j  com.sun.hk2.component.ConstructorCreator.initialize(Ljava/lang/Object;Lorg/jvnet/hk2/component/Inhabitant;)V+64
j  com.sun.hk2.component.AbstractCreatorImpl.get(Lorg/jvnet/hk2/component/Inhabitant;)Ljava/lang/Object;+34
j  com.sun.hk2.component.SingletonInhabitant.get(Lorg/jvnet/hk2/component/Inhabitant;)Ljava/lang/Object;+37
J  com.sun.hk2.component.AbstractInhabitantImpl.get()Ljava/lang/Object;
j  com.sun.hk2.component.AbstractInhabitantImpl.getByType(Ljava/lang/Class;)Ljava/lang/Object;+1
j  org.jvnet.hk2.component.ContractLocatorImpl.getByType(Ljava/lang/Class;)Ljava/lang/Object;+31
j  com.sun.hk2.component.InjectInjectionResolver$1.call()Ljava/lang/Object;+388
j  com.sun.hk2.component.InjectInjectionResolver.getValue(Ljava/lang/Object;Lorg/jvnet/hk2/component/Inhabitant;Ljava/lang/reflect/AnnotatedElement;Ljava/lang/reflect/Type;Ljava/lang/Class;)Ljava/lang/Object;+69
J  org.jvnet.hk2.component.InjectionManager.syncDoInject(Ljava/lang/Object;Lorg/jvnet/hk2/component/Inhabitant;Ljava/lang/Class;[Lcom/sun/hk2/component/InjectionResolver;)V
j  org.jvnet.hk2.component.InjectionManager.inject(Ljava/lang/Object;Lorg/jvnet/hk2/component/Inhabitant;Ljava/util/concurrent/ExecutorService;[Lcom/sun/hk2/component/InjectionResolver;)V+14
j  com.sun.hk2.component.AbstractCreatorImpl.inject(Lorg/jvnet/hk2/component/Habitat;Ljava/lang/Object;Lorg/jvnet/hk2/component/Inhabitant;)V+42
j  com.sun.hk2.component.ConstructorCreator.initialize(Ljava/lang/Object;Lorg/jvnet/hk2/component/Inhabitant;)V+64
j  com.sun.hk2.component.AbstractCreatorImpl.get(Lorg/jvnet/hk2/component/Inhabitant;)Ljava/lang/Object;+34
j  com.sun.hk2.component.SingletonInhabitant.get(Lorg/jvnet/hk2/component/Inhabitant;)Ljava/lang/Object;+37
J  com.sun.hk2.component.AbstractInhabitantImpl.get()Ljava/lang/Object;
j  com.sun.hk2.component.AbstractInhabitantImpl.getByType(Ljava/lang/Class;)Ljava/lang/Object;+1
j  org.jvnet.hk2.component.ContractLocatorImpl.getByType(Ljava/lang/Class;)Ljava/lang/Object;+31
j  com.sun.hk2.component.InjectInjectionResolver$1.call()Ljava/lang/Object;+388
j  com.sun.hk2.component.InjectInjectionResolver.getValue(Ljava/lang/Object;Lorg/jvnet/hk2/component/Inhabitant;Ljava/lang/reflect/AnnotatedElement;Ljava/lang/reflect/Type;Ljava/lang/Class;)Ljava/lang/Object;+69
J  org.jvnet.hk2.component.InjectionManager.syncDoInject(Ljava/lang/Object;Lorg/jvnet/hk2/component/Inhabitant;Ljava/lang/Class;[Lcom/sun/hk2/component/InjectionResolver;)V
j  org.jvnet.hk2.component.InjectionManager.inject(Ljava/lang/Object;Lorg/jvnet/hk2/component/Inhabitant;Ljava/util/concurrent/ExecutorService;[Lcom/sun/hk2/component/InjectionResolver;)V+14
j  com.sun.hk2.component.AbstractCreatorImpl.inject(Lorg/jvnet/hk2/component/Habitat;Ljava/lang/Object;Lorg/jvnet/hk2/component/Inhabitant;)V+42
j  com.sun.hk2.component.ConstructorCreator.initialize(Ljava/lang/Object;Lorg/jvnet/hk2/component/Inhabitant;)V+64
j  com.sun.hk2.component.AbstractCreatorImpl.get(Lorg/jvnet/hk2/component/Inhabitant;)Ljava/lang/Object;+34
J  com.sun.hk2.component.AbstractInhabitantImpl.get()Ljava/lang/Object;
j  org.jvnet.hk2.component.Habitat.inject(Ljava/lang/Object;)Ljava/lang/Object;+17
j  org.glassfish.jersey.server.ApplicationBuilder.build()Lorg/glassfish/jersey/server/Application;+146
j  br.org.base.server.Server.main([Ljava/lang/String;)V+68
v  ~StubRoutines::call_stub

---------------  P R O C E S S  ---------------

Java Threads: ( => current thread )
  0xb6986000 JavaThread "Service Thread" daemon [_thread_blocked, id=13058, stack(0x9fd8c000,0x9fddd000)]
  0xb6984400 JavaThread "C1 CompilerThread0" daemon [_thread_blocked, id=13057, stack(0x9fddd000,0x9fe5e000)]
  0xa0100800 JavaThread "JDWP Command Reader" daemon [_thread_in_native, id=13055, stack(0x9fe5e000,0x9feaf000)]
  0xb697d400 JavaThread "JDWP Event Helper Thread" daemon [_thread_blocked, id=13054, stack(0x9feaf000,0x9ff00000)]
  0xb697ac00 JavaThread "JDWP Transport Listener: dt_socket" daemon [_thread_blocked, id=13052, stack(0xa000d000,0xa005e000)]
  0xb6970800 JavaThread "Signal Dispatcher" daemon [_thread_blocked, id=13051, stack(0xa005e000,0xa00af000)]
  0xb6961400 JavaThread "Finalizer" daemon [_thread_blocked, id=13050, stack(0xa00af000,0xa0100000)]
  0xb695ec00 JavaThread "Reference Handler" daemon [_thread_blocked, id=13049, stack(0xa0233000,0xa0284000)]
=>0xb690d000 JavaThread "main" [_thread_in_vm, id=13047, stack(0xb6adf000,0xb6b30000)]

Other Threads:
  0xb695d000 VMThread [stack: 0xa0284000,0xa0305000] [id=13048]
  0xb6988800 WatcherThread [stack: 0x9fd0b000,0x9fd8c000] [id=13059]

VM state:not at safepoint (normal execution)

VM Mutex/Monitor currently owned by a thread: None

Heap
 def new generation   total 4928K, used 1164K [0xa0680000, 0xa0bd0000, 0xa5bd0000)
  eden space 4416K,  14% used [0xa0680000, 0xa0723060, 0xa0ad0000)
  from space 512K,  99% used [0xa0ad0000, 0xa0b4ffb8, 0xa0b50000)
  to   space 512K,   0% used [0xa0b50000, 0xa0b50000, 0xa0bd0000)
 tenured generation   total 10944K, used 2367K [0xa5bd0000, 0xa6680000, 0xb0680000)
   the space 10944K,  21% used [0xa5bd0000, 0xa5e1ff18, 0xa5e20000, 0xa6680000)
 compacting perm gen  total 12288K, used 4329K [0xb0680000, 0xb1280000, 0xb4680000)
   the space 12288K,  35% used [0xb0680000, 0xb0aba4f8, 0xb0aba600, 0xb1280000)
No shared spaces configured.

Card table byte_map: [0xa05df000,0xa0680000] byte_map_base: 0xa00dbc00

Polling page: 0xb7730000

Code Cache  [0xb4700000, 0xb4800000, 0xb6700000)
 total_blobs=446 nmethods=318 adapters=73 free_code_cache=31746Kb largest_free_block=32508160

Compilation events (10 events):
Event: 2,491 Thread 0xb6984400  315             java.lang.reflect.Method::<init> (68 bytes)
Event: 2,492 Thread 0xb6984400 nmethod 315 0xb47fdc88 code [0xb47fdd80, 0xb47fdeb0]
Event: 2,511 Thread 0xb6984400  316   !         java.util.logging.Logger::removeChildLogger (65 bytes)
Event: 2,512 Thread 0xb6984400 nmethod 316 0xb47fdf08 code [0xb47fe060, 0xb47fe3d8]
Event: 2,515 Thread 0xb6984400  317   !         java.util.zip.Inflater::ended (32 bytes)
Event: 2,515 Thread 0xb6984400 nmethod 317 0xb47fe6c8 code [0xb47fe7f0, 0xb47fea20]
Event: 2,527 Thread 0xb6984400  318             java.lang.reflect.Method::getParameterTypes (14 bytes)
Event: 2,528 Thread 0xb6984400 nmethod 318 0xb47feb48 code [0xb47fec50, 0xb47fed1c]
Event: 2,531 Thread 0xb6984400  319             java.lang.Class::getClassLoader (28 bytes)
Event: 2,532 Thread 0xb6984400 nmethod 319 0xb47ff048 code [0xb47ff190, 0xb47ff3d0]

GC Heap History (10 events):
Event: 1,555 GC heap before
{Heap before GC invocations=1 (full 0):
 def new generation   total 4928K, used 4928K [0xa0680000, 0xa0bd0000, 0xa5bd0000)
  eden space 4416K, 100% used [0xa0680000, 0xa0ad0000, 0xa0ad0000)
  from space 512K, 100% used [0xa0b50000, 0xa0bd0000, 0xa0bd0000)
  to   space 512K,   0% used [0xa0ad0000, 0xa0ad0000, 0xa0b50000)
 tenured generation   total 10944K, used 581K [0xa5bd0000, 0xa6680000, 0xb0680000)
   the space 10944K,   5% used [0xa5bd0000, 0xa5c61740, 0xa5c61800, 0xa6680000)
 compacting perm gen  total 12288K, used 2885K [0xb0680000, 0xb1280000, 0xb4680000)
   the space 12288K,  23% used [0xb0680000, 0xb0951598, 0xb0951600, 0xb1280000)
No shared spaces configured.
Event: 1,564 GC heap after
Heap after GC invocations=2 (full 0):
 def new generation   total 4928K, used 511K [0xa0680000, 0xa0bd0000, 0xa5bd0000)
  eden space 4416K,   0% used [0xa0680000, 0xa0680000, 0xa0ad0000)
  from space 512K,  99% used [0xa0ad0000, 0xa0b4fff8, 0xa0b50000)
  to   space 512K,   0% used [0xa0b50000, 0xa0b50000, 0xa0bd0000)
 tenured generation   total 10944K, used 1283K [0xa5bd0000, 0xa6680000, 0xb0680000)
   the space 10944K,  11% used [0xa5bd0000, 0xa5d10fa8, 0xa5d11000, 0xa6680000)
 compacting perm gen  total 12288K, used 2885K [0xb0680000, 0xb1280000, 0xb4680000)
   the space 12288K,  23% used [0xb0680000, 0xb0951598, 0xb0951600, 0xb1280000)
No shared spaces configured.
}
Event: 1,705 GC heap before
{Heap before GC invocations=2 (full 0):
 def new generation   total 4928K, used 4927K [0xa0680000, 0xa0bd0000, 0xa5bd0000)
  eden space 4416K, 100% used [0xa0680000, 0xa0ad0000, 0xa0ad0000)
  from space 512K,  99% used [0xa0ad0000, 0xa0b4fff8, 0xa0b50000)
  to   space 512K,   0% used [0xa0b50000, 0xa0b50000, 0xa0bd0000)
 tenured generation   total 10944K, used 1283K [0xa5bd0000, 0xa6680000, 0xb0680000)
   the space 10944K,  11% used [0xa5bd0000, 0xa5d10fa8, 0xa5d11000, 0xa6680000)
 compacting perm gen  total 12288K, used 3311K [0xb0680000, 0xb1280000, 0xb4680000)
   the space 12288K,  26% used [0xb0680000, 0xb09bbdf0, 0xb09bbe00, 0xb1280000)
No shared spaces configured.
Event: 1,712 GC heap after
Heap after GC invocations=3 (full 0):
 def new generation   total 4928K, used 512K [0xa0680000, 0xa0bd0000, 0xa5bd0000)
  eden space 4416K,   0% used [0xa0680000, 0xa0680000, 0xa0ad0000)
  from space 512K, 100% used [0xa0b50000, 0xa0bd0000, 0xa0bd0000)
  to   space 512K,   0% used [0xa0ad0000, 0xa0ad0000, 0xa0b50000)
 tenured generation   total 10944K, used 1475K [0xa5bd0000, 0xa6680000, 0xb0680000)
   the space 10944K,  13% used [0xa5bd0000, 0xa5d40f68, 0xa5d41000, 0xa6680000)
 compacting perm gen  total 12288K, used 3311K [0xb0680000, 0xb1280000, 0xb4680000)
   the space 12288K,  26% used [0xb0680000, 0xb09bbdf0, 0xb09bbe00, 0xb1280000)
No shared spaces configured.
}
Event: 2,030 GC heap before
{Heap before GC invocations=3 (full 0):
 def new generation   total 4928K, used 4928K [0xa0680000, 0xa0bd0000, 0xa5bd0000)
  eden space 4416K, 100% used [0xa0680000, 0xa0ad0000, 0xa0ad0000)
  from space 512K, 100% used [0xa0b50000, 0xa0bd0000, 0xa0bd0000)
  to   space 512K,   0% used [0xa0ad0000, 0xa0ad0000, 0xa0b50000)
 tenured generation   total 10944K, used 1475K [0xa5bd0000, 0xa6680000, 0xb0680000)
   the space 10944K,  13% used [0xa5bd0000, 0xa5d40f68, 0xa5d41000, 0xa6680000)
 compacting perm gen  total 12288K, used 3658K [0xb0680000, 0xb1280000, 0xb4680000)
   the space 12288K,  29% used [0xb0680000, 0xb0a12870, 0xb0a12a00, 0xb1280000)
No shared spaces configured.
Event: 2,035 GC heap after
Heap after GC invocations=4 (full 0):
 def new generation   total 4928K, used 512K [0xa0680000, 0xa0bd0000, 0xa5bd0000)
  eden space 4416K,   0% used [0xa0680000, 0xa0680000, 0xa0ad0000)
  from space 512K, 100% used [0xa0ad0000, 0xa0b50000, 0xa0b50000)
  to   space 512K,   0% used [0xa0b50000, 0xa0b50000, 0xa0bd0000)
 tenured generation   total 10944K, used 1639K [0xa5bd0000, 0xa6680000, 0xb0680000)
   the space 10944K,  14% used [0xa5bd0000, 0xa5d69d28, 0xa5d69e00, 0xa6680000)
 compacting perm gen  total 12288K, used 3658K [0xb0680000, 0xb1280000, 0xb4680000)
   the space 12288K,  29% used [0xb0680000, 0xb0a12870, 0xb0a12a00, 0xb1280000)
No shared spaces configured.
}
Event: 2,269 GC heap before
{Heap before GC invocations=4 (full 0):
 def new generation   total 4928K, used 4928K [0xa0680000, 0xa0bd0000, 0xa5bd0000)
  eden space 4416K, 100% used [0xa0680000, 0xa0ad0000, 0xa0ad0000)
  from space 512K, 100% used [0xa0ad0000, 0xa0b50000, 0xa0b50000)
  to   space 512K,   0% used [0xa0b50000, 0xa0b50000, 0xa0bd0000)
 tenured generation   total 10944K, used 1639K [0xa5bd0000, 0xa6680000, 0xb0680000)
   the space 10944K,  14% used [0xa5bd0000, 0xa5d69d28, 0xa5d69e00, 0xa6680000)
 compacting perm gen  total 12288K, used 3962K [0xb0680000, 0xb1280000, 0xb4680000)
   the space 12288K,  32% used [0xb0680000, 0xb0a5ebd0, 0xb0a5ec00, 0xb1280000)
No shared spaces configured.
Event: 2,275 GC heap after
Heap after GC invocations=5 (full 0):
 def new generation   total 4928K, used 512K [0xa0680000, 0xa0bd0000, 0xa5bd0000)
  eden space 4416K,   0% used [0xa0680000, 0xa0680000, 0xa0ad0000)
  from space 512K, 100% used [0xa0b50000, 0xa0bd0000, 0xa0bd0000)
  to   space 512K,   0% used [0xa0ad0000, 0xa0ad0000, 0xa0b50000)
 tenured generation   total 10944K, used 1947K [0xa5bd0000, 0xa6680000, 0xb0680000)
   the space 10944K,  17% used [0xa5bd0000, 0xa5db6ca8, 0xa5db6e00, 0xa6680000)
 compacting perm gen  total 12288K, used 3962K [0xb0680000, 0xb1280000, 0xb4680000)
   the space 12288K,  32% used [0xb0680000, 0xb0a5ebd0, 0xb0a5ec00, 0xb1280000)
No shared spaces configured.
}
Event: 2,499 GC heap before
{Heap before GC invocations=5 (full 0):
 def new generation   total 4928K, used 4928K [0xa0680000, 0xa0bd0000, 0xa5bd0000)
  eden space 4416K, 100% used [0xa0680000, 0xa0ad0000, 0xa0ad0000)
  from space 512K, 100% used [0xa0b50000, 0xa0bd0000, 0xa0bd0000)
  to   space 512K,   0% used [0xa0ad0000, 0xa0ad0000, 0xa0b50000)
 tenured generation   total 10944K, used 1947K [0xa5bd0000, 0xa6680000, 0xb0680000)
   the space 10944K,  17% used [0xa5bd0000, 0xa5db6ca8, 0xa5db6e00, 0xa6680000)
 compacting perm gen  total 12288K, used 4293K [0xb0680000, 0xb1280000, 0xb4680000)
   the space 12288K,  34% used [0xb0680000, 0xb0ab1428, 0xb0ab1600, 0xb1280000)
No shared spaces configured.
Event: 2,507 GC heap after
Heap after GC invocations=6 (full 0):
 def new generation   total 4928K, used 511K [0xa0680000, 0xa0bd0000, 0xa5bd0000)
  eden space 4416K,   0% used [0xa0680000, 0xa0680000, 0xa0ad0000)
  from space 512K,  99% used [0xa0ad0000, 0xa0b4ffb8, 0xa0b50000)
  to   space 512K,   0% used [0xa0b50000, 0xa0b50000, 0xa0bd0000)
 tenured generation   total 10944K, used 2367K [0xa5bd0000, 0xa6680000, 0xb0680000)
   the space 10944K,  21% used [0xa5bd0000, 0xa5e1ff18, 0xa5e20000, 0xa6680000)
 compacting perm gen  total 12288K, used 4293K [0xb0680000, 0xb1280000, 0xb4680000)
   the space 12288K,  34% used [0xb0680000, 0xb0ab1428, 0xb0ab1600, 0xb1280000)
No shared spaces configured.
}

Deoptimization events (0 events):
No events

Internal exceptions (10 events):
Event: 2,518 Thread 0xb690d000 Threw 0xa06a0008 at /HUDSON/workspace/jdk7u40-2-build-linux-i586-product/jdk7u40/hotspot/src/share/vm/prims/jvm.cpp:1244
Event: 2,520 Thread 0xb690d000 Threw 0xa06b7370 at /HUDSON/workspace/jdk7u40-2-build-linux-i586-product/jdk7u40/hotspot/src/share/vm/prims/jvm.cpp:1244
Event: 2,521 Thread 0xb690d000 Threw 0xa06c0e98 at /HUDSON/workspace/jdk7u40-2-build-linux-i586-product/jdk7u40/hotspot/src/share/vm/prims/jvm.cpp:1244
Event: 2,522 Thread 0xb690d000 Threw 0xa06c9bd0 at /HUDSON/workspace/jdk7u40-2-build-linux-i586-product/jdk7u40/hotspot/src/share/vm/prims/jvm.cpp:1244
Event: 2,523 Thread 0xb690d000 Threw 0xa06d2eb0 at /HUDSON/workspace/jdk7u40-2-build-linux-i586-product/jdk7u40/hotspot/src/share/vm/prims/jvm.cpp:1244
Event: 2,524 Thread 0xb690d000 Threw 0xa06d8e70 at /HUDSON/workspace/jdk7u40-2-build-linux-i586-product/jdk7u40/hotspot/src/share/vm/prims/jvm.cpp:1244
Event: 2,526 Thread 0xb690d000 Threw 0xa06e1d80 at /HUDSON/workspace/jdk7u40-2-build-linux-i586-product/jdk7u40/hotspot/src/share/vm/prims/jvm.cpp:1244
Event: 2,528 Thread 0xb690d000 Threw 0xa06f2558 at /HUDSON/workspace/jdk7u40-2-build-linux-i586-product/jdk7u40/hotspot/src/share/vm/prims/jvm.cpp:1244
Event: 2,530 Thread 0xb690d000 Threw 0xa06fd838 at /HUDSON/workspace/jdk7u40-2-build-linux-i586-product/jdk7u40/hotspot/src/share/vm/runtime/sharedRuntime.cpp:591
Event: 2,533 Thread 0xb690d000 Threw 0xa07129c0 at /HUDSON/workspace/jdk7u40-2-build-linux-i586-product/jdk7u40/hotspot/src/share/vm/prims/jvm.cpp:1244

Events (10 events):
Event: 2,528 loading class 0x9f7107a0
Event: 2,528 loading class 0x9f7107a0 done
Event: 2,528 Thread 0xb690d000 DEOPT PACKING pc=0xb47e932c sp=0xb6b2dca0
Event: 2,528 Thread 0xb690d000 DEOPT UNPACKING pc=0xb472e137 sp=0xb6b2dbd0 mode 1
Event: 2,528 Thread 0xb690d000 DEOPT PACKING pc=0xb47e9290 sp=0xb6b2dd90
Event: 2,528 Thread 0xb690d000 DEOPT UNPACKING pc=0xb472e137 sp=0xb6b2dccc mode 1
Event: 2,530 Thread 0xb690d000 DEOPT PACKING pc=0xb47c8bd2 sp=0xb6b2e2e0
Event: 2,530 Thread 0xb690d000 DEOPT UNPACKING pc=0xb472e137 sp=0xb6b2e16c mode 1
Event: 2,533 loading class 0x9f9d1e10
Event: 2,533 loading class 0x9f9d1e10 done


Dynamic libraries:
08048000-08049000 r-xp 00000000 08:04 1717000    /usr/local/java/jdk1.7.0_40/bin/java
08049000-0804a000 rw-p 00000000 08:04 1717000    /usr/local/java/jdk1.7.0_40/bin/java
0840e000-0842f000 rw-p 00000000 00:00 0          [heap]
9f500000-9f582000 rw-p 00000000 00:00 0 
9f582000-9f600000 ---p 00000000 00:00 0 
9f700000-9f800000 rw-p 00000000 00:00 0 
9f818000-9f900000 rw-p 00000000 00:00 0 
9f900000-9fa00000 rw-p 00000000 00:00 0 
9fa6a000-9fa6d000 rw-p 00000000 00:00 0 
9fa6d000-9fa6f000 r--s 00013000 08:04 1976990    /home/guilherme/idea-IU-129.713/lib/idea_rt.jar
9fa6f000-9fa72000 r--s 0001a000 08:04 5643337    /home/guilherme/.m2/repository/com/jcraft/jsch/0.1.23/jsch-0.1.23.jar
9fa72000-9fa74000 r--s 00007000 08:04 5643375    /home/guilherme/.m2/repository/org/apache/maven/wagon/wagon-ssh/1.0-alpha-5/wagon-ssh-1.0-alpha-5.jar
9fa74000-9fa75000 r--s 00001000 08:04 5645070    /home/guilherme/.m2/repository/org/apache/maven/maven-monitor/2.0/maven-monitor-2.0.jar
9fa75000-9fa77000 r--s 00002000 08:04 5380014    /home/guilherme/.m2/repository/org/codehaus/plexus/plexus-interactivity-api/1.0-alpha-4/plexus-interactivity-api-1.0-alpha-4.jar
9fa77000-9fa79000 r--s 00007000 08:04 5645055    /home/guilherme/.m2/repository/org/apache/maven/maven-plugin-descriptor/2.0/maven-plugin-descriptor-2.0.jar
9fa79000-9fa7b000 r--s 00006000 08:04 5380013    /home/guilherme/.m2/repository/commons-cli/commons-cli/1.0/commons-cli-1.0.jar
9fa7b000-9fa7d000 r--s 00005000 08:04 5645038    /home/guilherme/.m2/repository/org/apache/maven/maven-plugin-registry/2.0/maven-plugin-registry-2.0.jar
9fa7d000-9fa7e000 r--s 00002000 08:04 5645035    /home/guilherme/.m2/repository/org/apache/maven/maven-error-diagnostics/2.0/maven-error-diagnostics-2.0.jar
9fa7e000-9fa80000 r--s 00000000 08:04 5643353    /home/guilherme/.m2/repository/doxia/doxia-sink-api/1.0-alpha-4/doxia-sink-api-1.0-alpha-4.jar
9fa80000-9fa81000 r--s 00001000 08:04 5643339    /home/guilherme/.m2/repository/org/apache/maven/reporting/maven-reporting-api/2.0/maven-reporting-api-2.0.jar
9fa81000-9fa82000 r--s 00001000 08:04 5643369    /home/guilherme/.m2/repository/org/apache/maven/wagon/wagon-http-lightweight/1.0-alpha-5/wagon-http-lightweight-1.0-alpha-5.jar
9fa82000-9fa84000 r--s 00003000 08:04 5645032    /home/guilherme/.m2/repository/org/apache/maven/maven-plugin-parameter-documenter/2.0/maven-plugin-parameter-documenter-2.0.jar
9fa84000-9fa85000 r--s 00001000 08:04 5643349    /home/guilherme/.m2/repository/org/apache/maven/wagon/wagon-file/1.0-alpha-5/wagon-file-1.0-alpha-5.jar
9fa85000-9fa89000 r--s 0001e000 08:04 5643386    /home/guilherme/.m2/repository/org/apache/maven/maven-core/2.0/maven-core-2.0.jar
9fa89000-9fa8a000 r--s 00007000 08:04 5643376    /home/guilherme/.m2/repository/org/apache/maven/shared/maven-plugin-testing-harness/1.1/maven-plugin-testing-harness-1.1.jar
9fa8a000-9fa8c000 r--s 00005000 08:04 5769033    /home/guilherme/.m2/repository/org/apache/maven/shared/maven-common-artifact-filters/1.0/maven-common-artifact-filters-1.0.jar
9fa8c000-9fa8d000 r--s 00005000 08:04 5643351    /home/guilherme/.m2/repository/org/apache/maven/shared/maven-repository-builder/1.0-alpha-2/maven-repository-builder-1.0-alpha-2.jar
9fa8d000-9fa8f000 r--s 00008000 08:04 4603583    /home/guilherme/.m2/repository/classworlds/classworlds/1.1-alpha-2/classworlds-1.1-alpha-2.jar
9fa8f000-9fa90000 r--s 00002000 08:04 4602128    /home/guilherme/.m2/repository/org/apache/maven/maven-archiver/2.2/maven-archiver-2.2.jar
9fa90000-9fa92000 r--s 00006000 08:04 5515098    /home/guilherme/.m2/repository/org/apache/maven/maven-profile/2.0.4/maven-profile-2.0.4.jar
9fa92000-9fa94000 r--s 00012000 08:04 5381163    /home/guilherme/.m2/repository/org/apache/maven/maven-model/2.0.4/maven-model-2.0.4.jar
9fa94000-9fa96000 r--s 00009000 08:04 5252442    /home/guilherme/.m2/repository/org/apache/maven/maven-settings/2.0.4/maven-settings-2.0.4.jar
9fa96000-9fa99000 r--s 00018000 08:04 5252407    /home/guilherme/.m2/repository/org/apache/maven/maven-project/2.0.4/maven-project-2.0.4.jar
9fa99000-9fa9b000 r--s 00004000 08:04 4729740    /home/guilherme/.m2/repository/org/codehaus/plexus/plexus-active-collections/1.0-beta-2/plexus-active-collections-1.0-beta-2.jar
9fa9b000-9fa9d000 r--s 00009000 08:04 5381154    /home/guilherme/.m2/repository/org/apache/maven/wagon/wagon-provider-api/1.0-alpha-6/wagon-provider-api-1.0-alpha-6.jar
9fa9d000-9fa9e000 r--s 00004000 08:04 4729737    /home/guilherme/.m2/repository/org/apache/maven/maven-repository-metadata/2.0.2/maven-repository-metadata-2.0.2.jar
9fa9e000-9faa1000 r--s 0000a000 08:04 5381157    /home/guilherme/.m2/repository/org/apache/maven/maven-artifact-manager/2.0.2/maven-artifact-manager-2.0.2.jar
9faa1000-9faa4000 r--s 00011000 08:04 5643355    /home/guilherme/.m2/repository/org/apache/maven/maven-artifact/2.0.4/maven-artifact-2.0.4.jar
9faa4000-9faa6000 r--s 00008000 08:04 5250126    /home/guilherme/.m2/repository/org/apache/maven/shared/maven-shared-io/1.1/maven-shared-io-1.1.jar
9faa6000-9faa8000 r--s 00001000 08:04 4339221    /home/guilherme/.m2/repository/org/apache/maven/maven-plugin-api/2.0.4/maven-plugin-api-2.0.4.jar
9faa8000-9faaa000 r--s 00006000 08:04 4993795    /home/guilherme/.m2/repository/org/apache/maven/shared/file-management/1.1/file-management-1.1.jar
9faaa000-9faac000 r--s 00006000 08:04 5381160    /home/guilherme/.m2/repository/org/codehaus/plexus/plexus-io/1.0-alpha-2/plexus-io-1.0-alpha-2.jar
9faac000-9faaf000 r--s 0001b000 08:04 4982890    /home/guilherme/.m2/repository/junit/junit/3.8.1/junit-3.8.1.jar
9faaf000-9fab6000 r--s 00029000 08:04 4603586    /home/guilherme/.m2/repository/org/codehaus/plexus/plexus-container-default/1.0-alpha-9-stable-1/plexus-container-default-1.0-alpha-9-stable-1.jar
9fab6000-9faba000 r--s 00030000 08:04 5769029    /home/guilherme/.m2/repository/org/codehaus/plexus/plexus-utils/1.5.1/plexus-utils-1.5.1.jar
9faba000-9fabe000 r--s 00027000 08:04 4472124    /home/guilherme/.m2/repository/org/codehaus/plexus/plexus-archiver/1.0-alpha-10/plexus-archiver-1.0-alpha-10.jar
9fabe000-9fac3000 r--s 00018000 08:04 4339220    /home/guilherme/.m2/repository/aspectj/aspectjrt/1.5.3/aspectjrt-1.5.3.jar
9fac3000-9fac7000 r--s 0002b000 08:04 4338688    /home/guilherme/.m2/repository/org/apache/maven/plugins/maven-assembly-plugin/2.2-beta-2/maven-assembly-plugin-2.2-beta-2.jar
9fac7000-9fac9000 r--s 0000a000 08:04 5642959    /home/guilherme/.m2/repository/javax/ws/rs/jsr311-api/1.1.1/jsr311-api-1.1.1.jar
9fac9000-9facb000 r--s 0000a000 08:04 4723826    /home/guilherme/.m2/repository/commons-codec/commons-codec/1.3/commons-codec-1.3.jar
9facb000-9fad0000 r--s 00025000 08:04 4208682    /home/guilherme/.m2/repository/org/apache/httpcomponents/httpcore/4.0-beta1/httpcore-4.0-beta1.jar
9fad0000-9fad7000 r--s 00036000 08:04 4208679    /home/guilherme/.m2/repository/org/apache/httpcomponents/httpclient/4.0-alpha4/httpclient-4.0-alpha4.jar
9fad7000-9fada000 r--s 0000b000 08:04 4196718    /home/guilherme/.m2/repository/javax/persistence/persistence-api/1.0.2/persistence-api-1.0.2.jar
9fada000-9fadf000 r--s 00043000 08:04 4196674    /home/guilherme/.m2/repository/org/mongodb/mongo-java-driver/2.7.2/mongo-java-driver-2.7.2.jar
9fadf000-9faed000 r--s 000ad000 08:04 4196762    /home/guilherme/.m2/repository/org/codehaus/jackson/jackson-mapper-asl/1.9.2/jackson-mapper-asl-1.9.2.jar
9faed000-9fb00000 r--s 000c7000 08:04 4196686    /home/guilherme/.m2/repository/com/sun/xml/bind/jaxb-impl/2.2.3-1/jaxb-impl-2.2.3-1.jar
9fb00000-9fbff000 rw-p 00000000 00:00 0 
9fbff000-9fc00000 ---p 00000000 00:00 0 
9fc00000-9fc02000 r--s 0000d000 08:04 5778757    /home/guilherme/.m2/repository/commons-logging/commons-logging/1.1.1/commons-logging-1.1.1.jar
9fc02000-9fc04000 r--s 0000c000 08:04 4196713    /home/guilherme/.m2/repository/de/undercouch/bson4jackson/1.3.0/bson4jackson-1.3.0.jar
9fc04000-9fc07000 r--s 00014000 08:04 4196701    /home/guilherme/.m2/repository/net/vz/mongodb/jackson/mongo-jackson-mapper/1.4.1/mongo-jackson-mapper-1.4.1.jar
9fc07000-9fc08000 r--s 00006000 08:04 4196782    /home/guilherme/.m2/repository/org/codehaus/jackson/jackson-xc/1.9.2/jackson-xc-1.9.2.jar
9fc08000-9fc09000 r--s 00004000 08:04 4196773    /home/guilherme/.m2/repository/org/codehaus/jackson/jackson-jaxrs/1.9.2/jackson-jaxrs-1.9.2.jar
9fc09000-9fc0d000 r--s 00034000 08:04 4196724    /home/guilherme/.m2/repository/org/codehaus/jackson/jackson-core-asl/1.9.2/jackson-core-asl-1.9.2.jar
9fc0d000-9fc0f000 r--s 00004000 08:04 4196725    /home/guilherme/.m2/repository/javax/xml/stream/stax-api/1.0-2/stax-api-1.0-2.jar
9fc0f000-9fc12000 r--s 00017000 08:04 4196709    /home/guilherme/.m2/repository/javax/xml/bind/jaxb-api/2.2.2/jaxb-api-2.2.2.jar
9fc12000-9fc14000 r--s 0000f000 08:04 4196720    /home/guilherme/.m2/repository/org/codehaus/jettison/jettison/1.1/jettison-1.1.jar
9fc14000-9fc18000 r--s 00020000 08:04 4196675    /home/guilherme/.m2/repository/org/glassfish/jersey/media/jersey-media-json/2.0-m02/jersey-media-json-2.0-m02.jar
9fc18000-9fc21000 r--s 00042000 08:04 4196752    /home/guilherme/.m2/repository/org/glassfish/jersey/core/jersey-server/2.0-m02/jersey-server-2.0-m02.jar
9fc21000-9fc23000 r--s 00003000 08:04 4196733    /home/guilherme/.m2/repository/org/jvnet/tiger-types/1.4/tiger-types-1.4.jar
9fc23000-9fc28000 r--s 00047000 08:04 4196757    /home/guilherme/.m2/repository/org/glassfish/hk2/external/asm-all-repackaged/1.6.32/asm-all-repackaged-1.6.32.jar
9fc28000-9fc29000 r--s 00001000 08:04 4196691    /home/guilherme/.m2/repository/org/glassfish/hk2/external/javax.inject/1.6.32/javax.inject-1.6.32.jar
9fc29000-9fc30000 r--s 0004a000 08:04 4196753    /home/guilherme/.m2/repository/org/glassfish/hk2/auto-depends/1.6.32/auto-depends-1.6.32.jar
9fc30000-9fc32000 r--s 00006000 08:04 4196679    /home/guilherme/.m2/repository/org/glassfish/hk2/hk2-api/1.6.32/hk2-api-1.6.32.jar
9fc32000-9fc35000 r--s 00006000 08:04 4196737    /home/guilherme/.m2/repository/com/google/code/findbugs/jsr305/1.3.9/jsr305-1.3.9.jar
9fc35000-9fc55000 r--s 00173000 08:04 4196682    /home/guilherme/.m2/repository/com/google/guava/guava/11.0.1/guava-11.0.1.jar
9fc55000-9fc5b000 r--s 00059000 08:04 4196731    /home/guilherme/.m2/repository/javax/mail/mail/1.4/mail-1.4.jar
9fc5b000-9fc5e000 r--s 00012000 08:04 4196681    /home/guilherme/.m2/repository/javax/ws/rs/javax.ws.rs-api/2.0-m03/javax.ws.rs-api-2.0-m03.jar
9fc5e000-9fc69000 r--s 0006c000 08:04 4196687    /home/guilherme/.m2/repository/org/glassfish/jersey/core/jersey-common/2.0-m02/jersey-common-2.0-m02.jar
9fc69000-9fc77000 r--s 000a6000 08:04 4196758    /home/guilherme/.m2/repository/org/glassfish/grizzly/grizzly-framework/2.2.4/grizzly-framework-2.2.4.jar
9fc77000-9fc7c000 r--s 0003b000 08:04 4196742    /home/guilherme/.m2/repository/org/glassfish/grizzly/grizzly-http/2.2.4/grizzly-http-2.2.4.jar
9fc7c000-9fd0b000 r--s 00dda000 08:04 1717647    /usr/local/java/jdk1.7.0_40/jre/lib/jfxrt.jar
9fd0b000-9fd0c000 ---p 00000000 00:00 0 
9fd0c000-9fd8c000 rw-p 00000000 00:00 0          [stack:13059]
9fd8c000-9fd8f000 ---p 00000000 00:00 0 
9fd8f000-9fddd000 rw-p 00000000 00:00 0          [stack:13058]
9fddd000-9fde0000 ---p 00000000 00:00 0 
9fde0000-9fe5e000 rw-p 00000000 00:00 0          [stack:13057]
9fe5e000-9fe61000 ---p 00000000 00:00 0 
9fe61000-9feaf000 rw-p 00000000 00:00 0          [stack:13055]
9feaf000-9feb2000 ---p 00000000 00:00 0 
9feb2000-9ff00000 rw-p 00000000 00:00 0          [stack:13054]
9ff00000-9ffcc000 rw-p 00000000 00:00 0 
9ffcc000-a0000000 ---p 00000000 00:00 0 
a0000000-a0002000 r--s 0000e000 08:04 4196702    /home/guilherme/.m2/repository/javax/activation/activation/1.1/activation-1.1.jar
a0002000-a0004000 r--s 00002000 08:04 4196697    /home/guilherme/.m2/repository/org/glassfish/jersey/containers/jersey-container-grizzly2-http/2.0-m02/jersey-container-grizzly2-http-2.0-m02.jar
a0004000-a000d000 r--s 000d3000 08:04 1717586    /usr/local/java/jdk1.7.0_40/jre/lib/javaws.jar
a000d000-a0010000 ---p 00000000 00:00 0 
a0010000-a005e000 rw-p 00000000 00:00 0          [stack:13052]
a005e000-a0061000 ---p 00000000 00:00 0 
a0061000-a00af000 rw-p 00000000 00:00 0          [stack:13051]
a00af000-a00b2000 ---p 00000000 00:00 0 
a00b2000-a0100000 rw-p 00000000 00:00 0          [stack:13050]
a0100000-a0121000 rw-p 00000000 00:00 0 
a0121000-a0200000 ---p 00000000 00:00 0 
a0200000-a0201000 r--s 00004000 08:04 4196756    /home/guilherme/.m2/repository/org/glassfish/hk2/osgi-resource-locator/1.0.1/osgi-resource-locator-1.0.1.jar
a0201000-a0202000 r--s 00001000 08:04 4196767    /home/guilherme/.m2/repository/org/glassfish/grizzly/grizzly-rcm/2.2.4/grizzly-rcm-2.2.4.jar
a0202000-a0204000 r--s 00009000 08:04 4196698    /home/guilherme/.m2/repository/org/glassfish/external/management-api/3.0.0-b012/management-api-3.0.0-b012.jar
a0204000-a0208000 r--s 00030000 08:04 4196693    /home/guilherme/.m2/repository/org/glassfish/grizzly/grizzly-http-server/2.2.4/grizzly-http-server-2.2.4.jar
a0208000-a021b000 r--s 001a5000 08:04 1717649    /usr/local/java/jdk1.7.0_40/jre/lib/plugin.jar
a021b000-a0233000 r--s 00406000 08:04 1717648    /usr/local/java/jdk1.7.0_40/jre/lib/deploy.jar
a0233000-a0236000 ---p 00000000 00:00 0 
a0236000-a0284000 rw-p 00000000 00:00 0          [stack:13049]
a0284000-a0285000 ---p 00000000 00:00 0 
a0285000-a0350000 rw-p 00000000 00:00 0          [stack:13048]
a0350000-a050d000 r--s 039d3000 08:04 1717013    /usr/local/java/jdk1.7.0_40/jre/lib/rt.jar
a050d000-a056f000 rw-p 00000000 00:00 0 
a056f000-a0589000 rw-p 00000000 00:00 0 
a0589000-a058f000 rw-p 00000000 00:00 0 
a058f000-a05df000 rw-p 00000000 00:00 0 
a05df000-a05e2000 rw-p 00000000 00:00 0 
a05e2000-a0609000 rw-p 00000000 00:00 0 
a0609000-a060f000 rw-p 00000000 00:00 0 
a060f000-a065f000 rw-p 00000000 00:00 0 
a065f000-a0665000 rw-p 00000000 00:00 0 
a0665000-a067f000 rw-p 00000000 00:00 0 
a067f000-a0bd0000 rw-p 00000000 00:00 0 
a0bd0000-a5bd0000 rw-p 00000000 00:00 0 
a5bd0000-a6680000 rw-p 00000000 00:00 0 
a6680000-b0680000 rw-p 00000000 00:00 0 
b0680000-b1280000 rw-p 00000000 00:00 0 
b1280000-b4680000 rw-p 00000000 00:00 0 
b4680000-b4684000 rw-p 00000000 00:00 0 
b4684000-b4700000 rw-p 00000000 00:00 0 
b4700000-b4800000 rwxp 00000000 00:00 0 
b4800000-b6700000 rw-p 00000000 00:00 0 
b6700000-b6900000 r--p 00000000 08:04 1449933    /usr/lib/locale/locale-archive
b6900000-b69ff000 rw-p 00000000 00:00 0 
b69ff000-b6a00000 ---p 00000000 00:00 0 
b6a00000-b6a04000 r--s 0008a000 08:04 1717584    /usr/local/java/jdk1.7.0_40/jre/lib/jsse.jar
b6a04000-b6a0e000 r--s 00371000 08:04 1717754    /usr/local/java/jdk1.7.0_40/jre/lib/charsets.jar
b6a0e000-b6a25000 r-xp 00000000 08:04 1717575    /usr/local/java/jdk1.7.0_40/jre/lib/i386/libzip.so
b6a25000-b6a26000 rw-p 00017000 08:04 1717575    /usr/local/java/jdk1.7.0_40/jre/lib/i386/libzip.so
b6a26000-b6a31000 r-xp 00000000 08:04 2492817    /lib/i386-linux-gnu/libnss_files-2.17.so
b6a31000-b6a32000 r--p 0000a000 08:04 2492817    /lib/i386-linux-gnu/libnss_files-2.17.so
b6a32000-b6a33000 rw-p 0000b000 08:04 2492817    /lib/i386-linux-gnu/libnss_files-2.17.so
b6a33000-b6a3d000 r-xp 00000000 08:04 2492828    /lib/i386-linux-gnu/libnss_nis-2.17.so
b6a3d000-b6a3e000 r--p 00009000 08:04 2492828    /lib/i386-linux-gnu/libnss_nis-2.17.so
b6a3e000-b6a3f000 rw-p 0000a000 08:04 2492828    /lib/i386-linux-gnu/libnss_nis-2.17.so
b6a3f000-b6a54000 r-xp 00000000 08:04 2492814    /lib/i386-linux-gnu/libnsl-2.17.so
b6a54000-b6a55000 r--p 00014000 08:04 2492814    /lib/i386-linux-gnu/libnsl-2.17.so
b6a55000-b6a56000 rw-p 00015000 08:04 2492814    /lib/i386-linux-gnu/libnsl-2.17.so
b6a56000-b6a58000 rw-p 00000000 00:00 0 
b6a58000-b6a5f000 r-xp 00000000 08:04 2492818    /lib/i386-linux-gnu/libnss_compat-2.17.so
b6a5f000-b6a60000 r--p 00006000 08:04 2492818    /lib/i386-linux-gnu/libnss_compat-2.17.so
b6a60000-b6a61000 rw-p 00007000 08:04 2492818    /lib/i386-linux-gnu/libnss_compat-2.17.so
b6a61000-b6a63000 r--s 00004000 08:04 4196729    /home/guilherme/.m2/repository/org/glassfish/gmbal/gmbal-api-only/3.0.0-b023/gmbal-api-only-3.0.0-b023.jar
b6a63000-b6a69000 r--s 0007d000 08:04 1717785    /usr/local/java/jdk1.7.0_40/jre/lib/jfr.jar
b6a69000-b6a72000 r--s 00250000 08:04 1717499    /usr/local/java/jdk1.7.0_40/jre/lib/resources.jar
b6a72000-b6a7a000 rw-s 00000000 08:04 5780700    /tmp/hsperfdata_guilherme/13046
b6a7a000-b6ab1000 r-xp 00000000 08:04 1717550    /usr/local/java/jdk1.7.0_40/jre/lib/i386/libjdwp.so
b6ab1000-b6ab2000 rw-p 00037000 08:04 1717550    /usr/local/java/jdk1.7.0_40/jre/lib/i386/libjdwp.so
b6ab2000-b6ad5000 r-xp 00000000 08:04 1717538    /usr/local/java/jdk1.7.0_40/jre/lib/i386/libjava.so
b6ad5000-b6ad6000 rw-p 00022000 08:04 1717538    /usr/local/java/jdk1.7.0_40/jre/lib/i386/libjava.so
b6ad6000-b6add000 r-xp 00000000 08:04 2492827    /lib/i386-linux-gnu/librt-2.17.so
b6add000-b6ade000 r--p 00006000 08:04 2492827    /lib/i386-linux-gnu/librt-2.17.so
b6ade000-b6adf000 rw-p 00007000 08:04 2492827    /lib/i386-linux-gnu/librt-2.17.so
b6adf000-b6ae2000 ---p 00000000 00:00 0 
b6ae2000-b6b30000 rw-p 00000000 00:00 0          [stack:13047]
b6b30000-b6b71000 r-xp 00000000 08:04 2492824    /lib/i386-linux-gnu/libm-2.17.so
b6b71000-b6b72000 r--p 00040000 08:04 2492824    /lib/i386-linux-gnu/libm-2.17.so
b6b72000-b6b73000 rw-p 00041000 08:04 2492824    /lib/i386-linux-gnu/libm-2.17.so
b6b73000-b70f9000 r-xp 00000000 08:04 1717533    /usr/local/java/jdk1.7.0_40/jre/lib/i386/client/libjvm.so
b70f9000-b711a000 rw-p 00586000 08:04 1717533    /usr/local/java/jdk1.7.0_40/jre/lib/i386/client/libjvm.so
b711a000-b753b000 rw-p 00000000 00:00 0 
b753b000-b76e9000 r-xp 00000000 08:04 2492825    /lib/i386-linux-gnu/libc-2.17.so
b76e9000-b76eb000 r--p 001ae000 08:04 2492825    /lib/i386-linux-gnu/libc-2.17.so
b76eb000-b76ec000 rw-p 001b0000 08:04 2492825    /lib/i386-linux-gnu/libc-2.17.so
b76ec000-b76ef000 rw-p 00000000 00:00 0 
b76ef000-b76f2000 r-xp 00000000 08:04 2492830    /lib/i386-linux-gnu/libdl-2.17.so
b76f2000-b76f3000 r--p 00002000 08:04 2492830    /lib/i386-linux-gnu/libdl-2.17.so
b76f3000-b76f4000 rw-p 00003000 08:04 2492830    /lib/i386-linux-gnu/libdl-2.17.so
b76f4000-b7707000 r-xp 00000000 08:04 1717542    /usr/local/java/jdk1.7.0_40/jre/lib/i386/jli/libjli.so
b7707000-b7708000 rw-p 00012000 08:04 1717542    /usr/local/java/jdk1.7.0_40/jre/lib/i386/jli/libjli.so
b7708000-b7709000 rw-p 00000000 00:00 0 
b7709000-b7720000 r-xp 00000000 08:04 2492823    /lib/i386-linux-gnu/libpthread-2.17.so
b7720000-b7721000 r--p 00016000 08:04 2492823    /lib/i386-linux-gnu/libpthread-2.17.so
b7721000-b7722000 rw-p 00017000 08:04 2492823    /lib/i386-linux-gnu/libpthread-2.17.so
b7722000-b7724000 rw-p 00000000 00:00 0 
b7724000-b7725000 r--s 00000000 08:04 1717585    /usr/local/java/jdk1.7.0_40/jre/lib/management-agent.jar
b7725000-b7727000 r--s 00019000 08:04 1717801    /usr/local/java/jdk1.7.0_40/jre/lib/jce.jar
b7727000-b772a000 r-xp 00000000 08:04 1717557    /usr/local/java/jdk1.7.0_40/jre/lib/i386/libdt_socket.so
b772a000-b772b000 rw-p 00003000 08:04 1717557    /usr/local/java/jdk1.7.0_40/jre/lib/i386/libdt_socket.so
b772b000-b772c000 r--p 005e0000 08:04 1449933    /usr/lib/locale/locale-archive
b772c000-b772e000 r-xp 00000000 08:04 1717569    /usr/local/java/jdk1.7.0_40/jre/lib/i386/libnpt.so
b772e000-b772f000 rw-p 00002000 08:04 1717569    /usr/local/java/jdk1.7.0_40/jre/lib/i386/libnpt.so
b772f000-b7730000 rw-p 00000000 00:00 0 
b7730000-b7731000 r--p 00000000 00:00 0 
b7731000-b773c000 r-xp 00000000 08:04 1717520    /usr/local/java/jdk1.7.0_40/jre/lib/i386/libverify.so
b773c000-b773d000 rw-p 0000b000 08:04 1717520    /usr/local/java/jdk1.7.0_40/jre/lib/i386/libverify.so
b773d000-b773f000 rw-p 00000000 00:00 0 
b773f000-b7740000 r-xp 00000000 00:00 0          [vdso]
b7740000-b7760000 r-xp 00000000 08:04 2492826    /lib/i386-linux-gnu/ld-2.17.so
b7760000-b7761000 r--p 0001f000 08:04 2492826    /lib/i386-linux-gnu/ld-2.17.so
b7761000-b7762000 rw-p 00020000 08:04 2492826    /lib/i386-linux-gnu/ld-2.17.so
bfdf6000-bfe1a000 rw-p 00000000 00:00 0          [stack]

VM Arguments:
jvm_args: -agentlib:jdwp=transport=dt_socket,address=127.0.0.1:60935,suspend=y,server=n -Dfile.encoding=UTF-8 
java_command: br.org.base.server.Server
Launcher Type: SUN_STANDARD

Environment Variables:
JAVA_HOME=/usr/local/java/jdk1.7.0_40
JRE_HOME=/usr/local/java/jre1.7.0_40
CLASSPATH=./../lib/bootstrap.jar:./../lib/extensions.jar:./../lib/util.jar:./../lib/jdom.jar:./../lib/log4j.jar:./../lib/trove4j.jar:./../lib/jna.jar:/usr/local/java/jdk1.7.0_40/lib/tools.jar
PATH=/opt/SenchaSDKTools-2.0.0-beta3:/home/guilherme/bin/Sencha/Cmd/4.0.0.203:/usr/local/heroku/bin:/opt/SenchaSDKTools-2.0.0-beta3:/home/guilherme/bin/Sencha/Cmd/4.0.0.203:/home/guilherme/bin:/usr/lib/lightdm/lightdm:/usr/local/sbin:/usr/local/bin:/usr/sbin:/usr/bin:/sbin:/bin:/usr/games:/usr/local/games:/home/guilherme/bin:/usr/local/java/jdk1.7.0_40/bin:/home/guilherme/bin:/usr/local/java/jre1.7.0_40/bin
LD_LIBRARY_PATH=.:
SHELL=/bin/bash
DISPLAY=:0

Signal Handlers:
SIGSEGV: [libjvm.so+0x503d90], sa_mask[0]=0x7ffbfeff, sa_flags=0x10000004
SIGBUS: [libjvm.so+0x503d90], sa_mask[0]=0x7ffbfeff, sa_flags=0x10000004
SIGFPE: [libjvm.so+0x3fbe80], sa_mask[0]=0x7ffbfeff, sa_flags=0x10000004
SIGPIPE: [libjvm.so+0x3fbe80], sa_mask[0]=0x7ffbfeff, sa_flags=0x10000004
SIGXFSZ: [libjvm.so+0x3fbe80], sa_mask[0]=0x7ffbfeff, sa_flags=0x10000004
SIGILL: [libjvm.so+0x3fbe80], sa_mask[0]=0x7ffbfeff, sa_flags=0x10000004
SIGUSR1: SIG_DFL, sa_mask[0]=0x00000000, sa_flags=0x00000000
SIGUSR2: [libjvm.so+0x3fd370], sa_mask[0]=0x00000004, sa_flags=0x10000004
SIGHUP: [libjvm.so+0x3fe4c0], sa_mask[0]=0x7ffbfeff, sa_flags=0x10000004
SIGINT: [libjvm.so+0x3fe4c0], sa_mask[0]=0x7ffbfeff, sa_flags=0x10000004
SIGTERM: [libjvm.so+0x3fe4c0], sa_mask[0]=0x7ffbfeff, sa_flags=0x10000004
SIGQUIT: [libjvm.so+0x3fe4c0], sa_mask[0]=0x7ffbfeff, sa_flags=0x10000004


---------------  S Y S T E M  ---------------

OS:wheezy/sid

uname:Linux 3.8.0-32-generic #47-Ubuntu SMP Tue Oct 1 21:36:40 UTC 2013 i686
libc:glibc 2.17 NPTL 2.17 
rlimit: STACK 8192k, CORE 0k, NPROC 24106, NOFILE 4096, AS infinity
load average:1,12 0,91 0,73

/proc/meminfo:
MemTotal:        3102112 kB
MemFree:          189380 kB
Buffers:            8476 kB
Cached:           183036 kB
SwapCached:        86080 kB
Active:          1984096 kB
Inactive:         830124 kB
Active(anon):    1924964 kB
Inactive(anon):   716212 kB
Active(file):      59132 kB
Inactive(file):   113912 kB
Unevictable:          48 kB
Mlocked:              48 kB
HighTotal:       2231176 kB
HighFree:          29680 kB
LowTotal:         870936 kB
LowFree:          159700 kB
SwapTotal:       1999868 kB
SwapFree:        1688388 kB
Dirty:              4628 kB
Writeback:             0 kB
AnonPages:       2598452 kB
Mapped:            79352 kB
Shmem:             18364 kB
Slab:              41216 kB
SReclaimable:      18824 kB
SUnreclaim:        22392 kB
KernelStack:        5656 kB
PageTables:        21260 kB
NFS_Unstable:          0 kB
Bounce:                0 kB
WritebackTmp:          0 kB
CommitLimit:     3550924 kB
Committed_AS:    6940864 kB
VmallocTotal:     122880 kB
VmallocUsed:       46444 kB
VmallocChunk:      70132 kB
HardwareCorrupted:     0 kB
AnonHugePages:         0 kB
HugePages_Total:       0
HugePages_Free:        0
HugePages_Rsvd:        0
HugePages_Surp:        0
Hugepagesize:       2048 kB
DirectMap4k:       59384 kB
DirectMap2M:      854016 kB


CPU:total 2 (2 cores per cpu, 1 threads per core) family 15 model 6 stepping 5, cmov, cx8, fxsr, mmx, sse, sse2, sse3, tsc

/proc/cpuinfo:
processor	: 0
vendor_id	: GenuineIntel
cpu family	: 15
model		: 6
model name	: Intel(R) Pentium(R) D CPU 3.20GHz
stepping	: 5
microcode	: 0xb
cpu MHz		: 2400.000
cache size	: 2048 KB
physical id	: 0
siblings	: 2
core id		: 0
cpu cores	: 2
apicid		: 0
initial apicid	: 0
fdiv_bug	: no
hlt_bug		: no
f00f_bug	: no
coma_bug	: no
fpu		: yes
fpu_exception	: yes
cpuid level	: 6
wp		: yes
flags		: fpu vme de pse tsc msr pae mce cx8 apic sep mtrr pge mca cmov pat pse36 clflush dts acpi mmx fxsr sse sse2 ss ht tm pbe nx lm constant_tsc pebs bts pni dtes64 monitor ds_cpl est cid cx16 xtpr pdcm lahf_lm
bogomips	: 6399.22
clflush size	: 64
cache_alignment	: 128
address sizes	: 36 bits physical, 48 bits virtual
power management:

processor	: 1
vendor_id	: GenuineIntel
cpu family	: 15
model		: 6
model name	: Intel(R) Pentium(R) D CPU 3.20GHz
stepping	: 5
microcode	: 0xb
cpu MHz		: 3200.000
cache size	: 2048 KB
physical id	: 0
siblings	: 2
core id		: 1
cpu cores	: 2
apicid		: 1
initial apicid	: 1
fdiv_bug	: no
hlt_bug		: no
f00f_bug	: no
coma_bug	: no
fpu		: yes
fpu_exception	: yes
cpuid level	: 6
wp		: yes
flags		: fpu vme de pse tsc msr pae mce cx8 apic sep mtrr pge mca cmov pat pse36 clflush dts acpi mmx fxsr sse sse2 ss ht tm pbe nx lm constant_tsc pebs bts pni dtes64 monitor ds_cpl est cid cx16 xtpr pdcm lahf_lm
bogomips	: 6399.22
clflush size	: 64
cache_alignment	: 128
address sizes	: 36 bits physical, 48 bits virtual
power management:



Memory: 4k page, physical 3102112k(189380k free), swap 1999868k(1688388k free)

vm_info: Java HotSpot(TM) Client VM (24.0-b56) for linux-x86 JRE (1.7.0_40-b43), built on Aug 26 2013 22:05:59 by "java_re" with gcc 4.3.0 20080428 (Red Hat 4.3.0-8)

time: Thu Oct 31 04:36:45 2013
elapsed time: 2 seconds

